/home/nano/final_project_ws/install/realsense_cv/lib/python3.10/site-packages/realsense_cv/edge_detect.py
/home/nano/final_project_ws/install/realsense_cv/lib/python3.10/site-packages/realsense_cv/marker_validation.py
/home/nano/final_project_ws/install/realsense_cv/lib/python3.10/site-packages/realsense_cv/gsam_slide_detect.py
/home/nano/final_project_ws/install/realsense_cv/lib/python3.10/site-packages/realsense_cv/slide_detector.py
/home/nano/final_project_ws/install/realsense_cv/lib/python3.10/site-packages/realsense_cv/hsv_tune.py
/home/nano/final_project_ws/install/realsense_cv/lib/python3.10/site-packages/realsense_cv/model_download.py
/home/nano/final_project_ws/install/realsense_cv/lib/python3.10/site-packages/realsense_cv/edge_tune.py
/home/nano/final_project_ws/install/realsense_cv/lib/python3.10/site-packages/realsense_cv/yolo_detect.py
/home/nano/final_project_ws/install/realsense_cv/lib/python3.10/site-packages/realsense_cv/__init__.py
/home/nano/final_project_ws/install/realsense_cv/lib/python3.10/site-packages/realsense_cv/marker_detect.py
/home/nano/final_project_ws/install/realsense_cv/lib/python3.10/site-packages/realsense_cv/hsv_tune_v1.py
/home/nano/final_project_ws/install/realsense_cv/lib/python3.10/site-packages/realsense_cv/__pycache__/edge_detect.cpython-310.pyc
/home/nano/final_project_ws/install/realsense_cv/lib/python3.10/site-packages/realsense_cv/__pycache__/marker_validation.cpython-310.pyc
/home/nano/final_project_ws/install/realsense_cv/lib/python3.10/site-packages/realsense_cv/__pycache__/gsam_slide_detect.cpython-310.pyc
/home/nano/final_project_ws/install/realsense_cv/lib/python3.10/site-packages/realsense_cv/__pycache__/slide_detector.cpython-310.pyc
/home/nano/final_project_ws/install/realsense_cv/lib/python3.10/site-packages/realsense_cv/__pycache__/hsv_tune.cpython-310.pyc
/home/nano/final_project_ws/install/realsense_cv/lib/python3.10/site-packages/realsense_cv/__pycache__/model_download.cpython-310.pyc
/home/nano/final_project_ws/install/realsense_cv/lib/python3.10/site-packages/realsense_cv/__pycache__/edge_tune.cpython-310.pyc
/home/nano/final_project_ws/install/realsense_cv/lib/python3.10/site-packages/realsense_cv/__pycache__/yolo_detect.cpython-310.pyc
/home/nano/final_project_ws/install/realsense_cv/lib/python3.10/site-packages/realsense_cv/__pycache__/__init__.cpython-310.pyc
/home/nano/final_project_ws/install/realsense_cv/lib/python3.10/site-packages/realsense_cv/__pycache__/marker_detect.cpython-310.pyc
/home/nano/final_project_ws/install/realsense_cv/lib/python3.10/site-packages/realsense_cv/__pycache__/hsv_tune_v1.cpython-310.pyc
/home/nano/final_project_ws/install/realsense_cv/share/ament_index/resource_index/packages/realsense_cv
/home/nano/final_project_ws/install/realsense_cv/share/realsense_cv/package.xml
/home/nano/final_project_ws/install/realsense_cv/lib/python3.10/site-packages/realsense_cv-0.0.0-py3.10.egg-info/entry_points.txt
/home/nano/final_project_ws/install/realsense_cv/lib/python3.10/site-packages/realsense_cv-0.0.0-py3.10.egg-info/requires.txt
/home/nano/final_project_ws/install/realsense_cv/lib/python3.10/site-packages/realsense_cv-0.0.0-py3.10.egg-info/SOURCES.txt
/home/nano/final_project_ws/install/realsense_cv/lib/python3.10/site-packages/realsense_cv-0.0.0-py3.10.egg-info/zip-safe
/home/nano/final_project_ws/install/realsense_cv/lib/python3.10/site-packages/realsense_cv-0.0.0-py3.10.egg-info/PKG-INFO
/home/nano/final_project_ws/install/realsense_cv/lib/python3.10/site-packages/realsense_cv-0.0.0-py3.10.egg-info/dependency_links.txt
/home/nano/final_project_ws/install/realsense_cv/lib/python3.10/site-packages/realsense_cv-0.0.0-py3.10.egg-info/top_level.txt
/home/nano/final_project_ws/install/realsense_cv/lib/realsense_cv/edge_node
/home/nano/final_project_ws/install/realsense_cv/lib/realsense_cv/edge_tune
/home/nano/final_project_ws/install/realsense_cv/lib/realsense_cv/gsam_slide_detect
/home/nano/final_project_ws/install/realsense_cv/lib/realsense_cv/hsv_tuning
/home/nano/final_project_ws/install/realsense_cv/lib/realsense_cv/marker_node
/home/nano/final_project_ws/install/realsense_cv/lib/realsense_cv/marker_validation
/home/nano/final_project_ws/install/realsense_cv/lib/realsense_cv/slide_detector
/home/nano/final_project_ws/install/realsense_cv/lib/realsense_cv/yolo_node
