[0.371s] DEBUG:colcon:Command line arguments: ['/usr/bin/colcon', 'build']
[0.372s] DEBUG:colcon:Parsed command line arguments: Namespace(log_base=None, log_level=None, verb_name='build', build_base='build', install_base='install', merge_install=False, symlink_install=False, test_result_base=None, continue_on_error=False, executor='parallel', parallel_workers=6, event_handlers=None, ignore_user_meta=False, metas=['./colcon.meta'], base_paths=['.'], packages_ignore=None, packages_ignore_regex=None, paths=None, packages_up_to=None, packages_up_to_regex=None, packages_above=None, packages_above_and_dependencies=None, packages_above_depth=None, packages_select_by_dep=None, packages_skip_by_dep=None, packages_skip_up_to=None, packages_select_build_failed=False, packages_skip_build_finished=False, packages_select_test_failures=False, packages_skip_test_passed=False, packages_select=None, packages_skip=None, packages_select_regex=None, packages_skip_regex=None, packages_start=None, packages_end=None, allow_overriding=[], cmake_args=None, cmake_target=None, cmake_target_skip_unavailable=False, cmake_clean_cache=False, cmake_clean_first=False, cmake_force_configure=False, ament_cmake_args=None, catkin_cmake_args=None, catkin_skip_building_tests=False, mixin_files=None, mixin=None, verb_parser=<colcon_mixin.mixin.mixin_argument.MixinArgumentDecorator object at 0xffff7dbd4070>, verb_extension=<colcon_core.verb.build.BuildVerb object at 0xffff7db9bb80>, main=<bound method BuildVerb.main of <colcon_core.verb.build.BuildVerb object at 0xffff7db9bb80>>, mixin_verb=('build',))
[0.830s] Level 1:colcon.colcon_core.package_discovery:discover_packages(colcon_meta) check parameters
[0.830s] Level 1:colcon.colcon_core.package_discovery:discover_packages(recursive) check parameters
[0.831s] Level 1:colcon.colcon_core.package_discovery:discover_packages(ignore) check parameters
[0.831s] Level 1:colcon.colcon_core.package_discovery:discover_packages(path) check parameters
[0.831s] Level 1:colcon.colcon_core.package_discovery:discover_packages(colcon_meta) discover
[0.831s] Level 1:colcon.colcon_core.package_discovery:discover_packages(recursive) discover
[0.831s] INFO:colcon.colcon_core.package_discovery:Crawling recursively for packages in '/home/nano/final_project_ws'
[0.831s] Level 1:colcon.colcon_core.package_identification:_identify(.) by extensions ['ignore', 'ignore_ament_install']
[0.831s] Level 1:colcon.colcon_core.package_identification:_identify(.) by extension 'ignore'
[0.832s] Level 1:colcon.colcon_core.package_identification:_identify(.) by extension 'ignore_ament_install'
[0.832s] Level 1:colcon.colcon_core.package_identification:_identify(.) by extensions ['colcon_pkg']
[0.832s] Level 1:colcon.colcon_core.package_identification:_identify(.) by extension 'colcon_pkg'
[0.832s] Level 1:colcon.colcon_core.package_identification:_identify(.) by extensions ['colcon_meta']
[0.832s] Level 1:colcon.colcon_core.package_identification:_identify(.) by extension 'colcon_meta'
[0.832s] Level 1:colcon.colcon_core.package_identification:_identify(.) by extensions ['ros']
[0.832s] Level 1:colcon.colcon_core.package_identification:_identify(.) by extension 'ros'
[0.852s] Level 1:colcon.colcon_core.package_identification:_identify(.) by extensions ['cmake', 'python']
[0.852s] Level 1:colcon.colcon_core.package_identification:_identify(.) by extension 'cmake'
[0.852s] Level 1:colcon.colcon_core.package_identification:_identify(.) by extension 'python'
[0.853s] Level 1:colcon.colcon_core.package_identification:_identify(.) by extensions ['python_setup_py']
[0.853s] Level 1:colcon.colcon_core.package_identification:_identify(.) by extension 'python_setup_py'
[0.853s] Level 1:colcon.colcon_core.package_identification:_identify(build) by extensions ['ignore', 'ignore_ament_install']
[0.853s] Level 1:colcon.colcon_core.package_identification:_identify(build) by extension 'ignore'
[0.853s] Level 1:colcon.colcon_core.package_identification:_identify(build) ignored
[0.853s] Level 1:colcon.colcon_core.package_identification:_identify(install) by extensions ['ignore', 'ignore_ament_install']
[0.854s] Level 1:colcon.colcon_core.package_identification:_identify(install) by extension 'ignore'
[0.854s] Level 1:colcon.colcon_core.package_identification:_identify(install) ignored
[0.854s] Level 1:colcon.colcon_core.package_identification:_identify(log) by extensions ['ignore', 'ignore_ament_install']
[0.854s] Level 1:colcon.colcon_core.package_identification:_identify(log) by extension 'ignore'
[0.854s] Level 1:colcon.colcon_core.package_identification:_identify(log) ignored
[0.854s] Level 1:colcon.colcon_core.package_identification:_identify(src) by extensions ['ignore', 'ignore_ament_install']
[0.854s] Level 1:colcon.colcon_core.package_identification:_identify(src) by extension 'ignore'
[0.854s] Level 1:colcon.colcon_core.package_identification:_identify(src) by extension 'ignore_ament_install'
[0.855s] Level 1:colcon.colcon_core.package_identification:_identify(src) by extensions ['colcon_pkg']
[0.855s] Level 1:colcon.colcon_core.package_identification:_identify(src) by extension 'colcon_pkg'
[0.855s] Level 1:colcon.colcon_core.package_identification:_identify(src) by extensions ['colcon_meta']
[0.855s] Level 1:colcon.colcon_core.package_identification:_identify(src) by extension 'colcon_meta'
[0.855s] Level 1:colcon.colcon_core.package_identification:_identify(src) by extensions ['ros']
[0.855s] Level 1:colcon.colcon_core.package_identification:_identify(src) by extension 'ros'
[0.855s] Level 1:colcon.colcon_core.package_identification:_identify(src) by extensions ['cmake', 'python']
[0.855s] Level 1:colcon.colcon_core.package_identification:_identify(src) by extension 'cmake'
[0.855s] Level 1:colcon.colcon_core.package_identification:_identify(src) by extension 'python'
[0.855s] Level 1:colcon.colcon_core.package_identification:_identify(src) by extensions ['python_setup_py']
[0.856s] Level 1:colcon.colcon_core.package_identification:_identify(src) by extension 'python_setup_py'
[0.856s] Level 1:colcon.colcon_core.package_identification:_identify(src/actuation) by extensions ['ignore', 'ignore_ament_install']
[0.856s] Level 1:colcon.colcon_core.package_identification:_identify(src/actuation) by extension 'ignore'
[0.856s] Level 1:colcon.colcon_core.package_identification:_identify(src/actuation) by extension 'ignore_ament_install'
[0.856s] Level 1:colcon.colcon_core.package_identification:_identify(src/actuation) by extensions ['colcon_pkg']
[0.856s] Level 1:colcon.colcon_core.package_identification:_identify(src/actuation) by extension 'colcon_pkg'
[0.856s] Level 1:colcon.colcon_core.package_identification:_identify(src/actuation) by extensions ['colcon_meta']
[0.856s] Level 1:colcon.colcon_core.package_identification:_identify(src/actuation) by extension 'colcon_meta'
[0.856s] Level 1:colcon.colcon_core.package_identification:_identify(src/actuation) by extensions ['ros']
[0.856s] Level 1:colcon.colcon_core.package_identification:_identify(src/actuation) by extension 'ros'
[0.864s] DEBUG:colcon.colcon_core.package_identification:Package 'src/actuation' with type 'ros.ament_python' and name 'actuation'
[0.864s] Level 1:colcon.colcon_core.package_identification:_identify(src/perception) by extensions ['ignore', 'ignore_ament_install']
[0.865s] Level 1:colcon.colcon_core.package_identification:_identify(src/perception) by extension 'ignore'
[0.865s] Level 1:colcon.colcon_core.package_identification:_identify(src/perception) by extension 'ignore_ament_install'
[0.865s] Level 1:colcon.colcon_core.package_identification:_identify(src/perception) by extensions ['colcon_pkg']
[0.865s] Level 1:colcon.colcon_core.package_identification:_identify(src/perception) by extension 'colcon_pkg'
[0.865s] Level 1:colcon.colcon_core.package_identification:_identify(src/perception) by extensions ['colcon_meta']
[0.865s] Level 1:colcon.colcon_core.package_identification:_identify(src/perception) by extension 'colcon_meta'
[0.865s] Level 1:colcon.colcon_core.package_identification:_identify(src/perception) by extensions ['ros']
[0.865s] Level 1:colcon.colcon_core.package_identification:_identify(src/perception) by extension 'ros'
[0.865s] Level 1:colcon.colcon_core.package_identification:_identify(src/perception) by extensions ['cmake', 'python']
[0.866s] Level 1:colcon.colcon_core.package_identification:_identify(src/perception) by extension 'cmake'
[0.866s] Level 1:colcon.colcon_core.package_identification:_identify(src/perception) by extension 'python'
[0.866s] Level 1:colcon.colcon_core.package_identification:_identify(src/perception) by extensions ['python_setup_py']
[0.866s] Level 1:colcon.colcon_core.package_identification:_identify(src/perception) by extension 'python_setup_py'
[0.866s] Level 1:colcon.colcon_core.package_identification:_identify(src/perception/TMFlow_CV) by extensions ['ignore', 'ignore_ament_install']
[0.866s] Level 1:colcon.colcon_core.package_identification:_identify(src/perception/TMFlow_CV) by extension 'ignore'
[0.867s] Level 1:colcon.colcon_core.package_identification:_identify(src/perception/TMFlow_CV) by extension 'ignore_ament_install'
[0.867s] Level 1:colcon.colcon_core.package_identification:_identify(src/perception/TMFlow_CV) by extensions ['colcon_pkg']
[0.867s] Level 1:colcon.colcon_core.package_identification:_identify(src/perception/TMFlow_CV) by extension 'colcon_pkg'
[0.867s] Level 1:colcon.colcon_core.package_identification:_identify(src/perception/TMFlow_CV) by extensions ['colcon_meta']
[0.867s] Level 1:colcon.colcon_core.package_identification:_identify(src/perception/TMFlow_CV) by extension 'colcon_meta'
[0.867s] Level 1:colcon.colcon_core.package_identification:_identify(src/perception/TMFlow_CV) by extensions ['ros']
[0.867s] Level 1:colcon.colcon_core.package_identification:_identify(src/perception/TMFlow_CV) by extension 'ros'
[0.867s] Level 1:colcon.colcon_core.package_identification:_identify(src/perception/TMFlow_CV) by extensions ['cmake', 'python']
[0.867s] Level 1:colcon.colcon_core.package_identification:_identify(src/perception/TMFlow_CV) by extension 'cmake'
[0.867s] Level 1:colcon.colcon_core.package_identification:_identify(src/perception/TMFlow_CV) by extension 'python'
[0.867s] Level 1:colcon.colcon_core.package_identification:_identify(src/perception/TMFlow_CV) by extensions ['python_setup_py']
[0.867s] Level 1:colcon.colcon_core.package_identification:_identify(src/perception/TMFlow_CV) by extension 'python_setup_py'
[0.868s] Level 1:colcon.colcon_core.package_identification:_identify(src/perception/aruco_marker) by extensions ['ignore', 'ignore_ament_install']
[0.868s] Level 1:colcon.colcon_core.package_identification:_identify(src/perception/aruco_marker) by extension 'ignore'
[0.868s] Level 1:colcon.colcon_core.package_identification:_identify(src/perception/aruco_marker) by extension 'ignore_ament_install'
[0.868s] Level 1:colcon.colcon_core.package_identification:_identify(src/perception/aruco_marker) by extensions ['colcon_pkg']
[0.868s] Level 1:colcon.colcon_core.package_identification:_identify(src/perception/aruco_marker) by extension 'colcon_pkg'
[0.868s] Level 1:colcon.colcon_core.package_identification:_identify(src/perception/aruco_marker) by extensions ['colcon_meta']
[0.868s] Level 1:colcon.colcon_core.package_identification:_identify(src/perception/aruco_marker) by extension 'colcon_meta'
[0.869s] Level 1:colcon.colcon_core.package_identification:_identify(src/perception/aruco_marker) by extensions ['ros']
[0.869s] Level 1:colcon.colcon_core.package_identification:_identify(src/perception/aruco_marker) by extension 'ros'
[0.869s] Level 1:colcon.colcon_core.package_identification:_identify(src/perception/aruco_marker) by extensions ['cmake', 'python']
[0.869s] Level 1:colcon.colcon_core.package_identification:_identify(src/perception/aruco_marker) by extension 'cmake'
[0.869s] Level 1:colcon.colcon_core.package_identification:_identify(src/perception/aruco_marker) by extension 'python'
[0.869s] Level 1:colcon.colcon_core.package_identification:_identify(src/perception/aruco_marker) by extensions ['python_setup_py']
[0.869s] Level 1:colcon.colcon_core.package_identification:_identify(src/perception/aruco_marker) by extension 'python_setup_py'
[0.870s] Level 1:colcon.colcon_core.package_identification:_identify(src/perception/realsense_cv) by extensions ['ignore', 'ignore_ament_install']
[0.870s] Level 1:colcon.colcon_core.package_identification:_identify(src/perception/realsense_cv) by extension 'ignore'
[0.870s] Level 1:colcon.colcon_core.package_identification:_identify(src/perception/realsense_cv) by extension 'ignore_ament_install'
[0.870s] Level 1:colcon.colcon_core.package_identification:_identify(src/perception/realsense_cv) by extensions ['colcon_pkg']
[0.870s] Level 1:colcon.colcon_core.package_identification:_identify(src/perception/realsense_cv) by extension 'colcon_pkg'
[0.870s] Level 1:colcon.colcon_core.package_identification:_identify(src/perception/realsense_cv) by extensions ['colcon_meta']
[0.870s] Level 1:colcon.colcon_core.package_identification:_identify(src/perception/realsense_cv) by extension 'colcon_meta'
[0.870s] Level 1:colcon.colcon_core.package_identification:_identify(src/perception/realsense_cv) by extensions ['ros']
[0.870s] Level 1:colcon.colcon_core.package_identification:_identify(src/perception/realsense_cv) by extension 'ros'
[0.872s] DEBUG:colcon.colcon_core.package_identification:Package 'src/perception/realsense_cv' with type 'ros.ament_python' and name 'realsense_cv'
[0.873s] Level 1:colcon.colcon_core.package_identification:_identify(src/perception/ros2_aruco) by extensions ['ignore', 'ignore_ament_install']
[0.873s] Level 1:colcon.colcon_core.package_identification:_identify(src/perception/ros2_aruco) by extension 'ignore'
[0.873s] Level 1:colcon.colcon_core.package_identification:_identify(src/perception/ros2_aruco) by extension 'ignore_ament_install'
[0.873s] Level 1:colcon.colcon_core.package_identification:_identify(src/perception/ros2_aruco) by extensions ['colcon_pkg']
[0.873s] Level 1:colcon.colcon_core.package_identification:_identify(src/perception/ros2_aruco) by extension 'colcon_pkg'
[0.874s] Level 1:colcon.colcon_core.package_identification:_identify(src/perception/ros2_aruco) by extensions ['colcon_meta']
[0.874s] Level 1:colcon.colcon_core.package_identification:_identify(src/perception/ros2_aruco) by extension 'colcon_meta'
[0.874s] Level 1:colcon.colcon_core.package_identification:_identify(src/perception/ros2_aruco) by extensions ['ros']
[0.874s] Level 1:colcon.colcon_core.package_identification:_identify(src/perception/ros2_aruco) by extension 'ros'
[0.874s] Level 1:colcon.colcon_core.package_identification:_identify(src/perception/ros2_aruco) by extensions ['cmake', 'python']
[0.874s] Level 1:colcon.colcon_core.package_identification:_identify(src/perception/ros2_aruco) by extension 'cmake'
[0.874s] Level 1:colcon.colcon_core.package_identification:_identify(src/perception/ros2_aruco) by extension 'python'
[0.874s] Level 1:colcon.colcon_core.package_identification:_identify(src/perception/ros2_aruco) by extensions ['python_setup_py']
[0.874s] Level 1:colcon.colcon_core.package_identification:_identify(src/perception/ros2_aruco) by extension 'python_setup_py'
[0.875s] Level 1:colcon.colcon_core.package_identification:_identify(src/perception/ros2_aruco/ros2_aruco) by extensions ['ignore', 'ignore_ament_install']
[0.875s] Level 1:colcon.colcon_core.package_identification:_identify(src/perception/ros2_aruco/ros2_aruco) by extension 'ignore'
[0.875s] Level 1:colcon.colcon_core.package_identification:_identify(src/perception/ros2_aruco/ros2_aruco) by extension 'ignore_ament_install'
[0.875s] Level 1:colcon.colcon_core.package_identification:_identify(src/perception/ros2_aruco/ros2_aruco) by extensions ['colcon_pkg']
[0.875s] Level 1:colcon.colcon_core.package_identification:_identify(src/perception/ros2_aruco/ros2_aruco) by extension 'colcon_pkg'
[0.875s] Level 1:colcon.colcon_core.package_identification:_identify(src/perception/ros2_aruco/ros2_aruco) by extensions ['colcon_meta']
[0.875s] Level 1:colcon.colcon_core.package_identification:_identify(src/perception/ros2_aruco/ros2_aruco) by extension 'colcon_meta'
[0.875s] Level 1:colcon.colcon_core.package_identification:_identify(src/perception/ros2_aruco/ros2_aruco) by extensions ['ros']
[0.875s] Level 1:colcon.colcon_core.package_identification:_identify(src/perception/ros2_aruco/ros2_aruco) by extension 'ros'
[0.877s] DEBUG:colcon.colcon_core.package_identification:Package 'src/perception/ros2_aruco/ros2_aruco' with type 'ros.ament_python' and name 'ros2_aruco'
[0.878s] Level 1:colcon.colcon_core.package_identification:_identify(src/perception/ros2_aruco/ros2_aruco_interfaces) by extensions ['ignore', 'ignore_ament_install']
[0.878s] Level 1:colcon.colcon_core.package_identification:_identify(src/perception/ros2_aruco/ros2_aruco_interfaces) by extension 'ignore'
[0.878s] Level 1:colcon.colcon_core.package_identification:_identify(src/perception/ros2_aruco/ros2_aruco_interfaces) by extension 'ignore_ament_install'
[0.878s] Level 1:colcon.colcon_core.package_identification:_identify(src/perception/ros2_aruco/ros2_aruco_interfaces) by extensions ['colcon_pkg']
[0.878s] Level 1:colcon.colcon_core.package_identification:_identify(src/perception/ros2_aruco/ros2_aruco_interfaces) by extension 'colcon_pkg'
[0.878s] Level 1:colcon.colcon_core.package_identification:_identify(src/perception/ros2_aruco/ros2_aruco_interfaces) by extensions ['colcon_meta']
[0.878s] Level 1:colcon.colcon_core.package_identification:_identify(src/perception/ros2_aruco/ros2_aruco_interfaces) by extension 'colcon_meta'
[0.879s] Level 1:colcon.colcon_core.package_identification:_identify(src/perception/ros2_aruco/ros2_aruco_interfaces) by extensions ['ros']
[0.879s] Level 1:colcon.colcon_core.package_identification:_identify(src/perception/ros2_aruco/ros2_aruco_interfaces) by extension 'ros'
[0.880s] DEBUG:colcon.colcon_core.package_identification:Package 'src/perception/ros2_aruco/ros2_aruco_interfaces' with type 'ros.ament_cmake' and name 'ros2_aruco_interfaces'
[0.881s] Level 1:colcon.colcon_core.package_identification:_identify(src/planning) by extensions ['ignore', 'ignore_ament_install']
[0.881s] Level 1:colcon.colcon_core.package_identification:_identify(src/planning) by extension 'ignore'
[0.881s] Level 1:colcon.colcon_core.package_identification:_identify(src/planning) by extension 'ignore_ament_install'
[0.881s] Level 1:colcon.colcon_core.package_identification:_identify(src/planning) by extensions ['colcon_pkg']
[0.881s] Level 1:colcon.colcon_core.package_identification:_identify(src/planning) by extension 'colcon_pkg'
[0.881s] Level 1:colcon.colcon_core.package_identification:_identify(src/planning) by extensions ['colcon_meta']
[0.881s] Level 1:colcon.colcon_core.package_identification:_identify(src/planning) by extension 'colcon_meta'
[0.881s] Level 1:colcon.colcon_core.package_identification:_identify(src/planning) by extensions ['ros']
[0.881s] Level 1:colcon.colcon_core.package_identification:_identify(src/planning) by extension 'ros'
[0.884s] DEBUG:colcon.colcon_core.package_identification:Package 'src/planning' with type 'ros.ament_python' and name 'planning'
[0.884s] Level 1:colcon.colcon_core.package_identification:_identify(src/planning_interfaces) by extensions ['ignore', 'ignore_ament_install']
[0.884s] Level 1:colcon.colcon_core.package_identification:_identify(src/planning_interfaces) by extension 'ignore'
[0.884s] Level 1:colcon.colcon_core.package_identification:_identify(src/planning_interfaces) by extension 'ignore_ament_install'
[0.885s] Level 1:colcon.colcon_core.package_identification:_identify(src/planning_interfaces) by extensions ['colcon_pkg']
[0.885s] Level 1:colcon.colcon_core.package_identification:_identify(src/planning_interfaces) by extension 'colcon_pkg'
[0.885s] Level 1:colcon.colcon_core.package_identification:_identify(src/planning_interfaces) by extensions ['colcon_meta']
[0.885s] Level 1:colcon.colcon_core.package_identification:_identify(src/planning_interfaces) by extension 'colcon_meta'
[0.885s] Level 1:colcon.colcon_core.package_identification:_identify(src/planning_interfaces) by extensions ['ros']
[0.885s] Level 1:colcon.colcon_core.package_identification:_identify(src/planning_interfaces) by extension 'ros'
[0.886s] DEBUG:colcon.colcon_core.package_identification:Package 'src/planning_interfaces' with type 'ros.ament_cmake' and name 'planning_interfaces'
[0.886s] Level 1:colcon.colcon_core.package_discovery:discover_packages(recursive) using defaults
[0.886s] Level 1:colcon.colcon_core.package_discovery:discover_packages(ignore) discover
[0.887s] Level 1:colcon.colcon_core.package_discovery:discover_packages(ignore) using defaults
[0.887s] Level 1:colcon.colcon_core.package_discovery:discover_packages(path) discover
[0.887s] Level 1:colcon.colcon_core.package_discovery:discover_packages(path) using defaults
[0.973s] Level 1:colcon.colcon_core.package_discovery:discover_packages(prefix_path) check parameters
[0.973s] Level 1:colcon.colcon_core.package_discovery:discover_packages(prefix_path) discover
[0.982s] DEBUG:colcon.colcon_installed_package_information.package_discovery:Found 5 installed packages in /home/nano/final_project_ws/install
[0.984s] DEBUG:colcon.colcon_installed_package_information.package_discovery:Found 19 installed packages in /home/nano/tmdriver_ws/install
[0.987s] DEBUG:colcon.colcon_installed_package_information.package_discovery:Found 337 installed packages in /opt/ros/humble
[0.989s] Level 1:colcon.colcon_core.package_discovery:discover_packages(prefix_path) using defaults
[1.114s] Level 5:colcon.colcon_core.verb:set package 'actuation' build argument 'cmake_args' from command line to 'None'
[1.114s] Level 5:colcon.colcon_core.verb:set package 'actuation' build argument 'cmake_target' from command line to 'None'
[1.114s] Level 5:colcon.colcon_core.verb:set package 'actuation' build argument 'cmake_target_skip_unavailable' from command line to 'False'
[1.114s] Level 5:colcon.colcon_core.verb:set package 'actuation' build argument 'cmake_clean_cache' from command line to 'False'
[1.114s] Level 5:colcon.colcon_core.verb:set package 'actuation' build argument 'cmake_clean_first' from command line to 'False'
[1.114s] Level 5:colcon.colcon_core.verb:set package 'actuation' build argument 'cmake_force_configure' from command line to 'False'
[1.114s] Level 5:colcon.colcon_core.verb:set package 'actuation' build argument 'ament_cmake_args' from command line to 'None'
[1.114s] Level 5:colcon.colcon_core.verb:set package 'actuation' build argument 'catkin_cmake_args' from command line to 'None'
[1.114s] Level 5:colcon.colcon_core.verb:set package 'actuation' build argument 'catkin_skip_building_tests' from command line to 'False'
[1.114s] DEBUG:colcon.colcon_core.verb:Building package 'actuation' with the following arguments: {'ament_cmake_args': None, 'build_base': '/home/nano/final_project_ws/build/actuation', 'catkin_cmake_args': None, 'catkin_skip_building_tests': False, 'cmake_args': None, 'cmake_clean_cache': False, 'cmake_clean_first': False, 'cmake_force_configure': False, 'cmake_target': None, 'cmake_target_skip_unavailable': False, 'install_base': '/home/nano/final_project_ws/install/actuation', 'merge_install': False, 'path': '/home/nano/final_project_ws/src/actuation', 'symlink_install': False, 'test_result_base': None}
[1.115s] Level 5:colcon.colcon_core.verb:set package 'planning_interfaces' build argument 'cmake_args' from command line to 'None'
[1.115s] Level 5:colcon.colcon_core.verb:set package 'planning_interfaces' build argument 'cmake_target' from command line to 'None'
[1.115s] Level 5:colcon.colcon_core.verb:set package 'planning_interfaces' build argument 'cmake_target_skip_unavailable' from command line to 'False'
[1.115s] Level 5:colcon.colcon_core.verb:set package 'planning_interfaces' build argument 'cmake_clean_cache' from command line to 'False'
[1.115s] Level 5:colcon.colcon_core.verb:set package 'planning_interfaces' build argument 'cmake_clean_first' from command line to 'False'
[1.115s] Level 5:colcon.colcon_core.verb:set package 'planning_interfaces' build argument 'cmake_force_configure' from command line to 'False'
[1.115s] Level 5:colcon.colcon_core.verb:set package 'planning_interfaces' build argument 'ament_cmake_args' from command line to 'None'
[1.115s] Level 5:colcon.colcon_core.verb:set package 'planning_interfaces' build argument 'catkin_cmake_args' from command line to 'None'
[1.115s] Level 5:colcon.colcon_core.verb:set package 'planning_interfaces' build argument 'catkin_skip_building_tests' from command line to 'False'
[1.116s] DEBUG:colcon.colcon_core.verb:Building package 'planning_interfaces' with the following arguments: {'ament_cmake_args': None, 'build_base': '/home/nano/final_project_ws/build/planning_interfaces', 'catkin_cmake_args': None, 'catkin_skip_building_tests': False, 'cmake_args': None, 'cmake_clean_cache': False, 'cmake_clean_first': False, 'cmake_force_configure': False, 'cmake_target': None, 'cmake_target_skip_unavailable': False, 'install_base': '/home/nano/final_project_ws/install/planning_interfaces', 'merge_install': False, 'path': '/home/nano/final_project_ws/src/planning_interfaces', 'symlink_install': False, 'test_result_base': None}
[1.116s] Level 5:colcon.colcon_core.verb:set package 'realsense_cv' build argument 'cmake_args' from command line to 'None'
[1.116s] Level 5:colcon.colcon_core.verb:set package 'realsense_cv' build argument 'cmake_target' from command line to 'None'
[1.116s] Level 5:colcon.colcon_core.verb:set package 'realsense_cv' build argument 'cmake_target_skip_unavailable' from command line to 'False'
[1.116s] Level 5:colcon.colcon_core.verb:set package 'realsense_cv' build argument 'cmake_clean_cache' from command line to 'False'
[1.116s] Level 5:colcon.colcon_core.verb:set package 'realsense_cv' build argument 'cmake_clean_first' from command line to 'False'
[1.116s] Level 5:colcon.colcon_core.verb:set package 'realsense_cv' build argument 'cmake_force_configure' from command line to 'False'
[1.116s] Level 5:colcon.colcon_core.verb:set package 'realsense_cv' build argument 'ament_cmake_args' from command line to 'None'
[1.116s] Level 5:colcon.colcon_core.verb:set package 'realsense_cv' build argument 'catkin_cmake_args' from command line to 'None'
[1.116s] Level 5:colcon.colcon_core.verb:set package 'realsense_cv' build argument 'catkin_skip_building_tests' from command line to 'False'
[1.117s] DEBUG:colcon.colcon_core.verb:Building package 'realsense_cv' with the following arguments: {'ament_cmake_args': None, 'build_base': '/home/nano/final_project_ws/build/realsense_cv', 'catkin_cmake_args': None, 'catkin_skip_building_tests': False, 'cmake_args': None, 'cmake_clean_cache': False, 'cmake_clean_first': False, 'cmake_force_configure': False, 'cmake_target': None, 'cmake_target_skip_unavailable': False, 'install_base': '/home/nano/final_project_ws/install/realsense_cv', 'merge_install': False, 'path': '/home/nano/final_project_ws/src/perception/realsense_cv', 'symlink_install': False, 'test_result_base': None}
[1.117s] Level 5:colcon.colcon_core.verb:set package 'ros2_aruco' build argument 'cmake_args' from command line to 'None'
[1.117s] Level 5:colcon.colcon_core.verb:set package 'ros2_aruco' build argument 'cmake_target' from command line to 'None'
[1.117s] Level 5:colcon.colcon_core.verb:set package 'ros2_aruco' build argument 'cmake_target_skip_unavailable' from command line to 'False'
[1.117s] Level 5:colcon.colcon_core.verb:set package 'ros2_aruco' build argument 'cmake_clean_cache' from command line to 'False'
[1.117s] Level 5:colcon.colcon_core.verb:set package 'ros2_aruco' build argument 'cmake_clean_first' from command line to 'False'
[1.117s] Level 5:colcon.colcon_core.verb:set package 'ros2_aruco' build argument 'cmake_force_configure' from command line to 'False'
[1.117s] Level 5:colcon.colcon_core.verb:set package 'ros2_aruco' build argument 'ament_cmake_args' from command line to 'None'
[1.117s] Level 5:colcon.colcon_core.verb:set package 'ros2_aruco' build argument 'catkin_cmake_args' from command line to 'None'
[1.117s] Level 5:colcon.colcon_core.verb:set package 'ros2_aruco' build argument 'catkin_skip_building_tests' from command line to 'False'
[1.117s] DEBUG:colcon.colcon_core.verb:Building package 'ros2_aruco' with the following arguments: {'ament_cmake_args': None, 'build_base': '/home/nano/final_project_ws/build/ros2_aruco', 'catkin_cmake_args': None, 'catkin_skip_building_tests': False, 'cmake_args': None, 'cmake_clean_cache': False, 'cmake_clean_first': False, 'cmake_force_configure': False, 'cmake_target': None, 'cmake_target_skip_unavailable': False, 'install_base': '/home/nano/final_project_ws/install/ros2_aruco', 'merge_install': False, 'path': '/home/nano/final_project_ws/src/perception/ros2_aruco/ros2_aruco', 'symlink_install': False, 'test_result_base': None}
[1.118s] Level 5:colcon.colcon_core.verb:set package 'ros2_aruco_interfaces' build argument 'cmake_args' from command line to 'None'
[1.118s] Level 5:colcon.colcon_core.verb:set package 'ros2_aruco_interfaces' build argument 'cmake_target' from command line to 'None'
[1.118s] Level 5:colcon.colcon_core.verb:set package 'ros2_aruco_interfaces' build argument 'cmake_target_skip_unavailable' from command line to 'False'
[1.118s] Level 5:colcon.colcon_core.verb:set package 'ros2_aruco_interfaces' build argument 'cmake_clean_cache' from command line to 'False'
[1.118s] Level 5:colcon.colcon_core.verb:set package 'ros2_aruco_interfaces' build argument 'cmake_clean_first' from command line to 'False'
[1.118s] Level 5:colcon.colcon_core.verb:set package 'ros2_aruco_interfaces' build argument 'cmake_force_configure' from command line to 'False'
[1.118s] Level 5:colcon.colcon_core.verb:set package 'ros2_aruco_interfaces' build argument 'ament_cmake_args' from command line to 'None'
[1.118s] Level 5:colcon.colcon_core.verb:set package 'ros2_aruco_interfaces' build argument 'catkin_cmake_args' from command line to 'None'
[1.118s] Level 5:colcon.colcon_core.verb:set package 'ros2_aruco_interfaces' build argument 'catkin_skip_building_tests' from command line to 'False'
[1.118s] DEBUG:colcon.colcon_core.verb:Building package 'ros2_aruco_interfaces' with the following arguments: {'ament_cmake_args': None, 'build_base': '/home/nano/final_project_ws/build/ros2_aruco_interfaces', 'catkin_cmake_args': None, 'catkin_skip_building_tests': False, 'cmake_args': None, 'cmake_clean_cache': False, 'cmake_clean_first': False, 'cmake_force_configure': False, 'cmake_target': None, 'cmake_target_skip_unavailable': False, 'install_base': '/home/nano/final_project_ws/install/ros2_aruco_interfaces', 'merge_install': False, 'path': '/home/nano/final_project_ws/src/perception/ros2_aruco/ros2_aruco_interfaces', 'symlink_install': False, 'test_result_base': None}
[1.119s] Level 5:colcon.colcon_core.verb:set package 'planning' build argument 'cmake_args' from command line to 'None'
[1.119s] Level 5:colcon.colcon_core.verb:set package 'planning' build argument 'cmake_target' from command line to 'None'
[1.119s] Level 5:colcon.colcon_core.verb:set package 'planning' build argument 'cmake_target_skip_unavailable' from command line to 'False'
[1.119s] Level 5:colcon.colcon_core.verb:set package 'planning' build argument 'cmake_clean_cache' from command line to 'False'
[1.119s] Level 5:colcon.colcon_core.verb:set package 'planning' build argument 'cmake_clean_first' from command line to 'False'
[1.119s] Level 5:colcon.colcon_core.verb:set package 'planning' build argument 'cmake_force_configure' from command line to 'False'
[1.119s] Level 5:colcon.colcon_core.verb:set package 'planning' build argument 'ament_cmake_args' from command line to 'None'
[1.119s] Level 5:colcon.colcon_core.verb:set package 'planning' build argument 'catkin_cmake_args' from command line to 'None'
[1.119s] Level 5:colcon.colcon_core.verb:set package 'planning' build argument 'catkin_skip_building_tests' from command line to 'False'
[1.119s] DEBUG:colcon.colcon_core.verb:Building package 'planning' with the following arguments: {'ament_cmake_args': None, 'build_base': '/home/nano/final_project_ws/build/planning', 'catkin_cmake_args': None, 'catkin_skip_building_tests': False, 'cmake_args': None, 'cmake_clean_cache': False, 'cmake_clean_first': False, 'cmake_force_configure': False, 'cmake_target': None, 'cmake_target_skip_unavailable': False, 'install_base': '/home/nano/final_project_ws/install/planning', 'merge_install': False, 'path': '/home/nano/final_project_ws/src/planning', 'symlink_install': False, 'test_result_base': None}
[1.120s] INFO:colcon.colcon_core.executor:Executing jobs using 'parallel' executor
[1.122s] DEBUG:colcon.colcon_parallel_executor.executor.parallel:run_until_complete
[1.122s] INFO:colcon.colcon_ros.task.ament_cmake.build:Building ROS package in '/home/nano/final_project_ws/src/planning_interfaces' with build type 'ament_cmake'
[1.123s] INFO:colcon.colcon_cmake.task.cmake.build:Building CMake package in '/home/nano/final_project_ws/src/planning_interfaces'
[1.135s] INFO:colcon.colcon_core.plugin_system:Skipping extension 'colcon_core.shell.bat': Not used on non-Windows systems
[1.136s] INFO:colcon.colcon_core.shell:Skip shell extension 'powershell' for command environment: Not usable outside of PowerShell
[1.136s] DEBUG:colcon.colcon_core.shell:Skip shell extension 'dsv' for command environment
[1.148s] INFO:colcon.colcon_ros.task.ament_python.build:Building ROS package in '/home/nano/final_project_ws/src/actuation' with build type 'ament_python'
[1.148s] Level 1:colcon.colcon_core.shell:create_environment_hook('actuation', 'ament_prefix_path')
[1.149s] INFO:colcon.colcon_core.shell:Creating environment hook '/home/nano/final_project_ws/install/actuation/share/actuation/hook/ament_prefix_path.ps1'
[1.151s] INFO:colcon.colcon_core.shell:Creating environment descriptor '/home/nano/final_project_ws/install/actuation/share/actuation/hook/ament_prefix_path.dsv'
[1.152s] INFO:colcon.colcon_core.shell:Creating environment hook '/home/nano/final_project_ws/install/actuation/share/actuation/hook/ament_prefix_path.sh'
[1.154s] INFO:colcon.colcon_core.shell:Skip shell extension 'powershell' for command environment: Not usable outside of PowerShell
[1.154s] DEBUG:colcon.colcon_core.shell:Skip shell extension 'dsv' for command environment
[1.163s] INFO:colcon.colcon_ros.task.ament_python.build:Building ROS package in '/home/nano/final_project_ws/src/perception/realsense_cv' with build type 'ament_python'
[1.163s] Level 1:colcon.colcon_core.shell:create_environment_hook('realsense_cv', 'ament_prefix_path')
[1.164s] INFO:colcon.colcon_core.shell:Creating environment hook '/home/nano/final_project_ws/install/realsense_cv/share/realsense_cv/hook/ament_prefix_path.ps1'
[1.165s] INFO:colcon.colcon_core.shell:Creating environment descriptor '/home/nano/final_project_ws/install/realsense_cv/share/realsense_cv/hook/ament_prefix_path.dsv'
[1.166s] INFO:colcon.colcon_core.shell:Creating environment hook '/home/nano/final_project_ws/install/realsense_cv/share/realsense_cv/hook/ament_prefix_path.sh'
[1.167s] INFO:colcon.colcon_core.shell:Skip shell extension 'powershell' for command environment: Not usable outside of PowerShell
[1.167s] DEBUG:colcon.colcon_core.shell:Skip shell extension 'dsv' for command environment
[1.176s] INFO:colcon.colcon_ros.task.ament_python.build:Building ROS package in '/home/nano/final_project_ws/src/perception/ros2_aruco/ros2_aruco' with build type 'ament_python'
[1.177s] Level 1:colcon.colcon_core.shell:create_environment_hook('ros2_aruco', 'ament_prefix_path')
[1.177s] INFO:colcon.colcon_core.shell:Creating environment hook '/home/nano/final_project_ws/install/ros2_aruco/share/ros2_aruco/hook/ament_prefix_path.ps1'
[1.178s] INFO:colcon.colcon_core.shell:Creating environment descriptor '/home/nano/final_project_ws/install/ros2_aruco/share/ros2_aruco/hook/ament_prefix_path.dsv'
[1.179s] INFO:colcon.colcon_core.shell:Creating environment hook '/home/nano/final_project_ws/install/ros2_aruco/share/ros2_aruco/hook/ament_prefix_path.sh'
[1.180s] INFO:colcon.colcon_core.shell:Skip shell extension 'powershell' for command environment: Not usable outside of PowerShell
[1.180s] DEBUG:colcon.colcon_core.shell:Skip shell extension 'dsv' for command environment
[1.190s] INFO:colcon.colcon_ros.task.ament_cmake.build:Building ROS package in '/home/nano/final_project_ws/src/perception/ros2_aruco/ros2_aruco_interfaces' with build type 'ament_cmake'
[1.191s] INFO:colcon.colcon_cmake.task.cmake.build:Building CMake package in '/home/nano/final_project_ws/src/perception/ros2_aruco/ros2_aruco_interfaces'
[1.192s] INFO:colcon.colcon_core.shell:Skip shell extension 'powershell' for command environment: Not usable outside of PowerShell
[1.192s] DEBUG:colcon.colcon_core.shell:Skip shell extension 'dsv' for command environment
[1.212s] DEBUG:colcon.colcon_core.event_handler.log_command:Invoking command in '/home/nano/final_project_ws/build/planning_interfaces': CMAKE_PREFIX_PATH=${CMAKE_PREFIX_PATH}:/home/nano/final_project_ws/install/ros2_aruco:/home/nano/final_project_ws/install/realsense_cv:/home/nano/final_project_ws/install/planning:/home/nano/tmdriver_ws/install/tm_mod_urdf:/home/nano/tmdriver_ws/install/tm_get_status:/opt/ros/humble /usr/bin/cmake --build /home/nano/final_project_ws/build/planning_interfaces -- -j6 -l6
[1.765s] INFO:colcon.colcon_core.task.python.build:Building Python package in '/home/nano/final_project_ws/src/actuation'
[1.766s] INFO:colcon.colcon_core.shell:Skip shell extension 'powershell' for command environment: Not usable outside of PowerShell
[1.766s] DEBUG:colcon.colcon_core.shell:Skip shell extension 'dsv' for command environment
[2.338s] INFO:colcon.colcon_core.task.python.build:Building Python package in '/home/nano/final_project_ws/src/perception/realsense_cv'
[2.338s] INFO:colcon.colcon_core.shell:Skip shell extension 'powershell' for command environment: Not usable outside of PowerShell
[2.338s] DEBUG:colcon.colcon_core.shell:Skip shell extension 'dsv' for command environment
[2.879s] INFO:colcon.colcon_core.task.python.build:Building Python package in '/home/nano/final_project_ws/src/perception/ros2_aruco/ros2_aruco'
[2.880s] INFO:colcon.colcon_core.shell:Skip shell extension 'powershell' for command environment: Not usable outside of PowerShell
[2.880s] DEBUG:colcon.colcon_core.shell:Skip shell extension 'dsv' for command environment
[2.908s] DEBUG:colcon.colcon_core.event_handler.log_command:Invoking command in '/home/nano/final_project_ws/build/ros2_aruco_interfaces': CMAKE_PREFIX_PATH=${CMAKE_PREFIX_PATH}:/home/nano/final_project_ws/install/ros2_aruco:/home/nano/final_project_ws/install/realsense_cv:/home/nano/final_project_ws/install/planning:/home/nano/tmdriver_ws/install/tm_mod_urdf:/home/nano/tmdriver_ws/install/tm_get_status:/opt/ros/humble /usr/bin/cmake --build /home/nano/final_project_ws/build/ros2_aruco_interfaces -- -j6 -l6
[2.911s] DEBUG:colcon.colcon_core.event_handler.log_command:Invoked command in '/home/nano/final_project_ws/build/planning_interfaces' returned '0': CMAKE_PREFIX_PATH=${CMAKE_PREFIX_PATH}:/home/nano/final_project_ws/install/ros2_aruco:/home/nano/final_project_ws/install/realsense_cv:/home/nano/final_project_ws/install/planning:/home/nano/tmdriver_ws/install/tm_mod_urdf:/home/nano/tmdriver_ws/install/tm_get_status:/opt/ros/humble /usr/bin/cmake --build /home/nano/final_project_ws/build/planning_interfaces -- -j6 -l6
[2.942s] DEBUG:colcon.colcon_core.event_handler.log_command:Invoking command in '/home/nano/final_project_ws/build/planning_interfaces': CMAKE_PREFIX_PATH=${CMAKE_PREFIX_PATH}:/home/nano/final_project_ws/install/ros2_aruco:/home/nano/final_project_ws/install/realsense_cv:/home/nano/final_project_ws/install/planning:/home/nano/tmdriver_ws/install/tm_mod_urdf:/home/nano/tmdriver_ws/install/tm_get_status:/opt/ros/humble /usr/bin/cmake --install /home/nano/final_project_ws/build/planning_interfaces
[3.126s] Level 1:colcon.colcon_core.environment:create_environment_scripts_only(planning_interfaces)
[3.128s] DEBUG:colcon.colcon_core.event_handler.log_command:Invoked command in '/home/nano/final_project_ws/build/planning_interfaces' returned '0': CMAKE_PREFIX_PATH=${CMAKE_PREFIX_PATH}:/home/nano/final_project_ws/install/ros2_aruco:/home/nano/final_project_ws/install/realsense_cv:/home/nano/final_project_ws/install/planning:/home/nano/tmdriver_ws/install/tm_mod_urdf:/home/nano/tmdriver_ws/install/tm_get_status:/opt/ros/humble /usr/bin/cmake --install /home/nano/final_project_ws/build/planning_interfaces
[3.156s] Level 1:colcon.colcon_core.environment:checking '/home/nano/final_project_ws/install/planning_interfaces' for CMake module files
[3.157s] Level 1:colcon.colcon_core.environment:checking '/home/nano/final_project_ws/install/planning_interfaces' for CMake config files
[3.159s] Level 1:colcon.colcon_core.shell:create_environment_hook('planning_interfaces', 'cmake_prefix_path')
[3.160s] INFO:colcon.colcon_core.shell:Creating environment hook '/home/nano/final_project_ws/install/planning_interfaces/share/planning_interfaces/hook/cmake_prefix_path.ps1'
[3.161s] INFO:colcon.colcon_core.shell:Creating environment descriptor '/home/nano/final_project_ws/install/planning_interfaces/share/planning_interfaces/hook/cmake_prefix_path.dsv'
[3.163s] INFO:colcon.colcon_core.shell:Creating environment hook '/home/nano/final_project_ws/install/planning_interfaces/share/planning_interfaces/hook/cmake_prefix_path.sh'
[3.166s] Level 1:colcon.colcon_core.environment:checking '/home/nano/final_project_ws/install/planning_interfaces/lib'
[3.167s] Level 1:colcon.colcon_core.shell:create_environment_hook('planning_interfaces', 'ld_library_path_lib')
[3.167s] INFO:colcon.colcon_core.shell:Creating environment hook '/home/nano/final_project_ws/install/planning_interfaces/share/planning_interfaces/hook/ld_library_path_lib.ps1'
[3.168s] INFO:colcon.colcon_core.shell:Creating environment descriptor '/home/nano/final_project_ws/install/planning_interfaces/share/planning_interfaces/hook/ld_library_path_lib.dsv'
[3.169s] INFO:colcon.colcon_core.shell:Creating environment hook '/home/nano/final_project_ws/install/planning_interfaces/share/planning_interfaces/hook/ld_library_path_lib.sh'
[3.170s] Level 1:colcon.colcon_core.environment:checking '/home/nano/final_project_ws/install/planning_interfaces/bin'
[3.170s] Level 1:colcon.colcon_core.environment:checking '/home/nano/final_project_ws/install/planning_interfaces/lib/pkgconfig/planning_interfaces.pc'
[3.171s] Level 1:colcon.colcon_core.environment:checking '/home/nano/final_project_ws/install/planning_interfaces/lib/python3.10/site-packages'
[3.171s] Level 1:colcon.colcon_core.environment:checking '/home/nano/final_project_ws/install/planning_interfaces/bin'
[3.172s] INFO:colcon.colcon_core.shell:Creating package script '/home/nano/final_project_ws/install/planning_interfaces/share/planning_interfaces/package.ps1'
[3.181s] INFO:colcon.colcon_core.shell:Creating package descriptor '/home/nano/final_project_ws/install/planning_interfaces/share/planning_interfaces/package.dsv'
[3.184s] INFO:colcon.colcon_core.shell:Creating package script '/home/nano/final_project_ws/install/planning_interfaces/share/planning_interfaces/package.sh'
[3.187s] INFO:colcon.colcon_core.shell:Creating package script '/home/nano/final_project_ws/install/planning_interfaces/share/planning_interfaces/package.bash'
[3.191s] INFO:colcon.colcon_core.shell:Creating package script '/home/nano/final_project_ws/install/planning_interfaces/share/planning_interfaces/package.zsh'
[3.195s] Level 1:colcon.colcon_core.environment:create_file_with_runtime_dependencies(/home/nano/final_project_ws/install/planning_interfaces/share/colcon-core/packages/planning_interfaces)
[3.197s] Level 1:colcon.colcon_core.environment:create_environment_scripts_only(planning_interfaces)
[3.198s] Level 1:colcon.colcon_core.environment:checking '/home/nano/final_project_ws/install/planning_interfaces' for CMake module files
[3.199s] Level 1:colcon.colcon_core.environment:checking '/home/nano/final_project_ws/install/planning_interfaces' for CMake config files
[3.200s] Level 1:colcon.colcon_core.shell:create_environment_hook('planning_interfaces', 'cmake_prefix_path')
[3.200s] INFO:colcon.colcon_core.shell:Creating environment hook '/home/nano/final_project_ws/install/planning_interfaces/share/planning_interfaces/hook/cmake_prefix_path.ps1'
[3.201s] INFO:colcon.colcon_core.shell:Creating environment descriptor '/home/nano/final_project_ws/install/planning_interfaces/share/planning_interfaces/hook/cmake_prefix_path.dsv'
[3.203s] INFO:colcon.colcon_core.shell:Creating environment hook '/home/nano/final_project_ws/install/planning_interfaces/share/planning_interfaces/hook/cmake_prefix_path.sh'
[3.204s] Level 1:colcon.colcon_core.environment:checking '/home/nano/final_project_ws/install/planning_interfaces/lib'
[3.204s] Level 1:colcon.colcon_core.shell:create_environment_hook('planning_interfaces', 'ld_library_path_lib')
[3.205s] INFO:colcon.colcon_core.shell:Creating environment hook '/home/nano/final_project_ws/install/planning_interfaces/share/planning_interfaces/hook/ld_library_path_lib.ps1'
[3.206s] INFO:colcon.colcon_core.shell:Creating environment descriptor '/home/nano/final_project_ws/install/planning_interfaces/share/planning_interfaces/hook/ld_library_path_lib.dsv'
[3.207s] INFO:colcon.colcon_core.shell:Creating environment hook '/home/nano/final_project_ws/install/planning_interfaces/share/planning_interfaces/hook/ld_library_path_lib.sh'
[3.207s] Level 1:colcon.colcon_core.environment:checking '/home/nano/final_project_ws/install/planning_interfaces/bin'
[3.207s] Level 1:colcon.colcon_core.environment:checking '/home/nano/final_project_ws/install/planning_interfaces/lib/pkgconfig/planning_interfaces.pc'
[3.208s] Level 1:colcon.colcon_core.environment:checking '/home/nano/final_project_ws/install/planning_interfaces/lib/python3.10/site-packages'
[3.209s] Level 1:colcon.colcon_core.environment:checking '/home/nano/final_project_ws/install/planning_interfaces/bin'
[3.209s] INFO:colcon.colcon_core.shell:Creating package script '/home/nano/final_project_ws/install/planning_interfaces/share/planning_interfaces/package.ps1'
[3.211s] INFO:colcon.colcon_core.shell:Creating package descriptor '/home/nano/final_project_ws/install/planning_interfaces/share/planning_interfaces/package.dsv'
[3.212s] INFO:colcon.colcon_core.shell:Creating package script '/home/nano/final_project_ws/install/planning_interfaces/share/planning_interfaces/package.sh'
[3.213s] INFO:colcon.colcon_core.shell:Creating package script '/home/nano/final_project_ws/install/planning_interfaces/share/planning_interfaces/package.bash'
[3.214s] INFO:colcon.colcon_core.shell:Creating package script '/home/nano/final_project_ws/install/planning_interfaces/share/planning_interfaces/package.zsh'
[3.215s] Level 1:colcon.colcon_core.environment:create_file_with_runtime_dependencies(/home/nano/final_project_ws/install/planning_interfaces/share/colcon-core/packages/planning_interfaces)
[3.216s] INFO:colcon.colcon_ros.task.ament_python.build:Building ROS package in '/home/nano/final_project_ws/src/planning' with build type 'ament_python'
[3.218s] Level 1:colcon.colcon_core.shell:create_environment_hook('planning', 'ament_prefix_path')
[3.218s] INFO:colcon.colcon_core.shell:Creating environment hook '/home/nano/final_project_ws/install/planning/share/planning/hook/ament_prefix_path.ps1'
[3.219s] INFO:colcon.colcon_core.shell:Creating environment descriptor '/home/nano/final_project_ws/install/planning/share/planning/hook/ament_prefix_path.dsv'
[3.220s] INFO:colcon.colcon_core.shell:Creating environment hook '/home/nano/final_project_ws/install/planning/share/planning/hook/ament_prefix_path.sh'
[3.221s] INFO:colcon.colcon_core.shell:Skip shell extension 'powershell' for command environment: Not usable outside of PowerShell
[3.221s] DEBUG:colcon.colcon_core.shell:Skip shell extension 'dsv' for command environment
[3.907s] INFO:colcon.colcon_core.task.python.build:Building Python package in '/home/nano/final_project_ws/src/planning'
[3.909s] INFO:colcon.colcon_core.shell:Skip shell extension 'powershell' for command environment: Not usable outside of PowerShell
[3.909s] DEBUG:colcon.colcon_core.shell:Skip shell extension 'dsv' for command environment
[3.928s] DEBUG:colcon.colcon_core.event_handler.log_command:Invoked command in '/home/nano/final_project_ws/build/ros2_aruco_interfaces' returned '0': CMAKE_PREFIX_PATH=${CMAKE_PREFIX_PATH}:/home/nano/final_project_ws/install/ros2_aruco:/home/nano/final_project_ws/install/realsense_cv:/home/nano/final_project_ws/install/planning:/home/nano/tmdriver_ws/install/tm_mod_urdf:/home/nano/tmdriver_ws/install/tm_get_status:/opt/ros/humble /usr/bin/cmake --build /home/nano/final_project_ws/build/ros2_aruco_interfaces -- -j6 -l6
[3.935s] DEBUG:colcon.colcon_core.event_handler.log_command:Invoking command in '/home/nano/final_project_ws/build/ros2_aruco_interfaces': CMAKE_PREFIX_PATH=${CMAKE_PREFIX_PATH}:/home/nano/final_project_ws/install/ros2_aruco:/home/nano/final_project_ws/install/realsense_cv:/home/nano/final_project_ws/install/planning:/home/nano/tmdriver_ws/install/tm_mod_urdf:/home/nano/tmdriver_ws/install/tm_get_status:/opt/ros/humble /usr/bin/cmake --install /home/nano/final_project_ws/build/ros2_aruco_interfaces
[4.108s] DEBUG:colcon.colcon_core.event_handler.log_command:Invoking command in '/home/nano/final_project_ws/src/actuation': PYTHONPATH=/home/nano/final_project_ws/build/actuation/prefix_override:/usr/lib/python3/dist-packages/colcon_core/task/python/colcon_distutils_commands:/home/nano/final_project_ws/install/actuation/lib/python3.10/site-packages:${PYTHONPATH} /usr/bin/python3 -W ignore:setup.py install is deprecated -W ignore:easy_install command is deprecated setup.py egg_info --egg-base ../../build/actuation build --build-base /home/nano/final_project_ws/build/actuation/build install --record /home/nano/final_project_ws/build/actuation/install.log --single-version-externally-managed install_data
[4.123s] DEBUG:colcon.colcon_core.event_handler.log_command:Invoking command in '/home/nano/final_project_ws/src/perception/ros2_aruco/ros2_aruco': PYTHONPATH=/home/nano/final_project_ws/build/ros2_aruco/prefix_override:/usr/lib/python3/dist-packages/colcon_core/task/python/colcon_distutils_commands:/home/nano/final_project_ws/install/ros2_aruco/lib/python3.10/site-packages:${PYTHONPATH} /usr/bin/python3 -W ignore:setup.py install is deprecated -W ignore:easy_install command is deprecated setup.py egg_info --egg-base ../../../../build/ros2_aruco build --build-base /home/nano/final_project_ws/build/ros2_aruco/build install --record /home/nano/final_project_ws/build/ros2_aruco/install.log --single-version-externally-managed install_data
[4.127s] DEBUG:colcon.colcon_core.event_handler.log_command:Invoking command in '/home/nano/final_project_ws/src/perception/realsense_cv': PYTHONPATH=/home/nano/final_project_ws/build/realsense_cv/prefix_override:/usr/lib/python3/dist-packages/colcon_core/task/python/colcon_distutils_commands:/home/nano/final_project_ws/install/realsense_cv/lib/python3.10/site-packages:${PYTHONPATH} /usr/bin/python3 -W ignore:setup.py install is deprecated -W ignore:easy_install command is deprecated setup.py egg_info --egg-base ../../../build/realsense_cv build --build-base /home/nano/final_project_ws/build/realsense_cv/build install --record /home/nano/final_project_ws/build/realsense_cv/install.log --single-version-externally-managed install_data
[4.130s] Level 1:colcon.colcon_core.environment:create_environment_scripts_only(ros2_aruco_interfaces)
[4.131s] Level 1:colcon.colcon_core.environment:checking '/home/nano/final_project_ws/install/ros2_aruco_interfaces' for CMake module files
[4.132s] DEBUG:colcon.colcon_core.event_handler.log_command:Invoked command in '/home/nano/final_project_ws/build/ros2_aruco_interfaces' returned '0': CMAKE_PREFIX_PATH=${CMAKE_PREFIX_PATH}:/home/nano/final_project_ws/install/ros2_aruco:/home/nano/final_project_ws/install/realsense_cv:/home/nano/final_project_ws/install/planning:/home/nano/tmdriver_ws/install/tm_mod_urdf:/home/nano/tmdriver_ws/install/tm_get_status:/opt/ros/humble /usr/bin/cmake --install /home/nano/final_project_ws/build/ros2_aruco_interfaces
[4.133s] Level 1:colcon.colcon_core.environment:checking '/home/nano/final_project_ws/install/ros2_aruco_interfaces' for CMake config files
[4.135s] Level 1:colcon.colcon_core.shell:create_environment_hook('ros2_aruco_interfaces', 'cmake_prefix_path')
[4.136s] INFO:colcon.colcon_core.shell:Creating environment hook '/home/nano/final_project_ws/install/ros2_aruco_interfaces/share/ros2_aruco_interfaces/hook/cmake_prefix_path.ps1'
[4.137s] INFO:colcon.colcon_core.shell:Creating environment descriptor '/home/nano/final_project_ws/install/ros2_aruco_interfaces/share/ros2_aruco_interfaces/hook/cmake_prefix_path.dsv'
[4.138s] INFO:colcon.colcon_core.shell:Creating environment hook '/home/nano/final_project_ws/install/ros2_aruco_interfaces/share/ros2_aruco_interfaces/hook/cmake_prefix_path.sh'
[4.140s] Level 1:colcon.colcon_core.environment:checking '/home/nano/final_project_ws/install/ros2_aruco_interfaces/lib'
[4.140s] Level 1:colcon.colcon_core.shell:create_environment_hook('ros2_aruco_interfaces', 'ld_library_path_lib')
[4.141s] INFO:colcon.colcon_core.shell:Creating environment hook '/home/nano/final_project_ws/install/ros2_aruco_interfaces/share/ros2_aruco_interfaces/hook/ld_library_path_lib.ps1'
[4.142s] INFO:colcon.colcon_core.shell:Creating environment descriptor '/home/nano/final_project_ws/install/ros2_aruco_interfaces/share/ros2_aruco_interfaces/hook/ld_library_path_lib.dsv'
[4.143s] INFO:colcon.colcon_core.shell:Creating environment hook '/home/nano/final_project_ws/install/ros2_aruco_interfaces/share/ros2_aruco_interfaces/hook/ld_library_path_lib.sh'
[4.144s] Level 1:colcon.colcon_core.environment:checking '/home/nano/final_project_ws/install/ros2_aruco_interfaces/bin'
[4.144s] Level 1:colcon.colcon_core.environment:checking '/home/nano/final_project_ws/install/ros2_aruco_interfaces/lib/pkgconfig/ros2_aruco_interfaces.pc'
[4.144s] Level 1:colcon.colcon_core.environment:checking '/home/nano/final_project_ws/install/ros2_aruco_interfaces/lib/python3.10/site-packages'
[4.145s] Level 1:colcon.colcon_core.environment:checking '/home/nano/final_project_ws/install/ros2_aruco_interfaces/bin'
[4.146s] INFO:colcon.colcon_core.shell:Creating package script '/home/nano/final_project_ws/install/ros2_aruco_interfaces/share/ros2_aruco_interfaces/package.ps1'
[4.147s] INFO:colcon.colcon_core.shell:Creating package descriptor '/home/nano/final_project_ws/install/ros2_aruco_interfaces/share/ros2_aruco_interfaces/package.dsv'
[4.148s] INFO:colcon.colcon_core.shell:Creating package script '/home/nano/final_project_ws/install/ros2_aruco_interfaces/share/ros2_aruco_interfaces/package.sh'
[4.149s] INFO:colcon.colcon_core.shell:Creating package script '/home/nano/final_project_ws/install/ros2_aruco_interfaces/share/ros2_aruco_interfaces/package.bash'
[4.150s] INFO:colcon.colcon_core.shell:Creating package script '/home/nano/final_project_ws/install/ros2_aruco_interfaces/share/ros2_aruco_interfaces/package.zsh'
[4.150s] Level 1:colcon.colcon_core.environment:create_file_with_runtime_dependencies(/home/nano/final_project_ws/install/ros2_aruco_interfaces/share/colcon-core/packages/ros2_aruco_interfaces)
[4.152s] Level 1:colcon.colcon_core.environment:create_environment_scripts_only(ros2_aruco_interfaces)
[4.153s] Level 1:colcon.colcon_core.environment:checking '/home/nano/final_project_ws/install/ros2_aruco_interfaces' for CMake module files
[4.154s] Level 1:colcon.colcon_core.environment:checking '/home/nano/final_project_ws/install/ros2_aruco_interfaces' for CMake config files
[4.155s] Level 1:colcon.colcon_core.shell:create_environment_hook('ros2_aruco_interfaces', 'cmake_prefix_path')
[4.155s] INFO:colcon.colcon_core.shell:Creating environment hook '/home/nano/final_project_ws/install/ros2_aruco_interfaces/share/ros2_aruco_interfaces/hook/cmake_prefix_path.ps1'
[4.157s] INFO:colcon.colcon_core.shell:Creating environment descriptor '/home/nano/final_project_ws/install/ros2_aruco_interfaces/share/ros2_aruco_interfaces/hook/cmake_prefix_path.dsv'
[4.158s] INFO:colcon.colcon_core.shell:Creating environment hook '/home/nano/final_project_ws/install/ros2_aruco_interfaces/share/ros2_aruco_interfaces/hook/cmake_prefix_path.sh'
[4.160s] Level 1:colcon.colcon_core.environment:checking '/home/nano/final_project_ws/install/ros2_aruco_interfaces/lib'
[4.160s] Level 1:colcon.colcon_core.shell:create_environment_hook('ros2_aruco_interfaces', 'ld_library_path_lib')
[4.160s] INFO:colcon.colcon_core.shell:Creating environment hook '/home/nano/final_project_ws/install/ros2_aruco_interfaces/share/ros2_aruco_interfaces/hook/ld_library_path_lib.ps1'
[4.161s] INFO:colcon.colcon_core.shell:Creating environment descriptor '/home/nano/final_project_ws/install/ros2_aruco_interfaces/share/ros2_aruco_interfaces/hook/ld_library_path_lib.dsv'
[4.162s] INFO:colcon.colcon_core.shell:Creating environment hook '/home/nano/final_project_ws/install/ros2_aruco_interfaces/share/ros2_aruco_interfaces/hook/ld_library_path_lib.sh'
[4.163s] Level 1:colcon.colcon_core.environment:checking '/home/nano/final_project_ws/install/ros2_aruco_interfaces/bin'
[4.163s] Level 1:colcon.colcon_core.environment:checking '/home/nano/final_project_ws/install/ros2_aruco_interfaces/lib/pkgconfig/ros2_aruco_interfaces.pc'
[4.164s] Level 1:colcon.colcon_core.environment:checking '/home/nano/final_project_ws/install/ros2_aruco_interfaces/lib/python3.10/site-packages'
[4.164s] Level 1:colcon.colcon_core.environment:checking '/home/nano/final_project_ws/install/ros2_aruco_interfaces/bin'
[4.165s] INFO:colcon.colcon_core.shell:Creating package script '/home/nano/final_project_ws/install/ros2_aruco_interfaces/share/ros2_aruco_interfaces/package.ps1'
[4.166s] INFO:colcon.colcon_core.shell:Creating package descriptor '/home/nano/final_project_ws/install/ros2_aruco_interfaces/share/ros2_aruco_interfaces/package.dsv'
[4.167s] INFO:colcon.colcon_core.shell:Creating package script '/home/nano/final_project_ws/install/ros2_aruco_interfaces/share/ros2_aruco_interfaces/package.sh'
[4.168s] INFO:colcon.colcon_core.shell:Creating package script '/home/nano/final_project_ws/install/ros2_aruco_interfaces/share/ros2_aruco_interfaces/package.bash'
[4.169s] INFO:colcon.colcon_core.shell:Creating package script '/home/nano/final_project_ws/install/ros2_aruco_interfaces/share/ros2_aruco_interfaces/package.zsh'
[4.170s] Level 1:colcon.colcon_core.environment:create_file_with_runtime_dependencies(/home/nano/final_project_ws/install/ros2_aruco_interfaces/share/colcon-core/packages/ros2_aruco_interfaces)
[4.767s] Level 1:colcon.colcon_core.environment:checking '/home/nano/final_project_ws/install/realsense_cv' for CMake module files
[4.768s] Level 1:colcon.colcon_core.environment:checking '/home/nano/final_project_ws/install/realsense_cv' for CMake config files
[4.769s] DEBUG:colcon.colcon_core.event_handler.log_command:Invoked command in '/home/nano/final_project_ws/src/perception/realsense_cv' returned '0': PYTHONPATH=/home/nano/final_project_ws/build/realsense_cv/prefix_override:/usr/lib/python3/dist-packages/colcon_core/task/python/colcon_distutils_commands:/home/nano/final_project_ws/install/realsense_cv/lib/python3.10/site-packages:${PYTHONPATH} /usr/bin/python3 -W ignore:setup.py install is deprecated -W ignore:easy_install command is deprecated setup.py egg_info --egg-base ../../../build/realsense_cv build --build-base /home/nano/final_project_ws/build/realsense_cv/build install --record /home/nano/final_project_ws/build/realsense_cv/install.log --single-version-externally-managed install_data
[4.771s] Level 1:colcon.colcon_core.environment:checking '/home/nano/final_project_ws/install/realsense_cv/lib'
[4.771s] Level 1:colcon.colcon_core.environment:checking '/home/nano/final_project_ws/install/realsense_cv/bin'
[4.771s] Level 1:colcon.colcon_core.environment:checking '/home/nano/final_project_ws/install/realsense_cv/lib/pkgconfig/realsense_cv.pc'
[4.771s] Level 1:colcon.colcon_core.environment:checking '/home/nano/final_project_ws/install/realsense_cv/lib/python3.10/site-packages'
[4.771s] Level 1:colcon.colcon_core.shell:create_environment_hook('realsense_cv', 'pythonpath')
[4.772s] INFO:colcon.colcon_core.shell:Creating environment hook '/home/nano/final_project_ws/install/realsense_cv/share/realsense_cv/hook/pythonpath.ps1'
[4.773s] INFO:colcon.colcon_core.shell:Creating environment descriptor '/home/nano/final_project_ws/install/realsense_cv/share/realsense_cv/hook/pythonpath.dsv'
[4.774s] INFO:colcon.colcon_core.shell:Creating environment hook '/home/nano/final_project_ws/install/realsense_cv/share/realsense_cv/hook/pythonpath.sh'
[4.776s] Level 1:colcon.colcon_core.environment:checking '/home/nano/final_project_ws/install/realsense_cv/bin'
[4.776s] Level 1:colcon.colcon_core.environment:create_environment_scripts_only(realsense_cv)
[4.777s] INFO:colcon.colcon_core.shell:Creating package script '/home/nano/final_project_ws/install/realsense_cv/share/realsense_cv/package.ps1'
[4.778s] INFO:colcon.colcon_core.shell:Creating package descriptor '/home/nano/final_project_ws/install/realsense_cv/share/realsense_cv/package.dsv'
[4.779s] INFO:colcon.colcon_core.shell:Creating package script '/home/nano/final_project_ws/install/realsense_cv/share/realsense_cv/package.sh'
[4.781s] INFO:colcon.colcon_core.shell:Creating package script '/home/nano/final_project_ws/install/realsense_cv/share/realsense_cv/package.bash'
[4.781s] INFO:colcon.colcon_core.shell:Creating package script '/home/nano/final_project_ws/install/realsense_cv/share/realsense_cv/package.zsh'
[4.782s] Level 1:colcon.colcon_core.environment:create_file_with_runtime_dependencies(/home/nano/final_project_ws/install/realsense_cv/share/colcon-core/packages/realsense_cv)
[4.785s] Level 1:colcon.colcon_core.environment:checking '/home/nano/final_project_ws/install/ros2_aruco' for CMake module files
[4.786s] DEBUG:colcon.colcon_core.event_handler.log_command:Invoked command in '/home/nano/final_project_ws/src/perception/ros2_aruco/ros2_aruco' returned '0': PYTHONPATH=/home/nano/final_project_ws/build/ros2_aruco/prefix_override:/usr/lib/python3/dist-packages/colcon_core/task/python/colcon_distutils_commands:/home/nano/final_project_ws/install/ros2_aruco/lib/python3.10/site-packages:${PYTHONPATH} /usr/bin/python3 -W ignore:setup.py install is deprecated -W ignore:easy_install command is deprecated setup.py egg_info --egg-base ../../../../build/ros2_aruco build --build-base /home/nano/final_project_ws/build/ros2_aruco/build install --record /home/nano/final_project_ws/build/ros2_aruco/install.log --single-version-externally-managed install_data
[4.787s] Level 1:colcon.colcon_core.environment:checking '/home/nano/final_project_ws/install/ros2_aruco' for CMake config files
[4.789s] Level 1:colcon.colcon_core.environment:checking '/home/nano/final_project_ws/install/ros2_aruco/lib'
[4.789s] Level 1:colcon.colcon_core.environment:checking '/home/nano/final_project_ws/install/ros2_aruco/bin'
[4.790s] Level 1:colcon.colcon_core.environment:checking '/home/nano/final_project_ws/install/ros2_aruco/lib/pkgconfig/ros2_aruco.pc'
[4.790s] Level 1:colcon.colcon_core.environment:checking '/home/nano/final_project_ws/install/ros2_aruco/lib/python3.10/site-packages'
[4.791s] Level 1:colcon.colcon_core.shell:create_environment_hook('ros2_aruco', 'pythonpath')
[4.791s] INFO:colcon.colcon_core.shell:Creating environment hook '/home/nano/final_project_ws/install/ros2_aruco/share/ros2_aruco/hook/pythonpath.ps1'
[4.793s] INFO:colcon.colcon_core.shell:Creating environment descriptor '/home/nano/final_project_ws/install/ros2_aruco/share/ros2_aruco/hook/pythonpath.dsv'
[4.794s] INFO:colcon.colcon_core.shell:Creating environment hook '/home/nano/final_project_ws/install/ros2_aruco/share/ros2_aruco/hook/pythonpath.sh'
[4.796s] Level 1:colcon.colcon_core.environment:checking '/home/nano/final_project_ws/install/ros2_aruco/bin'
[4.796s] Level 1:colcon.colcon_core.environment:create_environment_scripts_only(ros2_aruco)
[4.797s] INFO:colcon.colcon_core.shell:Creating package script '/home/nano/final_project_ws/install/ros2_aruco/share/ros2_aruco/package.ps1'
[4.798s] INFO:colcon.colcon_core.shell:Creating package descriptor '/home/nano/final_project_ws/install/ros2_aruco/share/ros2_aruco/package.dsv'
[4.800s] INFO:colcon.colcon_core.shell:Creating package script '/home/nano/final_project_ws/install/ros2_aruco/share/ros2_aruco/package.sh'
[4.801s] INFO:colcon.colcon_core.shell:Creating package script '/home/nano/final_project_ws/install/ros2_aruco/share/ros2_aruco/package.bash'
[4.802s] INFO:colcon.colcon_core.shell:Creating package script '/home/nano/final_project_ws/install/ros2_aruco/share/ros2_aruco/package.zsh'
[4.803s] Level 1:colcon.colcon_core.environment:create_file_with_runtime_dependencies(/home/nano/final_project_ws/install/ros2_aruco/share/colcon-core/packages/ros2_aruco)
[4.810s] DEBUG:colcon.colcon_core.event_handler.log_command:Invoking command in '/home/nano/final_project_ws/src/planning': CMAKE_PREFIX_PATH=/home/nano/final_project_ws/install/planning_interfaces:/home/nano/final_project_ws/install/ros2_aruco_interfaces:/home/nano/tmdriver_ws/install/ui_for_debug_and_demo:/home/nano/tmdriver_ws/install/tm_driver:/home/nano/tmdriver_ws/install/demo:/home/nano/tmdriver_ws/install/tm_msgs:/home/nano/tmdriver_ws/install/tm5x-900_moveit_config:/home/nano/tmdriver_ws/install/tm5x-700_moveit_config:/home/nano/tmdriver_ws/install/tm5-900_moveit_config:/home/nano/tmdriver_ws/install/tm5-700_moveit_config:/home/nano/tmdriver_ws/install/tm20_moveit_config:/home/nano/tmdriver_ws/install/tm16_moveit_config:/home/nano/tmdriver_ws/install/tm14x_moveit_config:/home/nano/tmdriver_ws/install/tm14_moveit_config:/home/nano/tmdriver_ws/install/tm12x_moveit_config:/home/nano/tmdriver_ws/install/tm12_moveit_config:/home/nano/tmdriver_ws/install/tm_description:/home/nano/tmdriver_ws/install/custom_package:/home/nano/tmdriver_ws/install/techman_robot_msgs LD_LIBRARY_PATH=/home/nano/final_project_ws/install/planning_interfaces/lib:/home/nano/final_project_ws/install/ros2_aruco_interfaces/lib:/home/nano/tmdriver_ws/install/tm_msgs/lib:/home/nano/tmdriver_ws/install/techman_robot_msgs/lib:/opt/ros/humble/opt/rviz_ogre_vendor/lib:/opt/ros/humble/lib/aarch64-linux-gnu:/opt/ros/humble/lib PYTHONPATH=/home/nano/final_project_ws/build/planning/prefix_override:/usr/lib/python3/dist-packages/colcon_core/task/python/colcon_distutils_commands:/home/nano/final_project_ws/install/planning/lib/python3.10/site-packages:${PYTHONPATH} /usr/bin/python3 -W ignore:setup.py install is deprecated -W ignore:easy_install command is deprecated setup.py egg_info --egg-base ../../build/planning build --build-base /home/nano/final_project_ws/build/planning/build install --record /home/nano/final_project_ws/build/planning/install.log --single-version-externally-managed install_data
[4.829s] Level 1:colcon.colcon_core.environment:checking '/home/nano/final_project_ws/install/actuation' for CMake module files
[4.831s] DEBUG:colcon.colcon_core.event_handler.log_command:Invoked command in '/home/nano/final_project_ws/src/actuation' returned '0': PYTHONPATH=/home/nano/final_project_ws/build/actuation/prefix_override:/usr/lib/python3/dist-packages/colcon_core/task/python/colcon_distutils_commands:/home/nano/final_project_ws/install/actuation/lib/python3.10/site-packages:${PYTHONPATH} /usr/bin/python3 -W ignore:setup.py install is deprecated -W ignore:easy_install command is deprecated setup.py egg_info --egg-base ../../build/actuation build --build-base /home/nano/final_project_ws/build/actuation/build install --record /home/nano/final_project_ws/build/actuation/install.log --single-version-externally-managed install_data
[4.832s] Level 1:colcon.colcon_core.environment:checking '/home/nano/final_project_ws/install/actuation' for CMake config files
[4.834s] Level 1:colcon.colcon_core.environment:checking '/home/nano/final_project_ws/install/actuation/lib'
[4.834s] Level 1:colcon.colcon_core.environment:checking '/home/nano/final_project_ws/install/actuation/bin'
[4.834s] Level 1:colcon.colcon_core.environment:checking '/home/nano/final_project_ws/install/actuation/lib/pkgconfig/actuation.pc'
[4.836s] Level 1:colcon.colcon_core.environment:checking '/home/nano/final_project_ws/install/actuation/lib/python3.10/site-packages'
[4.836s] Level 1:colcon.colcon_core.shell:create_environment_hook('actuation', 'pythonpath')
[4.836s] INFO:colcon.colcon_core.shell:Creating environment hook '/home/nano/final_project_ws/install/actuation/share/actuation/hook/pythonpath.ps1'
[4.838s] INFO:colcon.colcon_core.shell:Creating environment descriptor '/home/nano/final_project_ws/install/actuation/share/actuation/hook/pythonpath.dsv'
[4.839s] INFO:colcon.colcon_core.shell:Creating environment hook '/home/nano/final_project_ws/install/actuation/share/actuation/hook/pythonpath.sh'
[4.841s] Level 1:colcon.colcon_core.environment:checking '/home/nano/final_project_ws/install/actuation/bin'
[4.841s] Level 1:colcon.colcon_core.environment:create_environment_scripts_only(actuation)
[4.842s] INFO:colcon.colcon_core.shell:Creating package script '/home/nano/final_project_ws/install/actuation/share/actuation/package.ps1'
[4.843s] INFO:colcon.colcon_core.shell:Creating package descriptor '/home/nano/final_project_ws/install/actuation/share/actuation/package.dsv'
[4.844s] INFO:colcon.colcon_core.shell:Creating package script '/home/nano/final_project_ws/install/actuation/share/actuation/package.sh'
[4.845s] INFO:colcon.colcon_core.shell:Creating package script '/home/nano/final_project_ws/install/actuation/share/actuation/package.bash'
[4.845s] INFO:colcon.colcon_core.shell:Creating package script '/home/nano/final_project_ws/install/actuation/share/actuation/package.zsh'
[4.846s] Level 1:colcon.colcon_core.environment:create_file_with_runtime_dependencies(/home/nano/final_project_ws/install/actuation/share/colcon-core/packages/actuation)
[5.426s] Level 1:colcon.colcon_core.environment:checking '/home/nano/final_project_ws/install/planning' for CMake module files
[5.428s] DEBUG:colcon.colcon_core.event_handler.log_command:Invoked command in '/home/nano/final_project_ws/src/planning' returned '0': CMAKE_PREFIX_PATH=/home/nano/final_project_ws/install/planning_interfaces:/home/nano/final_project_ws/install/ros2_aruco_interfaces:/home/nano/tmdriver_ws/install/ui_for_debug_and_demo:/home/nano/tmdriver_ws/install/tm_driver:/home/nano/tmdriver_ws/install/demo:/home/nano/tmdriver_ws/install/tm_msgs:/home/nano/tmdriver_ws/install/tm5x-900_moveit_config:/home/nano/tmdriver_ws/install/tm5x-700_moveit_config:/home/nano/tmdriver_ws/install/tm5-900_moveit_config:/home/nano/tmdriver_ws/install/tm5-700_moveit_config:/home/nano/tmdriver_ws/install/tm20_moveit_config:/home/nano/tmdriver_ws/install/tm16_moveit_config:/home/nano/tmdriver_ws/install/tm14x_moveit_config:/home/nano/tmdriver_ws/install/tm14_moveit_config:/home/nano/tmdriver_ws/install/tm12x_moveit_config:/home/nano/tmdriver_ws/install/tm12_moveit_config:/home/nano/tmdriver_ws/install/tm_description:/home/nano/tmdriver_ws/install/custom_package:/home/nano/tmdriver_ws/install/techman_robot_msgs LD_LIBRARY_PATH=/home/nano/final_project_ws/install/planning_interfaces/lib:/home/nano/final_project_ws/install/ros2_aruco_interfaces/lib:/home/nano/tmdriver_ws/install/tm_msgs/lib:/home/nano/tmdriver_ws/install/techman_robot_msgs/lib:/opt/ros/humble/opt/rviz_ogre_vendor/lib:/opt/ros/humble/lib/aarch64-linux-gnu:/opt/ros/humble/lib PYTHONPATH=/home/nano/final_project_ws/build/planning/prefix_override:/usr/lib/python3/dist-packages/colcon_core/task/python/colcon_distutils_commands:/home/nano/final_project_ws/install/planning/lib/python3.10/site-packages:${PYTHONPATH} /usr/bin/python3 -W ignore:setup.py install is deprecated -W ignore:easy_install command is deprecated setup.py egg_info --egg-base ../../build/planning build --build-base /home/nano/final_project_ws/build/planning/build install --record /home/nano/final_project_ws/build/planning/install.log --single-version-externally-managed install_data
[5.429s] Level 1:colcon.colcon_core.environment:checking '/home/nano/final_project_ws/install/planning' for CMake config files
[5.433s] Level 1:colcon.colcon_core.environment:checking '/home/nano/final_project_ws/install/planning/lib'
[5.434s] Level 1:colcon.colcon_core.environment:checking '/home/nano/final_project_ws/install/planning/bin'
[5.434s] Level 1:colcon.colcon_core.environment:checking '/home/nano/final_project_ws/install/planning/lib/pkgconfig/planning.pc'
[5.435s] Level 1:colcon.colcon_core.environment:checking '/home/nano/final_project_ws/install/planning/lib/python3.10/site-packages'
[5.435s] Level 1:colcon.colcon_core.shell:create_environment_hook('planning', 'pythonpath')
[5.436s] INFO:colcon.colcon_core.shell:Creating environment hook '/home/nano/final_project_ws/install/planning/share/planning/hook/pythonpath.ps1'
[5.438s] INFO:colcon.colcon_core.shell:Creating environment descriptor '/home/nano/final_project_ws/install/planning/share/planning/hook/pythonpath.dsv'
[5.440s] INFO:colcon.colcon_core.shell:Creating environment hook '/home/nano/final_project_ws/install/planning/share/planning/hook/pythonpath.sh'
[5.443s] Level 1:colcon.colcon_core.environment:checking '/home/nano/final_project_ws/install/planning/bin'
[5.443s] Level 1:colcon.colcon_core.environment:create_environment_scripts_only(planning)
[5.445s] INFO:colcon.colcon_core.shell:Creating package script '/home/nano/final_project_ws/install/planning/share/planning/package.ps1'
[5.446s] INFO:colcon.colcon_core.shell:Creating package descriptor '/home/nano/final_project_ws/install/planning/share/planning/package.dsv'
[5.447s] INFO:colcon.colcon_core.shell:Creating package script '/home/nano/final_project_ws/install/planning/share/planning/package.sh'
[5.448s] INFO:colcon.colcon_core.shell:Creating package script '/home/nano/final_project_ws/install/planning/share/planning/package.bash'
[5.449s] INFO:colcon.colcon_core.shell:Creating package script '/home/nano/final_project_ws/install/planning/share/planning/package.zsh'
[5.450s] Level 1:colcon.colcon_core.environment:create_file_with_runtime_dependencies(/home/nano/final_project_ws/install/planning/share/colcon-core/packages/planning)
[5.451s] DEBUG:colcon.colcon_parallel_executor.executor.parallel:closing loop
[5.452s] DEBUG:colcon.colcon_parallel_executor.executor.parallel:loop closed
[5.452s] DEBUG:colcon.colcon_parallel_executor.executor.parallel:run_until_complete finished with '0'
[5.452s] DEBUG:colcon.colcon_core.event_reactor:joining thread
[5.470s] INFO:colcon.colcon_core.plugin_system:Skipping extension 'colcon_notification.desktop_notification.terminal_notifier': Not used on non-Darwin systems
[5.471s] INFO:colcon.colcon_core.plugin_system:Skipping extension 'colcon_notification.desktop_notification.win32': Not used on non-Windows systems
[5.471s] INFO:colcon.colcon_notification.desktop_notification:Sending desktop notification using 'notify2'
[5.535s] DEBUG:colcon.colcon_core.event_reactor:joined thread
[5.536s] INFO:colcon.colcon_core.shell:Creating prefix script '/home/nano/final_project_ws/install/local_setup.ps1'
[5.541s] INFO:colcon.colcon_core.shell:Creating prefix util module '/home/nano/final_project_ws/install/_local_setup_util_ps1.py'
[5.545s] INFO:colcon.colcon_core.shell:Creating prefix chain script '/home/nano/final_project_ws/install/setup.ps1'
[5.552s] INFO:colcon.colcon_core.shell:Creating prefix script '/home/nano/final_project_ws/install/local_setup.sh'
[5.555s] INFO:colcon.colcon_core.shell:Creating prefix util module '/home/nano/final_project_ws/install/_local_setup_util_sh.py'
[5.557s] INFO:colcon.colcon_core.shell:Creating prefix chain script '/home/nano/final_project_ws/install/setup.sh'
[5.565s] INFO:colcon.colcon_core.shell:Creating prefix script '/home/nano/final_project_ws/install/local_setup.bash'
[5.566s] INFO:colcon.colcon_core.shell:Creating prefix chain script '/home/nano/final_project_ws/install/setup.bash'
[5.570s] INFO:colcon.colcon_core.shell:Creating prefix script '/home/nano/final_project_ws/install/local_setup.zsh'
[5.573s] INFO:colcon.colcon_core.shell:Creating prefix chain script '/home/nano/final_project_ws/install/setup.zsh'
