[3.305s] Invoking command in '/home/nano/final_project_ws/src/actuation': PYTHONPATH=/home/nano/final_project_ws/build/actuation/prefix_override:/usr/lib/python3/dist-packages/colcon_core/task/python/colcon_distutils_commands:/home/nano/final_project_ws/install/actuation/lib/python3.10/site-packages:${PYTHONPATH} /usr/bin/python3 -W ignore:setup.py install is deprecated -W ignore:easy_install command is deprecated setup.py egg_info --egg-base ../../build/actuation build --build-base /home/nano/final_project_ws/build/actuation/build install --record /home/nano/final_project_ws/build/actuation/install.log --single-version-externally-managed install_data
[3.855s] running egg_info
[3.892s] writing ../../build/actuation/actuation.egg-info/PKG-INFO
[3.896s] writing dependency_links to ../../build/actuation/actuation.egg-info/dependency_links.txt
[3.896s] writing entry points to ../../build/actuation/actuation.egg-info/entry_points.txt
[3.897s] writing requirements to ../../build/actuation/actuation.egg-info/requires.txt
[3.897s] writing top-level names to ../../build/actuation/actuation.egg-info/top_level.txt
[3.976s] reading manifest file '../../build/actuation/actuation.egg-info/SOURCES.txt'
[3.980s] writing manifest file '../../build/actuation/actuation.egg-info/SOURCES.txt'
[3.980s] running build
[3.980s] running build_py
[3.982s] copying actuation/gripper_server.py -> /home/nano/final_project_ws/build/actuation/build/lib/actuation
[3.983s] copying actuation/__init__.py -> /home/nano/final_project_ws/build/actuation/build/lib/actuation
[3.984s] running install
[3.992s] running install_lib
[4.031s] copying /home/nano/final_project_ws/build/actuation/build/lib/actuation/gripper_server.py -> /home/nano/final_project_ws/install/actuation/lib/python3.10/site-packages/actuation
[4.034s] byte-compiling /home/nano/final_project_ws/install/actuation/lib/python3.10/site-packages/actuation/gripper_server.py to gripper_server.cpython-310.pyc
[4.036s] running install_data
[4.037s] copying resource/actuation -> /home/nano/final_project_ws/install/actuation/share/ament_index/resource_index/packages
[4.038s] copying package.xml -> /home/nano/final_project_ws/install/actuation/share/actuation
[4.039s] running install_egg_info
[4.079s] removing '/home/nano/final_project_ws/install/actuation/lib/python3.10/site-packages/actuation-0.0.0-py3.10.egg-info' (and everything under it)
[4.081s] Copying ../../build/actuation/actuation.egg-info to /home/nano/final_project_ws/install/actuation/lib/python3.10/site-packages/actuation-0.0.0-py3.10.egg-info
[4.083s] running install_scripts
[4.160s] Installing gripper script to /home/nano/final_project_ws/install/actuation/lib/actuation
[4.162s] writing list of installed files to '/home/nano/final_project_ws/build/actuation/install.log'
[4.257s] Invoked command in '/home/nano/final_project_ws/src/actuation' returned '0': PYTHONPATH=/home/nano/final_project_ws/build/actuation/prefix_override:/usr/lib/python3/dist-packages/colcon_core/task/python/colcon_distutils_commands:/home/nano/final_project_ws/install/actuation/lib/python3.10/site-packages:${PYTHONPATH} /usr/bin/python3 -W ignore:setup.py install is deprecated -W ignore:easy_install command is deprecated setup.py egg_info --egg-base ../../build/actuation build --build-base /home/nano/final_project_ws/build/actuation/build install --record /home/nano/final_project_ws/build/actuation/install.log --single-version-externally-managed install_data
