[0.061s] Invoking command in '/home/nano/final_project_ws/build/planning_interfaces': CMAKE_PREFIX_PATH=${CMAKE_PREFIX_PATH}:/home/nano/final_project_ws/install/ros2_aruco:/home/nano/final_project_ws/install/realsense_cv:/home/nano/final_project_ws/install/planning:/home/nano/final_project_ws/install/actuation:/home/nano/tmdriver_ws/install/tm_mod_urdf:/home/nano/tmdriver_ws/install/tm_get_status:/opt/ros/humble /usr/bin/cmake --build /home/nano/final_project_ws/build/planning_interfaces -- -j6 -l6
[0.561s] [  2%] Built target planning_interfaces__cpp
[0.561s] [  2%] Built target ament_cmake_python_copy_planning_interfaces
[0.563s] [ 12%] Built target planning_interfaces__rosidl_generator_c
[0.564s] [ 23%] Built target planning_interfaces__rosidl_typesupport_introspection_cpp
[0.564s] [ 34%] Built target planning_interfaces__rosidl_typesupport_fastrtps_cpp
[0.564s] [ 44%] Built target planning_interfaces__rosidl_typesupport_cpp
[0.564s] [ 61%] Built target planning_interfaces__rosidl_typesupport_fastrtps_c
[0.564s] [ 65%] Built target planning_interfaces__rosidl_typesupport_introspection_c
[0.564s] [ 76%] Built target planning_interfaces__rosidl_typesupport_c
[0.565s] [ 76%] Built target planning_interfaces
[0.599s] [ 78%] Built target planning_interfaces__py
[0.661s] [ 87%] Built target planning_interfaces__rosidl_generator_py
[0.711s] [100%] Built target planning_interfaces__rosidl_typesupport_c__pyext
[0.711s] [100%] Built target planning_interfaces__rosidl_typesupport_introspection_c__pyext
[0.711s] [100%] Built target planning_interfaces__rosidl_typesupport_fastrtps_c__pyext
[0.904s] running egg_info
[0.943s] writing planning_interfaces.egg-info/PKG-INFO
[0.944s] writing dependency_links to planning_interfaces.egg-info/dependency_links.txt
[0.944s] writing top-level names to planning_interfaces.egg-info/top_level.txt
[1.061s] reading manifest file 'planning_interfaces.egg-info/SOURCES.txt'
[1.064s] writing manifest file 'planning_interfaces.egg-info/SOURCES.txt'
[1.146s] [100%] Built target ament_cmake_python_build_planning_interfaces_egg
[1.171s] Invoked command in '/home/nano/final_project_ws/build/planning_interfaces' returned '0': CMAKE_PREFIX_PATH=${CMAKE_PREFIX_PATH}:/home/nano/final_project_ws/install/ros2_aruco:/home/nano/final_project_ws/install/realsense_cv:/home/nano/final_project_ws/install/planning:/home/nano/final_project_ws/install/actuation:/home/nano/tmdriver_ws/install/tm_mod_urdf:/home/nano/tmdriver_ws/install/tm_get_status:/opt/ros/humble /usr/bin/cmake --build /home/nano/final_project_ws/build/planning_interfaces -- -j6 -l6
[1.195s] Invoking command in '/home/nano/final_project_ws/build/planning_interfaces': CMAKE_PREFIX_PATH=${CMAKE_PREFIX_PATH}:/home/nano/final_project_ws/install/ros2_aruco:/home/nano/final_project_ws/install/realsense_cv:/home/nano/final_project_ws/install/planning:/home/nano/final_project_ws/install/actuation:/home/nano/tmdriver_ws/install/tm_mod_urdf:/home/nano/tmdriver_ws/install/tm_get_status:/opt/ros/humble /usr/bin/cmake --install /home/nano/final_project_ws/build/planning_interfaces
[1.214s] -- Install configuration: ""
[1.215s] -- Up-to-date: /home/nano/final_project_ws/install/planning_interfaces/share/ament_index/resource_index/rosidl_interfaces/planning_interfaces
[1.215s] -- Up-to-date: /home/nano/final_project_ws/install/planning_interfaces/include/planning_interfaces/planning_interfaces
[1.216s] -- Up-to-date: /home/nano/final_project_ws/install/planning_interfaces/include/planning_interfaces/planning_interfaces/msg
[1.216s] -- Up-to-date: /home/nano/final_project_ws/install/planning_interfaces/include/planning_interfaces/planning_interfaces/msg/rosidl_generator_c__visibility_control.h
[1.216s] -- Up-to-date: /home/nano/final_project_ws/install/planning_interfaces/include/planning_interfaces/planning_interfaces/srv
[1.216s] -- Up-to-date: /home/nano/final_project_ws/install/planning_interfaces/include/planning_interfaces/planning_interfaces/srv/detail
[1.217s] -- Up-to-date: /home/nano/final_project_ws/install/planning_interfaces/include/planning_interfaces/planning_interfaces/srv/detail/continuous_pick_place__struct.h
[1.217s] -- Up-to-date: /home/nano/final_project_ws/install/planning_interfaces/include/planning_interfaces/planning_interfaces/srv/detail/pick_place_service__functions.c
[1.218s] -- Up-to-date: /home/nano/final_project_ws/install/planning_interfaces/include/planning_interfaces/planning_interfaces/srv/detail/continuous_pick_place__type_support.h
[1.218s] -- Up-to-date: /home/nano/final_project_ws/install/planning_interfaces/include/planning_interfaces/planning_interfaces/srv/detail/pick_place_service__functions.h
[1.218s] -- Up-to-date: /home/nano/final_project_ws/install/planning_interfaces/include/planning_interfaces/planning_interfaces/srv/detail/pick_place_service__type_support.h
[1.218s] -- Up-to-date: /home/nano/final_project_ws/install/planning_interfaces/include/planning_interfaces/planning_interfaces/srv/detail/move_to_target__type_support.h
[1.219s] -- Up-to-date: /home/nano/final_project_ws/install/planning_interfaces/include/planning_interfaces/planning_interfaces/srv/detail/move_to_target__functions.h
[1.219s] -- Up-to-date: /home/nano/final_project_ws/install/planning_interfaces/include/planning_interfaces/planning_interfaces/srv/detail/continuous_pick_place__functions.h
[1.220s] -- Up-to-date: /home/nano/final_project_ws/install/planning_interfaces/include/planning_interfaces/planning_interfaces/srv/detail/continuous_pick_place__functions.c
[1.220s] -- Up-to-date: /home/nano/final_project_ws/install/planning_interfaces/include/planning_interfaces/planning_interfaces/srv/detail/pick_place_service__struct.h
[1.220s] -- Up-to-date: /home/nano/final_project_ws/install/planning_interfaces/include/planning_interfaces/planning_interfaces/srv/detail/move_to_target__struct.h
[1.221s] -- Up-to-date: /home/nano/final_project_ws/install/planning_interfaces/include/planning_interfaces/planning_interfaces/srv/detail/move_to_target__functions.c
[1.221s] -- Up-to-date: /home/nano/final_project_ws/install/planning_interfaces/include/planning_interfaces/planning_interfaces/srv/continuous_pick_place.h
[1.221s] -- Up-to-date: /home/nano/final_project_ws/install/planning_interfaces/include/planning_interfaces/planning_interfaces/srv/move_to_target.h
[1.222s] -- Up-to-date: /home/nano/final_project_ws/install/planning_interfaces/include/planning_interfaces/planning_interfaces/srv/pick_place_service.h
[1.222s] -- Up-to-date: /home/nano/final_project_ws/install/planning_interfaces/share/planning_interfaces/environment/library_path.sh
[1.222s] -- Up-to-date: /home/nano/final_project_ws/install/planning_interfaces/share/planning_interfaces/environment/library_path.dsv
[1.222s] -- Up-to-date: /home/nano/final_project_ws/install/planning_interfaces/lib/libplanning_interfaces__rosidl_generator_c.so
[1.223s] -- Up-to-date: /home/nano/final_project_ws/install/planning_interfaces/include/planning_interfaces/planning_interfaces
[1.223s] -- Up-to-date: /home/nano/final_project_ws/install/planning_interfaces/include/planning_interfaces/planning_interfaces/msg
[1.223s] -- Up-to-date: /home/nano/final_project_ws/install/planning_interfaces/include/planning_interfaces/planning_interfaces/msg/rosidl_typesupport_fastrtps_c__visibility_control.h
[1.224s] -- Up-to-date: /home/nano/final_project_ws/install/planning_interfaces/include/planning_interfaces/planning_interfaces/srv
[1.225s] -- Up-to-date: /home/nano/final_project_ws/install/planning_interfaces/include/planning_interfaces/planning_interfaces/srv/detail
[1.225s] -- Up-to-date: /home/nano/final_project_ws/install/planning_interfaces/include/planning_interfaces/planning_interfaces/srv/detail/continuous_pick_place__rosidl_typesupport_fastrtps_c.h
[1.225s] -- Up-to-date: /home/nano/final_project_ws/install/planning_interfaces/include/planning_interfaces/planning_interfaces/srv/detail/move_to_target__rosidl_typesupport_fastrtps_c.h
[1.225s] -- Up-to-date: /home/nano/final_project_ws/install/planning_interfaces/include/planning_interfaces/planning_interfaces/srv/detail/pick_place_service__rosidl_typesupport_fastrtps_c.h
[1.226s] -- Up-to-date: /home/nano/final_project_ws/install/planning_interfaces/lib/libplanning_interfaces__rosidl_typesupport_fastrtps_c.so
[1.226s] -- Up-to-date: /home/nano/final_project_ws/install/planning_interfaces/include/planning_interfaces/planning_interfaces
[1.226s] -- Up-to-date: /home/nano/final_project_ws/install/planning_interfaces/include/planning_interfaces/planning_interfaces/msg
[1.226s] -- Up-to-date: /home/nano/final_project_ws/install/planning_interfaces/include/planning_interfaces/planning_interfaces/msg/rosidl_typesupport_introspection_c__visibility_control.h
[1.227s] -- Up-to-date: /home/nano/final_project_ws/install/planning_interfaces/include/planning_interfaces/planning_interfaces/srv
[1.227s] -- Up-to-date: /home/nano/final_project_ws/install/planning_interfaces/include/planning_interfaces/planning_interfaces/srv/detail
[1.227s] -- Up-to-date: /home/nano/final_project_ws/install/planning_interfaces/include/planning_interfaces/planning_interfaces/srv/detail/move_to_target__type_support.c
[1.227s] -- Up-to-date: /home/nano/final_project_ws/install/planning_interfaces/include/planning_interfaces/planning_interfaces/srv/detail/pick_place_service__rosidl_typesupport_introspection_c.h
[1.228s] -- Up-to-date: /home/nano/final_project_ws/install/planning_interfaces/include/planning_interfaces/planning_interfaces/srv/detail/continuous_pick_place__type_support.c
[1.228s] -- Up-to-date: /home/nano/final_project_ws/install/planning_interfaces/include/planning_interfaces/planning_interfaces/srv/detail/continuous_pick_place__rosidl_typesupport_introspection_c.h
[1.228s] -- Up-to-date: /home/nano/final_project_ws/install/planning_interfaces/include/planning_interfaces/planning_interfaces/srv/detail/pick_place_service__type_support.c
[1.229s] -- Up-to-date: /home/nano/final_project_ws/install/planning_interfaces/include/planning_interfaces/planning_interfaces/srv/detail/move_to_target__rosidl_typesupport_introspection_c.h
[1.229s] -- Up-to-date: /home/nano/final_project_ws/install/planning_interfaces/lib/libplanning_interfaces__rosidl_typesupport_introspection_c.so
[1.229s] -- Up-to-date: /home/nano/final_project_ws/install/planning_interfaces/lib/libplanning_interfaces__rosidl_typesupport_c.so
[1.229s] -- Up-to-date: /home/nano/final_project_ws/install/planning_interfaces/include/planning_interfaces/planning_interfaces
[1.230s] -- Up-to-date: /home/nano/final_project_ws/install/planning_interfaces/include/planning_interfaces/planning_interfaces/msg
[1.230s] -- Up-to-date: /home/nano/final_project_ws/install/planning_interfaces/include/planning_interfaces/planning_interfaces/msg/rosidl_generator_cpp__visibility_control.hpp
[1.230s] -- Up-to-date: /home/nano/final_project_ws/install/planning_interfaces/include/planning_interfaces/planning_interfaces/srv
[1.230s] -- Up-to-date: /home/nano/final_project_ws/install/planning_interfaces/include/planning_interfaces/planning_interfaces/srv/pick_place_service.hpp
[1.230s] -- Up-to-date: /home/nano/final_project_ws/install/planning_interfaces/include/planning_interfaces/planning_interfaces/srv/continuous_pick_place.hpp
[1.231s] -- Up-to-date: /home/nano/final_project_ws/install/planning_interfaces/include/planning_interfaces/planning_interfaces/srv/detail
[1.231s] -- Up-to-date: /home/nano/final_project_ws/install/planning_interfaces/include/planning_interfaces/planning_interfaces/srv/detail/continuous_pick_place__traits.hpp
[1.231s] -- Up-to-date: /home/nano/final_project_ws/install/planning_interfaces/include/planning_interfaces/planning_interfaces/srv/detail/pick_place_service__traits.hpp
[1.231s] -- Up-to-date: /home/nano/final_project_ws/install/planning_interfaces/include/planning_interfaces/planning_interfaces/srv/detail/continuous_pick_place__struct.hpp
[1.231s] -- Up-to-date: /home/nano/final_project_ws/install/planning_interfaces/include/planning_interfaces/planning_interfaces/srv/detail/pick_place_service__struct.hpp
[1.232s] -- Up-to-date: /home/nano/final_project_ws/install/planning_interfaces/include/planning_interfaces/planning_interfaces/srv/detail/move_to_target__struct.hpp
[1.232s] -- Up-to-date: /home/nano/final_project_ws/install/planning_interfaces/include/planning_interfaces/planning_interfaces/srv/detail/pick_place_service__builder.hpp
[1.232s] -- Up-to-date: /home/nano/final_project_ws/install/planning_interfaces/include/planning_interfaces/planning_interfaces/srv/detail/move_to_target__builder.hpp
[1.232s] -- Up-to-date: /home/nano/final_project_ws/install/planning_interfaces/include/planning_interfaces/planning_interfaces/srv/detail/move_to_target__type_support.hpp
[1.233s] -- Up-to-date: /home/nano/final_project_ws/install/planning_interfaces/include/planning_interfaces/planning_interfaces/srv/detail/pick_place_service__type_support.hpp
[1.234s] -- Up-to-date: /home/nano/final_project_ws/install/planning_interfaces/include/planning_interfaces/planning_interfaces/srv/detail/continuous_pick_place__builder.hpp
[1.234s] -- Up-to-date: /home/nano/final_project_ws/install/planning_interfaces/include/planning_interfaces/planning_interfaces/srv/detail/move_to_target__traits.hpp
[1.234s] -- Up-to-date: /home/nano/final_project_ws/install/planning_interfaces/include/planning_interfaces/planning_interfaces/srv/detail/continuous_pick_place__type_support.hpp
[1.234s] -- Up-to-date: /home/nano/final_project_ws/install/planning_interfaces/include/planning_interfaces/planning_interfaces/srv/move_to_target.hpp
[1.235s] -- Up-to-date: /home/nano/final_project_ws/install/planning_interfaces/include/planning_interfaces/planning_interfaces
[1.235s] -- Up-to-date: /home/nano/final_project_ws/install/planning_interfaces/include/planning_interfaces/planning_interfaces/msg
[1.235s] -- Up-to-date: /home/nano/final_project_ws/install/planning_interfaces/include/planning_interfaces/planning_interfaces/msg/rosidl_typesupport_fastrtps_cpp__visibility_control.h
[1.235s] -- Up-to-date: /home/nano/final_project_ws/install/planning_interfaces/include/planning_interfaces/planning_interfaces/srv
[1.235s] -- Up-to-date: /home/nano/final_project_ws/install/planning_interfaces/include/planning_interfaces/planning_interfaces/srv/detail
[1.236s] -- Up-to-date: /home/nano/final_project_ws/install/planning_interfaces/include/planning_interfaces/planning_interfaces/srv/detail/continuous_pick_place__rosidl_typesupport_fastrtps_cpp.hpp
[1.236s] -- Up-to-date: /home/nano/final_project_ws/install/planning_interfaces/include/planning_interfaces/planning_interfaces/srv/detail/move_to_target__rosidl_typesupport_fastrtps_cpp.hpp
[1.236s] -- Up-to-date: /home/nano/final_project_ws/install/planning_interfaces/include/planning_interfaces/planning_interfaces/srv/detail/pick_place_service__rosidl_typesupport_fastrtps_cpp.hpp
[1.237s] -- Up-to-date: /home/nano/final_project_ws/install/planning_interfaces/include/planning_interfaces/planning_interfaces/srv/detail/dds_fastrtps
[1.237s] -- Up-to-date: /home/nano/final_project_ws/install/planning_interfaces/lib/libplanning_interfaces__rosidl_typesupport_fastrtps_cpp.so
[1.238s] -- Up-to-date: /home/nano/final_project_ws/install/planning_interfaces/include/planning_interfaces/planning_interfaces
[1.238s] -- Up-to-date: /home/nano/final_project_ws/install/planning_interfaces/include/planning_interfaces/planning_interfaces/srv
[1.239s] -- Up-to-date: /home/nano/final_project_ws/install/planning_interfaces/include/planning_interfaces/planning_interfaces/srv/detail
[1.239s] -- Up-to-date: /home/nano/final_project_ws/install/planning_interfaces/include/planning_interfaces/planning_interfaces/srv/detail/continuous_pick_place__rosidl_typesupport_introspection_cpp.hpp
[1.239s] -- Up-to-date: /home/nano/final_project_ws/install/planning_interfaces/include/planning_interfaces/planning_interfaces/srv/detail/move_to_target__type_support.cpp
[1.240s] -- Up-to-date: /home/nano/final_project_ws/install/planning_interfaces/include/planning_interfaces/planning_interfaces/srv/detail/pick_place_service__rosidl_typesupport_introspection_cpp.hpp
[1.240s] -- Up-to-date: /home/nano/final_project_ws/install/planning_interfaces/include/planning_interfaces/planning_interfaces/srv/detail/move_to_target__rosidl_typesupport_introspection_cpp.hpp
[1.240s] -- Up-to-date: /home/nano/final_project_ws/install/planning_interfaces/include/planning_interfaces/planning_interfaces/srv/detail/continuous_pick_place__type_support.cpp
[1.240s] -- Up-to-date: /home/nano/final_project_ws/install/planning_interfaces/include/planning_interfaces/planning_interfaces/srv/detail/pick_place_service__type_support.cpp
[1.241s] -- Up-to-date: /home/nano/final_project_ws/install/planning_interfaces/lib/libplanning_interfaces__rosidl_typesupport_introspection_cpp.so
[1.241s] -- Up-to-date: /home/nano/final_project_ws/install/planning_interfaces/lib/libplanning_interfaces__rosidl_typesupport_cpp.so
[1.241s] -- Up-to-date: /home/nano/final_project_ws/install/planning_interfaces/share/planning_interfaces/environment/pythonpath.sh
[1.241s] -- Up-to-date: /home/nano/final_project_ws/install/planning_interfaces/share/planning_interfaces/environment/pythonpath.dsv
[1.242s] -- Up-to-date: /home/nano/final_project_ws/install/planning_interfaces/local/lib/python3.10/dist-packages/planning_interfaces-0.0.0-py3.10.egg-info
[1.242s] -- Installing: /home/nano/final_project_ws/install/planning_interfaces/local/lib/python3.10/dist-packages/planning_interfaces-0.0.0-py3.10.egg-info/SOURCES.txt
[1.242s] -- Installing: /home/nano/final_project_ws/install/planning_interfaces/local/lib/python3.10/dist-packages/planning_interfaces-0.0.0-py3.10.egg-info/PKG-INFO
[1.242s] -- Installing: /home/nano/final_project_ws/install/planning_interfaces/local/lib/python3.10/dist-packages/planning_interfaces-0.0.0-py3.10.egg-info/dependency_links.txt
[1.242s] -- Installing: /home/nano/final_project_ws/install/planning_interfaces/local/lib/python3.10/dist-packages/planning_interfaces-0.0.0-py3.10.egg-info/top_level.txt
[1.243s] -- Up-to-date: /home/nano/final_project_ws/install/planning_interfaces/local/lib/python3.10/dist-packages/planning_interfaces
[1.243s] -- Up-to-date: /home/nano/final_project_ws/install/planning_interfaces/local/lib/python3.10/dist-packages/planning_interfaces/_planning_interfaces_s.ep.rosidl_typesupport_fastrtps_c.c
[1.243s] -- Up-to-date: /home/nano/final_project_ws/install/planning_interfaces/local/lib/python3.10/dist-packages/planning_interfaces/libplanning_interfaces__rosidl_generator_py.so
[1.243s] -- Up-to-date: /home/nano/final_project_ws/install/planning_interfaces/local/lib/python3.10/dist-packages/planning_interfaces/_planning_interfaces_s.ep.rosidl_typesupport_introspection_c.c
[1.243s] -- Up-to-date: /home/nano/final_project_ws/install/planning_interfaces/local/lib/python3.10/dist-packages/planning_interfaces/srv
[1.243s] -- Up-to-date: /home/nano/final_project_ws/install/planning_interfaces/local/lib/python3.10/dist-packages/planning_interfaces/srv/_move_to_target_s.c
[1.243s] -- Up-to-date: /home/nano/final_project_ws/install/planning_interfaces/local/lib/python3.10/dist-packages/planning_interfaces/srv/_pick_place_service.py
[1.243s] -- Up-to-date: /home/nano/final_project_ws/install/planning_interfaces/local/lib/python3.10/dist-packages/planning_interfaces/srv/_pick_place_service_s.c
[1.244s] -- Up-to-date: /home/nano/final_project_ws/install/planning_interfaces/local/lib/python3.10/dist-packages/planning_interfaces/srv/_move_to_target.py
[1.244s] -- Up-to-date: /home/nano/final_project_ws/install/planning_interfaces/local/lib/python3.10/dist-packages/planning_interfaces/srv/_continuous_pick_place.py
[1.244s] -- Up-to-date: /home/nano/final_project_ws/install/planning_interfaces/local/lib/python3.10/dist-packages/planning_interfaces/srv/_continuous_pick_place_s.c
[1.244s] -- Up-to-date: /home/nano/final_project_ws/install/planning_interfaces/local/lib/python3.10/dist-packages/planning_interfaces/srv/__init__.py
[1.244s] -- Up-to-date: /home/nano/final_project_ws/install/planning_interfaces/local/lib/python3.10/dist-packages/planning_interfaces/planning_interfaces_s__rosidl_typesupport_introspection_c.cpython-310-aarch64-linux-gnu.so
[1.244s] -- Up-to-date: /home/nano/final_project_ws/install/planning_interfaces/local/lib/python3.10/dist-packages/planning_interfaces/planning_interfaces_s__rosidl_typesupport_fastrtps_c.cpython-310-aarch64-linux-gnu.so
[1.245s] -- Up-to-date: /home/nano/final_project_ws/install/planning_interfaces/local/lib/python3.10/dist-packages/planning_interfaces/_planning_interfaces_s.ep.rosidl_typesupport_c.c
[1.245s] -- Up-to-date: /home/nano/final_project_ws/install/planning_interfaces/local/lib/python3.10/dist-packages/planning_interfaces/planning_interfaces_s__rosidl_typesupport_c.cpython-310-aarch64-linux-gnu.so
[1.245s] -- Up-to-date: /home/nano/final_project_ws/install/planning_interfaces/local/lib/python3.10/dist-packages/planning_interfaces/__init__.py
[1.314s] Listing '/home/nano/final_project_ws/install/planning_interfaces/local/lib/python3.10/dist-packages/planning_interfaces'...
[1.314s] Listing '/home/nano/final_project_ws/install/planning_interfaces/local/lib/python3.10/dist-packages/planning_interfaces/srv'...
[1.328s] -- Up-to-date: /home/nano/final_project_ws/install/planning_interfaces/local/lib/python3.10/dist-packages/planning_interfaces/planning_interfaces_s__rosidl_typesupport_fastrtps_c.cpython-310-aarch64-linux-gnu.so
[1.329s] -- Up-to-date: /home/nano/final_project_ws/install/planning_interfaces/local/lib/python3.10/dist-packages/planning_interfaces/planning_interfaces_s__rosidl_typesupport_introspection_c.cpython-310-aarch64-linux-gnu.so
[1.332s] -- Up-to-date: /home/nano/final_project_ws/install/planning_interfaces/local/lib/python3.10/dist-packages/planning_interfaces/planning_interfaces_s__rosidl_typesupport_c.cpython-310-aarch64-linux-gnu.so
[1.333s] -- Up-to-date: /home/nano/final_project_ws/install/planning_interfaces/lib/libplanning_interfaces__rosidl_generator_py.so
[1.333s] -- Up-to-date: /home/nano/final_project_ws/install/planning_interfaces/share/planning_interfaces/srv/PickPlaceService.idl
[1.334s] -- Up-to-date: /home/nano/final_project_ws/install/planning_interfaces/share/planning_interfaces/srv/MoveToTarget.idl
[1.334s] -- Up-to-date: /home/nano/final_project_ws/install/planning_interfaces/share/planning_interfaces/srv/ContinuousPickPlace.idl
[1.335s] -- Up-to-date: /home/nano/final_project_ws/install/planning_interfaces/share/planning_interfaces/srv/PickPlaceService.srv
[1.336s] -- Up-to-date: /home/nano/final_project_ws/install/planning_interfaces/share/planning_interfaces/srv/PickPlaceService_Request.msg
[1.336s] -- Up-to-date: /home/nano/final_project_ws/install/planning_interfaces/share/planning_interfaces/srv/PickPlaceService_Response.msg
[1.337s] -- Up-to-date: /home/nano/final_project_ws/install/planning_interfaces/share/planning_interfaces/srv/MoveToTarget.srv
[1.337s] -- Up-to-date: /home/nano/final_project_ws/install/planning_interfaces/share/planning_interfaces/srv/MoveToTarget_Request.msg
[1.337s] -- Up-to-date: /home/nano/final_project_ws/install/planning_interfaces/share/planning_interfaces/srv/MoveToTarget_Response.msg
[1.337s] -- Up-to-date: /home/nano/final_project_ws/install/planning_interfaces/share/planning_interfaces/srv/ContinuousPickPlace.srv
[1.338s] -- Up-to-date: /home/nano/final_project_ws/install/planning_interfaces/share/planning_interfaces/srv/ContinuousPickPlace_Request.msg
[1.338s] -- Up-to-date: /home/nano/final_project_ws/install/planning_interfaces/share/planning_interfaces/srv/ContinuousPickPlace_Response.msg
[1.338s] -- Up-to-date: /home/nano/final_project_ws/install/planning_interfaces/share/ament_index/resource_index/package_run_dependencies/planning_interfaces
[1.338s] -- Up-to-date: /home/nano/final_project_ws/install/planning_interfaces/share/ament_index/resource_index/parent_prefix_path/planning_interfaces
[1.338s] -- Up-to-date: /home/nano/final_project_ws/install/planning_interfaces/share/planning_interfaces/environment/ament_prefix_path.sh
[1.338s] -- Up-to-date: /home/nano/final_project_ws/install/planning_interfaces/share/planning_interfaces/environment/ament_prefix_path.dsv
[1.339s] -- Up-to-date: /home/nano/final_project_ws/install/planning_interfaces/share/planning_interfaces/environment/path.sh
[1.339s] -- Up-to-date: /home/nano/final_project_ws/install/planning_interfaces/share/planning_interfaces/environment/path.dsv
[1.339s] -- Up-to-date: /home/nano/final_project_ws/install/planning_interfaces/share/planning_interfaces/local_setup.bash
[1.339s] -- Up-to-date: /home/nano/final_project_ws/install/planning_interfaces/share/planning_interfaces/local_setup.sh
[1.339s] -- Up-to-date: /home/nano/final_project_ws/install/planning_interfaces/share/planning_interfaces/local_setup.zsh
[1.339s] -- Up-to-date: /home/nano/final_project_ws/install/planning_interfaces/share/planning_interfaces/local_setup.dsv
[1.339s] -- Installing: /home/nano/final_project_ws/install/planning_interfaces/share/planning_interfaces/package.dsv
[1.340s] -- Up-to-date: /home/nano/final_project_ws/install/planning_interfaces/share/ament_index/resource_index/packages/planning_interfaces
[1.340s] -- Up-to-date: /home/nano/final_project_ws/install/planning_interfaces/share/planning_interfaces/cmake/export_planning_interfaces__rosidl_generator_cExport.cmake
[1.340s] -- Up-to-date: /home/nano/final_project_ws/install/planning_interfaces/share/planning_interfaces/cmake/export_planning_interfaces__rosidl_generator_cExport-noconfig.cmake
[1.340s] -- Up-to-date: /home/nano/final_project_ws/install/planning_interfaces/share/planning_interfaces/cmake/export_planning_interfaces__rosidl_typesupport_fastrtps_cExport.cmake
[1.340s] -- Up-to-date: /home/nano/final_project_ws/install/planning_interfaces/share/planning_interfaces/cmake/export_planning_interfaces__rosidl_typesupport_fastrtps_cExport-noconfig.cmake
[1.340s] -- Up-to-date: /home/nano/final_project_ws/install/planning_interfaces/share/planning_interfaces/cmake/planning_interfaces__rosidl_typesupport_introspection_cExport.cmake
[1.340s] -- Up-to-date: /home/nano/final_project_ws/install/planning_interfaces/share/planning_interfaces/cmake/planning_interfaces__rosidl_typesupport_introspection_cExport-noconfig.cmake
[1.341s] -- Up-to-date: /home/nano/final_project_ws/install/planning_interfaces/share/planning_interfaces/cmake/planning_interfaces__rosidl_typesupport_cExport.cmake
[1.341s] -- Up-to-date: /home/nano/final_project_ws/install/planning_interfaces/share/planning_interfaces/cmake/planning_interfaces__rosidl_typesupport_cExport-noconfig.cmake
[1.342s] -- Up-to-date: /home/nano/final_project_ws/install/planning_interfaces/share/planning_interfaces/cmake/export_planning_interfaces__rosidl_generator_cppExport.cmake
[1.343s] -- Up-to-date: /home/nano/final_project_ws/install/planning_interfaces/share/planning_interfaces/cmake/export_planning_interfaces__rosidl_typesupport_fastrtps_cppExport.cmake
[1.343s] -- Up-to-date: /home/nano/final_project_ws/install/planning_interfaces/share/planning_interfaces/cmake/export_planning_interfaces__rosidl_typesupport_fastrtps_cppExport-noconfig.cmake
[1.344s] -- Up-to-date: /home/nano/final_project_ws/install/planning_interfaces/share/planning_interfaces/cmake/planning_interfaces__rosidl_typesupport_introspection_cppExport.cmake
[1.344s] -- Up-to-date: /home/nano/final_project_ws/install/planning_interfaces/share/planning_interfaces/cmake/planning_interfaces__rosidl_typesupport_introspection_cppExport-noconfig.cmake
[1.345s] -- Up-to-date: /home/nano/final_project_ws/install/planning_interfaces/share/planning_interfaces/cmake/planning_interfaces__rosidl_typesupport_cppExport.cmake
[1.345s] -- Up-to-date: /home/nano/final_project_ws/install/planning_interfaces/share/planning_interfaces/cmake/planning_interfaces__rosidl_typesupport_cppExport-noconfig.cmake
[1.347s] -- Up-to-date: /home/nano/final_project_ws/install/planning_interfaces/share/planning_interfaces/cmake/export_planning_interfaces__rosidl_generator_pyExport.cmake
[1.347s] -- Up-to-date: /home/nano/final_project_ws/install/planning_interfaces/share/planning_interfaces/cmake/export_planning_interfaces__rosidl_generator_pyExport-noconfig.cmake
[1.347s] -- Up-to-date: /home/nano/final_project_ws/install/planning_interfaces/share/planning_interfaces/cmake/rosidl_cmake-extras.cmake
[1.347s] -- Up-to-date: /home/nano/final_project_ws/install/planning_interfaces/share/planning_interfaces/cmake/ament_cmake_export_dependencies-extras.cmake
[1.348s] -- Up-to-date: /home/nano/final_project_ws/install/planning_interfaces/share/planning_interfaces/cmake/ament_cmake_export_include_directories-extras.cmake
[1.348s] -- Up-to-date: /home/nano/final_project_ws/install/planning_interfaces/share/planning_interfaces/cmake/ament_cmake_export_libraries-extras.cmake
[1.348s] -- Up-to-date: /home/nano/final_project_ws/install/planning_interfaces/share/planning_interfaces/cmake/ament_cmake_export_targets-extras.cmake
[1.348s] -- Up-to-date: /home/nano/final_project_ws/install/planning_interfaces/share/planning_interfaces/cmake/rosidl_cmake_export_typesupport_targets-extras.cmake
[1.348s] -- Up-to-date: /home/nano/final_project_ws/install/planning_interfaces/share/planning_interfaces/cmake/rosidl_cmake_export_typesupport_libraries-extras.cmake
[1.348s] -- Up-to-date: /home/nano/final_project_ws/install/planning_interfaces/share/planning_interfaces/cmake/planning_interfacesConfig.cmake
[1.348s] -- Up-to-date: /home/nano/final_project_ws/install/planning_interfaces/share/planning_interfaces/cmake/planning_interfacesConfig-version.cmake
[1.348s] -- Up-to-date: /home/nano/final_project_ws/install/planning_interfaces/share/planning_interfaces/package.xml
[1.353s] Invoked command in '/home/nano/final_project_ws/build/planning_interfaces' returned '0': CMAKE_PREFIX_PATH=${CMAKE_PREFIX_PATH}:/home/nano/final_project_ws/install/ros2_aruco:/home/nano/final_project_ws/install/realsense_cv:/home/nano/final_project_ws/install/planning:/home/nano/final_project_ws/install/actuation:/home/nano/tmdriver_ws/install/tm_mod_urdf:/home/nano/tmdriver_ws/install/tm_get_status:/opt/ros/humble /usr/bin/cmake --install /home/nano/final_project_ws/build/planning_interfaces
