[1.966s] Invoking command in '/home/nano/final_project_ws/src/planning': CMAKE_PREFIX_PATH=/home/nano/final_project_ws/install/planning_interfaces:/home/nano/final_project_ws/install/ros2_aruco_interfaces:/home/nano/tmdriver_ws/install/ui_for_debug_and_demo:/home/nano/tmdriver_ws/install/tm_driver:/home/nano/tmdriver_ws/install/demo:/home/nano/tmdriver_ws/install/tm_msgs:/home/nano/tmdriver_ws/install/tm5x-900_moveit_config:/home/nano/tmdriver_ws/install/tm5x-700_moveit_config:/home/nano/tmdriver_ws/install/tm5-900_moveit_config:/home/nano/tmdriver_ws/install/tm5-700_moveit_config:/home/nano/tmdriver_ws/install/tm20_moveit_config:/home/nano/tmdriver_ws/install/tm16_moveit_config:/home/nano/tmdriver_ws/install/tm14x_moveit_config:/home/nano/tmdriver_ws/install/tm14_moveit_config:/home/nano/tmdriver_ws/install/tm12x_moveit_config:/home/nano/tmdriver_ws/install/tm12_moveit_config:/home/nano/tmdriver_ws/install/tm_description:/home/nano/tmdriver_ws/install/custom_package:/home/nano/tmdriver_ws/install/techman_robot_msgs LD_LIBRARY_PATH=/home/nano/final_project_ws/install/planning_interfaces/lib:/home/nano/final_project_ws/install/ros2_aruco_interfaces/lib:/home/nano/tmdriver_ws/install/tm_msgs/lib:/home/nano/tmdriver_ws/install/techman_robot_msgs/lib:/opt/ros/humble/opt/rviz_ogre_vendor/lib:/opt/ros/humble/lib/aarch64-linux-gnu:/opt/ros/humble/lib PYTHONPATH=/home/nano/final_project_ws/build/planning/prefix_override:/usr/lib/python3/dist-packages/colcon_core/task/python/colcon_distutils_commands:/home/nano/final_project_ws/install/planning/lib/python3.10/site-packages:${PYTHONPATH} /usr/bin/python3 -W ignore:setup.py install is deprecated -W ignore:easy_install command is deprecated setup.py egg_info --egg-base ../../build/planning build --build-base /home/nano/final_project_ws/build/planning/build install --record /home/nano/final_project_ws/build/planning/install.log --single-version-externally-managed install_data
[2.617s] running egg_info
[2.655s] writing ../../build/planning/planning.egg-info/PKG-INFO
[2.657s] writing dependency_links to ../../build/planning/planning.egg-info/dependency_links.txt
[2.657s] writing entry points to ../../build/planning/planning.egg-info/entry_points.txt
[2.658s] writing requirements to ../../build/planning/planning.egg-info/requires.txt
[2.658s] writing top-level names to ../../build/planning/planning.egg-info/top_level.txt
[2.738s] reading manifest file '../../build/planning/planning.egg-info/SOURCES.txt'
[2.738s] adding license file 'LICENSE'
[2.740s] writing manifest file '../../build/planning/planning.egg-info/SOURCES.txt'
[2.741s] running build
[2.741s] running build_py
[2.741s] copying planning/simple_move.py -> /home/nano/final_project_ws/build/planning/build/lib/planning
[2.742s] copying planning/ik.py -> /home/nano/final_project_ws/build/planning/build/lib/planning
[2.743s] copying planning/pick_and_place.py -> /home/nano/final_project_ws/build/planning/build/lib/planning
[2.743s] copying planning/__init__.py -> /home/nano/final_project_ws/build/planning/build/lib/planning
[2.744s] running install
[2.753s] running install_lib
[2.793s] copying /home/nano/final_project_ws/build/planning/build/lib/planning/pick_and_place.py -> /home/nano/final_project_ws/install/planning/lib/python3.10/site-packages/planning
[2.794s] byte-compiling /home/nano/final_project_ws/install/planning/lib/python3.10/site-packages/planning/pick_and_place.py to pick_and_place.cpython-310.pyc
[2.798s] running install_data
[2.799s] copying resource/planning -> /home/nano/final_project_ws/install/planning/share/ament_index/resource_index/packages
[2.799s] copying package.xml -> /home/nano/final_project_ws/install/planning/share/planning
[2.800s] copying launch/pick_planner.launch.py -> /home/nano/final_project_ws/install/planning/share/planning/launch
[2.800s] running install_egg_info
[2.842s] removing '/home/nano/final_project_ws/install/planning/lib/python3.10/site-packages/planning-0.0.0-py3.10.egg-info' (and everything under it)
[2.843s] Copying ../../build/planning/planning.egg-info to /home/nano/final_project_ws/install/planning/lib/python3.10/site-packages/planning-0.0.0-py3.10.egg-info
[2.845s] running install_scripts
[2.926s] Installing ik script to /home/nano/final_project_ws/install/planning/lib/planning
[2.928s] Installing pick_and_place script to /home/nano/final_project_ws/install/planning/lib/planning
[2.928s] Installing simple_move script to /home/nano/final_project_ws/install/planning/lib/planning
[2.929s] writing list of installed files to '/home/nano/final_project_ws/build/planning/install.log'
[3.007s] Invoked command in '/home/nano/final_project_ws/src/planning' returned '0': CMAKE_PREFIX_PATH=/home/nano/final_project_ws/install/planning_interfaces:/home/nano/final_project_ws/install/ros2_aruco_interfaces:/home/nano/tmdriver_ws/install/ui_for_debug_and_demo:/home/nano/tmdriver_ws/install/tm_driver:/home/nano/tmdriver_ws/install/demo:/home/nano/tmdriver_ws/install/tm_msgs:/home/nano/tmdriver_ws/install/tm5x-900_moveit_config:/home/nano/tmdriver_ws/install/tm5x-700_moveit_config:/home/nano/tmdriver_ws/install/tm5-900_moveit_config:/home/nano/tmdriver_ws/install/tm5-700_moveit_config:/home/nano/tmdriver_ws/install/tm20_moveit_config:/home/nano/tmdriver_ws/install/tm16_moveit_config:/home/nano/tmdriver_ws/install/tm14x_moveit_config:/home/nano/tmdriver_ws/install/tm14_moveit_config:/home/nano/tmdriver_ws/install/tm12x_moveit_config:/home/nano/tmdriver_ws/install/tm12_moveit_config:/home/nano/tmdriver_ws/install/tm_description:/home/nano/tmdriver_ws/install/custom_package:/home/nano/tmdriver_ws/install/techman_robot_msgs LD_LIBRARY_PATH=/home/nano/final_project_ws/install/planning_interfaces/lib:/home/nano/final_project_ws/install/ros2_aruco_interfaces/lib:/home/nano/tmdriver_ws/install/tm_msgs/lib:/home/nano/tmdriver_ws/install/techman_robot_msgs/lib:/opt/ros/humble/opt/rviz_ogre_vendor/lib:/opt/ros/humble/lib/aarch64-linux-gnu:/opt/ros/humble/lib PYTHONPATH=/home/nano/final_project_ws/build/planning/prefix_override:/usr/lib/python3/dist-packages/colcon_core/task/python/colcon_distutils_commands:/home/nano/final_project_ws/install/planning/lib/python3.10/site-packages:${PYTHONPATH} /usr/bin/python3 -W ignore:setup.py install is deprecated -W ignore:easy_install command is deprecated setup.py egg_info --egg-base ../../build/planning build --build-base /home/nano/final_project_ws/build/planning/build install --record /home/nano/final_project_ws/build/planning/install.log --single-version-externally-managed install_data
