running egg_info
creating ../../../build/realsense_cv/realsense_cv.egg-info
writing ../../../build/realsense_cv/realsense_cv.egg-info/PKG-INFO
writing dependency_links to ../../../build/realsense_cv/realsense_cv.egg-info/dependency_links.txt
writing entry points to ../../../build/realsense_cv/realsense_cv.egg-info/entry_points.txt
writing requirements to ../../../build/realsense_cv/realsense_cv.egg-info/requires.txt
writing top-level names to ../../../build/realsense_cv/realsense_cv.egg-info/top_level.txt
writing manifest file '../../../build/realsense_cv/realsense_cv.egg-info/SOURCES.txt'
reading manifest file '../../../build/realsense_cv/realsense_cv.egg-info/SOURCES.txt'
writing manifest file '../../../build/realsense_cv/realsense_cv.egg-info/SOURCES.txt'
running build
running build_py
creating /home/nano/final_project_ws/build/realsense_cv/build
creating /home/nano/final_project_ws/build/realsense_cv/build/lib
creating /home/nano/final_project_ws/build/realsense_cv/build/lib/realsense_cv
copying realsense_cv/edge_detect.py -> /home/nano/final_project_ws/build/realsense_cv/build/lib/realsense_cv
copying realsense_cv/hsv_tune.py -> /home/nano/final_project_ws/build/realsense_cv/build/lib/realsense_cv
copying realsense_cv/__init__.py -> /home/nano/final_project_ws/build/realsense_cv/build/lib/realsense_cv
copying realsense_cv/marker_detect.py -> /home/nano/final_project_ws/build/realsense_cv/build/lib/realsense_cv
running install
running install_lib
creating /home/nano/final_project_ws/install/realsense_cv/lib/python3.10/site-packages/realsense_cv
copying /home/nano/final_project_ws/build/realsense_cv/build/lib/realsense_cv/edge_detect.py -> /home/nano/final_project_ws/install/realsense_cv/lib/python3.10/site-packages/realsense_cv
copying /home/nano/final_project_ws/build/realsense_cv/build/lib/realsense_cv/hsv_tune.py -> /home/nano/final_project_ws/install/realsense_cv/lib/python3.10/site-packages/realsense_cv
copying /home/nano/final_project_ws/build/realsense_cv/build/lib/realsense_cv/__init__.py -> /home/nano/final_project_ws/install/realsense_cv/lib/python3.10/site-packages/realsense_cv
copying /home/nano/final_project_ws/build/realsense_cv/build/lib/realsense_cv/marker_detect.py -> /home/nano/final_project_ws/install/realsense_cv/lib/python3.10/site-packages/realsense_cv
byte-compiling /home/nano/final_project_ws/install/realsense_cv/lib/python3.10/site-packages/realsense_cv/edge_detect.py to edge_detect.cpython-310.pyc
byte-compiling /home/nano/final_project_ws/install/realsense_cv/lib/python3.10/site-packages/realsense_cv/hsv_tune.py to hsv_tune.cpython-310.pyc
byte-compiling /home/nano/final_project_ws/install/realsense_cv/lib/python3.10/site-packages/realsense_cv/__init__.py to __init__.cpython-310.pyc
byte-compiling /home/nano/final_project_ws/install/realsense_cv/lib/python3.10/site-packages/realsense_cv/marker_detect.py to marker_detect.cpython-310.pyc
running install_data
creating /home/nano/final_project_ws/install/realsense_cv/share/ament_index
creating /home/nano/final_project_ws/install/realsense_cv/share/ament_index/resource_index
creating /home/nano/final_project_ws/install/realsense_cv/share/ament_index/resource_index/packages
copying resource/realsense_cv -> /home/nano/final_project_ws/install/realsense_cv/share/ament_index/resource_index/packages
copying package.xml -> /home/nano/final_project_ws/install/realsense_cv/share/realsense_cv
running install_egg_info
Copying ../../../build/realsense_cv/realsense_cv.egg-info to /home/nano/final_project_ws/install/realsense_cv/lib/python3.10/site-packages/realsense_cv-0.0.0-py3.10.egg-info
running install_scripts
Installing edge_node script to /home/nano/final_project_ws/install/realsense_cv/lib/realsense_cv
Installing hsv_tuning script to /home/nano/final_project_ws/install/realsense_cv/lib/realsense_cv
Installing marker_node script to /home/nano/final_project_ws/install/realsense_cv/lib/realsense_cv
writing list of installed files to '/home/nano/final_project_ws/build/realsense_cv/install.log'
