[1.705s] Invoking command in '/home/nano/final_project_ws/src/perception/realsense_cv': PYTHONPATH=/home/nano/final_project_ws/build/realsense_cv/prefix_override:/usr/lib/python3/dist-packages/colcon_core/task/python/colcon_distutils_commands:/home/nano/final_project_ws/install/realsense_cv/lib/python3.10/site-packages:${PYTHONPATH} /usr/bin/python3 -W ignore:setup.py install is deprecated -W ignore:easy_install command is deprecated setup.py egg_info --egg-base ../../../build/realsense_cv build --build-base /home/nano/final_project_ws/build/realsense_cv/build install --record /home/nano/final_project_ws/build/realsense_cv/install.log --single-version-externally-managed install_data
[2.182s] running egg_info
[2.183s] creating ../../../build/realsense_cv/realsense_cv.egg-info
[2.184s] writing ../../../build/realsense_cv/realsense_cv.egg-info/PKG-INFO
[2.184s] writing dependency_links to ../../../build/realsense_cv/realsense_cv.egg-info/dependency_links.txt
[2.184s] writing entry points to ../../../build/realsense_cv/realsense_cv.egg-info/entry_points.txt
[2.185s] writing requirements to ../../../build/realsense_cv/realsense_cv.egg-info/requires.txt
[2.185s] writing top-level names to ../../../build/realsense_cv/realsense_cv.egg-info/top_level.txt
[2.185s] writing manifest file '../../../build/realsense_cv/realsense_cv.egg-info/SOURCES.txt'
[2.189s] reading manifest file '../../../build/realsense_cv/realsense_cv.egg-info/SOURCES.txt'
[2.190s] writing manifest file '../../../build/realsense_cv/realsense_cv.egg-info/SOURCES.txt'
[2.190s] running build
[2.190s] running build_py
[2.190s] creating /home/nano/final_project_ws/build/realsense_cv/build
[2.190s] creating /home/nano/final_project_ws/build/realsense_cv/build/lib
[2.191s] creating /home/nano/final_project_ws/build/realsense_cv/build/lib/realsense_cv
[2.191s] copying realsense_cv/edge_detect.py -> /home/nano/final_project_ws/build/realsense_cv/build/lib/realsense_cv
[2.192s] copying realsense_cv/hsv_tune.py -> /home/nano/final_project_ws/build/realsense_cv/build/lib/realsense_cv
[2.193s] copying realsense_cv/__init__.py -> /home/nano/final_project_ws/build/realsense_cv/build/lib/realsense_cv
[2.193s] copying realsense_cv/marker_detect.py -> /home/nano/final_project_ws/build/realsense_cv/build/lib/realsense_cv
[2.194s] running install
[2.194s] running install_lib
[2.198s] creating /home/nano/final_project_ws/install/realsense_cv/lib/python3.10/site-packages/realsense_cv
[2.199s] copying /home/nano/final_project_ws/build/realsense_cv/build/lib/realsense_cv/edge_detect.py -> /home/nano/final_project_ws/install/realsense_cv/lib/python3.10/site-packages/realsense_cv
[2.199s] copying /home/nano/final_project_ws/build/realsense_cv/build/lib/realsense_cv/hsv_tune.py -> /home/nano/final_project_ws/install/realsense_cv/lib/python3.10/site-packages/realsense_cv
[2.199s] copying /home/nano/final_project_ws/build/realsense_cv/build/lib/realsense_cv/__init__.py -> /home/nano/final_project_ws/install/realsense_cv/lib/python3.10/site-packages/realsense_cv
[2.199s] copying /home/nano/final_project_ws/build/realsense_cv/build/lib/realsense_cv/marker_detect.py -> /home/nano/final_project_ws/install/realsense_cv/lib/python3.10/site-packages/realsense_cv
[2.200s] byte-compiling /home/nano/final_project_ws/install/realsense_cv/lib/python3.10/site-packages/realsense_cv/edge_detect.py to edge_detect.cpython-310.pyc
[2.202s] byte-compiling /home/nano/final_project_ws/install/realsense_cv/lib/python3.10/site-packages/realsense_cv/hsv_tune.py to hsv_tune.cpython-310.pyc
[2.204s] byte-compiling /home/nano/final_project_ws/install/realsense_cv/lib/python3.10/site-packages/realsense_cv/__init__.py to __init__.cpython-310.pyc
[2.204s] byte-compiling /home/nano/final_project_ws/install/realsense_cv/lib/python3.10/site-packages/realsense_cv/marker_detect.py to marker_detect.cpython-310.pyc
[2.206s] running install_data
[2.206s] creating /home/nano/final_project_ws/install/realsense_cv/share/ament_index
[2.207s] creating /home/nano/final_project_ws/install/realsense_cv/share/ament_index/resource_index
[2.207s] creating /home/nano/final_project_ws/install/realsense_cv/share/ament_index/resource_index/packages
[2.207s] copying resource/realsense_cv -> /home/nano/final_project_ws/install/realsense_cv/share/ament_index/resource_index/packages
[2.207s] copying package.xml -> /home/nano/final_project_ws/install/realsense_cv/share/realsense_cv
[2.207s] running install_egg_info
[2.211s] Copying ../../../build/realsense_cv/realsense_cv.egg-info to /home/nano/final_project_ws/install/realsense_cv/lib/python3.10/site-packages/realsense_cv-0.0.0-py3.10.egg-info
[2.213s] running install_scripts
[2.253s] Installing edge_node script to /home/nano/final_project_ws/install/realsense_cv/lib/realsense_cv
[2.253s] Installing hsv_tuning script to /home/nano/final_project_ws/install/realsense_cv/lib/realsense_cv
[2.253s] Installing marker_node script to /home/nano/final_project_ws/install/realsense_cv/lib/realsense_cv
[2.254s] writing list of installed files to '/home/nano/final_project_ws/build/realsense_cv/install.log'
[2.320s] Invoked command in '/home/nano/final_project_ws/src/perception/realsense_cv' returned '0': PYTHONPATH=/home/nano/final_project_ws/build/realsense_cv/prefix_override:/usr/lib/python3/dist-packages/colcon_core/task/python/colcon_distutils_commands:/home/nano/final_project_ws/install/realsense_cv/lib/python3.10/site-packages:${PYTHONPATH} /usr/bin/python3 -W ignore:setup.py install is deprecated -W ignore:easy_install command is deprecated setup.py egg_info --egg-base ../../../build/realsense_cv build --build-base /home/nano/final_project_ws/build/realsense_cv/build install --record /home/nano/final_project_ws/build/realsense_cv/install.log --single-version-externally-managed install_data
