[1.985s] Invoking command in '/home/nano/final_project_ws/src/perception/realsense_cv': PYTHONPATH=/home/nano/final_project_ws/build/realsense_cv/prefix_override:/usr/lib/python3/dist-packages/colcon_core/task/python/colcon_distutils_commands:/home/nano/final_project_ws/install/realsense_cv/lib/python3.10/site-packages:${PYTHONPATH} /usr/bin/python3 -W ignore:setup.py install is deprecated -W ignore:easy_install command is deprecated setup.py egg_info --egg-base ../../../build/realsense_cv build --build-base /home/nano/final_project_ws/build/realsense_cv/build install --record /home/nano/final_project_ws/build/realsense_cv/install.log --single-version-externally-managed install_data
[2.561s] running egg_info
[2.597s] writing ../../../build/realsense_cv/realsense_cv.egg-info/PKG-INFO
[2.598s] writing dependency_links to ../../../build/realsense_cv/realsense_cv.egg-info/dependency_links.txt
[2.598s] writing entry points to ../../../build/realsense_cv/realsense_cv.egg-info/entry_points.txt
[2.599s] writing requirements to ../../../build/realsense_cv/realsense_cv.egg-info/requires.txt
[2.599s] writing top-level names to ../../../build/realsense_cv/realsense_cv.egg-info/top_level.txt
[2.682s] reading manifest file '../../../build/realsense_cv/realsense_cv.egg-info/SOURCES.txt'
[2.684s] writing manifest file '../../../build/realsense_cv/realsense_cv.egg-info/SOURCES.txt'
[2.685s] running build
[2.685s] running build_py
[2.685s] copying realsense_cv/edge_detect.py -> /home/nano/final_project_ws/build/realsense_cv/build/lib/realsense_cv
[2.686s] copying realsense_cv/slide_detector.py -> /home/nano/final_project_ws/build/realsense_cv/build/lib/realsense_cv
[2.686s] copying realsense_cv/hsv_tune.py -> /home/nano/final_project_ws/build/realsense_cv/build/lib/realsense_cv
[2.687s] copying realsense_cv/model_download.py -> /home/nano/final_project_ws/build/realsense_cv/build/lib/realsense_cv
[2.687s] copying realsense_cv/yolo_detect.py -> /home/nano/final_project_ws/build/realsense_cv/build/lib/realsense_cv
[2.687s] copying realsense_cv/__init__.py -> /home/nano/final_project_ws/build/realsense_cv/build/lib/realsense_cv
[2.688s] copying realsense_cv/marker_detect.py -> /home/nano/final_project_ws/build/realsense_cv/build/lib/realsense_cv
[2.688s] copying realsense_cv/hsv_tune_v1.py -> /home/nano/final_project_ws/build/realsense_cv/build/lib/realsense_cv
[2.689s] running install
[2.697s] running install_lib
[2.741s] running install_data
[2.741s] copying resource/realsense_cv -> /home/nano/final_project_ws/install/realsense_cv/share/ament_index/resource_index/packages
[2.742s] copying package.xml -> /home/nano/final_project_ws/install/realsense_cv/share/realsense_cv
[2.742s] running install_egg_info
[2.781s] removing '/home/nano/final_project_ws/install/realsense_cv/lib/python3.10/site-packages/realsense_cv-0.0.0-py3.10.egg-info' (and everything under it)
[2.782s] Copying ../../../build/realsense_cv/realsense_cv.egg-info to /home/nano/final_project_ws/install/realsense_cv/lib/python3.10/site-packages/realsense_cv-0.0.0-py3.10.egg-info
[2.784s] running install_scripts
[2.868s] Installing edge_node script to /home/nano/final_project_ws/install/realsense_cv/lib/realsense_cv
[2.868s] Installing hsv_tuning script to /home/nano/final_project_ws/install/realsense_cv/lib/realsense_cv
[2.868s] Installing marker_node script to /home/nano/final_project_ws/install/realsense_cv/lib/realsense_cv
[2.869s] Installing slide_detector script to /home/nano/final_project_ws/install/realsense_cv/lib/realsense_cv
[2.869s] Installing yolo_node script to /home/nano/final_project_ws/install/realsense_cv/lib/realsense_cv
[2.871s] writing list of installed files to '/home/nano/final_project_ws/build/realsense_cv/install.log'
[2.950s] Invoked command in '/home/nano/final_project_ws/src/perception/realsense_cv' returned '0': PYTHONPATH=/home/nano/final_project_ws/build/realsense_cv/prefix_override:/usr/lib/python3/dist-packages/colcon_core/task/python/colcon_distutils_commands:/home/nano/final_project_ws/install/realsense_cv/lib/python3.10/site-packages:${PYTHONPATH} /usr/bin/python3 -W ignore:setup.py install is deprecated -W ignore:easy_install command is deprecated setup.py egg_info --egg-base ../../../build/realsense_cv build --build-base /home/nano/final_project_ws/build/realsense_cv/build install --record /home/nano/final_project_ws/build/realsense_cv/install.log --single-version-externally-managed install_data
