[1.687s] Invoking command in '/home/nano/final_project_ws/src/planning': PYTHONPATH=/home/nano/final_project_ws/build/planning/prefix_override:/usr/lib/python3/dist-packages/colcon_core/task/python/colcon_distutils_commands:/home/nano/final_project_ws/install/planning/lib/python3.10/site-packages:${PYTHONPATH} /usr/bin/python3 -W ignore:setup.py install is deprecated -W ignore:easy_install command is deprecated setup.py egg_info --egg-base ../../build/planning build --build-base /home/nano/final_project_ws/build/planning/build install --record /home/nano/final_project_ws/build/planning/install.log --single-version-externally-managed install_data
[2.164s] running egg_info
[2.166s] writing ../../build/planning/planning.egg-info/PKG-INFO
[2.166s] writing dependency_links to ../../build/planning/planning.egg-info/dependency_links.txt
[2.167s] writing entry points to ../../build/planning/planning.egg-info/entry_points.txt
[2.167s] writing requirements to ../../build/planning/planning.egg-info/requires.txt
[2.167s] writing top-level names to ../../build/planning/planning.egg-info/top_level.txt
[2.173s] reading manifest file '../../build/planning/planning.egg-info/SOURCES.txt'
[2.178s] adding license file 'LICENSE'
[2.179s] writing manifest file '../../build/planning/planning.egg-info/SOURCES.txt'
[2.180s] running build
[2.180s] running build_py
[2.180s] copying planning/pick_planner.py -> /home/nano/final_project_ws/build/planning/build/lib/planning
[2.181s] running install
[2.181s] running install_lib
[2.183s] copying /home/nano/final_project_ws/build/planning/build/lib/planning/pick_planner.py -> /home/nano/final_project_ws/install/planning/lib/python3.10/site-packages/planning
[2.184s] byte-compiling /home/nano/final_project_ws/install/planning/lib/python3.10/site-packages/planning/pick_planner.py to pick_planner.cpython-310.pyc
[2.187s] running install_data
[2.187s] copying package.xml -> /home/nano/final_project_ws/install/planning/share/planning
[2.188s] running install_egg_info
[2.191s] removing '/home/nano/final_project_ws/install/planning/lib/python3.10/site-packages/planning-0.0.0-py3.10.egg-info' (and everything under it)
[2.192s] Copying ../../build/planning/planning.egg-info to /home/nano/final_project_ws/install/planning/lib/python3.10/site-packages/planning-0.0.0-py3.10.egg-info
[2.194s] running install_scripts
[2.231s] Installing pick_planner script to /home/nano/final_project_ws/install/planning/lib/planning
[2.232s] writing list of installed files to '/home/nano/final_project_ws/build/planning/install.log'
[2.303s] Invoked command in '/home/nano/final_project_ws/src/planning' returned '0': PYTHONPATH=/home/nano/final_project_ws/build/planning/prefix_override:/usr/lib/python3/dist-packages/colcon_core/task/python/colcon_distutils_commands:/home/nano/final_project_ws/install/planning/lib/python3.10/site-packages:${PYTHONPATH} /usr/bin/python3 -W ignore:setup.py install is deprecated -W ignore:easy_install command is deprecated setup.py egg_info --egg-base ../../build/planning build --build-base /home/nano/final_project_ws/build/planning/build install --record /home/nano/final_project_ws/build/planning/install.log --single-version-externally-managed install_data
