[1.258s] Invoking command in '/home/nano/final_project_ws/build/ros2_aruco_interfaces': CMAKE_PREFIX_PATH=${CMAKE_PREFIX_PATH}:/home/nano/final_project_ws/install/realsense_cv:/home/nano/final_project_ws/install/planning:/home/nano/tmdriver_ws/install/tm_mod_urdf:/home/nano/tmdriver_ws/install/tm_get_status:/opt/ros/humble /usr/bin/cmake /home/nano/final_project_ws/src/perception/ros2_aruco/ros2_aruco_interfaces -DCMAKE_INSTALL_PREFIX=/home/nano/final_project_ws/install/ros2_aruco_interfaces
[1.880s] -- The C compiler identification is GNU 11.4.0
[2.377s] -- The CXX compiler identification is GNU 11.4.0
[2.408s] -- Detecting C compiler ABI info
[2.587s] -- Detecting C compiler ABI info - done
[2.598s] -- Check for working C compiler: /usr/bin/cc - skipped
[2.600s] -- Detecting C compile features
[2.600s] -- Detecting C compile features - done
[2.609s] -- Detecting CXX compiler ABI info
[2.812s] -- Detecting CXX compiler ABI info - done
[2.825s] -- Check for working CXX compiler: /usr/bin/c++ - skipped
[2.825s] -- Detecting CXX compile features
[2.826s] -- Detecting CXX compile features - done
[2.839s] -- Found ament_cmake: 1.3.12 (/opt/ros/humble/share/ament_cmake/cmake)
[3.303s] -- Found Python3: /usr/bin/python3 (found version "3.10.12") found components: Interpreter 
[3.628s] -- Found geometry_msgs: 4.9.0 (/opt/ros/humble/share/geometry_msgs/cmake)
[3.769s] -- Found rosidl_generator_c: 3.1.7 (/opt/ros/humble/share/rosidl_generator_c/cmake)
[3.790s] -- Found rosidl_adapter: 3.1.7 (/opt/ros/humble/share/rosidl_adapter/cmake)
[3.822s] -- Found rosidl_generator_cpp: 3.1.7 (/opt/ros/humble/share/rosidl_generator_cpp/cmake)
[3.866s] -- Using all available rosidl_typesupport_c: rosidl_typesupport_fastrtps_c;rosidl_typesupport_introspection_c
[3.922s] -- Using all available rosidl_typesupport_cpp: rosidl_typesupport_fastrtps_cpp;rosidl_typesupport_introspection_cpp
[4.042s] -- Found rosidl_default_generators: 1.2.0 (/opt/ros/humble/share/rosidl_default_generators/cmake)
[4.820s] -- Found ament_cmake_ros: 0.10.0 (/opt/ros/humble/share/ament_cmake_ros/cmake)
[5.833s] -- Using all available rosidl_typesupport_c: rosidl_typesupport_fastrtps_c;rosidl_typesupport_introspection_c
[6.223s] -- Using all available rosidl_typesupport_cpp: rosidl_typesupport_fastrtps_cpp;rosidl_typesupport_introspection_cpp
[6.287s] -- Found PythonInterp: /usr/bin/python3 (found suitable version "3.10.12", minimum required is "3.6") 
[6.296s] -- Found python_cmake_module: 0.10.0 (/opt/ros/humble/share/python_cmake_module/cmake)
[6.371s] -- Found PythonLibs: /usr/lib/aarch64-linux-gnu/libpython3.10.so (found suitable version "3.10.12", minimum required is "3.5") 
[6.371s] -- Using PYTHON_EXECUTABLE: /usr/bin/python3
[6.371s] -- Using PYTHON_INCLUDE_DIRS: /usr/include/python3.10
[6.371s] -- Using PYTHON_LIBRARIES: /usr/lib/aarch64-linux-gnu/libpython3.10.so
[6.422s] -- Found PythonExtra: .so  
[6.585s] -- Found ament_lint_auto: 0.12.14 (/opt/ros/humble/share/ament_lint_auto/cmake)
[6.698s] -- Added test 'copyright' to check source files copyright and LICENSE
[6.703s] -- Added test 'lint_cmake' to check CMake code style
[6.707s] -- Added test 'xmllint' to check XML markup files
[6.716s] -- Configuring done
[6.786s] -- Generating done
[6.822s] -- Build files have been written to: /home/nano/final_project_ws/build/ros2_aruco_interfaces
[6.850s] Invoked command in '/home/nano/final_project_ws/build/ros2_aruco_interfaces' returned '0': CMAKE_PREFIX_PATH=${CMAKE_PREFIX_PATH}:/home/nano/final_project_ws/install/realsense_cv:/home/nano/final_project_ws/install/planning:/home/nano/tmdriver_ws/install/tm_mod_urdf:/home/nano/tmdriver_ws/install/tm_get_status:/opt/ros/humble /usr/bin/cmake /home/nano/final_project_ws/src/perception/ros2_aruco/ros2_aruco_interfaces -DCMAKE_INSTALL_PREFIX=/home/nano/final_project_ws/install/ros2_aruco_interfaces
[6.864s] Invoking command in '/home/nano/final_project_ws/build/ros2_aruco_interfaces': CMAKE_PREFIX_PATH=${CMAKE_PREFIX_PATH}:/home/nano/final_project_ws/install/realsense_cv:/home/nano/final_project_ws/install/planning:/home/nano/tmdriver_ws/install/tm_mod_urdf:/home/nano/tmdriver_ws/install/tm_get_status:/opt/ros/humble /usr/bin/cmake --build /home/nano/final_project_ws/build/ros2_aruco_interfaces -- -j6 -l6
[6.962s] [  3%] [34m[1mGenerating C code for ROS interfaces[0m
[6.985s] [  6%] [34m[1mGenerating C++ code for ROS interfaces[0m
[7.012s] [  6%] Built target ament_cmake_python_copy_ros2_aruco_interfaces
[7.547s] running egg_info
[7.548s] creating ros2_aruco_interfaces.egg-info
[7.548s] writing ros2_aruco_interfaces.egg-info/PKG-INFO
[7.548s] writing dependency_links to ros2_aruco_interfaces.egg-info/dependency_links.txt
[7.548s] writing top-level names to ros2_aruco_interfaces.egg-info/top_level.txt
[7.549s] writing manifest file 'ros2_aruco_interfaces.egg-info/SOURCES.txt'
[7.550s] [  6%] Built target ros2_aruco_interfaces__cpp
[7.553s] reading manifest file 'ros2_aruco_interfaces.egg-info/SOURCES.txt'
[7.555s] writing manifest file 'ros2_aruco_interfaces.egg-info/SOURCES.txt'
[7.578s] [  9%] [34m[1mGenerating C++ type support dispatch for ROS interfaces[0m
[7.582s] [ 12%] [34m[1mGenerating C++ type support for eProsima Fast-RTPS[0m
[7.589s] [ 16%] [34m[1mGenerating C++ introspection for ROS interfaces[0m
[7.624s] [ 19%] [32mBuilding C object CMakeFiles/ros2_aruco_interfaces__rosidl_generator_c.dir/rosidl_generator_c/ros2_aruco_interfaces/msg/detail/aruco_markers__functions.c.o[0m
[7.661s] [ 19%] Built target ament_cmake_python_build_ros2_aruco_interfaces_egg
[7.856s] [ 22%] [32m[1mLinking C shared library libros2_aruco_interfaces__rosidl_generator_c.so[0m
[7.961s] [ 22%] Built target ros2_aruco_interfaces__rosidl_generator_c
[7.996s] [ 25%] [34m[1mGenerating C type support for eProsima Fast-RTPS[0m
[8.001s] [ 29%] [34m[1mGenerating C type support dispatch for ROS interfaces[0m
[8.020s] [ 32%] [34m[1mGenerating C introspection for ROS interfaces[0m
[8.147s] [ 35%] [32mBuilding CXX object CMakeFiles/ros2_aruco_interfaces__rosidl_typesupport_fastrtps_cpp.dir/rosidl_typesupport_fastrtps_cpp/ros2_aruco_interfaces/msg/detail/dds_fastrtps/aruco_markers__type_support.cpp.o[0m
[8.227s] [ 38%] [32mBuilding CXX object CMakeFiles/ros2_aruco_interfaces__rosidl_typesupport_cpp.dir/rosidl_typesupport_cpp/ros2_aruco_interfaces/msg/aruco_markers__type_support.cpp.o[0m
[8.271s] [ 41%] [32mBuilding CXX object CMakeFiles/ros2_aruco_interfaces__rosidl_typesupport_introspection_cpp.dir/rosidl_typesupport_introspection_cpp/ros2_aruco_interfaces/msg/detail/aruco_markers__type_support.cpp.o[0m
[8.622s] [ 45%] [32mBuilding CXX object CMakeFiles/ros2_aruco_interfaces__rosidl_typesupport_c.dir/rosidl_typesupport_c/ros2_aruco_interfaces/msg/aruco_markers__type_support.cpp.o[0m
[8.753s] [ 48%] [32m[1mLinking CXX shared library libros2_aruco_interfaces__rosidl_typesupport_c.so[0m
[8.915s] [ 51%] [32mBuilding CXX object CMakeFiles/ros2_aruco_interfaces__rosidl_typesupport_fastrtps_c.dir/rosidl_typesupport_fastrtps_c/ros2_aruco_interfaces/msg/detail/aruco_markers__type_support_c.cpp.o[0m
[8.920s] [ 54%] [32mBuilding C object CMakeFiles/ros2_aruco_interfaces__rosidl_typesupport_introspection_c.dir/rosidl_typesupport_introspection_c/ros2_aruco_interfaces/msg/detail/aruco_markers__type_support.c.o[0m
[8.931s] [ 54%] Built target ros2_aruco_interfaces__rosidl_typesupport_c
[9.143s] [ 58%] [32m[1mLinking C shared library libros2_aruco_interfaces__rosidl_typesupport_introspection_c.so[0m
[9.153s] [ 61%] [32m[1mLinking CXX shared library libros2_aruco_interfaces__rosidl_typesupport_cpp.so[0m
[9.270s] [ 61%] Built target ros2_aruco_interfaces__rosidl_typesupport_introspection_c
[9.284s] [ 61%] Built target ros2_aruco_interfaces__rosidl_typesupport_cpp
[9.369s] [ 64%] [32m[1mLinking CXX shared library libros2_aruco_interfaces__rosidl_typesupport_introspection_cpp.so[0m
[9.564s] [ 64%] Built target ros2_aruco_interfaces__rosidl_typesupport_introspection_cpp
[9.640s] [ 67%] [32m[1mLinking CXX shared library libros2_aruco_interfaces__rosidl_typesupport_fastrtps_cpp.so[0m
[9.810s] [ 67%] Built target ros2_aruco_interfaces__rosidl_typesupport_fastrtps_cpp
[9.827s] [ 70%] [32m[1mLinking CXX shared library libros2_aruco_interfaces__rosidl_typesupport_fastrtps_c.so[0m
[10.023s] [ 70%] Built target ros2_aruco_interfaces__rosidl_typesupport_fastrtps_c
[10.066s] [ 70%] Built target ros2_aruco_interfaces
[10.110s] [ 74%] [34m[1mGenerating Python code for ROS interfaces[0m
[10.727s] [ 74%] Built target ros2_aruco_interfaces__py
[10.768s] [ 77%] [32mBuilding C object CMakeFiles/ros2_aruco_interfaces__rosidl_generator_py.dir/rosidl_generator_py/ros2_aruco_interfaces/msg/_aruco_markers_s.c.o[0m
[11.089s] [ 80%] [32m[1mLinking C shared library rosidl_generator_py/ros2_aruco_interfaces/libros2_aruco_interfaces__rosidl_generator_py.so[0m
[11.176s] [ 80%] Built target ros2_aruco_interfaces__rosidl_generator_py
[11.216s] [ 83%] [32mBuilding C object CMakeFiles/ros2_aruco_interfaces__rosidl_typesupport_c__pyext.dir/rosidl_generator_py/ros2_aruco_interfaces/_ros2_aruco_interfaces_s.ep.rosidl_typesupport_c.c.o[0m
[11.218s] [ 87%] [32mBuilding C object CMakeFiles/ros2_aruco_interfaces__rosidl_typesupport_introspection_c__pyext.dir/rosidl_generator_py/ros2_aruco_interfaces/_ros2_aruco_interfaces_s.ep.rosidl_typesupport_introspection_c.c.o[0m
[11.223s] [ 90%] [32mBuilding C object CMakeFiles/ros2_aruco_interfaces__rosidl_typesupport_fastrtps_c__pyext.dir/rosidl_generator_py/ros2_aruco_interfaces/_ros2_aruco_interfaces_s.ep.rosidl_typesupport_fastrtps_c.c.o[0m
[11.426s] [ 93%] [32m[1mLinking C shared library rosidl_generator_py/ros2_aruco_interfaces/ros2_aruco_interfaces_s__rosidl_typesupport_introspection_c.cpython-310-aarch64-linux-gnu.so[0m
[11.440s] [ 96%] [32m[1mLinking C shared library rosidl_generator_py/ros2_aruco_interfaces/ros2_aruco_interfaces_s__rosidl_typesupport_c.cpython-310-aarch64-linux-gnu.so[0m
[11.500s] [100%] [32m[1mLinking C shared library rosidl_generator_py/ros2_aruco_interfaces/ros2_aruco_interfaces_s__rosidl_typesupport_fastrtps_c.cpython-310-aarch64-linux-gnu.so[0m
[11.516s] [100%] Built target ros2_aruco_interfaces__rosidl_typesupport_introspection_c__pyext
[11.528s] [100%] Built target ros2_aruco_interfaces__rosidl_typesupport_c__pyext
[11.593s] [100%] Built target ros2_aruco_interfaces__rosidl_typesupport_fastrtps_c__pyext
[11.618s] Invoked command in '/home/nano/final_project_ws/build/ros2_aruco_interfaces' returned '0': CMAKE_PREFIX_PATH=${CMAKE_PREFIX_PATH}:/home/nano/final_project_ws/install/realsense_cv:/home/nano/final_project_ws/install/planning:/home/nano/tmdriver_ws/install/tm_mod_urdf:/home/nano/tmdriver_ws/install/tm_get_status:/opt/ros/humble /usr/bin/cmake --build /home/nano/final_project_ws/build/ros2_aruco_interfaces -- -j6 -l6
[11.623s] Invoking command in '/home/nano/final_project_ws/build/ros2_aruco_interfaces': CMAKE_PREFIX_PATH=${CMAKE_PREFIX_PATH}:/home/nano/final_project_ws/install/realsense_cv:/home/nano/final_project_ws/install/planning:/home/nano/tmdriver_ws/install/tm_mod_urdf:/home/nano/tmdriver_ws/install/tm_get_status:/opt/ros/humble /usr/bin/cmake --install /home/nano/final_project_ws/build/ros2_aruco_interfaces
[11.638s] -- Install configuration: ""
[11.639s] -- Installing: /home/nano/final_project_ws/install/ros2_aruco_interfaces/share/ament_index/resource_index/rosidl_interfaces/ros2_aruco_interfaces
[11.639s] -- Installing: /home/nano/final_project_ws/install/ros2_aruco_interfaces/include/ros2_aruco_interfaces/ros2_aruco_interfaces
[11.640s] -- Installing: /home/nano/final_project_ws/install/ros2_aruco_interfaces/include/ros2_aruco_interfaces/ros2_aruco_interfaces/msg
[11.640s] -- Installing: /home/nano/final_project_ws/install/ros2_aruco_interfaces/include/ros2_aruco_interfaces/ros2_aruco_interfaces/msg/rosidl_generator_c__visibility_control.h
[11.640s] -- Installing: /home/nano/final_project_ws/install/ros2_aruco_interfaces/include/ros2_aruco_interfaces/ros2_aruco_interfaces/msg/aruco_markers.h
[11.640s] -- Installing: /home/nano/final_project_ws/install/ros2_aruco_interfaces/include/ros2_aruco_interfaces/ros2_aruco_interfaces/msg/detail
[11.640s] -- Installing: /home/nano/final_project_ws/install/ros2_aruco_interfaces/include/ros2_aruco_interfaces/ros2_aruco_interfaces/msg/detail/aruco_markers__functions.c
[11.641s] -- Installing: /home/nano/final_project_ws/install/ros2_aruco_interfaces/include/ros2_aruco_interfaces/ros2_aruco_interfaces/msg/detail/aruco_markers__type_support.h
[11.641s] -- Installing: /home/nano/final_project_ws/install/ros2_aruco_interfaces/include/ros2_aruco_interfaces/ros2_aruco_interfaces/msg/detail/aruco_markers__struct.h
[11.641s] -- Installing: /home/nano/final_project_ws/install/ros2_aruco_interfaces/include/ros2_aruco_interfaces/ros2_aruco_interfaces/msg/detail/aruco_markers__functions.h
[11.641s] -- Installing: /home/nano/final_project_ws/install/ros2_aruco_interfaces/share/ros2_aruco_interfaces/environment/library_path.sh
[11.641s] -- Installing: /home/nano/final_project_ws/install/ros2_aruco_interfaces/share/ros2_aruco_interfaces/environment/library_path.dsv
[11.641s] -- Installing: /home/nano/final_project_ws/install/ros2_aruco_interfaces/lib/libros2_aruco_interfaces__rosidl_generator_c.so
[11.642s] -- Set runtime path of "/home/nano/final_project_ws/install/ros2_aruco_interfaces/lib/libros2_aruco_interfaces__rosidl_generator_c.so" to ""
[11.642s] -- Up-to-date: /home/nano/final_project_ws/install/ros2_aruco_interfaces/include/ros2_aruco_interfaces/ros2_aruco_interfaces
[11.642s] -- Up-to-date: /home/nano/final_project_ws/install/ros2_aruco_interfaces/include/ros2_aruco_interfaces/ros2_aruco_interfaces/msg
[11.642s] -- Installing: /home/nano/final_project_ws/install/ros2_aruco_interfaces/include/ros2_aruco_interfaces/ros2_aruco_interfaces/msg/rosidl_typesupport_fastrtps_c__visibility_control.h
[11.642s] -- Up-to-date: /home/nano/final_project_ws/install/ros2_aruco_interfaces/include/ros2_aruco_interfaces/ros2_aruco_interfaces/msg/detail
[11.642s] -- Installing: /home/nano/final_project_ws/install/ros2_aruco_interfaces/include/ros2_aruco_interfaces/ros2_aruco_interfaces/msg/detail/aruco_markers__rosidl_typesupport_fastrtps_c.h
[11.643s] -- Installing: /home/nano/final_project_ws/install/ros2_aruco_interfaces/lib/libros2_aruco_interfaces__rosidl_typesupport_fastrtps_c.so
[11.643s] -- Set runtime path of "/home/nano/final_project_ws/install/ros2_aruco_interfaces/lib/libros2_aruco_interfaces__rosidl_typesupport_fastrtps_c.so" to ""
[11.643s] -- Up-to-date: /home/nano/final_project_ws/install/ros2_aruco_interfaces/include/ros2_aruco_interfaces/ros2_aruco_interfaces
[11.643s] -- Up-to-date: /home/nano/final_project_ws/install/ros2_aruco_interfaces/include/ros2_aruco_interfaces/ros2_aruco_interfaces/msg
[11.644s] -- Installing: /home/nano/final_project_ws/install/ros2_aruco_interfaces/include/ros2_aruco_interfaces/ros2_aruco_interfaces/msg/rosidl_generator_cpp__visibility_control.hpp
[11.644s] -- Installing: /home/nano/final_project_ws/install/ros2_aruco_interfaces/include/ros2_aruco_interfaces/ros2_aruco_interfaces/msg/aruco_markers.hpp
[11.644s] -- Up-to-date: /home/nano/final_project_ws/install/ros2_aruco_interfaces/include/ros2_aruco_interfaces/ros2_aruco_interfaces/msg/detail
[11.644s] -- Installing: /home/nano/final_project_ws/install/ros2_aruco_interfaces/include/ros2_aruco_interfaces/ros2_aruco_interfaces/msg/detail/aruco_markers__type_support.hpp
[11.644s] -- Installing: /home/nano/final_project_ws/install/ros2_aruco_interfaces/include/ros2_aruco_interfaces/ros2_aruco_interfaces/msg/detail/aruco_markers__struct.hpp
[11.644s] -- Installing: /home/nano/final_project_ws/install/ros2_aruco_interfaces/include/ros2_aruco_interfaces/ros2_aruco_interfaces/msg/detail/aruco_markers__traits.hpp
[11.645s] -- Installing: /home/nano/final_project_ws/install/ros2_aruco_interfaces/include/ros2_aruco_interfaces/ros2_aruco_interfaces/msg/detail/aruco_markers__builder.hpp
[11.645s] -- Up-to-date: /home/nano/final_project_ws/install/ros2_aruco_interfaces/include/ros2_aruco_interfaces/ros2_aruco_interfaces
[11.646s] -- Up-to-date: /home/nano/final_project_ws/install/ros2_aruco_interfaces/include/ros2_aruco_interfaces/ros2_aruco_interfaces/msg
[11.646s] -- Up-to-date: /home/nano/final_project_ws/install/ros2_aruco_interfaces/include/ros2_aruco_interfaces/ros2_aruco_interfaces/msg/detail
[11.646s] -- Installing: /home/nano/final_project_ws/install/ros2_aruco_interfaces/include/ros2_aruco_interfaces/ros2_aruco_interfaces/msg/detail/aruco_markers__rosidl_typesupport_fastrtps_cpp.hpp
[11.646s] -- Installing: /home/nano/final_project_ws/install/ros2_aruco_interfaces/include/ros2_aruco_interfaces/ros2_aruco_interfaces/msg/detail/dds_fastrtps
[11.646s] -- Installing: /home/nano/final_project_ws/install/ros2_aruco_interfaces/include/ros2_aruco_interfaces/ros2_aruco_interfaces/msg/rosidl_typesupport_fastrtps_cpp__visibility_control.h
[11.646s] -- Installing: /home/nano/final_project_ws/install/ros2_aruco_interfaces/lib/libros2_aruco_interfaces__rosidl_typesupport_fastrtps_cpp.so
[11.647s] -- Set runtime path of "/home/nano/final_project_ws/install/ros2_aruco_interfaces/lib/libros2_aruco_interfaces__rosidl_typesupport_fastrtps_cpp.so" to ""
[11.647s] -- Up-to-date: /home/nano/final_project_ws/install/ros2_aruco_interfaces/include/ros2_aruco_interfaces/ros2_aruco_interfaces
[11.647s] -- Up-to-date: /home/nano/final_project_ws/install/ros2_aruco_interfaces/include/ros2_aruco_interfaces/ros2_aruco_interfaces/msg
[11.647s] -- Installing: /home/nano/final_project_ws/install/ros2_aruco_interfaces/include/ros2_aruco_interfaces/ros2_aruco_interfaces/msg/rosidl_typesupport_introspection_c__visibility_control.h
[11.648s] -- Up-to-date: /home/nano/final_project_ws/install/ros2_aruco_interfaces/include/ros2_aruco_interfaces/ros2_aruco_interfaces/msg/detail
[11.648s] -- Installing: /home/nano/final_project_ws/install/ros2_aruco_interfaces/include/ros2_aruco_interfaces/ros2_aruco_interfaces/msg/detail/aruco_markers__rosidl_typesupport_introspection_c.h
[11.648s] -- Installing: /home/nano/final_project_ws/install/ros2_aruco_interfaces/include/ros2_aruco_interfaces/ros2_aruco_interfaces/msg/detail/aruco_markers__type_support.c
[11.652s] -- Installing: /home/nano/final_project_ws/install/ros2_aruco_interfaces/lib/libros2_aruco_interfaces__rosidl_typesupport_introspection_c.so
[11.652s] -- Set runtime path of "/home/nano/final_project_ws/install/ros2_aruco_interfaces/lib/libros2_aruco_interfaces__rosidl_typesupport_introspection_c.so" to ""
[11.655s] -- Installing: /home/nano/final_project_ws/install/ros2_aruco_interfaces/lib/libros2_aruco_interfaces__rosidl_typesupport_c.so
[11.655s] -- Set runtime path of "/home/nano/final_project_ws/install/ros2_aruco_interfaces/lib/libros2_aruco_interfaces__rosidl_typesupport_c.so" to ""
[11.656s] -- Up-to-date: /home/nano/final_project_ws/install/ros2_aruco_interfaces/include/ros2_aruco_interfaces/ros2_aruco_interfaces
[11.656s] -- Up-to-date: /home/nano/final_project_ws/install/ros2_aruco_interfaces/include/ros2_aruco_interfaces/ros2_aruco_interfaces/msg
[11.656s] -- Up-to-date: /home/nano/final_project_ws/install/ros2_aruco_interfaces/include/ros2_aruco_interfaces/ros2_aruco_interfaces/msg/detail
[11.657s] -- Installing: /home/nano/final_project_ws/install/ros2_aruco_interfaces/include/ros2_aruco_interfaces/ros2_aruco_interfaces/msg/detail/aruco_markers__type_support.cpp
[11.657s] -- Installing: /home/nano/final_project_ws/install/ros2_aruco_interfaces/include/ros2_aruco_interfaces/ros2_aruco_interfaces/msg/detail/aruco_markers__rosidl_typesupport_introspection_cpp.hpp
[11.657s] -- Installing: /home/nano/final_project_ws/install/ros2_aruco_interfaces/lib/libros2_aruco_interfaces__rosidl_typesupport_introspection_cpp.so
[11.657s] -- Set runtime path of "/home/nano/final_project_ws/install/ros2_aruco_interfaces/lib/libros2_aruco_interfaces__rosidl_typesupport_introspection_cpp.so" to ""
[11.657s] -- Installing: /home/nano/final_project_ws/install/ros2_aruco_interfaces/lib/libros2_aruco_interfaces__rosidl_typesupport_cpp.so
[11.657s] -- Set runtime path of "/home/nano/final_project_ws/install/ros2_aruco_interfaces/lib/libros2_aruco_interfaces__rosidl_typesupport_cpp.so" to ""
[11.657s] -- Installing: /home/nano/final_project_ws/install/ros2_aruco_interfaces/share/ros2_aruco_interfaces/environment/pythonpath.sh
[11.658s] -- Installing: /home/nano/final_project_ws/install/ros2_aruco_interfaces/share/ros2_aruco_interfaces/environment/pythonpath.dsv
[11.658s] -- Installing: /home/nano/final_project_ws/install/ros2_aruco_interfaces/local/lib/python3.10/dist-packages/ros2_aruco_interfaces-0.1.0-py3.10.egg-info
[11.658s] -- Installing: /home/nano/final_project_ws/install/ros2_aruco_interfaces/local/lib/python3.10/dist-packages/ros2_aruco_interfaces-0.1.0-py3.10.egg-info/SOURCES.txt
[11.658s] -- Installing: /home/nano/final_project_ws/install/ros2_aruco_interfaces/local/lib/python3.10/dist-packages/ros2_aruco_interfaces-0.1.0-py3.10.egg-info/PKG-INFO
[11.658s] -- Installing: /home/nano/final_project_ws/install/ros2_aruco_interfaces/local/lib/python3.10/dist-packages/ros2_aruco_interfaces-0.1.0-py3.10.egg-info/dependency_links.txt
[11.658s] -- Installing: /home/nano/final_project_ws/install/ros2_aruco_interfaces/local/lib/python3.10/dist-packages/ros2_aruco_interfaces-0.1.0-py3.10.egg-info/top_level.txt
[11.658s] -- Installing: /home/nano/final_project_ws/install/ros2_aruco_interfaces/local/lib/python3.10/dist-packages/ros2_aruco_interfaces
[11.658s] -- Installing: /home/nano/final_project_ws/install/ros2_aruco_interfaces/local/lib/python3.10/dist-packages/ros2_aruco_interfaces/libros2_aruco_interfaces__rosidl_generator_py.so
[11.659s] -- Installing: /home/nano/final_project_ws/install/ros2_aruco_interfaces/local/lib/python3.10/dist-packages/ros2_aruco_interfaces/_ros2_aruco_interfaces_s.ep.rosidl_typesupport_c.c
[11.659s] -- Installing: /home/nano/final_project_ws/install/ros2_aruco_interfaces/local/lib/python3.10/dist-packages/ros2_aruco_interfaces/_ros2_aruco_interfaces_s.ep.rosidl_typesupport_introspection_c.c
[11.659s] -- Installing: /home/nano/final_project_ws/install/ros2_aruco_interfaces/local/lib/python3.10/dist-packages/ros2_aruco_interfaces/msg
[11.659s] -- Installing: /home/nano/final_project_ws/install/ros2_aruco_interfaces/local/lib/python3.10/dist-packages/ros2_aruco_interfaces/msg/_aruco_markers_s.c
[11.659s] -- Installing: /home/nano/final_project_ws/install/ros2_aruco_interfaces/local/lib/python3.10/dist-packages/ros2_aruco_interfaces/msg/__init__.py
[11.659s] -- Installing: /home/nano/final_project_ws/install/ros2_aruco_interfaces/local/lib/python3.10/dist-packages/ros2_aruco_interfaces/msg/_aruco_markers.py
[11.660s] -- Installing: /home/nano/final_project_ws/install/ros2_aruco_interfaces/local/lib/python3.10/dist-packages/ros2_aruco_interfaces/_ros2_aruco_interfaces_s.ep.rosidl_typesupport_fastrtps_c.c
[11.660s] -- Installing: /home/nano/final_project_ws/install/ros2_aruco_interfaces/local/lib/python3.10/dist-packages/ros2_aruco_interfaces/ros2_aruco_interfaces_s__rosidl_typesupport_fastrtps_c.cpython-310-aarch64-linux-gnu.so
[11.660s] -- Installing: /home/nano/final_project_ws/install/ros2_aruco_interfaces/local/lib/python3.10/dist-packages/ros2_aruco_interfaces/ros2_aruco_interfaces_s__rosidl_typesupport_c.cpython-310-aarch64-linux-gnu.so
[11.660s] -- Installing: /home/nano/final_project_ws/install/ros2_aruco_interfaces/local/lib/python3.10/dist-packages/ros2_aruco_interfaces/ros2_aruco_interfaces_s__rosidl_typesupport_introspection_c.cpython-310-aarch64-linux-gnu.so
[11.660s] -- Installing: /home/nano/final_project_ws/install/ros2_aruco_interfaces/local/lib/python3.10/dist-packages/ros2_aruco_interfaces/__init__.py
[11.753s] Listing '/home/nano/final_project_ws/install/ros2_aruco_interfaces/local/lib/python3.10/dist-packages/ros2_aruco_interfaces'...
[11.753s] Compiling '/home/nano/final_project_ws/install/ros2_aruco_interfaces/local/lib/python3.10/dist-packages/ros2_aruco_interfaces/__init__.py'...
[11.753s] Listing '/home/nano/final_project_ws/install/ros2_aruco_interfaces/local/lib/python3.10/dist-packages/ros2_aruco_interfaces/msg'...
[11.753s] Compiling '/home/nano/final_project_ws/install/ros2_aruco_interfaces/local/lib/python3.10/dist-packages/ros2_aruco_interfaces/msg/__init__.py'...
[11.753s] Compiling '/home/nano/final_project_ws/install/ros2_aruco_interfaces/local/lib/python3.10/dist-packages/ros2_aruco_interfaces/msg/_aruco_markers.py'...
[11.766s] -- Installing: /home/nano/final_project_ws/install/ros2_aruco_interfaces/local/lib/python3.10/dist-packages/ros2_aruco_interfaces/ros2_aruco_interfaces_s__rosidl_typesupport_fastrtps_c.cpython-310-aarch64-linux-gnu.so
[11.767s] -- Set runtime path of "/home/nano/final_project_ws/install/ros2_aruco_interfaces/local/lib/python3.10/dist-packages/ros2_aruco_interfaces/ros2_aruco_interfaces_s__rosidl_typesupport_fastrtps_c.cpython-310-aarch64-linux-gnu.so" to ""
[11.767s] -- Installing: /home/nano/final_project_ws/install/ros2_aruco_interfaces/local/lib/python3.10/dist-packages/ros2_aruco_interfaces/ros2_aruco_interfaces_s__rosidl_typesupport_introspection_c.cpython-310-aarch64-linux-gnu.so
[11.767s] -- Set runtime path of "/home/nano/final_project_ws/install/ros2_aruco_interfaces/local/lib/python3.10/dist-packages/ros2_aruco_interfaces/ros2_aruco_interfaces_s__rosidl_typesupport_introspection_c.cpython-310-aarch64-linux-gnu.so" to ""
[11.768s] -- Installing: /home/nano/final_project_ws/install/ros2_aruco_interfaces/local/lib/python3.10/dist-packages/ros2_aruco_interfaces/ros2_aruco_interfaces_s__rosidl_typesupport_c.cpython-310-aarch64-linux-gnu.so
[11.768s] -- Set runtime path of "/home/nano/final_project_ws/install/ros2_aruco_interfaces/local/lib/python3.10/dist-packages/ros2_aruco_interfaces/ros2_aruco_interfaces_s__rosidl_typesupport_c.cpython-310-aarch64-linux-gnu.so" to ""
[11.769s] -- Installing: /home/nano/final_project_ws/install/ros2_aruco_interfaces/lib/libros2_aruco_interfaces__rosidl_generator_py.so
[11.769s] -- Set runtime path of "/home/nano/final_project_ws/install/ros2_aruco_interfaces/lib/libros2_aruco_interfaces__rosidl_generator_py.so" to ""
[11.769s] -- Installing: /home/nano/final_project_ws/install/ros2_aruco_interfaces/share/ros2_aruco_interfaces/msg/ArucoMarkers.idl
[11.770s] -- Installing: /home/nano/final_project_ws/install/ros2_aruco_interfaces/share/ros2_aruco_interfaces/msg/ArucoMarkers.msg
[11.770s] -- Installing: /home/nano/final_project_ws/install/ros2_aruco_interfaces/share/ament_index/resource_index/package_run_dependencies/ros2_aruco_interfaces
[11.771s] -- Installing: /home/nano/final_project_ws/install/ros2_aruco_interfaces/share/ament_index/resource_index/parent_prefix_path/ros2_aruco_interfaces
[11.771s] -- Installing: /home/nano/final_project_ws/install/ros2_aruco_interfaces/share/ros2_aruco_interfaces/environment/ament_prefix_path.sh
[11.771s] -- Installing: /home/nano/final_project_ws/install/ros2_aruco_interfaces/share/ros2_aruco_interfaces/environment/ament_prefix_path.dsv
[11.771s] -- Installing: /home/nano/final_project_ws/install/ros2_aruco_interfaces/share/ros2_aruco_interfaces/environment/path.sh
[11.772s] -- Installing: /home/nano/final_project_ws/install/ros2_aruco_interfaces/share/ros2_aruco_interfaces/environment/path.dsv
[11.772s] -- Installing: /home/nano/final_project_ws/install/ros2_aruco_interfaces/share/ros2_aruco_interfaces/local_setup.bash
[11.772s] -- Installing: /home/nano/final_project_ws/install/ros2_aruco_interfaces/share/ros2_aruco_interfaces/local_setup.sh
[11.773s] -- Installing: /home/nano/final_project_ws/install/ros2_aruco_interfaces/share/ros2_aruco_interfaces/local_setup.zsh
[11.773s] -- Installing: /home/nano/final_project_ws/install/ros2_aruco_interfaces/share/ros2_aruco_interfaces/local_setup.dsv
[11.773s] -- Installing: /home/nano/final_project_ws/install/ros2_aruco_interfaces/share/ros2_aruco_interfaces/package.dsv
[11.774s] -- Installing: /home/nano/final_project_ws/install/ros2_aruco_interfaces/share/ament_index/resource_index/packages/ros2_aruco_interfaces
[11.774s] -- Installing: /home/nano/final_project_ws/install/ros2_aruco_interfaces/share/ros2_aruco_interfaces/cmake/export_ros2_aruco_interfaces__rosidl_generator_cExport.cmake
[11.774s] -- Installing: /home/nano/final_project_ws/install/ros2_aruco_interfaces/share/ros2_aruco_interfaces/cmake/export_ros2_aruco_interfaces__rosidl_generator_cExport-noconfig.cmake
[11.775s] -- Installing: /home/nano/final_project_ws/install/ros2_aruco_interfaces/share/ros2_aruco_interfaces/cmake/export_ros2_aruco_interfaces__rosidl_typesupport_fastrtps_cExport.cmake
[11.775s] -- Installing: /home/nano/final_project_ws/install/ros2_aruco_interfaces/share/ros2_aruco_interfaces/cmake/export_ros2_aruco_interfaces__rosidl_typesupport_fastrtps_cExport-noconfig.cmake
[11.775s] -- Installing: /home/nano/final_project_ws/install/ros2_aruco_interfaces/share/ros2_aruco_interfaces/cmake/export_ros2_aruco_interfaces__rosidl_generator_cppExport.cmake
[11.776s] -- Installing: /home/nano/final_project_ws/install/ros2_aruco_interfaces/share/ros2_aruco_interfaces/cmake/export_ros2_aruco_interfaces__rosidl_typesupport_fastrtps_cppExport.cmake
[11.776s] -- Installing: /home/nano/final_project_ws/install/ros2_aruco_interfaces/share/ros2_aruco_interfaces/cmake/export_ros2_aruco_interfaces__rosidl_typesupport_fastrtps_cppExport-noconfig.cmake
[11.776s] -- Installing: /home/nano/final_project_ws/install/ros2_aruco_interfaces/share/ros2_aruco_interfaces/cmake/ros2_aruco_interfaces__rosidl_typesupport_introspection_cExport.cmake
[11.777s] -- Installing: /home/nano/final_project_ws/install/ros2_aruco_interfaces/share/ros2_aruco_interfaces/cmake/ros2_aruco_interfaces__rosidl_typesupport_introspection_cExport-noconfig.cmake
[11.777s] -- Installing: /home/nano/final_project_ws/install/ros2_aruco_interfaces/share/ros2_aruco_interfaces/cmake/ros2_aruco_interfaces__rosidl_typesupport_cExport.cmake
[11.777s] -- Installing: /home/nano/final_project_ws/install/ros2_aruco_interfaces/share/ros2_aruco_interfaces/cmake/ros2_aruco_interfaces__rosidl_typesupport_cExport-noconfig.cmake
[11.778s] -- Installing: /home/nano/final_project_ws/install/ros2_aruco_interfaces/share/ros2_aruco_interfaces/cmake/ros2_aruco_interfaces__rosidl_typesupport_introspection_cppExport.cmake
[11.778s] -- Installing: /home/nano/final_project_ws/install/ros2_aruco_interfaces/share/ros2_aruco_interfaces/cmake/ros2_aruco_interfaces__rosidl_typesupport_introspection_cppExport-noconfig.cmake
[11.779s] -- Installing: /home/nano/final_project_ws/install/ros2_aruco_interfaces/share/ros2_aruco_interfaces/cmake/ros2_aruco_interfaces__rosidl_typesupport_cppExport.cmake
[11.779s] -- Installing: /home/nano/final_project_ws/install/ros2_aruco_interfaces/share/ros2_aruco_interfaces/cmake/ros2_aruco_interfaces__rosidl_typesupport_cppExport-noconfig.cmake
[11.779s] -- Installing: /home/nano/final_project_ws/install/ros2_aruco_interfaces/share/ros2_aruco_interfaces/cmake/export_ros2_aruco_interfaces__rosidl_generator_pyExport.cmake
[11.780s] -- Installing: /home/nano/final_project_ws/install/ros2_aruco_interfaces/share/ros2_aruco_interfaces/cmake/export_ros2_aruco_interfaces__rosidl_generator_pyExport-noconfig.cmake
[11.780s] -- Installing: /home/nano/final_project_ws/install/ros2_aruco_interfaces/share/ros2_aruco_interfaces/cmake/rosidl_cmake-extras.cmake
[11.780s] -- Installing: /home/nano/final_project_ws/install/ros2_aruco_interfaces/share/ros2_aruco_interfaces/cmake/ament_cmake_export_dependencies-extras.cmake
[11.780s] -- Installing: /home/nano/final_project_ws/install/ros2_aruco_interfaces/share/ros2_aruco_interfaces/cmake/ament_cmake_export_include_directories-extras.cmake
[11.780s] -- Installing: /home/nano/final_project_ws/install/ros2_aruco_interfaces/share/ros2_aruco_interfaces/cmake/ament_cmake_export_libraries-extras.cmake
[11.781s] -- Installing: /home/nano/final_project_ws/install/ros2_aruco_interfaces/share/ros2_aruco_interfaces/cmake/ament_cmake_export_targets-extras.cmake
[11.781s] -- Installing: /home/nano/final_project_ws/install/ros2_aruco_interfaces/share/ros2_aruco_interfaces/cmake/rosidl_cmake_export_typesupport_targets-extras.cmake
[11.781s] -- Installing: /home/nano/final_project_ws/install/ros2_aruco_interfaces/share/ros2_aruco_interfaces/cmake/rosidl_cmake_export_typesupport_libraries-extras.cmake
[11.781s] -- Installing: /home/nano/final_project_ws/install/ros2_aruco_interfaces/share/ros2_aruco_interfaces/cmake/ros2_aruco_interfacesConfig.cmake
[11.782s] -- Installing: /home/nano/final_project_ws/install/ros2_aruco_interfaces/share/ros2_aruco_interfaces/cmake/ros2_aruco_interfacesConfig-version.cmake
[11.782s] -- Installing: /home/nano/final_project_ws/install/ros2_aruco_interfaces/share/ros2_aruco_interfaces/package.xml
[11.789s] Invoked command in '/home/nano/final_project_ws/build/ros2_aruco_interfaces' returned '0': CMAKE_PREFIX_PATH=${CMAKE_PREFIX_PATH}:/home/nano/final_project_ws/install/realsense_cv:/home/nano/final_project_ws/install/planning:/home/nano/tmdriver_ws/install/tm_mod_urdf:/home/nano/tmdriver_ws/install/tm_get_status:/opt/ros/humble /usr/bin/cmake --install /home/nano/final_project_ws/build/ros2_aruco_interfaces
