[2.679s] Invoking command in '/home/nano/final_project_ws/src/actuation': PYTHONPATH=/home/nano/final_project_ws/build/actuation/prefix_override:/usr/lib/python3/dist-packages/colcon_core/task/python/colcon_distutils_commands:/home/nano/final_project_ws/install/actuation/lib/python3.10/site-packages:${PYTHONPATH} /usr/bin/python3 -W ignore:setup.py install is deprecated -W ignore:easy_install command is deprecated setup.py egg_info --egg-base ../../build/actuation build --build-base /home/nano/final_project_ws/build/actuation/build install --record /home/nano/final_project_ws/build/actuation/install.log --single-version-externally-managed install_data
[3.263s] running egg_info
[3.303s] writing ../../build/actuation/actuation.egg-info/PKG-INFO
[3.306s] writing dependency_links to ../../build/actuation/actuation.egg-info/dependency_links.txt
[3.306s] writing entry points to ../../build/actuation/actuation.egg-info/entry_points.txt
[3.307s] writing requirements to ../../build/actuation/actuation.egg-info/requires.txt
[3.307s] writing top-level names to ../../build/actuation/actuation.egg-info/top_level.txt
[3.386s] reading manifest file '../../build/actuation/actuation.egg-info/SOURCES.txt'
[3.391s] writing manifest file '../../build/actuation/actuation.egg-info/SOURCES.txt'
[3.391s] running build
[3.391s] running build_py
[3.393s] copying actuation/gripper_server.py -> /home/nano/final_project_ws/build/actuation/build/lib/actuation
[3.394s] copying actuation/__init__.py -> /home/nano/final_project_ws/build/actuation/build/lib/actuation
[3.395s] running install
[3.403s] running install_lib
[3.445s] running install_data
[3.446s] copying resource/actuation -> /home/nano/final_project_ws/install/actuation/share/ament_index/resource_index/packages
[3.447s] copying package.xml -> /home/nano/final_project_ws/install/actuation/share/actuation
[3.447s] running install_egg_info
[3.489s] removing '/home/nano/final_project_ws/install/actuation/lib/python3.10/site-packages/actuation-0.0.0-py3.10.egg-info' (and everything under it)
[3.490s] Copying ../../build/actuation/actuation.egg-info to /home/nano/final_project_ws/install/actuation/lib/python3.10/site-packages/actuation-0.0.0-py3.10.egg-info
[3.493s] running install_scripts
[3.574s] Installing gripper script to /home/nano/final_project_ws/install/actuation/lib/actuation
[3.577s] writing list of installed files to '/home/nano/final_project_ws/build/actuation/install.log'
[3.655s] Invoked command in '/home/nano/final_project_ws/src/actuation' returned '0': PYTHONPATH=/home/nano/final_project_ws/build/actuation/prefix_override:/usr/lib/python3/dist-packages/colcon_core/task/python/colcon_distutils_commands:/home/nano/final_project_ws/install/actuation/lib/python3.10/site-packages:${PYTHONPATH} /usr/bin/python3 -W ignore:setup.py install is deprecated -W ignore:easy_install command is deprecated setup.py egg_info --egg-base ../../build/actuation build --build-base /home/nano/final_project_ws/build/actuation/build install --record /home/nano/final_project_ws/build/actuation/install.log --single-version-externally-managed install_data
