[2.911s] Invoking command in '/home/nano/final_project_ws/src/perception/realsense_cv': PYTHONPATH=/home/nano/final_project_ws/build/realsense_cv/prefix_override:/usr/lib/python3/dist-packages/colcon_core/task/python/colcon_distutils_commands:/home/nano/final_project_ws/install/realsense_cv/lib/python3.10/site-packages:${PYTHONPATH} /usr/bin/python3 -W ignore:setup.py install is deprecated -W ignore:easy_install command is deprecated setup.py egg_info --egg-base ../../../build/realsense_cv build --build-base /home/nano/final_project_ws/build/realsense_cv/build install --record /home/nano/final_project_ws/build/realsense_cv/install.log --single-version-externally-managed install_data
[3.471s] running egg_info
[3.507s] writing ../../../build/realsense_cv/realsense_cv.egg-info/PKG-INFO
[3.509s] writing dependency_links to ../../../build/realsense_cv/realsense_cv.egg-info/dependency_links.txt
[3.509s] writing entry points to ../../../build/realsense_cv/realsense_cv.egg-info/entry_points.txt
[3.510s] writing requirements to ../../../build/realsense_cv/realsense_cv.egg-info/requires.txt
[3.510s] writing top-level names to ../../../build/realsense_cv/realsense_cv.egg-info/top_level.txt
[3.587s] reading manifest file '../../../build/realsense_cv/realsense_cv.egg-info/SOURCES.txt'
[3.641s] writing manifest file '../../../build/realsense_cv/realsense_cv.egg-info/SOURCES.txt'
[3.641s] running build
[3.642s] running build_py
[4.058s] copying realsense_cv/edge_detect.py -> /home/nano/final_project_ws/build/realsense_cv/build/lib/realsense_cv
[4.059s] copying realsense_cv/hsv_tune.py -> /home/nano/final_project_ws/build/realsense_cv/build/lib/realsense_cv
[4.504s] copying realsense_cv/yolo_detect.py -> /home/nano/final_project_ws/build/realsense_cv/build/lib/realsense_cv
[8.319s] copying realsense_cv/__init__.py -> /home/nano/final_project_ws/build/realsense_cv/build/lib/realsense_cv
[8.324s] copying realsense_cv/marker_detect.py -> /home/nano/final_project_ws/build/realsense_cv/build/lib/realsense_cv
[8.325s] running install
[8.339s] running install_lib
[8.397s] running install_data
[8.398s] copying resource/realsense_cv -> /home/nano/final_project_ws/install/realsense_cv/share/ament_index/resource_index/packages
[8.398s] copying package.xml -> /home/nano/final_project_ws/install/realsense_cv/share/realsense_cv
[8.399s] running install_egg_info
[8.445s] removing '/home/nano/final_project_ws/install/realsense_cv/lib/python3.10/site-packages/realsense_cv-0.0.0-py3.10.egg-info' (and everything under it)
[8.447s] Copying ../../../build/realsense_cv/realsense_cv.egg-info to /home/nano/final_project_ws/install/realsense_cv/lib/python3.10/site-packages/realsense_cv-0.0.0-py3.10.egg-info
[8.449s] running install_scripts
[8.531s] Installing edge_node script to /home/nano/final_project_ws/install/realsense_cv/lib/realsense_cv
[8.534s] Installing hsv_tuning script to /home/nano/final_project_ws/install/realsense_cv/lib/realsense_cv
[8.534s] Installing marker_node script to /home/nano/final_project_ws/install/realsense_cv/lib/realsense_cv
[8.535s] Installing yolo_node script to /home/nano/final_project_ws/install/realsense_cv/lib/realsense_cv
[8.536s] writing list of installed files to '/home/nano/final_project_ws/build/realsense_cv/install.log'
[8.611s] Invoked command in '/home/nano/final_project_ws/src/perception/realsense_cv' returned '0': PYTHONPATH=/home/nano/final_project_ws/build/realsense_cv/prefix_override:/usr/lib/python3/dist-packages/colcon_core/task/python/colcon_distutils_commands:/home/nano/final_project_ws/install/realsense_cv/lib/python3.10/site-packages:${PYTHONPATH} /usr/bin/python3 -W ignore:setup.py install is deprecated -W ignore:easy_install command is deprecated setup.py egg_info --egg-base ../../../build/realsense_cv build --build-base /home/nano/final_project_ws/build/realsense_cv/build install --record /home/nano/final_project_ws/build/realsense_cv/install.log --single-version-externally-managed install_data
