[2.638s] Invoking command in '/home/nano/final_project_ws/src/actuation': PYTHONPATH=/home/nano/final_project_ws/build/actuation/prefix_override:/usr/lib/python3/dist-packages/colcon_core/task/python/colcon_distutils_commands:/home/nano/final_project_ws/install/actuation/lib/python3.10/site-packages:${PYTHONPATH} /usr/bin/python3 -W ignore:setup.py install is deprecated -W ignore:easy_install command is deprecated setup.py egg_info --egg-base ../../build/actuation build --build-base /home/nano/final_project_ws/build/actuation/build install --record /home/nano/final_project_ws/build/actuation/install.log --single-version-externally-managed install_data
[3.231s] running egg_info
[3.232s] writing ../../build/actuation/actuation.egg-info/PKG-INFO
[3.233s] writing dependency_links to ../../build/actuation/actuation.egg-info/dependency_links.txt
[3.233s] writing entry points to ../../build/actuation/actuation.egg-info/entry_points.txt
[3.234s] writing requirements to ../../build/actuation/actuation.egg-info/requires.txt
[3.234s] writing top-level names to ../../build/actuation/actuation.egg-info/top_level.txt
[3.240s] reading manifest file '../../build/actuation/actuation.egg-info/SOURCES.txt'
[3.242s] writing manifest file '../../build/actuation/actuation.egg-info/SOURCES.txt'
[3.242s] running build
[3.242s] running build_py
[3.242s] running install
[3.243s] running install_lib
[3.246s] running install_data
[3.246s] running install_egg_info
[3.249s] removing '/home/nano/final_project_ws/install/actuation/lib/python3.10/site-packages/actuation-0.0.0-py3.10.egg-info' (and everything under it)
[3.250s] Copying ../../build/actuation/actuation.egg-info to /home/nano/final_project_ws/install/actuation/lib/python3.10/site-packages/actuation-0.0.0-py3.10.egg-info
[3.252s] running install_scripts
[3.291s] Installing gripper script to /home/nano/final_project_ws/install/actuation/lib/actuation
[3.292s] writing list of installed files to '/home/nano/final_project_ws/build/actuation/install.log'
[3.366s] Invoked command in '/home/nano/final_project_ws/src/actuation' returned '0': PYTHONPATH=/home/nano/final_project_ws/build/actuation/prefix_override:/usr/lib/python3/dist-packages/colcon_core/task/python/colcon_distutils_commands:/home/nano/final_project_ws/install/actuation/lib/python3.10/site-packages:${PYTHONPATH} /usr/bin/python3 -W ignore:setup.py install is deprecated -W ignore:easy_install command is deprecated setup.py egg_info --egg-base ../../build/actuation build --build-base /home/nano/final_project_ws/build/actuation/build install --record /home/nano/final_project_ws/build/actuation/install.log --single-version-externally-managed install_data
