[2.276s] Invoking command in '/home/nano/final_project_ws/src/perception/realsense_cv': PYTHONPATH=/home/nano/final_project_ws/build/realsense_cv/prefix_override:/usr/lib/python3/dist-packages/colcon_core/task/python/colcon_distutils_commands:/home/nano/final_project_ws/install/realsense_cv/lib/python3.10/site-packages:${PYTHONPATH} /usr/bin/python3 -W ignore:setup.py install is deprecated -W ignore:easy_install command is deprecated setup.py egg_info --egg-base ../../../build/realsense_cv build --build-base /home/nano/final_project_ws/build/realsense_cv/build install --record /home/nano/final_project_ws/build/realsense_cv/install.log --single-version-externally-managed install_data
[2.834s] running egg_info
[2.871s] writing ../../../build/realsense_cv/realsense_cv.egg-info/PKG-INFO
[2.872s] writing dependency_links to ../../../build/realsense_cv/realsense_cv.egg-info/dependency_links.txt
[2.872s] writing entry points to ../../../build/realsense_cv/realsense_cv.egg-info/entry_points.txt
[2.873s] writing requirements to ../../../build/realsense_cv/realsense_cv.egg-info/requires.txt
[2.873s] writing top-level names to ../../../build/realsense_cv/realsense_cv.egg-info/top_level.txt
[2.954s] reading manifest file '../../../build/realsense_cv/realsense_cv.egg-info/SOURCES.txt'
[2.957s] writing manifest file '../../../build/realsense_cv/realsense_cv.egg-info/SOURCES.txt'
[2.958s] running build
[2.958s] running build_py
[2.958s] copying realsense_cv/edge_detect.py -> /home/nano/final_project_ws/build/realsense_cv/build/lib/realsense_cv
[2.960s] copying realsense_cv/slide_detector.py -> /home/nano/final_project_ws/build/realsense_cv/build/lib/realsense_cv
[2.960s] copying realsense_cv/hsv_tune.py -> /home/nano/final_project_ws/build/realsense_cv/build/lib/realsense_cv
[2.961s] copying realsense_cv/model_download.py -> /home/nano/final_project_ws/build/realsense_cv/build/lib/realsense_cv
[2.962s] copying realsense_cv/yolo_detect.py -> /home/nano/final_project_ws/build/realsense_cv/build/lib/realsense_cv
[2.963s] copying realsense_cv/__init__.py -> /home/nano/final_project_ws/build/realsense_cv/build/lib/realsense_cv
[2.963s] copying realsense_cv/marker_detect.py -> /home/nano/final_project_ws/build/realsense_cv/build/lib/realsense_cv
[2.964s] copying realsense_cv/hsv_tune_v1.py -> /home/nano/final_project_ws/build/realsense_cv/build/lib/realsense_cv
[2.965s] running install
[2.973s] running install_lib
[3.011s] copying /home/nano/final_project_ws/build/realsense_cv/build/lib/realsense_cv/slide_detector.py -> /home/nano/final_project_ws/install/realsense_cv/lib/python3.10/site-packages/realsense_cv
[3.012s] copying /home/nano/final_project_ws/build/realsense_cv/build/lib/realsense_cv/marker_detect.py -> /home/nano/final_project_ws/install/realsense_cv/lib/python3.10/site-packages/realsense_cv
[3.013s] byte-compiling /home/nano/final_project_ws/install/realsense_cv/lib/python3.10/site-packages/realsense_cv/slide_detector.py to slide_detector.cpython-310.pyc
[3.015s] byte-compiling /home/nano/final_project_ws/install/realsense_cv/lib/python3.10/site-packages/realsense_cv/marker_detect.py to marker_detect.cpython-310.pyc
[3.019s] running install_data
[3.019s] copying resource/realsense_cv -> /home/nano/final_project_ws/install/realsense_cv/share/ament_index/resource_index/packages
[3.020s] copying package.xml -> /home/nano/final_project_ws/install/realsense_cv/share/realsense_cv
[3.020s] running install_egg_info
[3.061s] removing '/home/nano/final_project_ws/install/realsense_cv/lib/python3.10/site-packages/realsense_cv-0.0.0-py3.10.egg-info' (and everything under it)
[3.061s] Copying ../../../build/realsense_cv/realsense_cv.egg-info to /home/nano/final_project_ws/install/realsense_cv/lib/python3.10/site-packages/realsense_cv-0.0.0-py3.10.egg-info
[3.065s] running install_scripts
[3.143s] Installing edge_node script to /home/nano/final_project_ws/install/realsense_cv/lib/realsense_cv
[3.143s] Installing hsv_tuning script to /home/nano/final_project_ws/install/realsense_cv/lib/realsense_cv
[3.144s] Installing marker_node script to /home/nano/final_project_ws/install/realsense_cv/lib/realsense_cv
[3.144s] Installing slide_detector script to /home/nano/final_project_ws/install/realsense_cv/lib/realsense_cv
[3.144s] Installing yolo_node script to /home/nano/final_project_ws/install/realsense_cv/lib/realsense_cv
[3.146s] writing list of installed files to '/home/nano/final_project_ws/build/realsense_cv/install.log'
[3.224s] Invoked command in '/home/nano/final_project_ws/src/perception/realsense_cv' returned '0': PYTHONPATH=/home/nano/final_project_ws/build/realsense_cv/prefix_override:/usr/lib/python3/dist-packages/colcon_core/task/python/colcon_distutils_commands:/home/nano/final_project_ws/install/realsense_cv/lib/python3.10/site-packages:${PYTHONPATH} /usr/bin/python3 -W ignore:setup.py install is deprecated -W ignore:easy_install command is deprecated setup.py egg_info --egg-base ../../../build/realsense_cv build --build-base /home/nano/final_project_ws/build/realsense_cv/build install --record /home/nano/final_project_ws/build/realsense_cv/install.log --single-version-externally-managed install_data
