[1.311s] Invoking command in '/home/nano/final_project_ws/src/planning': AMENT_PREFIX_PATH=/home/nano/final_project_ws/install/planning_interfaces:${AMENT_PREFIX_PATH} CMAKE_PREFIX_PATH=/home/nano/final_project_ws/install/planning_interfaces:${CMAKE_PREFIX_PATH} LD_LIBRARY_PATH=/home/nano/final_project_ws/install/planning_interfaces/lib:${LD_LIBRARY_PATH} PYTHONPATH=/home/nano/final_project_ws/build/planning/prefix_override:/usr/lib/python3/dist-packages/colcon_core/task/python/colcon_distutils_commands:/home/nano/final_project_ws/install/planning/lib/python3.10/site-packages:/home/nano/final_project_ws/install/planning_interfaces/local/lib/python3.10/dist-packages:${PYTHONPATH} /usr/bin/python3 -W ignore:setup.py install is deprecated -W ignore:easy_install command is deprecated setup.py egg_info --egg-base ../../build/planning build --build-base /home/nano/final_project_ws/build/planning/build install --record /home/nano/final_project_ws/build/planning/install.log --single-version-externally-managed install_data
[1.787s] running egg_info
[1.787s] writing ../../build/planning/planning.egg-info/PKG-INFO
[1.790s] writing dependency_links to ../../build/planning/planning.egg-info/dependency_links.txt
[1.791s] writing entry points to ../../build/planning/planning.egg-info/entry_points.txt
[1.791s] writing requirements to ../../build/planning/planning.egg-info/requires.txt
[1.791s] writing top-level names to ../../build/planning/planning.egg-info/top_level.txt
[1.797s] reading manifest file '../../build/planning/planning.egg-info/SOURCES.txt'
[1.797s] adding license file 'LICENSE'
[1.799s] writing manifest file '../../build/planning/planning.egg-info/SOURCES.txt'
[1.799s] running build
[1.799s] running build_py
[1.801s] copying planning/simple_move.py -> /home/nano/final_project_ws/build/planning/build/lib/planning
[1.801s] copying planning/ik.py -> /home/nano/final_project_ws/build/planning/build/lib/planning
[1.801s] copying planning/pick_and_place.py -> /home/nano/final_project_ws/build/planning/build/lib/planning
[1.802s] running install
[1.802s] running install_lib
[1.804s] copying /home/nano/final_project_ws/build/planning/build/lib/planning/simple_move.py -> /home/nano/final_project_ws/install/planning/lib/python3.10/site-packages/planning
[1.804s] copying /home/nano/final_project_ws/build/planning/build/lib/planning/ik.py -> /home/nano/final_project_ws/install/planning/lib/python3.10/site-packages/planning
[1.805s] copying /home/nano/final_project_ws/build/planning/build/lib/planning/pick_and_place.py -> /home/nano/final_project_ws/install/planning/lib/python3.10/site-packages/planning
[1.806s] byte-compiling /home/nano/final_project_ws/install/planning/lib/python3.10/site-packages/planning/simple_move.py to simple_move.cpython-310.pyc
[1.808s] byte-compiling /home/nano/final_project_ws/install/planning/lib/python3.10/site-packages/planning/ik.py to ik.cpython-310.pyc
[1.809s] byte-compiling /home/nano/final_project_ws/install/planning/lib/python3.10/site-packages/planning/pick_and_place.py to pick_and_place.cpython-310.pyc
[1.812s] running install_data
[1.813s] copying package.xml -> /home/nano/final_project_ws/install/planning/share/planning
[1.814s] running install_egg_info
[1.818s] removing '/home/nano/final_project_ws/install/planning/lib/python3.10/site-packages/planning-0.0.0-py3.10.egg-info' (and everything under it)
[1.818s] Copying ../../build/planning/planning.egg-info to /home/nano/final_project_ws/install/planning/lib/python3.10/site-packages/planning-0.0.0-py3.10.egg-info
[1.821s] running install_scripts
[1.860s] Installing ik script to /home/nano/final_project_ws/install/planning/lib/planning
[1.861s] Installing pick_and_place script to /home/nano/final_project_ws/install/planning/lib/planning
[1.861s] Installing simple_move script to /home/nano/final_project_ws/install/planning/lib/planning
[1.861s] writing list of installed files to '/home/nano/final_project_ws/build/planning/install.log'
[1.931s] Invoked command in '/home/nano/final_project_ws/src/planning' returned '0': AMENT_PREFIX_PATH=/home/nano/final_project_ws/install/planning_interfaces:${AMENT_PREFIX_PATH} CMAKE_PREFIX_PATH=/home/nano/final_project_ws/install/planning_interfaces:${CMAKE_PREFIX_PATH} LD_LIBRARY_PATH=/home/nano/final_project_ws/install/planning_interfaces/lib:${LD_LIBRARY_PATH} PYTHONPATH=/home/nano/final_project_ws/build/planning/prefix_override:/usr/lib/python3/dist-packages/colcon_core/task/python/colcon_distutils_commands:/home/nano/final_project_ws/install/planning/lib/python3.10/site-packages:/home/nano/final_project_ws/install/planning_interfaces/local/lib/python3.10/dist-packages:${PYTHONPATH} /usr/bin/python3 -W ignore:setup.py install is deprecated -W ignore:easy_install command is deprecated setup.py egg_info --egg-base ../../build/planning build --build-base /home/nano/final_project_ws/build/planning/build install --record /home/nano/final_project_ws/build/planning/install.log --single-version-externally-managed install_data
