[2.960s] Invoking command in '/home/nano/final_project_ws/src/actuation': PYTHONPATH=/home/nano/final_project_ws/build/actuation/prefix_override:/usr/lib/python3/dist-packages/colcon_core/task/python/colcon_distutils_commands:/home/nano/final_project_ws/install/actuation/lib/python3.10/site-packages:${PYTHONPATH} /usr/bin/python3 -W ignore:setup.py install is deprecated -W ignore:easy_install command is deprecated setup.py egg_info --egg-base ../../build/actuation build --build-base /home/nano/final_project_ws/build/actuation/build install --record /home/nano/final_project_ws/build/actuation/install.log --single-version-externally-managed install_data
[3.511s] running egg_info
[3.512s] creating ../../build/actuation/actuation.egg-info
[3.512s] writing ../../build/actuation/actuation.egg-info/PKG-INFO
[3.513s] writing dependency_links to ../../build/actuation/actuation.egg-info/dependency_links.txt
[3.513s] writing entry points to ../../build/actuation/actuation.egg-info/entry_points.txt
[3.514s] writing requirements to ../../build/actuation/actuation.egg-info/requires.txt
[3.514s] writing top-level names to ../../build/actuation/actuation.egg-info/top_level.txt
[3.514s] writing manifest file '../../build/actuation/actuation.egg-info/SOURCES.txt'
[3.522s] reading manifest file '../../build/actuation/actuation.egg-info/SOURCES.txt'
[3.525s] writing manifest file '../../build/actuation/actuation.egg-info/SOURCES.txt'
[3.529s] running build
[3.529s] running build_py
[3.529s] creating /home/nano/final_project_ws/build/actuation/build
[3.529s] creating /home/nano/final_project_ws/build/actuation/build/lib
[3.529s] creating /home/nano/final_project_ws/build/actuation/build/lib/actuation
[3.530s] copying actuation/gripper_server.py -> /home/nano/final_project_ws/build/actuation/build/lib/actuation
[3.530s] copying actuation/__init__.py -> /home/nano/final_project_ws/build/actuation/build/lib/actuation
[3.530s] running install
[3.530s] running install_lib
[3.530s] creating /home/nano/final_project_ws/install/actuation/lib/python3.10/site-packages/actuation
[3.531s] copying /home/nano/final_project_ws/build/actuation/build/lib/actuation/gripper_server.py -> /home/nano/final_project_ws/install/actuation/lib/python3.10/site-packages/actuation
[3.531s] copying /home/nano/final_project_ws/build/actuation/build/lib/actuation/__init__.py -> /home/nano/final_project_ws/install/actuation/lib/python3.10/site-packages/actuation
[3.533s] byte-compiling /home/nano/final_project_ws/install/actuation/lib/python3.10/site-packages/actuation/gripper_server.py to gripper_server.cpython-310.pyc
[3.534s] byte-compiling /home/nano/final_project_ws/install/actuation/lib/python3.10/site-packages/actuation/__init__.py to __init__.cpython-310.pyc
[3.535s] running install_data
[3.535s] creating /home/nano/final_project_ws/install/actuation/share/ament_index
[3.535s] creating /home/nano/final_project_ws/install/actuation/share/ament_index/resource_index
[3.536s] creating /home/nano/final_project_ws/install/actuation/share/ament_index/resource_index/packages
[3.536s] copying resource/actuation -> /home/nano/final_project_ws/install/actuation/share/ament_index/resource_index/packages
[3.536s] copying package.xml -> /home/nano/final_project_ws/install/actuation/share/actuation
[3.536s] running install_egg_info
[3.543s] Copying ../../build/actuation/actuation.egg-info to /home/nano/final_project_ws/install/actuation/lib/python3.10/site-packages/actuation-0.0.0-py3.10.egg-info
[3.544s] running install_scripts
[3.595s] Installing gripper script to /home/nano/final_project_ws/install/actuation/lib/actuation
[3.596s] writing list of installed files to '/home/nano/final_project_ws/build/actuation/install.log'
[3.683s] Invoked command in '/home/nano/final_project_ws/src/actuation' returned '0': PYTHONPATH=/home/nano/final_project_ws/build/actuation/prefix_override:/usr/lib/python3/dist-packages/colcon_core/task/python/colcon_distutils_commands:/home/nano/final_project_ws/install/actuation/lib/python3.10/site-packages:${PYTHONPATH} /usr/bin/python3 -W ignore:setup.py install is deprecated -W ignore:easy_install command is deprecated setup.py egg_info --egg-base ../../build/actuation build --build-base /home/nano/final_project_ws/build/actuation/build install --record /home/nano/final_project_ws/build/actuation/install.log --single-version-externally-managed install_data
