[1.442s] Invoking command in '/home/nano/final_project_ws/src/planning': PYTHONPATH=/home/nano/final_project_ws/build/planning/prefix_override:/usr/lib/python3/dist-packages/colcon_core/task/python/colcon_distutils_commands:/home/nano/final_project_ws/install/planning/lib/python3.10/site-packages:${PYTHONPATH} /usr/bin/python3 -W ignore:setup.py install is deprecated -W ignore:easy_install command is deprecated setup.py egg_info --egg-base ../../build/planning build --build-base /home/nano/final_project_ws/build/planning/build install --record /home/nano/final_project_ws/build/planning/install.log --single-version-externally-managed install_data
[1.939s] running egg_info
[1.939s] writing ../../build/planning/planning.egg-info/PKG-INFO
[1.940s] writing dependency_links to ../../build/planning/planning.egg-info/dependency_links.txt
[1.941s] writing entry points to ../../build/planning/planning.egg-info/entry_points.txt
[1.941s] writing requirements to ../../build/planning/planning.egg-info/requires.txt
[1.941s] writing top-level names to ../../build/planning/planning.egg-info/top_level.txt
[1.948s] reading manifest file '../../build/planning/planning.egg-info/SOURCES.txt'
[1.948s] adding license file 'LICENSE'
[1.950s] writing manifest file '../../build/planning/planning.egg-info/SOURCES.txt'
[1.950s] running build
[1.950s] running build_py
[1.951s] running install
[1.951s] running install_lib
[1.954s] running install_data
[1.954s] running install_egg_info
[1.958s] removing '/home/nano/final_project_ws/install/planning/lib/python3.10/site-packages/planning-0.0.0-py3.10.egg-info' (and everything under it)
[1.959s] Copying ../../build/planning/planning.egg-info to /home/nano/final_project_ws/install/planning/lib/python3.10/site-packages/planning-0.0.0-py3.10.egg-info
[1.961s] running install_scripts
[2.001s] Installing pick_planner script to /home/nano/final_project_ws/install/planning/lib/planning
[2.001s] writing list of installed files to '/home/nano/final_project_ws/build/planning/install.log'
[2.082s] Invoked command in '/home/nano/final_project_ws/src/planning' returned '0': PYTHONPATH=/home/nano/final_project_ws/build/planning/prefix_override:/usr/lib/python3/dist-packages/colcon_core/task/python/colcon_distutils_commands:/home/nano/final_project_ws/install/planning/lib/python3.10/site-packages:${PYTHONPATH} /usr/bin/python3 -W ignore:setup.py install is deprecated -W ignore:easy_install command is deprecated setup.py egg_info --egg-base ../../build/planning build --build-base /home/nano/final_project_ws/build/planning/build install --record /home/nano/final_project_ws/build/planning/install.log --single-version-externally-managed install_data
