[1.729s] Invoking command in '/home/nano/final_project_ws/src/planning': PYTHONPATH=/home/nano/final_project_ws/build/planning/prefix_override:/usr/lib/python3/dist-packages/colcon_core/task/python/colcon_distutils_commands:/home/nano/final_project_ws/install/planning/lib/python3.10/site-packages:${PYTHONPATH} /usr/bin/python3 -W ignore:setup.py install is deprecated -W ignore:easy_install command is deprecated setup.py egg_info --egg-base ../../build/planning build --build-base /home/nano/final_project_ws/build/planning/build install --record /home/nano/final_project_ws/build/planning/install.log --single-version-externally-managed install_data
[2.216s] running egg_info
[2.217s] writing ../../build/planning/planning.egg-info/PKG-INFO
[2.217s] writing dependency_links to ../../build/planning/planning.egg-info/dependency_links.txt
[2.217s] writing entry points to ../../build/planning/planning.egg-info/entry_points.txt
[2.218s] writing requirements to ../../build/planning/planning.egg-info/requires.txt
[2.218s] writing top-level names to ../../build/planning/planning.egg-info/top_level.txt
[2.225s] reading manifest file '../../build/planning/planning.egg-info/SOURCES.txt'
[2.225s] adding license file 'LICENSE'
[2.226s] writing manifest file '../../build/planning/planning.egg-info/SOURCES.txt'
[2.227s] running build
[2.227s] running build_py
[2.227s] running install
[2.228s] running install_lib
[2.231s] running install_data
[2.231s] running install_egg_info
[2.235s] removing '/home/nano/final_project_ws/install/planning/lib/python3.10/site-packages/planning-0.0.0-py3.10.egg-info' (and everything under it)
[2.235s] Copying ../../build/planning/planning.egg-info to /home/nano/final_project_ws/install/planning/lib/python3.10/site-packages/planning-0.0.0-py3.10.egg-info
[2.238s] running install_scripts
[2.278s] Installing ik script to /home/nano/final_project_ws/install/planning/lib/planning
[2.279s] Installing pick_and_place script to /home/nano/final_project_ws/install/planning/lib/planning
[2.279s] Installing simple_move script to /home/nano/final_project_ws/install/planning/lib/planning
[2.280s] writing list of installed files to '/home/nano/final_project_ws/build/planning/install.log'
[2.361s] Invoked command in '/home/nano/final_project_ws/src/planning' returned '0': PYTHONPATH=/home/nano/final_project_ws/build/planning/prefix_override:/usr/lib/python3/dist-packages/colcon_core/task/python/colcon_distutils_commands:/home/nano/final_project_ws/install/planning/lib/python3.10/site-packages:${PYTHONPATH} /usr/bin/python3 -W ignore:setup.py install is deprecated -W ignore:easy_install command is deprecated setup.py egg_info --egg-base ../../build/planning build --build-base /home/nano/final_project_ws/build/planning/build install --record /home/nano/final_project_ws/build/planning/install.log --single-version-externally-managed install_data
