[2.591s] Invoking command in '/home/nano/final_project_ws/src/perception/realsense_cv': PYTHONPATH=/home/nano/final_project_ws/build/realsense_cv/prefix_override:/usr/lib/python3/dist-packages/colcon_core/task/python/colcon_distutils_commands:/home/nano/final_project_ws/install/realsense_cv/lib/python3.10/site-packages:${PYTHONPATH} /usr/bin/python3 -W ignore:setup.py install is deprecated -W ignore:easy_install command is deprecated setup.py egg_info --egg-base ../../../build/realsense_cv build --build-base /home/nano/final_project_ws/build/realsense_cv/build install --record /home/nano/final_project_ws/build/realsense_cv/install.log --single-version-externally-managed install_data
[3.139s] running egg_info
[3.177s] writing ../../../build/realsense_cv/realsense_cv.egg-info/PKG-INFO
[3.178s] writing dependency_links to ../../../build/realsense_cv/realsense_cv.egg-info/dependency_links.txt
[3.178s] writing entry points to ../../../build/realsense_cv/realsense_cv.egg-info/entry_points.txt
[3.179s] writing requirements to ../../../build/realsense_cv/realsense_cv.egg-info/requires.txt
[3.179s] writing top-level names to ../../../build/realsense_cv/realsense_cv.egg-info/top_level.txt
[3.256s] reading manifest file '../../../build/realsense_cv/realsense_cv.egg-info/SOURCES.txt'
[3.259s] writing manifest file '../../../build/realsense_cv/realsense_cv.egg-info/SOURCES.txt'
[3.260s] running build
[3.260s] running build_py
[3.261s] copying realsense_cv/edge_detect.py -> /home/nano/final_project_ws/build/realsense_cv/build/lib/realsense_cv
[3.261s] copying realsense_cv/hsv_tune.py -> /home/nano/final_project_ws/build/realsense_cv/build/lib/realsense_cv
[3.262s] copying realsense_cv/yolo_detect.py -> /home/nano/final_project_ws/build/realsense_cv/build/lib/realsense_cv
[3.263s] copying realsense_cv/__init__.py -> /home/nano/final_project_ws/build/realsense_cv/build/lib/realsense_cv
[3.263s] copying realsense_cv/marker_detect.py -> /home/nano/final_project_ws/build/realsense_cv/build/lib/realsense_cv
[3.264s] running install
[3.272s] running install_lib
[3.309s] copying /home/nano/final_project_ws/build/realsense_cv/build/lib/realsense_cv/yolo_detect.py -> /home/nano/final_project_ws/install/realsense_cv/lib/python3.10/site-packages/realsense_cv
[3.311s] byte-compiling /home/nano/final_project_ws/install/realsense_cv/lib/python3.10/site-packages/realsense_cv/yolo_detect.py to yolo_detect.cpython-310.pyc
[3.313s] running install_data
[3.314s] copying resource/realsense_cv -> /home/nano/final_project_ws/install/realsense_cv/share/ament_index/resource_index/packages
[3.314s] copying package.xml -> /home/nano/final_project_ws/install/realsense_cv/share/realsense_cv
[3.315s] running install_egg_info
[3.353s] removing '/home/nano/final_project_ws/install/realsense_cv/lib/python3.10/site-packages/realsense_cv-0.0.0-py3.10.egg-info' (and everything under it)
[3.354s] Copying ../../../build/realsense_cv/realsense_cv.egg-info to /home/nano/final_project_ws/install/realsense_cv/lib/python3.10/site-packages/realsense_cv-0.0.0-py3.10.egg-info
[3.356s] running install_scripts
[3.433s] Installing edge_node script to /home/nano/final_project_ws/install/realsense_cv/lib/realsense_cv
[3.434s] Installing hsv_tuning script to /home/nano/final_project_ws/install/realsense_cv/lib/realsense_cv
[3.434s] Installing marker_node script to /home/nano/final_project_ws/install/realsense_cv/lib/realsense_cv
[3.434s] Installing yolo_node script to /home/nano/final_project_ws/install/realsense_cv/lib/realsense_cv
[3.435s] writing list of installed files to '/home/nano/final_project_ws/build/realsense_cv/install.log'
[3.505s] Invoked command in '/home/nano/final_project_ws/src/perception/realsense_cv' returned '0': PYTHONPATH=/home/nano/final_project_ws/build/realsense_cv/prefix_override:/usr/lib/python3/dist-packages/colcon_core/task/python/colcon_distutils_commands:/home/nano/final_project_ws/install/realsense_cv/lib/python3.10/site-packages:${PYTHONPATH} /usr/bin/python3 -W ignore:setup.py install is deprecated -W ignore:easy_install command is deprecated setup.py egg_info --egg-base ../../../build/realsense_cv build --build-base /home/nano/final_project_ws/build/realsense_cv/build install --record /home/nano/final_project_ws/build/realsense_cv/install.log --single-version-externally-managed install_data
