[3.412s] Invoking command in '/home/nano/final_project_ws/src/actuation': PYTHONPATH=/home/nano/final_project_ws/build/actuation/prefix_override:/usr/lib/python3/dist-packages/colcon_core/task/python/colcon_distutils_commands:/home/nano/final_project_ws/install/actuation/lib/python3.10/site-packages:${PYTHONPATH} /usr/bin/python3 -W ignore:setup.py install is deprecated -W ignore:easy_install command is deprecated setup.py egg_info --egg-base ../../build/actuation build --build-base /home/nano/final_project_ws/build/actuation/build install --record /home/nano/final_project_ws/build/actuation/install.log --single-version-externally-managed install_data
[4.115s] running egg_info
[4.154s] writing ../../build/actuation/actuation.egg-info/PKG-INFO
[4.155s] writing dependency_links to ../../build/actuation/actuation.egg-info/dependency_links.txt
[4.156s] writing entry points to ../../build/actuation/actuation.egg-info/entry_points.txt
[4.156s] writing requirements to ../../build/actuation/actuation.egg-info/requires.txt
[4.157s] writing top-level names to ../../build/actuation/actuation.egg-info/top_level.txt
[4.237s] reading manifest file '../../build/actuation/actuation.egg-info/SOURCES.txt'
[4.240s] writing manifest file '../../build/actuation/actuation.egg-info/SOURCES.txt'
[4.240s] running build
[4.240s] running build_py
[4.241s] copying actuation/gripper_server.py -> /home/nano/final_project_ws/build/actuation/build/lib/actuation
[4.241s] copying actuation/__init__.py -> /home/nano/final_project_ws/build/actuation/build/lib/actuation
[4.242s] running install
[4.251s] running install_lib
[4.292s] running install_data
[4.292s] copying resource/actuation -> /home/nano/final_project_ws/install/actuation/share/ament_index/resource_index/packages
[4.292s] copying package.xml -> /home/nano/final_project_ws/install/actuation/share/actuation
[4.293s] running install_egg_info
[4.333s] removing '/home/nano/final_project_ws/install/actuation/lib/python3.10/site-packages/actuation-0.0.0-py3.10.egg-info' (and everything under it)
[4.336s] Copying ../../build/actuation/actuation.egg-info to /home/nano/final_project_ws/install/actuation/lib/python3.10/site-packages/actuation-0.0.0-py3.10.egg-info
[4.336s] running install_scripts
[4.415s] Installing gripper script to /home/nano/final_project_ws/install/actuation/lib/actuation
[4.416s] writing list of installed files to '/home/nano/final_project_ws/build/actuation/install.log'
[4.488s] Invoked command in '/home/nano/final_project_ws/src/actuation' returned '0': PYTHONPATH=/home/nano/final_project_ws/build/actuation/prefix_override:/usr/lib/python3/dist-packages/colcon_core/task/python/colcon_distutils_commands:/home/nano/final_project_ws/install/actuation/lib/python3.10/site-packages:${PYTHONPATH} /usr/bin/python3 -W ignore:setup.py install is deprecated -W ignore:easy_install command is deprecated setup.py egg_info --egg-base ../../build/actuation build --build-base /home/nano/final_project_ws/build/actuation/build install --record /home/nano/final_project_ws/build/actuation/install.log --single-version-externally-managed install_data
