running egg_info
writing ../../build/planning/planning.egg-info/PKG-INFO
writing dependency_links to ../../build/planning/planning.egg-info/dependency_links.txt
writing entry points to ../../build/planning/planning.egg-info/entry_points.txt
writing requirements to ../../build/planning/planning.egg-info/requires.txt
writing top-level names to ../../build/planning/planning.egg-info/top_level.txt
reading manifest file '../../build/planning/planning.egg-info/SOURCES.txt'
adding license file 'LICENSE'
writing manifest file '../../build/planning/planning.egg-info/SOURCES.txt'
running build
running build_py
running install
running install_lib
running install_data
running install_egg_info
removing '/home/nano/final_project_ws/install/planning/lib/python3.10/site-packages/planning-0.0.0-py3.10.egg-info' (and everything under it)
Copying ../../build/planning/planning.egg-info to /home/nano/final_project_ws/install/planning/lib/python3.10/site-packages/planning-0.0.0-py3.10.egg-info
running install_scripts
Installing ik script to /home/nano/final_project_ws/install/planning/lib/planning
Installing pick_and_place script to /home/nano/final_project_ws/install/planning/lib/planning
Installing simple_move script to /home/nano/final_project_ws/install/planning/lib/planning
writing list of installed files to '/home/nano/final_project_ws/build/planning/install.log'
