[2.258s] Invoking command in '/home/nano/final_project_ws/src/actuation': PYTHONPATH=/home/nano/final_project_ws/build/actuation/prefix_override:/usr/lib/python3/dist-packages/colcon_core/task/python/colcon_distutils_commands:/home/nano/final_project_ws/install/actuation/lib/python3.10/site-packages:${PYTHONPATH} /usr/bin/python3 -W ignore:setup.py install is deprecated -W ignore:easy_install command is deprecated setup.py egg_info --egg-base ../../build/actuation build --build-base /home/nano/final_project_ws/build/actuation/build install --record /home/nano/final_project_ws/build/actuation/install.log --single-version-externally-managed install_data
[2.811s] running egg_info
[2.849s] writing ../../build/actuation/actuation.egg-info/PKG-INFO
[2.852s] writing dependency_links to ../../build/actuation/actuation.egg-info/dependency_links.txt
[2.853s] writing entry points to ../../build/actuation/actuation.egg-info/entry_points.txt
[2.854s] writing requirements to ../../build/actuation/actuation.egg-info/requires.txt
[2.854s] writing top-level names to ../../build/actuation/actuation.egg-info/top_level.txt
[2.932s] reading manifest file '../../build/actuation/actuation.egg-info/SOURCES.txt'
[2.936s] writing manifest file '../../build/actuation/actuation.egg-info/SOURCES.txt'
[2.936s] running build
[2.937s] running build_py
[2.938s] copying actuation/gripper_server.py -> /home/nano/final_project_ws/build/actuation/build/lib/actuation
[2.939s] copying actuation/__init__.py -> /home/nano/final_project_ws/build/actuation/build/lib/actuation
[2.940s] running install
[2.948s] running install_lib
[2.990s] running install_data
[2.991s] copying resource/actuation -> /home/nano/final_project_ws/install/actuation/share/ament_index/resource_index/packages
[2.991s] copying package.xml -> /home/nano/final_project_ws/install/actuation/share/actuation
[2.991s] running install_egg_info
[3.032s] removing '/home/nano/final_project_ws/install/actuation/lib/python3.10/site-packages/actuation-0.0.0-py3.10.egg-info' (and everything under it)
[3.032s] Copying ../../build/actuation/actuation.egg-info to /home/nano/final_project_ws/install/actuation/lib/python3.10/site-packages/actuation-0.0.0-py3.10.egg-info
[3.036s] running install_scripts
[3.113s] Installing gripper script to /home/nano/final_project_ws/install/actuation/lib/actuation
[3.115s] writing list of installed files to '/home/nano/final_project_ws/build/actuation/install.log'
[3.203s] Invoked command in '/home/nano/final_project_ws/src/actuation' returned '0': PYTHONPATH=/home/nano/final_project_ws/build/actuation/prefix_override:/usr/lib/python3/dist-packages/colcon_core/task/python/colcon_distutils_commands:/home/nano/final_project_ws/install/actuation/lib/python3.10/site-packages:${PYTHONPATH} /usr/bin/python3 -W ignore:setup.py install is deprecated -W ignore:easy_install command is deprecated setup.py egg_info --egg-base ../../build/actuation build --build-base /home/nano/final_project_ws/build/actuation/build install --record /home/nano/final_project_ws/build/actuation/install.log --single-version-externally-managed install_data
