[1.265s] Invoking command in '/home/nano/final_project_ws/src/planning': PYTHONPATH=/home/nano/final_project_ws/build/planning/prefix_override:/usr/lib/python3/dist-packages/colcon_core/task/python/colcon_distutils_commands:/home/nano/final_project_ws/install/planning/lib/python3.10/site-packages:${PYTHONPATH} /usr/bin/python3 -W ignore:setup.py install is deprecated -W ignore:easy_install command is deprecated setup.py egg_info --egg-base ../../build/planning build --build-base /home/nano/final_project_ws/build/planning/build install --record /home/nano/final_project_ws/build/planning/install.log --single-version-externally-managed install_data
[1.741s] running egg_info
[1.741s] writing ../../build/planning/planning.egg-info/PKG-INFO
[1.742s] writing dependency_links to ../../build/planning/planning.egg-info/dependency_links.txt
[1.742s] writing entry points to ../../build/planning/planning.egg-info/entry_points.txt
[1.743s] writing requirements to ../../build/planning/planning.egg-info/requires.txt
[1.743s] writing top-level names to ../../build/planning/planning.egg-info/top_level.txt
[1.748s] reading manifest file '../../build/planning/planning.egg-info/SOURCES.txt'
[1.748s] adding license file 'LICENSE'
[1.749s] writing manifest file '../../build/planning/planning.egg-info/SOURCES.txt'
[1.750s] running build
[1.750s] running build_py
[1.750s] copying planning/pick_planner.py -> /home/nano/final_project_ws/build/planning/build/lib/planning
[1.751s] running install
[1.751s] running install_lib
[1.753s] copying /home/nano/final_project_ws/build/planning/build/lib/planning/pick_planner.py -> /home/nano/final_project_ws/install/planning/lib/python3.10/site-packages/planning
[1.754s] byte-compiling /home/nano/final_project_ws/install/planning/lib/python3.10/site-packages/planning/pick_planner.py to pick_planner.cpython-310.pyc
[1.757s] running install_data
[1.757s] copying package.xml -> /home/nano/final_project_ws/install/planning/share/planning
[1.757s] copying launch/pick_planner.launch.py -> /home/nano/final_project_ws/install/planning/share/planning/launch
[1.757s] running install_egg_info
[1.761s] removing '/home/nano/final_project_ws/install/planning/lib/python3.10/site-packages/planning-0.0.0-py3.10.egg-info' (and everything under it)
[1.761s] Copying ../../build/planning/planning.egg-info to /home/nano/final_project_ws/install/planning/lib/python3.10/site-packages/planning-0.0.0-py3.10.egg-info
[1.763s] running install_scripts
[1.800s] Installing pick_planner script to /home/nano/final_project_ws/install/planning/lib/planning
[1.801s] writing list of installed files to '/home/nano/final_project_ws/build/planning/install.log'
[1.866s] Invoked command in '/home/nano/final_project_ws/src/planning' returned '0': PYTHONPATH=/home/nano/final_project_ws/build/planning/prefix_override:/usr/lib/python3/dist-packages/colcon_core/task/python/colcon_distutils_commands:/home/nano/final_project_ws/install/planning/lib/python3.10/site-packages:${PYTHONPATH} /usr/bin/python3 -W ignore:setup.py install is deprecated -W ignore:easy_install command is deprecated setup.py egg_info --egg-base ../../build/planning build --build-base /home/nano/final_project_ws/build/planning/build install --record /home/nano/final_project_ws/build/planning/install.log --single-version-externally-managed install_data
