[1.665s] Invoking command in '/home/nano/final_project_ws/src/planning': PYTHONPATH=/home/nano/final_project_ws/build/planning/prefix_override:/usr/lib/python3/dist-packages/colcon_core/task/python/colcon_distutils_commands:/home/nano/final_project_ws/install/planning/lib/python3.10/site-packages:${PYTHONPATH} /usr/bin/python3 -W ignore:setup.py install is deprecated -W ignore:easy_install command is deprecated setup.py egg_info --egg-base ../../build/planning build --build-base /home/nano/final_project_ws/build/planning/build install --record /home/nano/final_project_ws/build/planning/install.log --single-version-externally-managed install_data
[2.125s] running egg_info
[2.125s] creating ../../build/planning/planning.egg-info
[2.126s] writing ../../build/planning/planning.egg-info/PKG-INFO
[2.126s] writing dependency_links to ../../build/planning/planning.egg-info/dependency_links.txt
[2.126s] writing entry points to ../../build/planning/planning.egg-info/entry_points.txt
[2.127s] writing requirements to ../../build/planning/planning.egg-info/requires.txt
[2.127s] writing top-level names to ../../build/planning/planning.egg-info/top_level.txt
[2.127s] writing manifest file '../../build/planning/planning.egg-info/SOURCES.txt'
[2.130s] reading manifest file '../../build/planning/planning.egg-info/SOURCES.txt'
[2.131s] adding license file 'LICENSE'
[2.131s] writing manifest file '../../build/planning/planning.egg-info/SOURCES.txt'
[2.132s] running build
[2.132s] running build_py
[2.132s] creating /home/nano/final_project_ws/build/planning/build
[2.132s] creating /home/nano/final_project_ws/build/planning/build/lib
[2.133s] creating /home/nano/final_project_ws/build/planning/build/lib/planning
[2.133s] copying planning/pick_planner.py -> /home/nano/final_project_ws/build/planning/build/lib/planning
[2.133s] copying planning/__init__.py -> /home/nano/final_project_ws/build/planning/build/lib/planning
[2.133s] running install
[2.134s] running install_lib
[2.135s] creating /home/nano/final_project_ws/install/planning/lib/python3.10/site-packages/planning
[2.135s] copying /home/nano/final_project_ws/build/planning/build/lib/planning/pick_planner.py -> /home/nano/final_project_ws/install/planning/lib/python3.10/site-packages/planning
[2.135s] copying /home/nano/final_project_ws/build/planning/build/lib/planning/__init__.py -> /home/nano/final_project_ws/install/planning/lib/python3.10/site-packages/planning
[2.136s] byte-compiling /home/nano/final_project_ws/install/planning/lib/python3.10/site-packages/planning/pick_planner.py to pick_planner.cpython-310.pyc
[2.139s] byte-compiling /home/nano/final_project_ws/install/planning/lib/python3.10/site-packages/planning/__init__.py to __init__.cpython-310.pyc
[2.139s] running install_data
[2.139s] creating /home/nano/final_project_ws/install/planning/share/ament_index
[2.139s] creating /home/nano/final_project_ws/install/planning/share/ament_index/resource_index
[2.139s] creating /home/nano/final_project_ws/install/planning/share/ament_index/resource_index/packages
[2.140s] copying resource/planning -> /home/nano/final_project_ws/install/planning/share/ament_index/resource_index/packages
[2.140s] copying package.xml -> /home/nano/final_project_ws/install/planning/share/planning
[2.140s] creating /home/nano/final_project_ws/install/planning/share/planning/launch
[2.140s] copying launch/pick_planner.launch.py -> /home/nano/final_project_ws/install/planning/share/planning/launch
[2.140s] running install_egg_info
[2.145s] Copying ../../build/planning/planning.egg-info to /home/nano/final_project_ws/install/planning/lib/python3.10/site-packages/planning-0.0.0-py3.10.egg-info
[2.147s] running install_scripts
[2.184s] Installing pick_planner script to /home/nano/final_project_ws/install/planning/lib/planning
[2.185s] writing list of installed files to '/home/nano/final_project_ws/build/planning/install.log'
[2.252s] Invoked command in '/home/nano/final_project_ws/src/planning' returned '0': PYTHONPATH=/home/nano/final_project_ws/build/planning/prefix_override:/usr/lib/python3/dist-packages/colcon_core/task/python/colcon_distutils_commands:/home/nano/final_project_ws/install/planning/lib/python3.10/site-packages:${PYTHONPATH} /usr/bin/python3 -W ignore:setup.py install is deprecated -W ignore:easy_install command is deprecated setup.py egg_info --egg-base ../../build/planning build --build-base /home/nano/final_project_ws/build/planning/build install --record /home/nano/final_project_ws/build/planning/install.log --single-version-externally-managed install_data
