[1.869s] Invoking command in '/home/nano/final_project_ws/src/perception/realsense_cv': PYTHONPATH=/home/nano/final_project_ws/build/realsense_cv/prefix_override:/usr/lib/python3/dist-packages/colcon_core/task/python/colcon_distutils_commands:/home/nano/final_project_ws/install/realsense_cv/lib/python3.10/site-packages:${PYTHONPATH} /usr/bin/python3 -W ignore:setup.py install is deprecated -W ignore:easy_install command is deprecated setup.py egg_info --egg-base ../../../build/realsense_cv build --build-base /home/nano/final_project_ws/build/realsense_cv/build install --record /home/nano/final_project_ws/build/realsense_cv/install.log --single-version-externally-managed install_data
[2.450s] running egg_info
[2.452s] writing ../../../build/realsense_cv/realsense_cv.egg-info/PKG-INFO
[2.453s] writing dependency_links to ../../../build/realsense_cv/realsense_cv.egg-info/dependency_links.txt
[2.454s] writing entry points to ../../../build/realsense_cv/realsense_cv.egg-info/entry_points.txt
[2.454s] writing requirements to ../../../build/realsense_cv/realsense_cv.egg-info/requires.txt
[2.454s] writing top-level names to ../../../build/realsense_cv/realsense_cv.egg-info/top_level.txt
[2.458s] reading manifest file '../../../build/realsense_cv/realsense_cv.egg-info/SOURCES.txt'
[2.460s] writing manifest file '../../../build/realsense_cv/realsense_cv.egg-info/SOURCES.txt'
[2.460s] running build
[2.460s] running build_py
[2.462s] running install
[2.463s] running install_lib
[2.469s] running install_data
[2.469s] running install_egg_info
[2.473s] removing '/home/nano/final_project_ws/install/realsense_cv/lib/python3.10/site-packages/realsense_cv-0.0.0-py3.10.egg-info' (and everything under it)
[2.473s] Copying ../../../build/realsense_cv/realsense_cv.egg-info to /home/nano/final_project_ws/install/realsense_cv/lib/python3.10/site-packages/realsense_cv-0.0.0-py3.10.egg-info
[2.476s] running install_scripts
[2.515s] Installing edge_node script to /home/nano/final_project_ws/install/realsense_cv/lib/realsense_cv
[2.516s] Installing hsv_tuning script to /home/nano/final_project_ws/install/realsense_cv/lib/realsense_cv
[2.516s] Installing marker_node script to /home/nano/final_project_ws/install/realsense_cv/lib/realsense_cv
[2.517s] writing list of installed files to '/home/nano/final_project_ws/build/realsense_cv/install.log'
[2.591s] Invoked command in '/home/nano/final_project_ws/src/perception/realsense_cv' returned '0': PYTHONPATH=/home/nano/final_project_ws/build/realsense_cv/prefix_override:/usr/lib/python3/dist-packages/colcon_core/task/python/colcon_distutils_commands:/home/nano/final_project_ws/install/realsense_cv/lib/python3.10/site-packages:${PYTHONPATH} /usr/bin/python3 -W ignore:setup.py install is deprecated -W ignore:easy_install command is deprecated setup.py egg_info --egg-base ../../../build/realsense_cv build --build-base /home/nano/final_project_ws/build/realsense_cv/build install --record /home/nano/final_project_ws/build/realsense_cv/install.log --single-version-externally-managed install_data
