-- Found ament_cmake: 1.3.12 (/opt/ros/humble/share/ament_cmake/cmake)
-- Found rosidl_default_generators: 1.2.0 (/opt/ros/humble/share/rosidl_default_generators/cmake)
-- Using all available rosidl_typesupport_c: rosidl_typesupport_fastrtps_c;rosidl_typesupport_introspection_c
-- Found rosidl_adapter: 3.1.7 (/opt/ros/humble/share/rosidl_adapter/cmake)
-- Using all available rosidl_typesupport_cpp: rosidl_typesupport_fastrtps_cpp;rosidl_typesupport_introspection_cpp
-- Found geometry_msgs: 4.9.0 (/opt/ros/humble/share/geometry_msgs/cmake)
-- Found ament_cmake_ros: 0.10.0 (/opt/ros/humble/share/ament_cmake_ros/cmake)
-- Using all available rosidl_typesupport_c: rosidl_typesupport_fastrtps_c;rosidl_typesupport_introspection_c
-- Using all available rosidl_typesupport_cpp: rosidl_typesupport_fastrtps_cpp;rosidl_typesupport_introspection_cpp
-- Found python_cmake_module: 0.10.0 (/opt/ros/humble/share/python_cmake_module/cmake)
-- Using PYTHON_EXECUTABLE: /usr/bin/python3
-- Using PYTHON_INCLUDE_DIRS: /usr/include/python3.10
-- Using PYTHON_LIBRARIES: /usr/lib/aarch64-linux-gnu/libpython3.10.so
-- Found ament_lint_auto: 0.12.14 (/opt/ros/humble/share/ament_lint_auto/cmake)
-- Added test 'copyright' to check source files copyright and LICENSE
-- Added test 'lint_cmake' to check CMake code style
-- Added test 'xmllint' to check XML markup files
-- Configuring done
-- Generating done
-- Build files have been written to: /home/nano/final_project_ws/build/planning_interfaces
[  2%] [34m[1mGenerating C code for ROS interfaces[0m
[  5%] [34m[1mGenerating C++ code for ROS interfaces[0m
[  5%] Built target ament_cmake_python_copy_planning_interfaces
running egg_info
writing planning_interfaces.egg-info/PKG-INFO
writing dependency_links to planning_interfaces.egg-info/dependency_links.txt
writing top-level names to planning_interfaces.egg-info/top_level.txt
reading manifest file 'planning_interfaces.egg-info/SOURCES.txt'
writing manifest file 'planning_interfaces.egg-info/SOURCES.txt'
[35m[1mConsolidate compiler generated dependencies of target planning_interfaces__rosidl_generator_c[0m
[ 10%] [32mBuilding C object CMakeFiles/planning_interfaces__rosidl_generator_c.dir/rosidl_generator_c/planning_interfaces/srv/detail/move_to_target__functions.c.o[0m
[ 10%] [32mBuilding C object CMakeFiles/planning_interfaces__rosidl_generator_c.dir/rosidl_generator_c/planning_interfaces/srv/detail/pick_place_service__functions.c.o[0m
[ 10%] Built target planning_interfaces__cpp
[ 12%] Built target ament_cmake_python_build_planning_interfaces_egg
[ 15%] [34m[1mGenerating C++ type support dispatch for ROS interfaces[0m
[ 15%] [34m[1mGenerating C++ introspection for ROS interfaces[0m
[ 17%] [34m[1mGenerating C++ type support for eProsima Fast-RTPS[0m
[35m[1mConsolidate compiler generated dependencies of target planning_interfaces__rosidl_typesupport_cpp[0m
[ 20%] [32m[1mLinking C shared library libplanning_interfaces__rosidl_generator_c.so[0m
[ 25%] [32mBuilding CXX object CMakeFiles/planning_interfaces__rosidl_typesupport_cpp.dir/rosidl_typesupport_cpp/planning_interfaces/srv/move_to_target__type_support.cpp.o[0m
[ 25%] [32mBuilding CXX object CMakeFiles/planning_interfaces__rosidl_typesupport_cpp.dir/rosidl_typesupport_cpp/planning_interfaces/srv/pick_place_service__type_support.cpp.o[0m
[35m[1mConsolidate compiler generated dependencies of target planning_interfaces__rosidl_typesupport_fastrtps_cpp[0m
[35m[1mConsolidate compiler generated dependencies of target planning_interfaces__rosidl_typesupport_introspection_cpp[0m
[ 28%] [32mBuilding CXX object CMakeFiles/planning_interfaces__rosidl_typesupport_introspection_cpp.dir/rosidl_typesupport_introspection_cpp/planning_interfaces/srv/detail/move_to_target__type_support.cpp.o[0m
[ 30%] [32mBuilding CXX object CMakeFiles/planning_interfaces__rosidl_typesupport_introspection_cpp.dir/rosidl_typesupport_introspection_cpp/planning_interfaces/srv/detail/pick_place_service__type_support.cpp.o[0m
[ 33%] [32mBuilding CXX object CMakeFiles/planning_interfaces__rosidl_typesupport_fastrtps_cpp.dir/rosidl_typesupport_fastrtps_cpp/planning_interfaces/srv/detail/dds_fastrtps/pick_place_service__type_support.cpp.o[0m
[ 33%] Built target planning_interfaces__rosidl_generator_c
[ 35%] [32mBuilding CXX object CMakeFiles/planning_interfaces__rosidl_typesupport_fastrtps_cpp.dir/rosidl_typesupport_fastrtps_cpp/planning_interfaces/srv/detail/dds_fastrtps/move_to_target__type_support.cpp.o[0m
[ 38%] [32m[1mLinking CXX shared library libplanning_interfaces__rosidl_typesupport_cpp.so[0m
[ 41%] [34m[1mGenerating C type support for eProsima Fast-RTPS[0m
[ 41%] Built target planning_interfaces__rosidl_typesupport_cpp
[ 43%] [34m[1mGenerating C introspection for ROS interfaces[0m
[ 48%] [34m[1mGenerating C type support dispatch for ROS interfaces[0m
[ 48%] [32m[1mLinking CXX shared library libplanning_interfaces__rosidl_typesupport_introspection_cpp.so[0m
[ 51%] [32m[1mLinking CXX shared library libplanning_interfaces__rosidl_typesupport_fastrtps_cpp.so[0m
[ 51%] Built target planning_interfaces__rosidl_typesupport_introspection_cpp
[ 51%] Built target planning_interfaces__rosidl_typesupport_fastrtps_cpp
[35m[1mConsolidate compiler generated dependencies of target planning_interfaces__rosidl_typesupport_fastrtps_c[0m
[ 56%] [32mBuilding CXX object CMakeFiles/planning_interfaces__rosidl_typesupport_fastrtps_c.dir/rosidl_typesupport_fastrtps_c/planning_interfaces/srv/detail/pick_place_service__type_support_c.cpp.o[0m
[ 56%] [32mBuilding CXX object CMakeFiles/planning_interfaces__rosidl_typesupport_fastrtps_c.dir/rosidl_typesupport_fastrtps_c/planning_interfaces/srv/detail/move_to_target__type_support_c.cpp.o[0m
[35m[1mConsolidate compiler generated dependencies of target planning_interfaces__rosidl_typesupport_introspection_c[0m
[ 61%] [32mBuilding C object CMakeFiles/planning_interfaces__rosidl_typesupport_introspection_c.dir/rosidl_typesupport_introspection_c/planning_interfaces/srv/detail/move_to_target__type_support.c.o[0m
[ 61%] [32mBuilding C object CMakeFiles/planning_interfaces__rosidl_typesupport_introspection_c.dir/rosidl_typesupport_introspection_c/planning_interfaces/srv/detail/pick_place_service__type_support.c.o[0m
[35m[1mConsolidate compiler generated dependencies of target planning_interfaces__rosidl_typesupport_c[0m
[ 64%] [32m[1mLinking C shared library libplanning_interfaces__rosidl_typesupport_introspection_c.so[0m
[ 69%] [32mBuilding CXX object CMakeFiles/planning_interfaces__rosidl_typesupport_c.dir/rosidl_typesupport_c/planning_interfaces/srv/pick_place_service__type_support.cpp.o[0m
[ 69%] [32mBuilding CXX object CMakeFiles/planning_interfaces__rosidl_typesupport_c.dir/rosidl_typesupport_c/planning_interfaces/srv/move_to_target__type_support.cpp.o[0m
[ 69%] Built target planning_interfaces__rosidl_typesupport_introspection_c
[ 71%] [32m[1mLinking CXX shared library libplanning_interfaces__rosidl_typesupport_c.so[0m
[ 71%] Built target planning_interfaces__rosidl_typesupport_c
[ 74%] [32m[1mLinking CXX shared library libplanning_interfaces__rosidl_typesupport_fastrtps_c.so[0m
[ 74%] Built target planning_interfaces__rosidl_typesupport_fastrtps_c
[ 74%] Built target planning_interfaces
[ 76%] [34m[1mGenerating Python code for ROS interfaces[0m
[ 76%] Built target planning_interfaces__py
[35m[1mConsolidate compiler generated dependencies of target planning_interfaces__rosidl_generator_py[0m
[ 82%] [32mBuilding C object CMakeFiles/planning_interfaces__rosidl_generator_py.dir/rosidl_generator_py/planning_interfaces/srv/_move_to_target_s.c.o[0m
[ 82%] [32mBuilding C object CMakeFiles/planning_interfaces__rosidl_generator_py.dir/rosidl_generator_py/planning_interfaces/srv/_pick_place_service_s.c.o[0m
[ 84%] [32m[1mLinking C shared library rosidl_generator_py/planning_interfaces/libplanning_interfaces__rosidl_generator_py.so[0m
[ 84%] Built target planning_interfaces__rosidl_generator_py
[35m[1mConsolidate compiler generated dependencies of target planning_interfaces__rosidl_typesupport_introspection_c__pyext[0m
[35m[1mConsolidate compiler generated dependencies of target planning_interfaces__rosidl_typesupport_c__pyext[0m
[35m[1mConsolidate compiler generated dependencies of target planning_interfaces__rosidl_typesupport_fastrtps_c__pyext[0m
[ 89%] [32mBuilding C object CMakeFiles/planning_interfaces__rosidl_typesupport_c__pyext.dir/rosidl_generator_py/planning_interfaces/_planning_interfaces_s.ep.rosidl_typesupport_c.c.o[0m
[ 89%] [32mBuilding C object CMakeFiles/planning_interfaces__rosidl_typesupport_fastrtps_c__pyext.dir/rosidl_generator_py/planning_interfaces/_planning_interfaces_s.ep.rosidl_typesupport_fastrtps_c.c.o[0m
[ 92%] [32mBuilding C object CMakeFiles/planning_interfaces__rosidl_typesupport_introspection_c__pyext.dir/rosidl_generator_py/planning_interfaces/_planning_interfaces_s.ep.rosidl_typesupport_introspection_c.c.o[0m
[ 97%] [32m[1mLinking C shared library rosidl_generator_py/planning_interfaces/planning_interfaces_s__rosidl_typesupport_fastrtps_c.cpython-310-aarch64-linux-gnu.so[0m
[ 97%] [32m[1mLinking C shared library rosidl_generator_py/planning_interfaces/planning_interfaces_s__rosidl_typesupport_introspection_c.cpython-310-aarch64-linux-gnu.so[0m
[100%] [32m[1mLinking C shared library rosidl_generator_py/planning_interfaces/planning_interfaces_s__rosidl_typesupport_c.cpython-310-aarch64-linux-gnu.so[0m
[100%] Built target planning_interfaces__rosidl_typesupport_introspection_c__pyext
[100%] Built target planning_interfaces__rosidl_typesupport_fastrtps_c__pyext
[100%] Built target planning_interfaces__rosidl_typesupport_c__pyext
-- Install configuration: ""
-- Installing: /home/nano/final_project_ws/install/planning_interfaces/share/ament_index/resource_index/rosidl_interfaces/planning_interfaces
-- Up-to-date: /home/nano/final_project_ws/install/planning_interfaces/include/planning_interfaces/planning_interfaces
-- Up-to-date: /home/nano/final_project_ws/install/planning_interfaces/include/planning_interfaces/planning_interfaces/msg
-- Up-to-date: /home/nano/final_project_ws/install/planning_interfaces/include/planning_interfaces/planning_interfaces/msg/rosidl_generator_c__visibility_control.h
-- Up-to-date: /home/nano/final_project_ws/install/planning_interfaces/include/planning_interfaces/planning_interfaces/srv
-- Up-to-date: /home/nano/final_project_ws/install/planning_interfaces/include/planning_interfaces/planning_interfaces/srv/detail
-- Installing: /home/nano/final_project_ws/install/planning_interfaces/include/planning_interfaces/planning_interfaces/srv/detail/pick_place_service__functions.c
-- Installing: /home/nano/final_project_ws/install/planning_interfaces/include/planning_interfaces/planning_interfaces/srv/detail/pick_place_service__functions.h
-- Installing: /home/nano/final_project_ws/install/planning_interfaces/include/planning_interfaces/planning_interfaces/srv/detail/pick_place_service__type_support.h
-- Installing: /home/nano/final_project_ws/install/planning_interfaces/include/planning_interfaces/planning_interfaces/srv/detail/move_to_target__type_support.h
-- Installing: /home/nano/final_project_ws/install/planning_interfaces/include/planning_interfaces/planning_interfaces/srv/detail/move_to_target__functions.h
-- Installing: /home/nano/final_project_ws/install/planning_interfaces/include/planning_interfaces/planning_interfaces/srv/detail/pick_place_service__struct.h
-- Installing: /home/nano/final_project_ws/install/planning_interfaces/include/planning_interfaces/planning_interfaces/srv/detail/move_to_target__struct.h
-- Installing: /home/nano/final_project_ws/install/planning_interfaces/include/planning_interfaces/planning_interfaces/srv/detail/move_to_target__functions.c
-- Installing: /home/nano/final_project_ws/install/planning_interfaces/include/planning_interfaces/planning_interfaces/srv/move_to_target.h
-- Installing: /home/nano/final_project_ws/install/planning_interfaces/include/planning_interfaces/planning_interfaces/srv/pick_place_service.h
-- Up-to-date: /home/nano/final_project_ws/install/planning_interfaces/share/planning_interfaces/environment/library_path.sh
-- Installing: /home/nano/final_project_ws/install/planning_interfaces/share/planning_interfaces/environment/library_path.dsv
-- Installing: /home/nano/final_project_ws/install/planning_interfaces/lib/libplanning_interfaces__rosidl_generator_c.so
-- Set runtime path of "/home/nano/final_project_ws/install/planning_interfaces/lib/libplanning_interfaces__rosidl_generator_c.so" to ""
-- Up-to-date: /home/nano/final_project_ws/install/planning_interfaces/include/planning_interfaces/planning_interfaces
-- Up-to-date: /home/nano/final_project_ws/install/planning_interfaces/include/planning_interfaces/planning_interfaces/msg
-- Up-to-date: /home/nano/final_project_ws/install/planning_interfaces/include/planning_interfaces/planning_interfaces/msg/rosidl_typesupport_fastrtps_c__visibility_control.h
-- Up-to-date: /home/nano/final_project_ws/install/planning_interfaces/include/planning_interfaces/planning_interfaces/srv
-- Up-to-date: /home/nano/final_project_ws/install/planning_interfaces/include/planning_interfaces/planning_interfaces/srv/detail
-- Installing: /home/nano/final_project_ws/install/planning_interfaces/include/planning_interfaces/planning_interfaces/srv/detail/move_to_target__rosidl_typesupport_fastrtps_c.h
-- Installing: /home/nano/final_project_ws/install/planning_interfaces/include/planning_interfaces/planning_interfaces/srv/detail/pick_place_service__rosidl_typesupport_fastrtps_c.h
-- Installing: /home/nano/final_project_ws/install/planning_interfaces/lib/libplanning_interfaces__rosidl_typesupport_fastrtps_c.so
-- Set runtime path of "/home/nano/final_project_ws/install/planning_interfaces/lib/libplanning_interfaces__rosidl_typesupport_fastrtps_c.so" to ""
-- Up-to-date: /home/nano/final_project_ws/install/planning_interfaces/include/planning_interfaces/planning_interfaces
-- Up-to-date: /home/nano/final_project_ws/install/planning_interfaces/include/planning_interfaces/planning_interfaces/msg
-- Up-to-date: /home/nano/final_project_ws/install/planning_interfaces/include/planning_interfaces/planning_interfaces/msg/rosidl_typesupport_introspection_c__visibility_control.h
-- Up-to-date: /home/nano/final_project_ws/install/planning_interfaces/include/planning_interfaces/planning_interfaces/srv
-- Up-to-date: /home/nano/final_project_ws/install/planning_interfaces/include/planning_interfaces/planning_interfaces/srv/detail
-- Installing: /home/nano/final_project_ws/install/planning_interfaces/include/planning_interfaces/planning_interfaces/srv/detail/move_to_target__type_support.c
-- Installing: /home/nano/final_project_ws/install/planning_interfaces/include/planning_interfaces/planning_interfaces/srv/detail/pick_place_service__rosidl_typesupport_introspection_c.h
-- Installing: /home/nano/final_project_ws/install/planning_interfaces/include/planning_interfaces/planning_interfaces/srv/detail/pick_place_service__type_support.c
-- Installing: /home/nano/final_project_ws/install/planning_interfaces/include/planning_interfaces/planning_interfaces/srv/detail/move_to_target__rosidl_typesupport_introspection_c.h
-- Installing: /home/nano/final_project_ws/install/planning_interfaces/lib/libplanning_interfaces__rosidl_typesupport_introspection_c.so
-- Set runtime path of "/home/nano/final_project_ws/install/planning_interfaces/lib/libplanning_interfaces__rosidl_typesupport_introspection_c.so" to ""
-- Installing: /home/nano/final_project_ws/install/planning_interfaces/lib/libplanning_interfaces__rosidl_typesupport_c.so
-- Set runtime path of "/home/nano/final_project_ws/install/planning_interfaces/lib/libplanning_interfaces__rosidl_typesupport_c.so" to ""
-- Up-to-date: /home/nano/final_project_ws/install/planning_interfaces/include/planning_interfaces/planning_interfaces
-- Up-to-date: /home/nano/final_project_ws/install/planning_interfaces/include/planning_interfaces/planning_interfaces/msg
-- Up-to-date: /home/nano/final_project_ws/install/planning_interfaces/include/planning_interfaces/planning_interfaces/msg/rosidl_generator_cpp__visibility_control.hpp
-- Up-to-date: /home/nano/final_project_ws/install/planning_interfaces/include/planning_interfaces/planning_interfaces/srv
-- Installing: /home/nano/final_project_ws/install/planning_interfaces/include/planning_interfaces/planning_interfaces/srv/pick_place_service.hpp
-- Up-to-date: /home/nano/final_project_ws/install/planning_interfaces/include/planning_interfaces/planning_interfaces/srv/detail
-- Installing: /home/nano/final_project_ws/install/planning_interfaces/include/planning_interfaces/planning_interfaces/srv/detail/pick_place_service__traits.hpp
-- Installing: /home/nano/final_project_ws/install/planning_interfaces/include/planning_interfaces/planning_interfaces/srv/detail/pick_place_service__struct.hpp
-- Installing: /home/nano/final_project_ws/install/planning_interfaces/include/planning_interfaces/planning_interfaces/srv/detail/move_to_target__struct.hpp
-- Installing: /home/nano/final_project_ws/install/planning_interfaces/include/planning_interfaces/planning_interfaces/srv/detail/pick_place_service__builder.hpp
-- Installing: /home/nano/final_project_ws/install/planning_interfaces/include/planning_interfaces/planning_interfaces/srv/detail/move_to_target__builder.hpp
-- Installing: /home/nano/final_project_ws/install/planning_interfaces/include/planning_interfaces/planning_interfaces/srv/detail/move_to_target__type_support.hpp
-- Installing: /home/nano/final_project_ws/install/planning_interfaces/include/planning_interfaces/planning_interfaces/srv/detail/pick_place_service__type_support.hpp
-- Installing: /home/nano/final_project_ws/install/planning_interfaces/include/planning_interfaces/planning_interfaces/srv/detail/move_to_target__traits.hpp
-- Installing: /home/nano/final_project_ws/install/planning_interfaces/include/planning_interfaces/planning_interfaces/srv/move_to_target.hpp
-- Up-to-date: /home/nano/final_project_ws/install/planning_interfaces/include/planning_interfaces/planning_interfaces
-- Up-to-date: /home/nano/final_project_ws/install/planning_interfaces/include/planning_interfaces/planning_interfaces/msg
-- Up-to-date: /home/nano/final_project_ws/install/planning_interfaces/include/planning_interfaces/planning_interfaces/msg/rosidl_typesupport_fastrtps_cpp__visibility_control.h
-- Up-to-date: /home/nano/final_project_ws/install/planning_interfaces/include/planning_interfaces/planning_interfaces/srv
-- Up-to-date: /home/nano/final_project_ws/install/planning_interfaces/include/planning_interfaces/planning_interfaces/srv/detail
-- Installing: /home/nano/final_project_ws/install/planning_interfaces/include/planning_interfaces/planning_interfaces/srv/detail/move_to_target__rosidl_typesupport_fastrtps_cpp.hpp
-- Installing: /home/nano/final_project_ws/install/planning_interfaces/include/planning_interfaces/planning_interfaces/srv/detail/pick_place_service__rosidl_typesupport_fastrtps_cpp.hpp
-- Up-to-date: /home/nano/final_project_ws/install/planning_interfaces/include/planning_interfaces/planning_interfaces/srv/detail/dds_fastrtps
-- Installing: /home/nano/final_project_ws/install/planning_interfaces/lib/libplanning_interfaces__rosidl_typesupport_fastrtps_cpp.so
-- Set runtime path of "/home/nano/final_project_ws/install/planning_interfaces/lib/libplanning_interfaces__rosidl_typesupport_fastrtps_cpp.so" to ""
-- Up-to-date: /home/nano/final_project_ws/install/planning_interfaces/include/planning_interfaces/planning_interfaces
-- Up-to-date: /home/nano/final_project_ws/install/planning_interfaces/include/planning_interfaces/planning_interfaces/srv
-- Up-to-date: /home/nano/final_project_ws/install/planning_interfaces/include/planning_interfaces/planning_interfaces/srv/detail
-- Installing: /home/nano/final_project_ws/install/planning_interfaces/include/planning_interfaces/planning_interfaces/srv/detail/move_to_target__type_support.cpp
-- Installing: /home/nano/final_project_ws/install/planning_interfaces/include/planning_interfaces/planning_interfaces/srv/detail/pick_place_service__rosidl_typesupport_introspection_cpp.hpp
-- Installing: /home/nano/final_project_ws/install/planning_interfaces/include/planning_interfaces/planning_interfaces/srv/detail/move_to_target__rosidl_typesupport_introspection_cpp.hpp
-- Installing: /home/nano/final_project_ws/install/planning_interfaces/include/planning_interfaces/planning_interfaces/srv/detail/pick_place_service__type_support.cpp
-- Installing: /home/nano/final_project_ws/install/planning_interfaces/lib/libplanning_interfaces__rosidl_typesupport_introspection_cpp.so
-- Set runtime path of "/home/nano/final_project_ws/install/planning_interfaces/lib/libplanning_interfaces__rosidl_typesupport_introspection_cpp.so" to ""
-- Installing: /home/nano/final_project_ws/install/planning_interfaces/lib/libplanning_interfaces__rosidl_typesupport_cpp.so
-- Set runtime path of "/home/nano/final_project_ws/install/planning_interfaces/lib/libplanning_interfaces__rosidl_typesupport_cpp.so" to ""
-- Up-to-date: /home/nano/final_project_ws/install/planning_interfaces/share/planning_interfaces/environment/pythonpath.sh
-- Installing: /home/nano/final_project_ws/install/planning_interfaces/share/planning_interfaces/environment/pythonpath.dsv
-- Up-to-date: /home/nano/final_project_ws/install/planning_interfaces/local/lib/python3.10/dist-packages/planning_interfaces-0.0.0-py3.10.egg-info
-- Installing: /home/nano/final_project_ws/install/planning_interfaces/local/lib/python3.10/dist-packages/planning_interfaces-0.0.0-py3.10.egg-info/SOURCES.txt
-- Installing: /home/nano/final_project_ws/install/planning_interfaces/local/lib/python3.10/dist-packages/planning_interfaces-0.0.0-py3.10.egg-info/PKG-INFO
-- Installing: /home/nano/final_project_ws/install/planning_interfaces/local/lib/python3.10/dist-packages/planning_interfaces-0.0.0-py3.10.egg-info/dependency_links.txt
-- Installing: /home/nano/final_project_ws/install/planning_interfaces/local/lib/python3.10/dist-packages/planning_interfaces-0.0.0-py3.10.egg-info/top_level.txt
-- Up-to-date: /home/nano/final_project_ws/install/planning_interfaces/local/lib/python3.10/dist-packages/planning_interfaces
-- Installing: /home/nano/final_project_ws/install/planning_interfaces/local/lib/python3.10/dist-packages/planning_interfaces/_planning_interfaces_s.ep.rosidl_typesupport_fastrtps_c.c
-- Installing: /home/nano/final_project_ws/install/planning_interfaces/local/lib/python3.10/dist-packages/planning_interfaces/libplanning_interfaces__rosidl_generator_py.so
-- Installing: /home/nano/final_project_ws/install/planning_interfaces/local/lib/python3.10/dist-packages/planning_interfaces/_planning_interfaces_s.ep.rosidl_typesupport_introspection_c.c
-- Up-to-date: /home/nano/final_project_ws/install/planning_interfaces/local/lib/python3.10/dist-packages/planning_interfaces/srv
-- Installing: /home/nano/final_project_ws/install/planning_interfaces/local/lib/python3.10/dist-packages/planning_interfaces/srv/_move_to_target_s.c
-- Installing: /home/nano/final_project_ws/install/planning_interfaces/local/lib/python3.10/dist-packages/planning_interfaces/srv/_pick_place_service.py
-- Installing: /home/nano/final_project_ws/install/planning_interfaces/local/lib/python3.10/dist-packages/planning_interfaces/srv/_pick_place_service_s.c
-- Installing: /home/nano/final_project_ws/install/planning_interfaces/local/lib/python3.10/dist-packages/planning_interfaces/srv/_move_to_target.py
-- Installing: /home/nano/final_project_ws/install/planning_interfaces/local/lib/python3.10/dist-packages/planning_interfaces/srv/__init__.py
-- Installing: /home/nano/final_project_ws/install/planning_interfaces/local/lib/python3.10/dist-packages/planning_interfaces/planning_interfaces_s__rosidl_typesupport_introspection_c.cpython-310-aarch64-linux-gnu.so
-- Installing: /home/nano/final_project_ws/install/planning_interfaces/local/lib/python3.10/dist-packages/planning_interfaces/planning_interfaces_s__rosidl_typesupport_fastrtps_c.cpython-310-aarch64-linux-gnu.so
-- Installing: /home/nano/final_project_ws/install/planning_interfaces/local/lib/python3.10/dist-packages/planning_interfaces/_planning_interfaces_s.ep.rosidl_typesupport_c.c
-- Installing: /home/nano/final_project_ws/install/planning_interfaces/local/lib/python3.10/dist-packages/planning_interfaces/planning_interfaces_s__rosidl_typesupport_c.cpython-310-aarch64-linux-gnu.so
-- Installing: /home/nano/final_project_ws/install/planning_interfaces/local/lib/python3.10/dist-packages/planning_interfaces/__init__.py
Listing '/home/nano/final_project_ws/install/planning_interfaces/local/lib/python3.10/dist-packages/planning_interfaces'...
Compiling '/home/nano/final_project_ws/install/planning_interfaces/local/lib/python3.10/dist-packages/planning_interfaces/__init__.py'...
Listing '/home/nano/final_project_ws/install/planning_interfaces/local/lib/python3.10/dist-packages/planning_interfaces/srv'...
Compiling '/home/nano/final_project_ws/install/planning_interfaces/local/lib/python3.10/dist-packages/planning_interfaces/srv/__init__.py'...
Compiling '/home/nano/final_project_ws/install/planning_interfaces/local/lib/python3.10/dist-packages/planning_interfaces/srv/_move_to_target.py'...
Compiling '/home/nano/final_project_ws/install/planning_interfaces/local/lib/python3.10/dist-packages/planning_interfaces/srv/_pick_place_service.py'...
-- Installing: /home/nano/final_project_ws/install/planning_interfaces/local/lib/python3.10/dist-packages/planning_interfaces/planning_interfaces_s__rosidl_typesupport_fastrtps_c.cpython-310-aarch64-linux-gnu.so
-- Set runtime path of "/home/nano/final_project_ws/install/planning_interfaces/local/lib/python3.10/dist-packages/planning_interfaces/planning_interfaces_s__rosidl_typesupport_fastrtps_c.cpython-310-aarch64-linux-gnu.so" to ""
-- Installing: /home/nano/final_project_ws/install/planning_interfaces/local/lib/python3.10/dist-packages/planning_interfaces/planning_interfaces_s__rosidl_typesupport_introspection_c.cpython-310-aarch64-linux-gnu.so
-- Set runtime path of "/home/nano/final_project_ws/install/planning_interfaces/local/lib/python3.10/dist-packages/planning_interfaces/planning_interfaces_s__rosidl_typesupport_introspection_c.cpython-310-aarch64-linux-gnu.so" to ""
-- Installing: /home/nano/final_project_ws/install/planning_interfaces/local/lib/python3.10/dist-packages/planning_interfaces/planning_interfaces_s__rosidl_typesupport_c.cpython-310-aarch64-linux-gnu.so
-- Set runtime path of "/home/nano/final_project_ws/install/planning_interfaces/local/lib/python3.10/dist-packages/planning_interfaces/planning_interfaces_s__rosidl_typesupport_c.cpython-310-aarch64-linux-gnu.so" to ""
-- Installing: /home/nano/final_project_ws/install/planning_interfaces/lib/libplanning_interfaces__rosidl_generator_py.so
-- Set runtime path of "/home/nano/final_project_ws/install/planning_interfaces/lib/libplanning_interfaces__rosidl_generator_py.so" to ""
-- Up-to-date: /home/nano/final_project_ws/install/planning_interfaces/share/planning_interfaces/srv/PickPlaceService.idl
-- Installing: /home/nano/final_project_ws/install/planning_interfaces/share/planning_interfaces/srv/MoveToTarget.idl
-- Up-to-date: /home/nano/final_project_ws/install/planning_interfaces/share/planning_interfaces/srv/PickPlaceService.srv
-- Up-to-date: /home/nano/final_project_ws/install/planning_interfaces/share/planning_interfaces/srv/PickPlaceService_Request.msg
-- Up-to-date: /home/nano/final_project_ws/install/planning_interfaces/share/planning_interfaces/srv/PickPlaceService_Response.msg
-- Installing: /home/nano/final_project_ws/install/planning_interfaces/share/planning_interfaces/srv/MoveToTarget.srv
-- Installing: /home/nano/final_project_ws/install/planning_interfaces/share/planning_interfaces/srv/MoveToTarget_Request.msg
-- Installing: /home/nano/final_project_ws/install/planning_interfaces/share/planning_interfaces/srv/MoveToTarget_Response.msg
-- Up-to-date: /home/nano/final_project_ws/install/planning_interfaces/share/ament_index/resource_index/package_run_dependencies/planning_interfaces
-- Installing: /home/nano/final_project_ws/install/planning_interfaces/share/ament_index/resource_index/parent_prefix_path/planning_interfaces
-- Up-to-date: /home/nano/final_project_ws/install/planning_interfaces/share/planning_interfaces/environment/ament_prefix_path.sh
-- Installing: /home/nano/final_project_ws/install/planning_interfaces/share/planning_interfaces/environment/ament_prefix_path.dsv
-- Up-to-date: /home/nano/final_project_ws/install/planning_interfaces/share/planning_interfaces/environment/path.sh
-- Installing: /home/nano/final_project_ws/install/planning_interfaces/share/planning_interfaces/environment/path.dsv
-- Up-to-date: /home/nano/final_project_ws/install/planning_interfaces/share/planning_interfaces/local_setup.bash
-- Up-to-date: /home/nano/final_project_ws/install/planning_interfaces/share/planning_interfaces/local_setup.sh
-- Up-to-date: /home/nano/final_project_ws/install/planning_interfaces/share/planning_interfaces/local_setup.zsh
-- Installing: /home/nano/final_project_ws/install/planning_interfaces/share/planning_interfaces/local_setup.dsv
-- Installing: /home/nano/final_project_ws/install/planning_interfaces/share/planning_interfaces/package.dsv
-- Up-to-date: /home/nano/final_project_ws/install/planning_interfaces/share/ament_index/resource_index/packages/planning_interfaces
-- Up-to-date: /home/nano/final_project_ws/install/planning_interfaces/share/planning_interfaces/cmake/export_planning_interfaces__rosidl_generator_cExport.cmake
-- Up-to-date: /home/nano/final_project_ws/install/planning_interfaces/share/planning_interfaces/cmake/export_planning_interfaces__rosidl_generator_cExport-noconfig.cmake
-- Up-to-date: /home/nano/final_project_ws/install/planning_interfaces/share/planning_interfaces/cmake/export_planning_interfaces__rosidl_typesupport_fastrtps_cExport.cmake
-- Up-to-date: /home/nano/final_project_ws/install/planning_interfaces/share/planning_interfaces/cmake/export_planning_interfaces__rosidl_typesupport_fastrtps_cExport-noconfig.cmake
-- Up-to-date: /home/nano/final_project_ws/install/planning_interfaces/share/planning_interfaces/cmake/planning_interfaces__rosidl_typesupport_introspection_cExport.cmake
-- Up-to-date: /home/nano/final_project_ws/install/planning_interfaces/share/planning_interfaces/cmake/planning_interfaces__rosidl_typesupport_introspection_cExport-noconfig.cmake
-- Up-to-date: /home/nano/final_project_ws/install/planning_interfaces/share/planning_interfaces/cmake/planning_interfaces__rosidl_typesupport_cExport.cmake
-- Up-to-date: /home/nano/final_project_ws/install/planning_interfaces/share/planning_interfaces/cmake/planning_interfaces__rosidl_typesupport_cExport-noconfig.cmake
-- Up-to-date: /home/nano/final_project_ws/install/planning_interfaces/share/planning_interfaces/cmake/export_planning_interfaces__rosidl_generator_cppExport.cmake
-- Up-to-date: /home/nano/final_project_ws/install/planning_interfaces/share/planning_interfaces/cmake/export_planning_interfaces__rosidl_typesupport_fastrtps_cppExport.cmake
-- Up-to-date: /home/nano/final_project_ws/install/planning_interfaces/share/planning_interfaces/cmake/export_planning_interfaces__rosidl_typesupport_fastrtps_cppExport-noconfig.cmake
-- Up-to-date: /home/nano/final_project_ws/install/planning_interfaces/share/planning_interfaces/cmake/planning_interfaces__rosidl_typesupport_introspection_cppExport.cmake
-- Up-to-date: /home/nano/final_project_ws/install/planning_interfaces/share/planning_interfaces/cmake/planning_interfaces__rosidl_typesupport_introspection_cppExport-noconfig.cmake
-- Up-to-date: /home/nano/final_project_ws/install/planning_interfaces/share/planning_interfaces/cmake/planning_interfaces__rosidl_typesupport_cppExport.cmake
-- Up-to-date: /home/nano/final_project_ws/install/planning_interfaces/share/planning_interfaces/cmake/planning_interfaces__rosidl_typesupport_cppExport-noconfig.cmake
-- Up-to-date: /home/nano/final_project_ws/install/planning_interfaces/share/planning_interfaces/cmake/export_planning_interfaces__rosidl_generator_pyExport.cmake
-- Up-to-date: /home/nano/final_project_ws/install/planning_interfaces/share/planning_interfaces/cmake/export_planning_interfaces__rosidl_generator_pyExport-noconfig.cmake
-- Installing: /home/nano/final_project_ws/install/planning_interfaces/share/planning_interfaces/cmake/rosidl_cmake-extras.cmake
-- Up-to-date: /home/nano/final_project_ws/install/planning_interfaces/share/planning_interfaces/cmake/ament_cmake_export_dependencies-extras.cmake
-- Up-to-date: /home/nano/final_project_ws/install/planning_interfaces/share/planning_interfaces/cmake/ament_cmake_export_include_directories-extras.cmake
-- Up-to-date: /home/nano/final_project_ws/install/planning_interfaces/share/planning_interfaces/cmake/ament_cmake_export_libraries-extras.cmake
-- Up-to-date: /home/nano/final_project_ws/install/planning_interfaces/share/planning_interfaces/cmake/ament_cmake_export_targets-extras.cmake
-- Up-to-date: /home/nano/final_project_ws/install/planning_interfaces/share/planning_interfaces/cmake/rosidl_cmake_export_typesupport_targets-extras.cmake
-- Up-to-date: /home/nano/final_project_ws/install/planning_interfaces/share/planning_interfaces/cmake/rosidl_cmake_export_typesupport_libraries-extras.cmake
-- Up-to-date: /home/nano/final_project_ws/install/planning_interfaces/share/planning_interfaces/cmake/planning_interfacesConfig.cmake
-- Up-to-date: /home/nano/final_project_ws/install/planning_interfaces/share/planning_interfaces/cmake/planning_interfacesConfig-version.cmake
-- Up-to-date: /home/nano/final_project_ws/install/planning_interfaces/share/planning_interfaces/package.xml
