[0.067s] Invoking command in '/home/nano/final_project_ws/build/planning_interfaces': CMAKE_PREFIX_PATH=${CMAKE_PREFIX_PATH}:/home/nano/final_project_ws/install/ros2_aruco:/home/nano/final_project_ws/install/realsense_cv:/home/nano/final_project_ws/install/planning:/home/nano/final_project_ws/install/actuation:/home/nano/tmdriver_ws/install/tm_mod_urdf:/home/nano/tmdriver_ws/install/tm_get_status:/opt/ros/humble /usr/bin/cmake --build /home/nano/final_project_ws/build/planning_interfaces -- -j6 -l6
[0.559s] [  2%] Built target planning_interfaces__cpp
[0.559s] [  2%] Built target ament_cmake_python_copy_planning_interfaces
[0.559s] [ 12%] Built target planning_interfaces__rosidl_generator_c
[0.560s] [ 23%] Built target planning_interfaces__rosidl_typesupport_introspection_cpp
[0.560s] [ 34%] Built target planning_interfaces__rosidl_typesupport_cpp
[0.560s] [ 44%] Built target planning_interfaces__rosidl_typesupport_fastrtps_cpp
[0.560s] [ 55%] Built target planning_interfaces__rosidl_typesupport_introspection_c
[0.560s] [ 76%] Built target planning_interfaces__rosidl_typesupport_fastrtps_c
[0.560s] [ 76%] Built target planning_interfaces__rosidl_typesupport_c
[0.560s] [ 76%] Built target planning_interfaces
[0.594s] [ 78%] Built target planning_interfaces__py
[0.657s] [ 87%] Built target planning_interfaces__rosidl_generator_py
[0.712s] [ 91%] Built target planning_interfaces__rosidl_typesupport_fastrtps_c__pyext
[0.718s] [ 95%] Built target planning_interfaces__rosidl_typesupport_c__pyext
[0.726s] [100%] Built target planning_interfaces__rosidl_typesupport_introspection_c__pyext
[0.876s] running egg_info
[0.916s] writing planning_interfaces.egg-info/PKG-INFO
[0.917s] writing dependency_links to planning_interfaces.egg-info/dependency_links.txt
[0.918s] writing top-level names to planning_interfaces.egg-info/top_level.txt
[1.038s] reading manifest file 'planning_interfaces.egg-info/SOURCES.txt'
[1.041s] writing manifest file 'planning_interfaces.egg-info/SOURCES.txt'
[1.125s] [100%] Built target ament_cmake_python_build_planning_interfaces_egg
[1.153s] Invoked command in '/home/nano/final_project_ws/build/planning_interfaces' returned '0': CMAKE_PREFIX_PATH=${CMAKE_PREFIX_PATH}:/home/nano/final_project_ws/install/ros2_aruco:/home/nano/final_project_ws/install/realsense_cv:/home/nano/final_project_ws/install/planning:/home/nano/final_project_ws/install/actuation:/home/nano/tmdriver_ws/install/tm_mod_urdf:/home/nano/tmdriver_ws/install/tm_get_status:/opt/ros/humble /usr/bin/cmake --build /home/nano/final_project_ws/build/planning_interfaces -- -j6 -l6
[1.177s] Invoking command in '/home/nano/final_project_ws/build/planning_interfaces': CMAKE_PREFIX_PATH=${CMAKE_PREFIX_PATH}:/home/nano/final_project_ws/install/ros2_aruco:/home/nano/final_project_ws/install/realsense_cv:/home/nano/final_project_ws/install/planning:/home/nano/final_project_ws/install/actuation:/home/nano/tmdriver_ws/install/tm_mod_urdf:/home/nano/tmdriver_ws/install/tm_get_status:/opt/ros/humble /usr/bin/cmake --install /home/nano/final_project_ws/build/planning_interfaces
[1.195s] -- Install configuration: ""
[1.195s] -- Up-to-date: /home/nano/final_project_ws/install/planning_interfaces/share/ament_index/resource_index/rosidl_interfaces/planning_interfaces
[1.196s] -- Up-to-date: /home/nano/final_project_ws/install/planning_interfaces/include/planning_interfaces/planning_interfaces
[1.196s] -- Up-to-date: /home/nano/final_project_ws/install/planning_interfaces/include/planning_interfaces/planning_interfaces/msg
[1.197s] -- Up-to-date: /home/nano/final_project_ws/install/planning_interfaces/include/planning_interfaces/planning_interfaces/msg/rosidl_generator_c__visibility_control.h
[1.197s] -- Up-to-date: /home/nano/final_project_ws/install/planning_interfaces/include/planning_interfaces/planning_interfaces/srv
[1.199s] -- Up-to-date: /home/nano/final_project_ws/install/planning_interfaces/include/planning_interfaces/planning_interfaces/srv/detail
[1.199s] -- Up-to-date: /home/nano/final_project_ws/install/planning_interfaces/include/planning_interfaces/planning_interfaces/srv/detail/continuous_pick_place__struct.h
[1.199s] -- Up-to-date: /home/nano/final_project_ws/install/planning_interfaces/include/planning_interfaces/planning_interfaces/srv/detail/pick_place_service__functions.c
[1.199s] -- Up-to-date: /home/nano/final_project_ws/install/planning_interfaces/include/planning_interfaces/planning_interfaces/srv/detail/continuous_pick_place__type_support.h
[1.199s] -- Up-to-date: /home/nano/final_project_ws/install/planning_interfaces/include/planning_interfaces/planning_interfaces/srv/detail/pick_place_service__functions.h
[1.199s] -- Up-to-date: /home/nano/final_project_ws/install/planning_interfaces/include/planning_interfaces/planning_interfaces/srv/detail/pick_place_service__type_support.h
[1.199s] -- Up-to-date: /home/nano/final_project_ws/install/planning_interfaces/include/planning_interfaces/planning_interfaces/srv/detail/move_to_target__type_support.h
[1.200s] -- Up-to-date: /home/nano/final_project_ws/install/planning_interfaces/include/planning_interfaces/planning_interfaces/srv/detail/move_to_target__functions.h
[1.200s] -- Up-to-date: /home/nano/final_project_ws/install/planning_interfaces/include/planning_interfaces/planning_interfaces/srv/detail/continuous_pick_place__functions.h
[1.200s] -- Up-to-date: /home/nano/final_project_ws/install/planning_interfaces/include/planning_interfaces/planning_interfaces/srv/detail/continuous_pick_place__functions.c
[1.200s] -- Up-to-date: /home/nano/final_project_ws/install/planning_interfaces/include/planning_interfaces/planning_interfaces/srv/detail/pick_place_service__struct.h
[1.200s] -- Up-to-date: /home/nano/final_project_ws/install/planning_interfaces/include/planning_interfaces/planning_interfaces/srv/detail/move_to_target__struct.h
[1.200s] -- Up-to-date: /home/nano/final_project_ws/install/planning_interfaces/include/planning_interfaces/planning_interfaces/srv/detail/move_to_target__functions.c
[1.200s] -- Up-to-date: /home/nano/final_project_ws/install/planning_interfaces/include/planning_interfaces/planning_interfaces/srv/continuous_pick_place.h
[1.200s] -- Up-to-date: /home/nano/final_project_ws/install/planning_interfaces/include/planning_interfaces/planning_interfaces/srv/move_to_target.h
[1.201s] -- Up-to-date: /home/nano/final_project_ws/install/planning_interfaces/include/planning_interfaces/planning_interfaces/srv/pick_place_service.h
[1.201s] -- Up-to-date: /home/nano/final_project_ws/install/planning_interfaces/share/planning_interfaces/environment/library_path.sh
[1.201s] -- Up-to-date: /home/nano/final_project_ws/install/planning_interfaces/share/planning_interfaces/environment/library_path.dsv
[1.202s] -- Up-to-date: /home/nano/final_project_ws/install/planning_interfaces/lib/libplanning_interfaces__rosidl_generator_c.so
[1.202s] -- Up-to-date: /home/nano/final_project_ws/install/planning_interfaces/include/planning_interfaces/planning_interfaces
[1.203s] -- Up-to-date: /home/nano/final_project_ws/install/planning_interfaces/include/planning_interfaces/planning_interfaces/msg
[1.203s] -- Up-to-date: /home/nano/final_project_ws/install/planning_interfaces/include/planning_interfaces/planning_interfaces/msg/rosidl_typesupport_fastrtps_c__visibility_control.h
[1.203s] -- Up-to-date: /home/nano/final_project_ws/install/planning_interfaces/include/planning_interfaces/planning_interfaces/srv
[1.203s] -- Up-to-date: /home/nano/final_project_ws/install/planning_interfaces/include/planning_interfaces/planning_interfaces/srv/detail
[1.203s] -- Up-to-date: /home/nano/final_project_ws/install/planning_interfaces/include/planning_interfaces/planning_interfaces/srv/detail/continuous_pick_place__rosidl_typesupport_fastrtps_c.h
[1.203s] -- Up-to-date: /home/nano/final_project_ws/install/planning_interfaces/include/planning_interfaces/planning_interfaces/srv/detail/move_to_target__rosidl_typesupport_fastrtps_c.h
[1.203s] -- Up-to-date: /home/nano/final_project_ws/install/planning_interfaces/include/planning_interfaces/planning_interfaces/srv/detail/pick_place_service__rosidl_typesupport_fastrtps_c.h
[1.204s] -- Up-to-date: /home/nano/final_project_ws/install/planning_interfaces/lib/libplanning_interfaces__rosidl_typesupport_fastrtps_c.so
[1.205s] -- Up-to-date: /home/nano/final_project_ws/install/planning_interfaces/include/planning_interfaces/planning_interfaces
[1.205s] -- Up-to-date: /home/nano/final_project_ws/install/planning_interfaces/include/planning_interfaces/planning_interfaces/msg
[1.205s] -- Up-to-date: /home/nano/final_project_ws/install/planning_interfaces/include/planning_interfaces/planning_interfaces/msg/rosidl_typesupport_introspection_c__visibility_control.h
[1.205s] -- Up-to-date: /home/nano/final_project_ws/install/planning_interfaces/include/planning_interfaces/planning_interfaces/srv
[1.205s] -- Up-to-date: /home/nano/final_project_ws/install/planning_interfaces/include/planning_interfaces/planning_interfaces/srv/detail
[1.205s] -- Up-to-date: /home/nano/final_project_ws/install/planning_interfaces/include/planning_interfaces/planning_interfaces/srv/detail/move_to_target__type_support.c
[1.205s] -- Up-to-date: /home/nano/final_project_ws/install/planning_interfaces/include/planning_interfaces/planning_interfaces/srv/detail/pick_place_service__rosidl_typesupport_introspection_c.h
[1.206s] -- Up-to-date: /home/nano/final_project_ws/install/planning_interfaces/include/planning_interfaces/planning_interfaces/srv/detail/continuous_pick_place__type_support.c
[1.206s] -- Up-to-date: /home/nano/final_project_ws/install/planning_interfaces/include/planning_interfaces/planning_interfaces/srv/detail/continuous_pick_place__rosidl_typesupport_introspection_c.h
[1.206s] -- Up-to-date: /home/nano/final_project_ws/install/planning_interfaces/include/planning_interfaces/planning_interfaces/srv/detail/pick_place_service__type_support.c
[1.206s] -- Up-to-date: /home/nano/final_project_ws/install/planning_interfaces/include/planning_interfaces/planning_interfaces/srv/detail/move_to_target__rosidl_typesupport_introspection_c.h
[1.206s] -- Up-to-date: /home/nano/final_project_ws/install/planning_interfaces/lib/libplanning_interfaces__rosidl_typesupport_introspection_c.so
[1.208s] -- Up-to-date: /home/nano/final_project_ws/install/planning_interfaces/lib/libplanning_interfaces__rosidl_typesupport_c.so
[1.208s] -- Up-to-date: /home/nano/final_project_ws/install/planning_interfaces/include/planning_interfaces/planning_interfaces
[1.208s] -- Up-to-date: /home/nano/final_project_ws/install/planning_interfaces/include/planning_interfaces/planning_interfaces/msg
[1.208s] -- Up-to-date: /home/nano/final_project_ws/install/planning_interfaces/include/planning_interfaces/planning_interfaces/msg/rosidl_generator_cpp__visibility_control.hpp
[1.209s] -- Up-to-date: /home/nano/final_project_ws/install/planning_interfaces/include/planning_interfaces/planning_interfaces/srv
[1.209s] -- Up-to-date: /home/nano/final_project_ws/install/planning_interfaces/include/planning_interfaces/planning_interfaces/srv/pick_place_service.hpp
[1.209s] -- Up-to-date: /home/nano/final_project_ws/install/planning_interfaces/include/planning_interfaces/planning_interfaces/srv/continuous_pick_place.hpp
[1.209s] -- Up-to-date: /home/nano/final_project_ws/install/planning_interfaces/include/planning_interfaces/planning_interfaces/srv/detail
[1.209s] -- Up-to-date: /home/nano/final_project_ws/install/planning_interfaces/include/planning_interfaces/planning_interfaces/srv/detail/continuous_pick_place__traits.hpp
[1.209s] -- Up-to-date: /home/nano/final_project_ws/install/planning_interfaces/include/planning_interfaces/planning_interfaces/srv/detail/pick_place_service__traits.hpp
[1.210s] -- Up-to-date: /home/nano/final_project_ws/install/planning_interfaces/include/planning_interfaces/planning_interfaces/srv/detail/continuous_pick_place__struct.hpp
[1.210s] -- Up-to-date: /home/nano/final_project_ws/install/planning_interfaces/include/planning_interfaces/planning_interfaces/srv/detail/pick_place_service__struct.hpp
[1.210s] -- Up-to-date: /home/nano/final_project_ws/install/planning_interfaces/include/planning_interfaces/planning_interfaces/srv/detail/move_to_target__struct.hpp
[1.210s] -- Up-to-date: /home/nano/final_project_ws/install/planning_interfaces/include/planning_interfaces/planning_interfaces/srv/detail/pick_place_service__builder.hpp
[1.210s] -- Up-to-date: /home/nano/final_project_ws/install/planning_interfaces/include/planning_interfaces/planning_interfaces/srv/detail/move_to_target__builder.hpp
[1.210s] -- Up-to-date: /home/nano/final_project_ws/install/planning_interfaces/include/planning_interfaces/planning_interfaces/srv/detail/move_to_target__type_support.hpp
[1.210s] -- Up-to-date: /home/nano/final_project_ws/install/planning_interfaces/include/planning_interfaces/planning_interfaces/srv/detail/pick_place_service__type_support.hpp
[1.210s] -- Up-to-date: /home/nano/final_project_ws/install/planning_interfaces/include/planning_interfaces/planning_interfaces/srv/detail/continuous_pick_place__builder.hpp
[1.210s] -- Up-to-date: /home/nano/final_project_ws/install/planning_interfaces/include/planning_interfaces/planning_interfaces/srv/detail/move_to_target__traits.hpp
[1.210s] -- Up-to-date: /home/nano/final_project_ws/install/planning_interfaces/include/planning_interfaces/planning_interfaces/srv/detail/continuous_pick_place__type_support.hpp
[1.211s] -- Up-to-date: /home/nano/final_project_ws/install/planning_interfaces/include/planning_interfaces/planning_interfaces/srv/move_to_target.hpp
[1.211s] -- Up-to-date: /home/nano/final_project_ws/install/planning_interfaces/include/planning_interfaces/planning_interfaces
[1.211s] -- Up-to-date: /home/nano/final_project_ws/install/planning_interfaces/include/planning_interfaces/planning_interfaces/msg
[1.211s] -- Up-to-date: /home/nano/final_project_ws/install/planning_interfaces/include/planning_interfaces/planning_interfaces/msg/rosidl_typesupport_fastrtps_cpp__visibility_control.h
[1.211s] -- Up-to-date: /home/nano/final_project_ws/install/planning_interfaces/include/planning_interfaces/planning_interfaces/srv
[1.211s] -- Up-to-date: /home/nano/final_project_ws/install/planning_interfaces/include/planning_interfaces/planning_interfaces/srv/detail
[1.211s] -- Up-to-date: /home/nano/final_project_ws/install/planning_interfaces/include/planning_interfaces/planning_interfaces/srv/detail/continuous_pick_place__rosidl_typesupport_fastrtps_cpp.hpp
[1.211s] -- Up-to-date: /home/nano/final_project_ws/install/planning_interfaces/include/planning_interfaces/planning_interfaces/srv/detail/move_to_target__rosidl_typesupport_fastrtps_cpp.hpp
[1.211s] -- Up-to-date: /home/nano/final_project_ws/install/planning_interfaces/include/planning_interfaces/planning_interfaces/srv/detail/pick_place_service__rosidl_typesupport_fastrtps_cpp.hpp
[1.213s] -- Up-to-date: /home/nano/final_project_ws/install/planning_interfaces/include/planning_interfaces/planning_interfaces/srv/detail/dds_fastrtps
[1.213s] -- Up-to-date: /home/nano/final_project_ws/install/planning_interfaces/lib/libplanning_interfaces__rosidl_typesupport_fastrtps_cpp.so
[1.213s] -- Up-to-date: /home/nano/final_project_ws/install/planning_interfaces/include/planning_interfaces/planning_interfaces
[1.213s] -- Up-to-date: /home/nano/final_project_ws/install/planning_interfaces/include/planning_interfaces/planning_interfaces/srv
[1.213s] -- Up-to-date: /home/nano/final_project_ws/install/planning_interfaces/include/planning_interfaces/planning_interfaces/srv/detail
[1.213s] -- Up-to-date: /home/nano/final_project_ws/install/planning_interfaces/include/planning_interfaces/planning_interfaces/srv/detail/continuous_pick_place__rosidl_typesupport_introspection_cpp.hpp
[1.213s] -- Up-to-date: /home/nano/final_project_ws/install/planning_interfaces/include/planning_interfaces/planning_interfaces/srv/detail/move_to_target__type_support.cpp
[1.214s] -- Up-to-date: /home/nano/final_project_ws/install/planning_interfaces/include/planning_interfaces/planning_interfaces/srv/detail/pick_place_service__rosidl_typesupport_introspection_cpp.hpp
[1.214s] -- Up-to-date: /home/nano/final_project_ws/install/planning_interfaces/include/planning_interfaces/planning_interfaces/srv/detail/move_to_target__rosidl_typesupport_introspection_cpp.hpp
[1.214s] -- Up-to-date: /home/nano/final_project_ws/install/planning_interfaces/include/planning_interfaces/planning_interfaces/srv/detail/continuous_pick_place__type_support.cpp
[1.214s] -- Up-to-date: /home/nano/final_project_ws/install/planning_interfaces/include/planning_interfaces/planning_interfaces/srv/detail/pick_place_service__type_support.cpp
[1.214s] -- Up-to-date: /home/nano/final_project_ws/install/planning_interfaces/lib/libplanning_interfaces__rosidl_typesupport_introspection_cpp.so
[1.216s] -- Up-to-date: /home/nano/final_project_ws/install/planning_interfaces/lib/libplanning_interfaces__rosidl_typesupport_cpp.so
[1.216s] -- Up-to-date: /home/nano/final_project_ws/install/planning_interfaces/share/planning_interfaces/environment/pythonpath.sh
[1.216s] -- Up-to-date: /home/nano/final_project_ws/install/planning_interfaces/share/planning_interfaces/environment/pythonpath.dsv
[1.216s] -- Up-to-date: /home/nano/final_project_ws/install/planning_interfaces/local/lib/python3.10/dist-packages/planning_interfaces-0.0.0-py3.10.egg-info
[1.216s] -- Installing: /home/nano/final_project_ws/install/planning_interfaces/local/lib/python3.10/dist-packages/planning_interfaces-0.0.0-py3.10.egg-info/SOURCES.txt
[1.216s] -- Installing: /home/nano/final_project_ws/install/planning_interfaces/local/lib/python3.10/dist-packages/planning_interfaces-0.0.0-py3.10.egg-info/PKG-INFO
[1.217s] -- Installing: /home/nano/final_project_ws/install/planning_interfaces/local/lib/python3.10/dist-packages/planning_interfaces-0.0.0-py3.10.egg-info/dependency_links.txt
[1.217s] -- Installing: /home/nano/final_project_ws/install/planning_interfaces/local/lib/python3.10/dist-packages/planning_interfaces-0.0.0-py3.10.egg-info/top_level.txt
[1.217s] -- Up-to-date: /home/nano/final_project_ws/install/planning_interfaces/local/lib/python3.10/dist-packages/planning_interfaces
[1.218s] -- Up-to-date: /home/nano/final_project_ws/install/planning_interfaces/local/lib/python3.10/dist-packages/planning_interfaces/_planning_interfaces_s.ep.rosidl_typesupport_fastrtps_c.c
[1.218s] -- Up-to-date: /home/nano/final_project_ws/install/planning_interfaces/local/lib/python3.10/dist-packages/planning_interfaces/libplanning_interfaces__rosidl_generator_py.so
[1.218s] -- Up-to-date: /home/nano/final_project_ws/install/planning_interfaces/local/lib/python3.10/dist-packages/planning_interfaces/_planning_interfaces_s.ep.rosidl_typesupport_introspection_c.c
[1.218s] -- Up-to-date: /home/nano/final_project_ws/install/planning_interfaces/local/lib/python3.10/dist-packages/planning_interfaces/srv
[1.218s] -- Up-to-date: /home/nano/final_project_ws/install/planning_interfaces/local/lib/python3.10/dist-packages/planning_interfaces/srv/_move_to_target_s.c
[1.219s] -- Up-to-date: /home/nano/final_project_ws/install/planning_interfaces/local/lib/python3.10/dist-packages/planning_interfaces/srv/_pick_place_service.py
[1.219s] -- Up-to-date: /home/nano/final_project_ws/install/planning_interfaces/local/lib/python3.10/dist-packages/planning_interfaces/srv/_pick_place_service_s.c
[1.219s] -- Up-to-date: /home/nano/final_project_ws/install/planning_interfaces/local/lib/python3.10/dist-packages/planning_interfaces/srv/_move_to_target.py
[1.219s] -- Up-to-date: /home/nano/final_project_ws/install/planning_interfaces/local/lib/python3.10/dist-packages/planning_interfaces/srv/_continuous_pick_place.py
[1.219s] -- Up-to-date: /home/nano/final_project_ws/install/planning_interfaces/local/lib/python3.10/dist-packages/planning_interfaces/srv/_continuous_pick_place_s.c
[1.219s] -- Up-to-date: /home/nano/final_project_ws/install/planning_interfaces/local/lib/python3.10/dist-packages/planning_interfaces/srv/__init__.py
[1.219s] -- Up-to-date: /home/nano/final_project_ws/install/planning_interfaces/local/lib/python3.10/dist-packages/planning_interfaces/planning_interfaces_s__rosidl_typesupport_introspection_c.cpython-310-aarch64-linux-gnu.so
[1.219s] -- Up-to-date: /home/nano/final_project_ws/install/planning_interfaces/local/lib/python3.10/dist-packages/planning_interfaces/planning_interfaces_s__rosidl_typesupport_fastrtps_c.cpython-310-aarch64-linux-gnu.so
[1.220s] -- Up-to-date: /home/nano/final_project_ws/install/planning_interfaces/local/lib/python3.10/dist-packages/planning_interfaces/_planning_interfaces_s.ep.rosidl_typesupport_c.c
[1.220s] -- Up-to-date: /home/nano/final_project_ws/install/planning_interfaces/local/lib/python3.10/dist-packages/planning_interfaces/planning_interfaces_s__rosidl_typesupport_c.cpython-310-aarch64-linux-gnu.so
[1.220s] -- Up-to-date: /home/nano/final_project_ws/install/planning_interfaces/local/lib/python3.10/dist-packages/planning_interfaces/__init__.py
[1.303s] Listing '/home/nano/final_project_ws/install/planning_interfaces/local/lib/python3.10/dist-packages/planning_interfaces'...
[1.304s] Listing '/home/nano/final_project_ws/install/planning_interfaces/local/lib/python3.10/dist-packages/planning_interfaces/srv'...
[1.325s] -- Up-to-date: /home/nano/final_project_ws/install/planning_interfaces/local/lib/python3.10/dist-packages/planning_interfaces/planning_interfaces_s__rosidl_typesupport_fastrtps_c.cpython-310-aarch64-linux-gnu.so
[1.327s] -- Up-to-date: /home/nano/final_project_ws/install/planning_interfaces/local/lib/python3.10/dist-packages/planning_interfaces/planning_interfaces_s__rosidl_typesupport_introspection_c.cpython-310-aarch64-linux-gnu.so
[1.330s] -- Up-to-date: /home/nano/final_project_ws/install/planning_interfaces/local/lib/python3.10/dist-packages/planning_interfaces/planning_interfaces_s__rosidl_typesupport_c.cpython-310-aarch64-linux-gnu.so
[1.331s] -- Up-to-date: /home/nano/final_project_ws/install/planning_interfaces/lib/libplanning_interfaces__rosidl_generator_py.so
[1.333s] -- Up-to-date: /home/nano/final_project_ws/install/planning_interfaces/share/planning_interfaces/srv/PickPlaceService.idl
[1.333s] -- Up-to-date: /home/nano/final_project_ws/install/planning_interfaces/share/planning_interfaces/srv/MoveToTarget.idl
[1.333s] -- Up-to-date: /home/nano/final_project_ws/install/planning_interfaces/share/planning_interfaces/srv/ContinuousPickPlace.idl
[1.333s] -- Up-to-date: /home/nano/final_project_ws/install/planning_interfaces/share/planning_interfaces/srv/PickPlaceService.srv
[1.334s] -- Up-to-date: /home/nano/final_project_ws/install/planning_interfaces/share/planning_interfaces/srv/PickPlaceService_Request.msg
[1.334s] -- Up-to-date: /home/nano/final_project_ws/install/planning_interfaces/share/planning_interfaces/srv/PickPlaceService_Response.msg
[1.334s] -- Up-to-date: /home/nano/final_project_ws/install/planning_interfaces/share/planning_interfaces/srv/MoveToTarget.srv
[1.335s] -- Up-to-date: /home/nano/final_project_ws/install/planning_interfaces/share/planning_interfaces/srv/MoveToTarget_Request.msg
[1.335s] -- Up-to-date: /home/nano/final_project_ws/install/planning_interfaces/share/planning_interfaces/srv/MoveToTarget_Response.msg
[1.336s] -- Up-to-date: /home/nano/final_project_ws/install/planning_interfaces/share/planning_interfaces/srv/ContinuousPickPlace.srv
[1.336s] -- Up-to-date: /home/nano/final_project_ws/install/planning_interfaces/share/planning_interfaces/srv/ContinuousPickPlace_Request.msg
[1.336s] -- Up-to-date: /home/nano/final_project_ws/install/planning_interfaces/share/planning_interfaces/srv/ContinuousPickPlace_Response.msg
[1.336s] -- Up-to-date: /home/nano/final_project_ws/install/planning_interfaces/share/ament_index/resource_index/package_run_dependencies/planning_interfaces
[1.336s] -- Up-to-date: /home/nano/final_project_ws/install/planning_interfaces/share/ament_index/resource_index/parent_prefix_path/planning_interfaces
[1.337s] -- Up-to-date: /home/nano/final_project_ws/install/planning_interfaces/share/planning_interfaces/environment/ament_prefix_path.sh
[1.337s] -- Up-to-date: /home/nano/final_project_ws/install/planning_interfaces/share/planning_interfaces/environment/ament_prefix_path.dsv
[1.337s] -- Up-to-date: /home/nano/final_project_ws/install/planning_interfaces/share/planning_interfaces/environment/path.sh
[1.337s] -- Up-to-date: /home/nano/final_project_ws/install/planning_interfaces/share/planning_interfaces/environment/path.dsv
[1.338s] -- Up-to-date: /home/nano/final_project_ws/install/planning_interfaces/share/planning_interfaces/local_setup.bash
[1.338s] -- Up-to-date: /home/nano/final_project_ws/install/planning_interfaces/share/planning_interfaces/local_setup.sh
[1.338s] -- Up-to-date: /home/nano/final_project_ws/install/planning_interfaces/share/planning_interfaces/local_setup.zsh
[1.338s] -- Up-to-date: /home/nano/final_project_ws/install/planning_interfaces/share/planning_interfaces/local_setup.dsv
[1.338s] -- Installing: /home/nano/final_project_ws/install/planning_interfaces/share/planning_interfaces/package.dsv
[1.338s] -- Up-to-date: /home/nano/final_project_ws/install/planning_interfaces/share/ament_index/resource_index/packages/planning_interfaces
[1.339s] -- Up-to-date: /home/nano/final_project_ws/install/planning_interfaces/share/planning_interfaces/cmake/export_planning_interfaces__rosidl_generator_cExport.cmake
[1.339s] -- Up-to-date: /home/nano/final_project_ws/install/planning_interfaces/share/planning_interfaces/cmake/export_planning_interfaces__rosidl_generator_cExport-noconfig.cmake
[1.341s] -- Up-to-date: /home/nano/final_project_ws/install/planning_interfaces/share/planning_interfaces/cmake/export_planning_interfaces__rosidl_typesupport_fastrtps_cExport.cmake
[1.341s] -- Up-to-date: /home/nano/final_project_ws/install/planning_interfaces/share/planning_interfaces/cmake/export_planning_interfaces__rosidl_typesupport_fastrtps_cExport-noconfig.cmake
[1.342s] -- Up-to-date: /home/nano/final_project_ws/install/planning_interfaces/share/planning_interfaces/cmake/planning_interfaces__rosidl_typesupport_introspection_cExport.cmake
[1.342s] -- Up-to-date: /home/nano/final_project_ws/install/planning_interfaces/share/planning_interfaces/cmake/planning_interfaces__rosidl_typesupport_introspection_cExport-noconfig.cmake
[1.343s] -- Up-to-date: /home/nano/final_project_ws/install/planning_interfaces/share/planning_interfaces/cmake/planning_interfaces__rosidl_typesupport_cExport.cmake
[1.343s] -- Up-to-date: /home/nano/final_project_ws/install/planning_interfaces/share/planning_interfaces/cmake/planning_interfaces__rosidl_typesupport_cExport-noconfig.cmake
[1.344s] -- Up-to-date: /home/nano/final_project_ws/install/planning_interfaces/share/planning_interfaces/cmake/export_planning_interfaces__rosidl_generator_cppExport.cmake
[1.346s] -- Up-to-date: /home/nano/final_project_ws/install/planning_interfaces/share/planning_interfaces/cmake/export_planning_interfaces__rosidl_typesupport_fastrtps_cppExport.cmake
[1.346s] -- Up-to-date: /home/nano/final_project_ws/install/planning_interfaces/share/planning_interfaces/cmake/export_planning_interfaces__rosidl_typesupport_fastrtps_cppExport-noconfig.cmake
[1.348s] -- Up-to-date: /home/nano/final_project_ws/install/planning_interfaces/share/planning_interfaces/cmake/planning_interfaces__rosidl_typesupport_introspection_cppExport.cmake
[1.349s] -- Up-to-date: /home/nano/final_project_ws/install/planning_interfaces/share/planning_interfaces/cmake/planning_interfaces__rosidl_typesupport_introspection_cppExport-noconfig.cmake
[1.350s] -- Up-to-date: /home/nano/final_project_ws/install/planning_interfaces/share/planning_interfaces/cmake/planning_interfaces__rosidl_typesupport_cppExport.cmake
[1.351s] -- Up-to-date: /home/nano/final_project_ws/install/planning_interfaces/share/planning_interfaces/cmake/planning_interfaces__rosidl_typesupport_cppExport-noconfig.cmake
[1.352s] -- Up-to-date: /home/nano/final_project_ws/install/planning_interfaces/share/planning_interfaces/cmake/export_planning_interfaces__rosidl_generator_pyExport.cmake
[1.353s] -- Up-to-date: /home/nano/final_project_ws/install/planning_interfaces/share/planning_interfaces/cmake/export_planning_interfaces__rosidl_generator_pyExport-noconfig.cmake
[1.353s] -- Up-to-date: /home/nano/final_project_ws/install/planning_interfaces/share/planning_interfaces/cmake/rosidl_cmake-extras.cmake
[1.354s] -- Up-to-date: /home/nano/final_project_ws/install/planning_interfaces/share/planning_interfaces/cmake/ament_cmake_export_dependencies-extras.cmake
[1.354s] -- Up-to-date: /home/nano/final_project_ws/install/planning_interfaces/share/planning_interfaces/cmake/ament_cmake_export_include_directories-extras.cmake
[1.355s] -- Up-to-date: /home/nano/final_project_ws/install/planning_interfaces/share/planning_interfaces/cmake/ament_cmake_export_libraries-extras.cmake
[1.355s] -- Up-to-date: /home/nano/final_project_ws/install/planning_interfaces/share/planning_interfaces/cmake/ament_cmake_export_targets-extras.cmake
[1.355s] -- Up-to-date: /home/nano/final_project_ws/install/planning_interfaces/share/planning_interfaces/cmake/rosidl_cmake_export_typesupport_targets-extras.cmake
[1.356s] -- Up-to-date: /home/nano/final_project_ws/install/planning_interfaces/share/planning_interfaces/cmake/rosidl_cmake_export_typesupport_libraries-extras.cmake
[1.356s] -- Up-to-date: /home/nano/final_project_ws/install/planning_interfaces/share/planning_interfaces/cmake/planning_interfacesConfig.cmake
[1.356s] -- Up-to-date: /home/nano/final_project_ws/install/planning_interfaces/share/planning_interfaces/cmake/planning_interfacesConfig-version.cmake
[1.357s] -- Up-to-date: /home/nano/final_project_ws/install/planning_interfaces/share/planning_interfaces/package.xml
[1.364s] Invoked command in '/home/nano/final_project_ws/build/planning_interfaces' returned '0': CMAKE_PREFIX_PATH=${CMAKE_PREFIX_PATH}:/home/nano/final_project_ws/install/ros2_aruco:/home/nano/final_project_ws/install/realsense_cv:/home/nano/final_project_ws/install/planning:/home/nano/final_project_ws/install/actuation:/home/nano/tmdriver_ws/install/tm_mod_urdf:/home/nano/tmdriver_ws/install/tm_get_status:/opt/ros/humble /usr/bin/cmake --install /home/nano/final_project_ws/build/planning_interfaces
