/home/nano/final_project_ws/install/planning/lib/python3.10/site-packages/planning/simple_move.py
/home/nano/final_project_ws/install/planning/lib/python3.10/site-packages/planning/ik.py
/home/nano/final_project_ws/install/planning/lib/python3.10/site-packages/planning/pick_and_place.py
/home/nano/final_project_ws/install/planning/lib/python3.10/site-packages/planning/__init__.py
/home/nano/final_project_ws/install/planning/lib/python3.10/site-packages/planning/camera_static_transform.py
/home/nano/final_project_ws/install/planning/lib/python3.10/site-packages/planning/__pycache__/simple_move.cpython-310.pyc
/home/nano/final_project_ws/install/planning/lib/python3.10/site-packages/planning/__pycache__/ik.cpython-310.pyc
/home/nano/final_project_ws/install/planning/lib/python3.10/site-packages/planning/__pycache__/pick_and_place.cpython-310.pyc
/home/nano/final_project_ws/install/planning/lib/python3.10/site-packages/planning/__pycache__/__init__.cpython-310.pyc
/home/nano/final_project_ws/install/planning/lib/python3.10/site-packages/planning/__pycache__/camera_static_transform.cpython-310.pyc
/home/nano/final_project_ws/install/planning/share/ament_index/resource_index/packages/planning
/home/nano/final_project_ws/install/planning/share/planning/package.xml
/home/nano/final_project_ws/install/planning/share/planning/launch/marker_pickplace.launch.py
/home/nano/final_project_ws/install/planning/share/planning/launch/gsam_pickplace.launch.py
/home/nano/final_project_ws/install/planning/share/planning/launch/pick_planner.launch.py
/home/nano/final_project_ws/install/planning/lib/python3.10/site-packages/planning-0.0.0-py3.10.egg-info/entry_points.txt
/home/nano/final_project_ws/install/planning/lib/python3.10/site-packages/planning-0.0.0-py3.10.egg-info/requires.txt
/home/nano/final_project_ws/install/planning/lib/python3.10/site-packages/planning-0.0.0-py3.10.egg-info/SOURCES.txt
/home/nano/final_project_ws/install/planning/lib/python3.10/site-packages/planning-0.0.0-py3.10.egg-info/zip-safe
/home/nano/final_project_ws/install/planning/lib/python3.10/site-packages/planning-0.0.0-py3.10.egg-info/PKG-INFO
/home/nano/final_project_ws/install/planning/lib/python3.10/site-packages/planning-0.0.0-py3.10.egg-info/dependency_links.txt
/home/nano/final_project_ws/install/planning/lib/python3.10/site-packages/planning-0.0.0-py3.10.egg-info/top_level.txt
/home/nano/final_project_ws/install/planning/lib/planning/camera_tf
/home/nano/final_project_ws/install/planning/lib/planning/ik
/home/nano/final_project_ws/install/planning/lib/planning/pick_and_place
/home/nano/final_project_ws/install/planning/lib/planning/simple_move
