running egg_info
writing ../../../build/realsense_cv/realsense_cv.egg-info/PKG-INFO
writing dependency_links to ../../../build/realsense_cv/realsense_cv.egg-info/dependency_links.txt
writing entry points to ../../../build/realsense_cv/realsense_cv.egg-info/entry_points.txt
writing requirements to ../../../build/realsense_cv/realsense_cv.egg-info/requires.txt
writing top-level names to ../../../build/realsense_cv/realsense_cv.egg-info/top_level.txt
reading manifest file '../../../build/realsense_cv/realsense_cv.egg-info/SOURCES.txt'
writing manifest file '../../../build/realsense_cv/realsense_cv.egg-info/SOURCES.txt'
running build
running build_py
copying realsense_cv/edge_detect.py -> /home/nano/final_project_ws/build/realsense_cv/build/lib/realsense_cv
copying realsense_cv/marker_validation.py -> /home/nano/final_project_ws/build/realsense_cv/build/lib/realsense_cv
copying realsense_cv/gsam_slide_detect.py -> /home/nano/final_project_ws/build/realsense_cv/build/lib/realsense_cv
copying realsense_cv/slide_detector.py -> /home/nano/final_project_ws/build/realsense_cv/build/lib/realsense_cv
copying realsense_cv/hsv_tune.py -> /home/nano/final_project_ws/build/realsense_cv/build/lib/realsense_cv
copying realsense_cv/model_download.py -> /home/nano/final_project_ws/build/realsense_cv/build/lib/realsense_cv
copying realsense_cv/edge_tune.py -> /home/nano/final_project_ws/build/realsense_cv/build/lib/realsense_cv
copying realsense_cv/yolo_detect.py -> /home/nano/final_project_ws/build/realsense_cv/build/lib/realsense_cv
copying realsense_cv/__init__.py -> /home/nano/final_project_ws/build/realsense_cv/build/lib/realsense_cv
copying realsense_cv/marker_detect.py -> /home/nano/final_project_ws/build/realsense_cv/build/lib/realsense_cv
copying realsense_cv/hsv_tune_v1.py -> /home/nano/final_project_ws/build/realsense_cv/build/lib/realsense_cv
running install
running install_lib
copying /home/nano/final_project_ws/build/realsense_cv/build/lib/realsense_cv/marker_validation.py -> /home/nano/final_project_ws/install/realsense_cv/lib/python3.10/site-packages/realsense_cv
copying /home/nano/final_project_ws/build/realsense_cv/build/lib/realsense_cv/gsam_slide_detect.py -> /home/nano/final_project_ws/install/realsense_cv/lib/python3.10/site-packages/realsense_cv
copying /home/nano/final_project_ws/build/realsense_cv/build/lib/realsense_cv/slide_detector.py -> /home/nano/final_project_ws/install/realsense_cv/lib/python3.10/site-packages/realsense_cv
copying /home/nano/final_project_ws/build/realsense_cv/build/lib/realsense_cv/marker_detect.py -> /home/nano/final_project_ws/install/realsense_cv/lib/python3.10/site-packages/realsense_cv
byte-compiling /home/nano/final_project_ws/install/realsense_cv/lib/python3.10/site-packages/realsense_cv/marker_validation.py to marker_validation.cpython-310.pyc
byte-compiling /home/nano/final_project_ws/install/realsense_cv/lib/python3.10/site-packages/realsense_cv/gsam_slide_detect.py to gsam_slide_detect.cpython-310.pyc
byte-compiling /home/nano/final_project_ws/install/realsense_cv/lib/python3.10/site-packages/realsense_cv/slide_detector.py to slide_detector.cpython-310.pyc
byte-compiling /home/nano/final_project_ws/install/realsense_cv/lib/python3.10/site-packages/realsense_cv/marker_detect.py to marker_detect.cpython-310.pyc
running install_data
copying resource/realsense_cv -> /home/nano/final_project_ws/install/realsense_cv/share/ament_index/resource_index/packages
copying package.xml -> /home/nano/final_project_ws/install/realsense_cv/share/realsense_cv
running install_egg_info
removing '/home/nano/final_project_ws/install/realsense_cv/lib/python3.10/site-packages/realsense_cv-0.0.0-py3.10.egg-info' (and everything under it)
Copying ../../../build/realsense_cv/realsense_cv.egg-info to /home/nano/final_project_ws/install/realsense_cv/lib/python3.10/site-packages/realsense_cv-0.0.0-py3.10.egg-info
running install_scripts
Installing edge_node script to /home/nano/final_project_ws/install/realsense_cv/lib/realsense_cv
Installing edge_tune script to /home/nano/final_project_ws/install/realsense_cv/lib/realsense_cv
Installing gsam_slide_detect script to /home/nano/final_project_ws/install/realsense_cv/lib/realsense_cv
Installing hsv_tuning script to /home/nano/final_project_ws/install/realsense_cv/lib/realsense_cv
Installing marker_node script to /home/nano/final_project_ws/install/realsense_cv/lib/realsense_cv
Installing marker_validation script to /home/nano/final_project_ws/install/realsense_cv/lib/realsense_cv
Installing slide_detector script to /home/nano/final_project_ws/install/realsense_cv/lib/realsense_cv
Installing yolo_node script to /home/nano/final_project_ws/install/realsense_cv/lib/realsense_cv
writing list of installed files to '/home/nano/final_project_ws/build/realsense_cv/install.log'
