[2.659s] Invoking command in '/home/nano/final_project_ws/src/perception/realsense_cv': PYTHONPATH=/home/nano/final_project_ws/build/realsense_cv/prefix_override:/usr/lib/python3/dist-packages/colcon_core/task/python/colcon_distutils_commands:/home/nano/final_project_ws/install/realsense_cv/lib/python3.10/site-packages:${PYTHONPATH} /usr/bin/python3 -W ignore:setup.py install is deprecated -W ignore:easy_install command is deprecated setup.py egg_info --egg-base ../../../build/realsense_cv build --build-base /home/nano/final_project_ws/build/realsense_cv/build install --record /home/nano/final_project_ws/build/realsense_cv/install.log --single-version-externally-managed install_data
[3.246s] running egg_info
[3.285s] writing ../../../build/realsense_cv/realsense_cv.egg-info/PKG-INFO
[3.289s] writing dependency_links to ../../../build/realsense_cv/realsense_cv.egg-info/dependency_links.txt
[3.289s] writing entry points to ../../../build/realsense_cv/realsense_cv.egg-info/entry_points.txt
[3.289s] writing requirements to ../../../build/realsense_cv/realsense_cv.egg-info/requires.txt
[3.290s] writing top-level names to ../../../build/realsense_cv/realsense_cv.egg-info/top_level.txt
[3.370s] reading manifest file '../../../build/realsense_cv/realsense_cv.egg-info/SOURCES.txt'
[3.374s] writing manifest file '../../../build/realsense_cv/realsense_cv.egg-info/SOURCES.txt'
[3.374s] running build
[3.374s] running build_py
[3.377s] copying realsense_cv/edge_detect.py -> /home/nano/final_project_ws/build/realsense_cv/build/lib/realsense_cv
[3.378s] copying realsense_cv/marker_validation.py -> /home/nano/final_project_ws/build/realsense_cv/build/lib/realsense_cv
[3.378s] copying realsense_cv/gsam_slide_detect.py -> /home/nano/final_project_ws/build/realsense_cv/build/lib/realsense_cv
[3.379s] copying realsense_cv/slide_detector.py -> /home/nano/final_project_ws/build/realsense_cv/build/lib/realsense_cv
[3.379s] copying realsense_cv/hsv_tune.py -> /home/nano/final_project_ws/build/realsense_cv/build/lib/realsense_cv
[3.380s] copying realsense_cv/model_download.py -> /home/nano/final_project_ws/build/realsense_cv/build/lib/realsense_cv
[3.380s] copying realsense_cv/edge_tune.py -> /home/nano/final_project_ws/build/realsense_cv/build/lib/realsense_cv
[3.381s] copying realsense_cv/yolo_detect.py -> /home/nano/final_project_ws/build/realsense_cv/build/lib/realsense_cv
[3.382s] copying realsense_cv/__init__.py -> /home/nano/final_project_ws/build/realsense_cv/build/lib/realsense_cv
[3.382s] copying realsense_cv/marker_detect.py -> /home/nano/final_project_ws/build/realsense_cv/build/lib/realsense_cv
[3.383s] copying realsense_cv/hsv_tune_v1.py -> /home/nano/final_project_ws/build/realsense_cv/build/lib/realsense_cv
[3.384s] running install
[3.393s] running install_lib
[3.434s] copying /home/nano/final_project_ws/build/realsense_cv/build/lib/realsense_cv/marker_validation.py -> /home/nano/final_project_ws/install/realsense_cv/lib/python3.10/site-packages/realsense_cv
[3.434s] copying /home/nano/final_project_ws/build/realsense_cv/build/lib/realsense_cv/gsam_slide_detect.py -> /home/nano/final_project_ws/install/realsense_cv/lib/python3.10/site-packages/realsense_cv
[3.435s] copying /home/nano/final_project_ws/build/realsense_cv/build/lib/realsense_cv/slide_detector.py -> /home/nano/final_project_ws/install/realsense_cv/lib/python3.10/site-packages/realsense_cv
[3.436s] copying /home/nano/final_project_ws/build/realsense_cv/build/lib/realsense_cv/marker_detect.py -> /home/nano/final_project_ws/install/realsense_cv/lib/python3.10/site-packages/realsense_cv
[3.438s] byte-compiling /home/nano/final_project_ws/install/realsense_cv/lib/python3.10/site-packages/realsense_cv/marker_validation.py to marker_validation.cpython-310.pyc
[3.442s] byte-compiling /home/nano/final_project_ws/install/realsense_cv/lib/python3.10/site-packages/realsense_cv/gsam_slide_detect.py to gsam_slide_detect.cpython-310.pyc
[3.448s] byte-compiling /home/nano/final_project_ws/install/realsense_cv/lib/python3.10/site-packages/realsense_cv/slide_detector.py to slide_detector.cpython-310.pyc
[3.449s] byte-compiling /home/nano/final_project_ws/install/realsense_cv/lib/python3.10/site-packages/realsense_cv/marker_detect.py to marker_detect.cpython-310.pyc
[3.453s] running install_data
[3.454s] copying resource/realsense_cv -> /home/nano/final_project_ws/install/realsense_cv/share/ament_index/resource_index/packages
[3.455s] copying package.xml -> /home/nano/final_project_ws/install/realsense_cv/share/realsense_cv
[3.455s] running install_egg_info
[3.496s] removing '/home/nano/final_project_ws/install/realsense_cv/lib/python3.10/site-packages/realsense_cv-0.0.0-py3.10.egg-info' (and everything under it)
[3.497s] Copying ../../../build/realsense_cv/realsense_cv.egg-info to /home/nano/final_project_ws/install/realsense_cv/lib/python3.10/site-packages/realsense_cv-0.0.0-py3.10.egg-info
[3.500s] running install_scripts
[3.583s] Installing edge_node script to /home/nano/final_project_ws/install/realsense_cv/lib/realsense_cv
[3.584s] Installing edge_tune script to /home/nano/final_project_ws/install/realsense_cv/lib/realsense_cv
[3.585s] Installing gsam_slide_detect script to /home/nano/final_project_ws/install/realsense_cv/lib/realsense_cv
[3.585s] Installing hsv_tuning script to /home/nano/final_project_ws/install/realsense_cv/lib/realsense_cv
[3.585s] Installing marker_node script to /home/nano/final_project_ws/install/realsense_cv/lib/realsense_cv
[3.586s] Installing marker_validation script to /home/nano/final_project_ws/install/realsense_cv/lib/realsense_cv
[3.586s] Installing slide_detector script to /home/nano/final_project_ws/install/realsense_cv/lib/realsense_cv
[3.587s] Installing yolo_node script to /home/nano/final_project_ws/install/realsense_cv/lib/realsense_cv
[3.589s] writing list of installed files to '/home/nano/final_project_ws/build/realsense_cv/install.log'
[3.696s] Invoked command in '/home/nano/final_project_ws/src/perception/realsense_cv' returned '0': PYTHONPATH=/home/nano/final_project_ws/build/realsense_cv/prefix_override:/usr/lib/python3/dist-packages/colcon_core/task/python/colcon_distutils_commands:/home/nano/final_project_ws/install/realsense_cv/lib/python3.10/site-packages:${PYTHONPATH} /usr/bin/python3 -W ignore:setup.py install is deprecated -W ignore:easy_install command is deprecated setup.py egg_info --egg-base ../../../build/realsense_cv build --build-base /home/nano/final_project_ws/build/realsense_cv/build install --record /home/nano/final_project_ws/build/realsense_cv/install.log --single-version-externally-managed install_data
