[0.209s] DEBUG:colcon:Command line arguments: ['/usr/bin/colcon', 'build']
[0.210s] DEBUG:colcon:Parsed command line arguments: Namespace(log_base=None, log_level=None, verb_name='build', build_base='build', install_base='install', merge_install=False, symlink_install=False, test_result_base=None, continue_on_error=False, executor='parallel', parallel_workers=6, event_handlers=None, ignore_user_meta=False, metas=['./colcon.meta'], base_paths=['.'], packages_ignore=None, packages_ignore_regex=None, paths=None, packages_up_to=None, packages_up_to_regex=None, packages_above=None, packages_above_and_dependencies=None, packages_above_depth=None, packages_select_by_dep=None, packages_skip_by_dep=None, packages_skip_up_to=None, packages_select_build_failed=False, packages_skip_build_finished=False, packages_select_test_failures=False, packages_skip_test_passed=False, packages_select=None, packages_skip=None, packages_select_regex=None, packages_skip_regex=None, packages_start=None, packages_end=None, allow_overriding=[], cmake_args=None, cmake_target=None, cmake_target_skip_unavailable=False, cmake_clean_cache=False, cmake_clean_first=False, cmake_force_configure=False, ament_cmake_args=None, catkin_cmake_args=None, catkin_skip_building_tests=False, mixin_files=None, mixin=None, verb_parser=<colcon_mixin.mixin.mixin_argument.MixinArgumentDecorator object at 0xffffa9c583a0>, verb_extension=<colcon_core.verb.build.BuildVerb object at 0xffffa9c2beb0>, main=<bound method BuildVerb.main of <colcon_core.verb.build.BuildVerb object at 0xffffa9c2beb0>>, mixin_verb=('build',))
[0.531s] Level 1:colcon.colcon_core.package_discovery:discover_packages(colcon_meta) check parameters
[0.531s] Level 1:colcon.colcon_core.package_discovery:discover_packages(recursive) check parameters
[0.532s] Level 1:colcon.colcon_core.package_discovery:discover_packages(ignore) check parameters
[0.532s] Level 1:colcon.colcon_core.package_discovery:discover_packages(path) check parameters
[0.532s] Level 1:colcon.colcon_core.package_discovery:discover_packages(colcon_meta) discover
[0.532s] Level 1:colcon.colcon_core.package_discovery:discover_packages(recursive) discover
[0.532s] INFO:colcon.colcon_core.package_discovery:Crawling recursively for packages in '/home/nano/final_project_ws'
[0.532s] Level 1:colcon.colcon_core.package_identification:_identify(.) by extensions ['ignore', 'ignore_ament_install']
[0.532s] Level 1:colcon.colcon_core.package_identification:_identify(.) by extension 'ignore'
[0.533s] Level 1:colcon.colcon_core.package_identification:_identify(.) by extension 'ignore_ament_install'
[0.533s] Level 1:colcon.colcon_core.package_identification:_identify(.) by extensions ['colcon_pkg']
[0.533s] Level 1:colcon.colcon_core.package_identification:_identify(.) by extension 'colcon_pkg'
[0.533s] Level 1:colcon.colcon_core.package_identification:_identify(.) by extensions ['colcon_meta']
[0.533s] Level 1:colcon.colcon_core.package_identification:_identify(.) by extension 'colcon_meta'
[0.533s] Level 1:colcon.colcon_core.package_identification:_identify(.) by extensions ['ros']
[0.533s] Level 1:colcon.colcon_core.package_identification:_identify(.) by extension 'ros'
[0.552s] Level 1:colcon.colcon_core.package_identification:_identify(.) by extensions ['cmake', 'python']
[0.553s] Level 1:colcon.colcon_core.package_identification:_identify(.) by extension 'cmake'
[0.553s] Level 1:colcon.colcon_core.package_identification:_identify(.) by extension 'python'
[0.553s] Level 1:colcon.colcon_core.package_identification:_identify(.) by extensions ['python_setup_py']
[0.553s] Level 1:colcon.colcon_core.package_identification:_identify(.) by extension 'python_setup_py'
[0.553s] Level 1:colcon.colcon_core.package_identification:_identify(build) by extensions ['ignore', 'ignore_ament_install']
[0.553s] Level 1:colcon.colcon_core.package_identification:_identify(build) by extension 'ignore'
[0.554s] Level 1:colcon.colcon_core.package_identification:_identify(build) ignored
[0.554s] Level 1:colcon.colcon_core.package_identification:_identify(install) by extensions ['ignore', 'ignore_ament_install']
[0.554s] Level 1:colcon.colcon_core.package_identification:_identify(install) by extension 'ignore'
[0.554s] Level 1:colcon.colcon_core.package_identification:_identify(install) ignored
[0.554s] Level 1:colcon.colcon_core.package_identification:_identify(log) by extensions ['ignore', 'ignore_ament_install']
[0.554s] Level 1:colcon.colcon_core.package_identification:_identify(log) by extension 'ignore'
[0.555s] Level 1:colcon.colcon_core.package_identification:_identify(log) ignored
[0.555s] Level 1:colcon.colcon_core.package_identification:_identify(src) by extensions ['ignore', 'ignore_ament_install']
[0.555s] Level 1:colcon.colcon_core.package_identification:_identify(src) by extension 'ignore'
[0.555s] Level 1:colcon.colcon_core.package_identification:_identify(src) by extension 'ignore_ament_install'
[0.555s] Level 1:colcon.colcon_core.package_identification:_identify(src) by extensions ['colcon_pkg']
[0.555s] Level 1:colcon.colcon_core.package_identification:_identify(src) by extension 'colcon_pkg'
[0.555s] Level 1:colcon.colcon_core.package_identification:_identify(src) by extensions ['colcon_meta']
[0.555s] Level 1:colcon.colcon_core.package_identification:_identify(src) by extension 'colcon_meta'
[0.555s] Level 1:colcon.colcon_core.package_identification:_identify(src) by extensions ['ros']
[0.555s] Level 1:colcon.colcon_core.package_identification:_identify(src) by extension 'ros'
[0.556s] Level 1:colcon.colcon_core.package_identification:_identify(src) by extensions ['cmake', 'python']
[0.556s] Level 1:colcon.colcon_core.package_identification:_identify(src) by extension 'cmake'
[0.556s] Level 1:colcon.colcon_core.package_identification:_identify(src) by extension 'python'
[0.556s] Level 1:colcon.colcon_core.package_identification:_identify(src) by extensions ['python_setup_py']
[0.556s] Level 1:colcon.colcon_core.package_identification:_identify(src) by extension 'python_setup_py'
[0.556s] Level 1:colcon.colcon_core.package_identification:_identify(src/actuation) by extensions ['ignore', 'ignore_ament_install']
[0.556s] Level 1:colcon.colcon_core.package_identification:_identify(src/actuation) by extension 'ignore'
[0.556s] Level 1:colcon.colcon_core.package_identification:_identify(src/actuation) by extension 'ignore_ament_install'
[0.556s] Level 1:colcon.colcon_core.package_identification:_identify(src/actuation) by extensions ['colcon_pkg']
[0.556s] Level 1:colcon.colcon_core.package_identification:_identify(src/actuation) by extension 'colcon_pkg'
[0.556s] Level 1:colcon.colcon_core.package_identification:_identify(src/actuation) by extensions ['colcon_meta']
[0.557s] Level 1:colcon.colcon_core.package_identification:_identify(src/actuation) by extension 'colcon_meta'
[0.557s] Level 1:colcon.colcon_core.package_identification:_identify(src/actuation) by extensions ['ros']
[0.557s] Level 1:colcon.colcon_core.package_identification:_identify(src/actuation) by extension 'ros'
[0.561s] DEBUG:colcon.colcon_core.package_identification:Package 'src/actuation' with type 'ros.ament_python' and name 'actuation'
[0.562s] Level 1:colcon.colcon_core.package_identification:_identify(src/perception) by extensions ['ignore', 'ignore_ament_install']
[0.562s] Level 1:colcon.colcon_core.package_identification:_identify(src/perception) by extension 'ignore'
[0.562s] Level 1:colcon.colcon_core.package_identification:_identify(src/perception) by extension 'ignore_ament_install'
[0.562s] Level 1:colcon.colcon_core.package_identification:_identify(src/perception) by extensions ['colcon_pkg']
[0.562s] Level 1:colcon.colcon_core.package_identification:_identify(src/perception) by extension 'colcon_pkg'
[0.562s] Level 1:colcon.colcon_core.package_identification:_identify(src/perception) by extensions ['colcon_meta']
[0.562s] Level 1:colcon.colcon_core.package_identification:_identify(src/perception) by extension 'colcon_meta'
[0.562s] Level 1:colcon.colcon_core.package_identification:_identify(src/perception) by extensions ['ros']
[0.562s] Level 1:colcon.colcon_core.package_identification:_identify(src/perception) by extension 'ros'
[0.563s] Level 1:colcon.colcon_core.package_identification:_identify(src/perception) by extensions ['cmake', 'python']
[0.563s] Level 1:colcon.colcon_core.package_identification:_identify(src/perception) by extension 'cmake'
[0.563s] Level 1:colcon.colcon_core.package_identification:_identify(src/perception) by extension 'python'
[0.563s] Level 1:colcon.colcon_core.package_identification:_identify(src/perception) by extensions ['python_setup_py']
[0.563s] Level 1:colcon.colcon_core.package_identification:_identify(src/perception) by extension 'python_setup_py'
[0.563s] Level 1:colcon.colcon_core.package_identification:_identify(src/perception/TMFlow_CV) by extensions ['ignore', 'ignore_ament_install']
[0.563s] Level 1:colcon.colcon_core.package_identification:_identify(src/perception/TMFlow_CV) by extension 'ignore'
[0.563s] Level 1:colcon.colcon_core.package_identification:_identify(src/perception/TMFlow_CV) by extension 'ignore_ament_install'
[0.563s] Level 1:colcon.colcon_core.package_identification:_identify(src/perception/TMFlow_CV) by extensions ['colcon_pkg']
[0.563s] Level 1:colcon.colcon_core.package_identification:_identify(src/perception/TMFlow_CV) by extension 'colcon_pkg'
[0.564s] Level 1:colcon.colcon_core.package_identification:_identify(src/perception/TMFlow_CV) by extensions ['colcon_meta']
[0.564s] Level 1:colcon.colcon_core.package_identification:_identify(src/perception/TMFlow_CV) by extension 'colcon_meta'
[0.564s] Level 1:colcon.colcon_core.package_identification:_identify(src/perception/TMFlow_CV) by extensions ['ros']
[0.564s] Level 1:colcon.colcon_core.package_identification:_identify(src/perception/TMFlow_CV) by extension 'ros'
[0.564s] Level 1:colcon.colcon_core.package_identification:_identify(src/perception/TMFlow_CV) by extensions ['cmake', 'python']
[0.564s] Level 1:colcon.colcon_core.package_identification:_identify(src/perception/TMFlow_CV) by extension 'cmake'
[0.564s] Level 1:colcon.colcon_core.package_identification:_identify(src/perception/TMFlow_CV) by extension 'python'
[0.564s] Level 1:colcon.colcon_core.package_identification:_identify(src/perception/TMFlow_CV) by extensions ['python_setup_py']
[0.564s] Level 1:colcon.colcon_core.package_identification:_identify(src/perception/TMFlow_CV) by extension 'python_setup_py'
[0.564s] Level 1:colcon.colcon_core.package_identification:_identify(src/perception/aruco_marker) by extensions ['ignore', 'ignore_ament_install']
[0.564s] Level 1:colcon.colcon_core.package_identification:_identify(src/perception/aruco_marker) by extension 'ignore'
[0.565s] Level 1:colcon.colcon_core.package_identification:_identify(src/perception/aruco_marker) by extension 'ignore_ament_install'
[0.565s] Level 1:colcon.colcon_core.package_identification:_identify(src/perception/aruco_marker) by extensions ['colcon_pkg']
[0.565s] Level 1:colcon.colcon_core.package_identification:_identify(src/perception/aruco_marker) by extension 'colcon_pkg'
[0.565s] Level 1:colcon.colcon_core.package_identification:_identify(src/perception/aruco_marker) by extensions ['colcon_meta']
[0.565s] Level 1:colcon.colcon_core.package_identification:_identify(src/perception/aruco_marker) by extension 'colcon_meta'
[0.565s] Level 1:colcon.colcon_core.package_identification:_identify(src/perception/aruco_marker) by extensions ['ros']
[0.565s] Level 1:colcon.colcon_core.package_identification:_identify(src/perception/aruco_marker) by extension 'ros'
[0.565s] Level 1:colcon.colcon_core.package_identification:_identify(src/perception/aruco_marker) by extensions ['cmake', 'python']
[0.565s] Level 1:colcon.colcon_core.package_identification:_identify(src/perception/aruco_marker) by extension 'cmake'
[0.565s] Level 1:colcon.colcon_core.package_identification:_identify(src/perception/aruco_marker) by extension 'python'
[0.565s] Level 1:colcon.colcon_core.package_identification:_identify(src/perception/aruco_marker) by extensions ['python_setup_py']
[0.565s] Level 1:colcon.colcon_core.package_identification:_identify(src/perception/aruco_marker) by extension 'python_setup_py'
[0.566s] Level 1:colcon.colcon_core.package_identification:_identify(src/perception/realsense_cv) by extensions ['ignore', 'ignore_ament_install']
[0.566s] Level 1:colcon.colcon_core.package_identification:_identify(src/perception/realsense_cv) by extension 'ignore'
[0.566s] Level 1:colcon.colcon_core.package_identification:_identify(src/perception/realsense_cv) by extension 'ignore_ament_install'
[0.566s] Level 1:colcon.colcon_core.package_identification:_identify(src/perception/realsense_cv) by extensions ['colcon_pkg']
[0.566s] Level 1:colcon.colcon_core.package_identification:_identify(src/perception/realsense_cv) by extension 'colcon_pkg'
[0.566s] Level 1:colcon.colcon_core.package_identification:_identify(src/perception/realsense_cv) by extensions ['colcon_meta']
[0.566s] Level 1:colcon.colcon_core.package_identification:_identify(src/perception/realsense_cv) by extension 'colcon_meta'
[0.566s] Level 1:colcon.colcon_core.package_identification:_identify(src/perception/realsense_cv) by extensions ['ros']
[0.566s] Level 1:colcon.colcon_core.package_identification:_identify(src/perception/realsense_cv) by extension 'ros'
[0.567s] DEBUG:colcon.colcon_core.package_identification:Package 'src/perception/realsense_cv' with type 'ros.ament_python' and name 'realsense_cv'
[0.568s] Level 1:colcon.colcon_core.package_identification:_identify(src/perception/ros2_aruco) by extensions ['ignore', 'ignore_ament_install']
[0.568s] Level 1:colcon.colcon_core.package_identification:_identify(src/perception/ros2_aruco) by extension 'ignore'
[0.568s] Level 1:colcon.colcon_core.package_identification:_identify(src/perception/ros2_aruco) by extension 'ignore_ament_install'
[0.568s] Level 1:colcon.colcon_core.package_identification:_identify(src/perception/ros2_aruco) by extensions ['colcon_pkg']
[0.568s] Level 1:colcon.colcon_core.package_identification:_identify(src/perception/ros2_aruco) by extension 'colcon_pkg'
[0.568s] Level 1:colcon.colcon_core.package_identification:_identify(src/perception/ros2_aruco) by extensions ['colcon_meta']
[0.568s] Level 1:colcon.colcon_core.package_identification:_identify(src/perception/ros2_aruco) by extension 'colcon_meta'
[0.568s] Level 1:colcon.colcon_core.package_identification:_identify(src/perception/ros2_aruco) by extensions ['ros']
[0.568s] Level 1:colcon.colcon_core.package_identification:_identify(src/perception/ros2_aruco) by extension 'ros'
[0.569s] Level 1:colcon.colcon_core.package_identification:_identify(src/perception/ros2_aruco) by extensions ['cmake', 'python']
[0.569s] Level 1:colcon.colcon_core.package_identification:_identify(src/perception/ros2_aruco) by extension 'cmake'
[0.569s] Level 1:colcon.colcon_core.package_identification:_identify(src/perception/ros2_aruco) by extension 'python'
[0.569s] Level 1:colcon.colcon_core.package_identification:_identify(src/perception/ros2_aruco) by extensions ['python_setup_py']
[0.569s] Level 1:colcon.colcon_core.package_identification:_identify(src/perception/ros2_aruco) by extension 'python_setup_py'
[0.569s] Level 1:colcon.colcon_core.package_identification:_identify(src/perception/ros2_aruco/ros2_aruco) by extensions ['ignore', 'ignore_ament_install']
[0.569s] Level 1:colcon.colcon_core.package_identification:_identify(src/perception/ros2_aruco/ros2_aruco) by extension 'ignore'
[0.569s] Level 1:colcon.colcon_core.package_identification:_identify(src/perception/ros2_aruco/ros2_aruco) by extension 'ignore_ament_install'
[0.569s] Level 1:colcon.colcon_core.package_identification:_identify(src/perception/ros2_aruco/ros2_aruco) by extensions ['colcon_pkg']
[0.569s] Level 1:colcon.colcon_core.package_identification:_identify(src/perception/ros2_aruco/ros2_aruco) by extension 'colcon_pkg'
[0.570s] Level 1:colcon.colcon_core.package_identification:_identify(src/perception/ros2_aruco/ros2_aruco) by extensions ['colcon_meta']
[0.570s] Level 1:colcon.colcon_core.package_identification:_identify(src/perception/ros2_aruco/ros2_aruco) by extension 'colcon_meta'
[0.570s] Level 1:colcon.colcon_core.package_identification:_identify(src/perception/ros2_aruco/ros2_aruco) by extensions ['ros']
[0.570s] Level 1:colcon.colcon_core.package_identification:_identify(src/perception/ros2_aruco/ros2_aruco) by extension 'ros'
[0.571s] DEBUG:colcon.colcon_core.package_identification:Package 'src/perception/ros2_aruco/ros2_aruco' with type 'ros.ament_python' and name 'ros2_aruco'
[0.571s] Level 1:colcon.colcon_core.package_identification:_identify(src/perception/ros2_aruco/ros2_aruco_interfaces) by extensions ['ignore', 'ignore_ament_install']
[0.571s] Level 1:colcon.colcon_core.package_identification:_identify(src/perception/ros2_aruco/ros2_aruco_interfaces) by extension 'ignore'
[0.571s] Level 1:colcon.colcon_core.package_identification:_identify(src/perception/ros2_aruco/ros2_aruco_interfaces) by extension 'ignore_ament_install'
[0.571s] Level 1:colcon.colcon_core.package_identification:_identify(src/perception/ros2_aruco/ros2_aruco_interfaces) by extensions ['colcon_pkg']
[0.571s] Level 1:colcon.colcon_core.package_identification:_identify(src/perception/ros2_aruco/ros2_aruco_interfaces) by extension 'colcon_pkg'
[0.571s] Level 1:colcon.colcon_core.package_identification:_identify(src/perception/ros2_aruco/ros2_aruco_interfaces) by extensions ['colcon_meta']
[0.571s] Level 1:colcon.colcon_core.package_identification:_identify(src/perception/ros2_aruco/ros2_aruco_interfaces) by extension 'colcon_meta'
[0.571s] Level 1:colcon.colcon_core.package_identification:_identify(src/perception/ros2_aruco/ros2_aruco_interfaces) by extensions ['ros']
[0.571s] Level 1:colcon.colcon_core.package_identification:_identify(src/perception/ros2_aruco/ros2_aruco_interfaces) by extension 'ros'
[0.573s] DEBUG:colcon.colcon_core.package_identification:Package 'src/perception/ros2_aruco/ros2_aruco_interfaces' with type 'ros.ament_cmake' and name 'ros2_aruco_interfaces'
[0.573s] Level 1:colcon.colcon_core.package_identification:_identify(src/planning) by extensions ['ignore', 'ignore_ament_install']
[0.573s] Level 1:colcon.colcon_core.package_identification:_identify(src/planning) by extension 'ignore'
[0.573s] Level 1:colcon.colcon_core.package_identification:_identify(src/planning) by extension 'ignore_ament_install'
[0.573s] Level 1:colcon.colcon_core.package_identification:_identify(src/planning) by extensions ['colcon_pkg']
[0.573s] Level 1:colcon.colcon_core.package_identification:_identify(src/planning) by extension 'colcon_pkg'
[0.573s] Level 1:colcon.colcon_core.package_identification:_identify(src/planning) by extensions ['colcon_meta']
[0.573s] Level 1:colcon.colcon_core.package_identification:_identify(src/planning) by extension 'colcon_meta'
[0.573s] Level 1:colcon.colcon_core.package_identification:_identify(src/planning) by extensions ['ros']
[0.573s] Level 1:colcon.colcon_core.package_identification:_identify(src/planning) by extension 'ros'
[0.575s] DEBUG:colcon.colcon_core.package_identification:Package 'src/planning' with type 'ros.ament_python' and name 'planning'
[0.575s] Level 1:colcon.colcon_core.package_identification:_identify(src/planning_interfaces) by extensions ['ignore', 'ignore_ament_install']
[0.576s] Level 1:colcon.colcon_core.package_identification:_identify(src/planning_interfaces) by extension 'ignore'
[0.576s] Level 1:colcon.colcon_core.package_identification:_identify(src/planning_interfaces) by extension 'ignore_ament_install'
[0.576s] Level 1:colcon.colcon_core.package_identification:_identify(src/planning_interfaces) by extensions ['colcon_pkg']
[0.576s] Level 1:colcon.colcon_core.package_identification:_identify(src/planning_interfaces) by extension 'colcon_pkg'
[0.576s] Level 1:colcon.colcon_core.package_identification:_identify(src/planning_interfaces) by extensions ['colcon_meta']
[0.576s] Level 1:colcon.colcon_core.package_identification:_identify(src/planning_interfaces) by extension 'colcon_meta'
[0.576s] Level 1:colcon.colcon_core.package_identification:_identify(src/planning_interfaces) by extensions ['ros']
[0.576s] Level 1:colcon.colcon_core.package_identification:_identify(src/planning_interfaces) by extension 'ros'
[0.577s] DEBUG:colcon.colcon_core.package_identification:Package 'src/planning_interfaces' with type 'ros.ament_cmake' and name 'planning_interfaces'
[0.577s] Level 1:colcon.colcon_core.package_discovery:discover_packages(recursive) using defaults
[0.577s] Level 1:colcon.colcon_core.package_discovery:discover_packages(ignore) discover
[0.577s] Level 1:colcon.colcon_core.package_discovery:discover_packages(ignore) using defaults
[0.577s] Level 1:colcon.colcon_core.package_discovery:discover_packages(path) discover
[0.578s] Level 1:colcon.colcon_core.package_discovery:discover_packages(path) using defaults
[0.644s] Level 1:colcon.colcon_core.package_discovery:discover_packages(prefix_path) check parameters
[0.645s] Level 1:colcon.colcon_core.package_discovery:discover_packages(prefix_path) discover
[0.650s] DEBUG:colcon.colcon_installed_package_information.package_discovery:Found 6 installed packages in /home/nano/final_project_ws/install
[0.651s] DEBUG:colcon.colcon_installed_package_information.package_discovery:Found 19 installed packages in /home/nano/tmdriver_ws/install
[0.654s] DEBUG:colcon.colcon_installed_package_information.package_discovery:Found 337 installed packages in /opt/ros/humble
[0.657s] Level 1:colcon.colcon_core.package_discovery:discover_packages(prefix_path) using defaults
[0.738s] Level 5:colcon.colcon_core.verb:set package 'actuation' build argument 'cmake_args' from command line to 'None'
[0.738s] Level 5:colcon.colcon_core.verb:set package 'actuation' build argument 'cmake_target' from command line to 'None'
[0.738s] Level 5:colcon.colcon_core.verb:set package 'actuation' build argument 'cmake_target_skip_unavailable' from command line to 'False'
[0.738s] Level 5:colcon.colcon_core.verb:set package 'actuation' build argument 'cmake_clean_cache' from command line to 'False'
[0.738s] Level 5:colcon.colcon_core.verb:set package 'actuation' build argument 'cmake_clean_first' from command line to 'False'
[0.738s] Level 5:colcon.colcon_core.verb:set package 'actuation' build argument 'cmake_force_configure' from command line to 'False'
[0.738s] Level 5:colcon.colcon_core.verb:set package 'actuation' build argument 'ament_cmake_args' from command line to 'None'
[0.738s] Level 5:colcon.colcon_core.verb:set package 'actuation' build argument 'catkin_cmake_args' from command line to 'None'
[0.738s] Level 5:colcon.colcon_core.verb:set package 'actuation' build argument 'catkin_skip_building_tests' from command line to 'False'
[0.738s] DEBUG:colcon.colcon_core.verb:Building package 'actuation' with the following arguments: {'ament_cmake_args': None, 'build_base': '/home/nano/final_project_ws/build/actuation', 'catkin_cmake_args': None, 'catkin_skip_building_tests': False, 'cmake_args': None, 'cmake_clean_cache': False, 'cmake_clean_first': False, 'cmake_force_configure': False, 'cmake_target': None, 'cmake_target_skip_unavailable': False, 'install_base': '/home/nano/final_project_ws/install/actuation', 'merge_install': False, 'path': '/home/nano/final_project_ws/src/actuation', 'symlink_install': False, 'test_result_base': None}
[0.739s] Level 5:colcon.colcon_core.verb:set package 'planning_interfaces' build argument 'cmake_args' from command line to 'None'
[0.739s] Level 5:colcon.colcon_core.verb:set package 'planning_interfaces' build argument 'cmake_target' from command line to 'None'
[0.739s] Level 5:colcon.colcon_core.verb:set package 'planning_interfaces' build argument 'cmake_target_skip_unavailable' from command line to 'False'
[0.739s] Level 5:colcon.colcon_core.verb:set package 'planning_interfaces' build argument 'cmake_clean_cache' from command line to 'False'
[0.739s] Level 5:colcon.colcon_core.verb:set package 'planning_interfaces' build argument 'cmake_clean_first' from command line to 'False'
[0.739s] Level 5:colcon.colcon_core.verb:set package 'planning_interfaces' build argument 'cmake_force_configure' from command line to 'False'
[0.739s] Level 5:colcon.colcon_core.verb:set package 'planning_interfaces' build argument 'ament_cmake_args' from command line to 'None'
[0.739s] Level 5:colcon.colcon_core.verb:set package 'planning_interfaces' build argument 'catkin_cmake_args' from command line to 'None'
[0.739s] Level 5:colcon.colcon_core.verb:set package 'planning_interfaces' build argument 'catkin_skip_building_tests' from command line to 'False'
[0.739s] DEBUG:colcon.colcon_core.verb:Building package 'planning_interfaces' with the following arguments: {'ament_cmake_args': None, 'build_base': '/home/nano/final_project_ws/build/planning_interfaces', 'catkin_cmake_args': None, 'catkin_skip_building_tests': False, 'cmake_args': None, 'cmake_clean_cache': False, 'cmake_clean_first': False, 'cmake_force_configure': False, 'cmake_target': None, 'cmake_target_skip_unavailable': False, 'install_base': '/home/nano/final_project_ws/install/planning_interfaces', 'merge_install': False, 'path': '/home/nano/final_project_ws/src/planning_interfaces', 'symlink_install': False, 'test_result_base': None}
[0.740s] Level 5:colcon.colcon_core.verb:set package 'realsense_cv' build argument 'cmake_args' from command line to 'None'
[0.740s] Level 5:colcon.colcon_core.verb:set package 'realsense_cv' build argument 'cmake_target' from command line to 'None'
[0.740s] Level 5:colcon.colcon_core.verb:set package 'realsense_cv' build argument 'cmake_target_skip_unavailable' from command line to 'False'
[0.740s] Level 5:colcon.colcon_core.verb:set package 'realsense_cv' build argument 'cmake_clean_cache' from command line to 'False'
[0.740s] Level 5:colcon.colcon_core.verb:set package 'realsense_cv' build argument 'cmake_clean_first' from command line to 'False'
[0.740s] Level 5:colcon.colcon_core.verb:set package 'realsense_cv' build argument 'cmake_force_configure' from command line to 'False'
[0.740s] Level 5:colcon.colcon_core.verb:set package 'realsense_cv' build argument 'ament_cmake_args' from command line to 'None'
[0.740s] Level 5:colcon.colcon_core.verb:set package 'realsense_cv' build argument 'catkin_cmake_args' from command line to 'None'
[0.740s] Level 5:colcon.colcon_core.verb:set package 'realsense_cv' build argument 'catkin_skip_building_tests' from command line to 'False'
[0.740s] DEBUG:colcon.colcon_core.verb:Building package 'realsense_cv' with the following arguments: {'ament_cmake_args': None, 'build_base': '/home/nano/final_project_ws/build/realsense_cv', 'catkin_cmake_args': None, 'catkin_skip_building_tests': False, 'cmake_args': None, 'cmake_clean_cache': False, 'cmake_clean_first': False, 'cmake_force_configure': False, 'cmake_target': None, 'cmake_target_skip_unavailable': False, 'install_base': '/home/nano/final_project_ws/install/realsense_cv', 'merge_install': False, 'path': '/home/nano/final_project_ws/src/perception/realsense_cv', 'symlink_install': False, 'test_result_base': None}
[0.741s] Level 5:colcon.colcon_core.verb:set package 'ros2_aruco' build argument 'cmake_args' from command line to 'None'
[0.741s] Level 5:colcon.colcon_core.verb:set package 'ros2_aruco' build argument 'cmake_target' from command line to 'None'
[0.741s] Level 5:colcon.colcon_core.verb:set package 'ros2_aruco' build argument 'cmake_target_skip_unavailable' from command line to 'False'
[0.741s] Level 5:colcon.colcon_core.verb:set package 'ros2_aruco' build argument 'cmake_clean_cache' from command line to 'False'
[0.741s] Level 5:colcon.colcon_core.verb:set package 'ros2_aruco' build argument 'cmake_clean_first' from command line to 'False'
[0.741s] Level 5:colcon.colcon_core.verb:set package 'ros2_aruco' build argument 'cmake_force_configure' from command line to 'False'
[0.741s] Level 5:colcon.colcon_core.verb:set package 'ros2_aruco' build argument 'ament_cmake_args' from command line to 'None'
[0.741s] Level 5:colcon.colcon_core.verb:set package 'ros2_aruco' build argument 'catkin_cmake_args' from command line to 'None'
[0.741s] Level 5:colcon.colcon_core.verb:set package 'ros2_aruco' build argument 'catkin_skip_building_tests' from command line to 'False'
[0.741s] DEBUG:colcon.colcon_core.verb:Building package 'ros2_aruco' with the following arguments: {'ament_cmake_args': None, 'build_base': '/home/nano/final_project_ws/build/ros2_aruco', 'catkin_cmake_args': None, 'catkin_skip_building_tests': False, 'cmake_args': None, 'cmake_clean_cache': False, 'cmake_clean_first': False, 'cmake_force_configure': False, 'cmake_target': None, 'cmake_target_skip_unavailable': False, 'install_base': '/home/nano/final_project_ws/install/ros2_aruco', 'merge_install': False, 'path': '/home/nano/final_project_ws/src/perception/ros2_aruco/ros2_aruco', 'symlink_install': False, 'test_result_base': None}
[0.742s] Level 5:colcon.colcon_core.verb:set package 'ros2_aruco_interfaces' build argument 'cmake_args' from command line to 'None'
[0.742s] Level 5:colcon.colcon_core.verb:set package 'ros2_aruco_interfaces' build argument 'cmake_target' from command line to 'None'
[0.742s] Level 5:colcon.colcon_core.verb:set package 'ros2_aruco_interfaces' build argument 'cmake_target_skip_unavailable' from command line to 'False'
[0.742s] Level 5:colcon.colcon_core.verb:set package 'ros2_aruco_interfaces' build argument 'cmake_clean_cache' from command line to 'False'
[0.742s] Level 5:colcon.colcon_core.verb:set package 'ros2_aruco_interfaces' build argument 'cmake_clean_first' from command line to 'False'
[0.742s] Level 5:colcon.colcon_core.verb:set package 'ros2_aruco_interfaces' build argument 'cmake_force_configure' from command line to 'False'
[0.742s] Level 5:colcon.colcon_core.verb:set package 'ros2_aruco_interfaces' build argument 'ament_cmake_args' from command line to 'None'
[0.742s] Level 5:colcon.colcon_core.verb:set package 'ros2_aruco_interfaces' build argument 'catkin_cmake_args' from command line to 'None'
[0.742s] Level 5:colcon.colcon_core.verb:set package 'ros2_aruco_interfaces' build argument 'catkin_skip_building_tests' from command line to 'False'
[0.742s] DEBUG:colcon.colcon_core.verb:Building package 'ros2_aruco_interfaces' with the following arguments: {'ament_cmake_args': None, 'build_base': '/home/nano/final_project_ws/build/ros2_aruco_interfaces', 'catkin_cmake_args': None, 'catkin_skip_building_tests': False, 'cmake_args': None, 'cmake_clean_cache': False, 'cmake_clean_first': False, 'cmake_force_configure': False, 'cmake_target': None, 'cmake_target_skip_unavailable': False, 'install_base': '/home/nano/final_project_ws/install/ros2_aruco_interfaces', 'merge_install': False, 'path': '/home/nano/final_project_ws/src/perception/ros2_aruco/ros2_aruco_interfaces', 'symlink_install': False, 'test_result_base': None}
[0.743s] Level 5:colcon.colcon_core.verb:set package 'planning' build argument 'cmake_args' from command line to 'None'
[0.743s] Level 5:colcon.colcon_core.verb:set package 'planning' build argument 'cmake_target' from command line to 'None'
[0.743s] Level 5:colcon.colcon_core.verb:set package 'planning' build argument 'cmake_target_skip_unavailable' from command line to 'False'
[0.743s] Level 5:colcon.colcon_core.verb:set package 'planning' build argument 'cmake_clean_cache' from command line to 'False'
[0.743s] Level 5:colcon.colcon_core.verb:set package 'planning' build argument 'cmake_clean_first' from command line to 'False'
[0.743s] Level 5:colcon.colcon_core.verb:set package 'planning' build argument 'cmake_force_configure' from command line to 'False'
[0.743s] Level 5:colcon.colcon_core.verb:set package 'planning' build argument 'ament_cmake_args' from command line to 'None'
[0.743s] Level 5:colcon.colcon_core.verb:set package 'planning' build argument 'catkin_cmake_args' from command line to 'None'
[0.743s] Level 5:colcon.colcon_core.verb:set package 'planning' build argument 'catkin_skip_building_tests' from command line to 'False'
[0.743s] DEBUG:colcon.colcon_core.verb:Building package 'planning' with the following arguments: {'ament_cmake_args': None, 'build_base': '/home/nano/final_project_ws/build/planning', 'catkin_cmake_args': None, 'catkin_skip_building_tests': False, 'cmake_args': None, 'cmake_clean_cache': False, 'cmake_clean_first': False, 'cmake_force_configure': False, 'cmake_target': None, 'cmake_target_skip_unavailable': False, 'install_base': '/home/nano/final_project_ws/install/planning', 'merge_install': False, 'path': '/home/nano/final_project_ws/src/planning', 'symlink_install': False, 'test_result_base': None}
[0.744s] INFO:colcon.colcon_core.executor:Executing jobs using 'parallel' executor
[0.746s] DEBUG:colcon.colcon_parallel_executor.executor.parallel:run_until_complete
[0.746s] INFO:colcon.colcon_ros.task.ament_cmake.build:Building ROS package in '/home/nano/final_project_ws/src/planning_interfaces' with build type 'ament_cmake'
[0.747s] INFO:colcon.colcon_cmake.task.cmake.build:Building CMake package in '/home/nano/final_project_ws/src/planning_interfaces'
[0.751s] INFO:colcon.colcon_core.plugin_system:Skipping extension 'colcon_core.shell.bat': Not used on non-Windows systems
[0.751s] INFO:colcon.colcon_core.shell:Skip shell extension 'powershell' for command environment: Not usable outside of PowerShell
[0.751s] DEBUG:colcon.colcon_core.shell:Skip shell extension 'dsv' for command environment
[0.761s] INFO:colcon.colcon_ros.task.ament_python.build:Building ROS package in '/home/nano/final_project_ws/src/actuation' with build type 'ament_python'
[0.761s] Level 1:colcon.colcon_core.shell:create_environment_hook('actuation', 'ament_prefix_path')
[0.761s] INFO:colcon.colcon_core.shell:Creating environment hook '/home/nano/final_project_ws/install/actuation/share/actuation/hook/ament_prefix_path.ps1'
[0.763s] INFO:colcon.colcon_core.shell:Creating environment descriptor '/home/nano/final_project_ws/install/actuation/share/actuation/hook/ament_prefix_path.dsv'
[0.764s] INFO:colcon.colcon_core.shell:Creating environment hook '/home/nano/final_project_ws/install/actuation/share/actuation/hook/ament_prefix_path.sh'
[0.765s] INFO:colcon.colcon_core.shell:Skip shell extension 'powershell' for command environment: Not usable outside of PowerShell
[0.766s] DEBUG:colcon.colcon_core.shell:Skip shell extension 'dsv' for command environment
[0.774s] INFO:colcon.colcon_ros.task.ament_python.build:Building ROS package in '/home/nano/final_project_ws/src/perception/realsense_cv' with build type 'ament_python'
[0.774s] Level 1:colcon.colcon_core.shell:create_environment_hook('realsense_cv', 'ament_prefix_path')
[0.775s] INFO:colcon.colcon_core.shell:Creating environment hook '/home/nano/final_project_ws/install/realsense_cv/share/realsense_cv/hook/ament_prefix_path.ps1'
[0.776s] INFO:colcon.colcon_core.shell:Creating environment descriptor '/home/nano/final_project_ws/install/realsense_cv/share/realsense_cv/hook/ament_prefix_path.dsv'
[0.777s] INFO:colcon.colcon_core.shell:Creating environment hook '/home/nano/final_project_ws/install/realsense_cv/share/realsense_cv/hook/ament_prefix_path.sh'
[0.778s] INFO:colcon.colcon_core.shell:Skip shell extension 'powershell' for command environment: Not usable outside of PowerShell
[0.778s] DEBUG:colcon.colcon_core.shell:Skip shell extension 'dsv' for command environment
[0.786s] INFO:colcon.colcon_ros.task.ament_python.build:Building ROS package in '/home/nano/final_project_ws/src/perception/ros2_aruco/ros2_aruco' with build type 'ament_python'
[0.787s] Level 1:colcon.colcon_core.shell:create_environment_hook('ros2_aruco', 'ament_prefix_path')
[0.787s] INFO:colcon.colcon_core.shell:Creating environment hook '/home/nano/final_project_ws/install/ros2_aruco/share/ros2_aruco/hook/ament_prefix_path.ps1'
[0.788s] INFO:colcon.colcon_core.shell:Creating environment descriptor '/home/nano/final_project_ws/install/ros2_aruco/share/ros2_aruco/hook/ament_prefix_path.dsv'
[0.789s] INFO:colcon.colcon_core.shell:Creating environment hook '/home/nano/final_project_ws/install/ros2_aruco/share/ros2_aruco/hook/ament_prefix_path.sh'
[0.790s] INFO:colcon.colcon_core.shell:Skip shell extension 'powershell' for command environment: Not usable outside of PowerShell
[0.790s] DEBUG:colcon.colcon_core.shell:Skip shell extension 'dsv' for command environment
[0.798s] INFO:colcon.colcon_ros.task.ament_cmake.build:Building ROS package in '/home/nano/final_project_ws/src/perception/ros2_aruco/ros2_aruco_interfaces' with build type 'ament_cmake'
[0.799s] INFO:colcon.colcon_cmake.task.cmake.build:Building CMake package in '/home/nano/final_project_ws/src/perception/ros2_aruco/ros2_aruco_interfaces'
[0.799s] INFO:colcon.colcon_core.shell:Skip shell extension 'powershell' for command environment: Not usable outside of PowerShell
[0.799s] DEBUG:colcon.colcon_core.shell:Skip shell extension 'dsv' for command environment
[0.816s] DEBUG:colcon.colcon_core.event_handler.log_command:Invoking command in '/home/nano/final_project_ws/build/planning_interfaces': CMAKE_PREFIX_PATH=${CMAKE_PREFIX_PATH}:/home/nano/final_project_ws/install/ros2_aruco:/home/nano/final_project_ws/install/realsense_cv:/home/nano/final_project_ws/install/planning:/home/nano/final_project_ws/install/actuation:/home/nano/tmdriver_ws/install/tm_mod_urdf:/home/nano/tmdriver_ws/install/tm_get_status:/opt/ros/humble /usr/bin/cmake --build /home/nano/final_project_ws/build/planning_interfaces -- -j6 -l6
[1.367s] INFO:colcon.colcon_core.task.python.build:Building Python package in '/home/nano/final_project_ws/src/actuation'
[1.368s] INFO:colcon.colcon_core.shell:Skip shell extension 'powershell' for command environment: Not usable outside of PowerShell
[1.368s] DEBUG:colcon.colcon_core.shell:Skip shell extension 'dsv' for command environment
[1.931s] INFO:colcon.colcon_core.task.python.build:Building Python package in '/home/nano/final_project_ws/src/perception/realsense_cv'
[1.932s] INFO:colcon.colcon_core.shell:Skip shell extension 'powershell' for command environment: Not usable outside of PowerShell
[1.932s] DEBUG:colcon.colcon_core.shell:Skip shell extension 'dsv' for command environment
[2.491s] INFO:colcon.colcon_core.task.python.build:Building Python package in '/home/nano/final_project_ws/src/perception/ros2_aruco/ros2_aruco'
[2.492s] INFO:colcon.colcon_core.shell:Skip shell extension 'powershell' for command environment: Not usable outside of PowerShell
[2.492s] DEBUG:colcon.colcon_core.shell:Skip shell extension 'dsv' for command environment
[2.521s] DEBUG:colcon.colcon_core.event_handler.log_command:Invoked command in '/home/nano/final_project_ws/build/planning_interfaces' returned '0': CMAKE_PREFIX_PATH=${CMAKE_PREFIX_PATH}:/home/nano/final_project_ws/install/ros2_aruco:/home/nano/final_project_ws/install/realsense_cv:/home/nano/final_project_ws/install/planning:/home/nano/final_project_ws/install/actuation:/home/nano/tmdriver_ws/install/tm_mod_urdf:/home/nano/tmdriver_ws/install/tm_get_status:/opt/ros/humble /usr/bin/cmake --build /home/nano/final_project_ws/build/planning_interfaces -- -j6 -l6
[2.543s] DEBUG:colcon.colcon_core.event_handler.log_command:Invoking command in '/home/nano/final_project_ws/build/planning_interfaces': CMAKE_PREFIX_PATH=${CMAKE_PREFIX_PATH}:/home/nano/final_project_ws/install/ros2_aruco:/home/nano/final_project_ws/install/realsense_cv:/home/nano/final_project_ws/install/planning:/home/nano/final_project_ws/install/actuation:/home/nano/tmdriver_ws/install/tm_mod_urdf:/home/nano/tmdriver_ws/install/tm_get_status:/opt/ros/humble /usr/bin/cmake --install /home/nano/final_project_ws/build/planning_interfaces
[2.551s] DEBUG:colcon.colcon_core.event_handler.log_command:Invoking command in '/home/nano/final_project_ws/build/ros2_aruco_interfaces': CMAKE_PREFIX_PATH=${CMAKE_PREFIX_PATH}:/home/nano/final_project_ws/install/ros2_aruco:/home/nano/final_project_ws/install/realsense_cv:/home/nano/final_project_ws/install/planning:/home/nano/final_project_ws/install/actuation:/home/nano/tmdriver_ws/install/tm_mod_urdf:/home/nano/tmdriver_ws/install/tm_get_status:/opt/ros/humble /usr/bin/cmake --build /home/nano/final_project_ws/build/ros2_aruco_interfaces -- -j6 -l6
[2.686s] Level 1:colcon.colcon_core.environment:create_environment_scripts_only(planning_interfaces)
[2.691s] Level 1:colcon.colcon_core.environment:checking '/home/nano/final_project_ws/install/planning_interfaces' for CMake module files
[2.692s] DEBUG:colcon.colcon_core.event_handler.log_command:Invoked command in '/home/nano/final_project_ws/build/planning_interfaces' returned '0': CMAKE_PREFIX_PATH=${CMAKE_PREFIX_PATH}:/home/nano/final_project_ws/install/ros2_aruco:/home/nano/final_project_ws/install/realsense_cv:/home/nano/final_project_ws/install/planning:/home/nano/final_project_ws/install/actuation:/home/nano/tmdriver_ws/install/tm_mod_urdf:/home/nano/tmdriver_ws/install/tm_get_status:/opt/ros/humble /usr/bin/cmake --install /home/nano/final_project_ws/build/planning_interfaces
[2.693s] Level 1:colcon.colcon_core.environment:checking '/home/nano/final_project_ws/install/planning_interfaces' for CMake config files
[2.694s] Level 1:colcon.colcon_core.shell:create_environment_hook('planning_interfaces', 'cmake_prefix_path')
[2.695s] INFO:colcon.colcon_core.shell:Creating environment hook '/home/nano/final_project_ws/install/planning_interfaces/share/planning_interfaces/hook/cmake_prefix_path.ps1'
[2.696s] INFO:colcon.colcon_core.shell:Creating environment descriptor '/home/nano/final_project_ws/install/planning_interfaces/share/planning_interfaces/hook/cmake_prefix_path.dsv'
[2.697s] INFO:colcon.colcon_core.shell:Creating environment hook '/home/nano/final_project_ws/install/planning_interfaces/share/planning_interfaces/hook/cmake_prefix_path.sh'
[2.699s] Level 1:colcon.colcon_core.environment:checking '/home/nano/final_project_ws/install/planning_interfaces/lib'
[2.699s] Level 1:colcon.colcon_core.shell:create_environment_hook('planning_interfaces', 'ld_library_path_lib')
[2.700s] INFO:colcon.colcon_core.shell:Creating environment hook '/home/nano/final_project_ws/install/planning_interfaces/share/planning_interfaces/hook/ld_library_path_lib.ps1'
[2.701s] INFO:colcon.colcon_core.shell:Creating environment descriptor '/home/nano/final_project_ws/install/planning_interfaces/share/planning_interfaces/hook/ld_library_path_lib.dsv'
[2.702s] INFO:colcon.colcon_core.shell:Creating environment hook '/home/nano/final_project_ws/install/planning_interfaces/share/planning_interfaces/hook/ld_library_path_lib.sh'
[2.706s] Level 1:colcon.colcon_core.environment:checking '/home/nano/final_project_ws/install/planning_interfaces/bin'
[2.707s] Level 1:colcon.colcon_core.environment:checking '/home/nano/final_project_ws/install/planning_interfaces/lib/pkgconfig/planning_interfaces.pc'
[2.707s] Level 1:colcon.colcon_core.environment:checking '/home/nano/final_project_ws/install/planning_interfaces/lib/python3.10/site-packages'
[2.708s] Level 1:colcon.colcon_core.environment:checking '/home/nano/final_project_ws/install/planning_interfaces/bin'
[2.709s] INFO:colcon.colcon_core.shell:Creating package script '/home/nano/final_project_ws/install/planning_interfaces/share/planning_interfaces/package.ps1'
[2.711s] INFO:colcon.colcon_core.shell:Creating package descriptor '/home/nano/final_project_ws/install/planning_interfaces/share/planning_interfaces/package.dsv'
[2.712s] INFO:colcon.colcon_core.shell:Creating package script '/home/nano/final_project_ws/install/planning_interfaces/share/planning_interfaces/package.sh'
[2.714s] INFO:colcon.colcon_core.shell:Creating package script '/home/nano/final_project_ws/install/planning_interfaces/share/planning_interfaces/package.bash'
[2.716s] INFO:colcon.colcon_core.shell:Creating package script '/home/nano/final_project_ws/install/planning_interfaces/share/planning_interfaces/package.zsh'
[2.719s] Level 1:colcon.colcon_core.environment:create_file_with_runtime_dependencies(/home/nano/final_project_ws/install/planning_interfaces/share/colcon-core/packages/planning_interfaces)
[2.721s] Level 1:colcon.colcon_core.environment:create_environment_scripts_only(planning_interfaces)
[2.721s] Level 1:colcon.colcon_core.environment:checking '/home/nano/final_project_ws/install/planning_interfaces' for CMake module files
[2.722s] Level 1:colcon.colcon_core.environment:checking '/home/nano/final_project_ws/install/planning_interfaces' for CMake config files
[2.723s] Level 1:colcon.colcon_core.shell:create_environment_hook('planning_interfaces', 'cmake_prefix_path')
[2.724s] INFO:colcon.colcon_core.shell:Creating environment hook '/home/nano/final_project_ws/install/planning_interfaces/share/planning_interfaces/hook/cmake_prefix_path.ps1'
[2.725s] INFO:colcon.colcon_core.shell:Creating environment descriptor '/home/nano/final_project_ws/install/planning_interfaces/share/planning_interfaces/hook/cmake_prefix_path.dsv'
[2.725s] INFO:colcon.colcon_core.shell:Creating environment hook '/home/nano/final_project_ws/install/planning_interfaces/share/planning_interfaces/hook/cmake_prefix_path.sh'
[2.727s] Level 1:colcon.colcon_core.environment:checking '/home/nano/final_project_ws/install/planning_interfaces/lib'
[2.727s] Level 1:colcon.colcon_core.shell:create_environment_hook('planning_interfaces', 'ld_library_path_lib')
[2.727s] INFO:colcon.colcon_core.shell:Creating environment hook '/home/nano/final_project_ws/install/planning_interfaces/share/planning_interfaces/hook/ld_library_path_lib.ps1'
[2.729s] INFO:colcon.colcon_core.shell:Creating environment descriptor '/home/nano/final_project_ws/install/planning_interfaces/share/planning_interfaces/hook/ld_library_path_lib.dsv'
[2.730s] INFO:colcon.colcon_core.shell:Creating environment hook '/home/nano/final_project_ws/install/planning_interfaces/share/planning_interfaces/hook/ld_library_path_lib.sh'
[2.731s] Level 1:colcon.colcon_core.environment:checking '/home/nano/final_project_ws/install/planning_interfaces/bin'
[2.731s] Level 1:colcon.colcon_core.environment:checking '/home/nano/final_project_ws/install/planning_interfaces/lib/pkgconfig/planning_interfaces.pc'
[2.731s] Level 1:colcon.colcon_core.environment:checking '/home/nano/final_project_ws/install/planning_interfaces/lib/python3.10/site-packages'
[2.732s] Level 1:colcon.colcon_core.environment:checking '/home/nano/final_project_ws/install/planning_interfaces/bin'
[2.733s] INFO:colcon.colcon_core.shell:Creating package script '/home/nano/final_project_ws/install/planning_interfaces/share/planning_interfaces/package.ps1'
[2.734s] INFO:colcon.colcon_core.shell:Creating package descriptor '/home/nano/final_project_ws/install/planning_interfaces/share/planning_interfaces/package.dsv'
[2.735s] INFO:colcon.colcon_core.shell:Creating package script '/home/nano/final_project_ws/install/planning_interfaces/share/planning_interfaces/package.sh'
[2.736s] INFO:colcon.colcon_core.shell:Creating package script '/home/nano/final_project_ws/install/planning_interfaces/share/planning_interfaces/package.bash'
[2.737s] INFO:colcon.colcon_core.shell:Creating package script '/home/nano/final_project_ws/install/planning_interfaces/share/planning_interfaces/package.zsh'
[2.738s] Level 1:colcon.colcon_core.environment:create_file_with_runtime_dependencies(/home/nano/final_project_ws/install/planning_interfaces/share/colcon-core/packages/planning_interfaces)
[2.741s] INFO:colcon.colcon_ros.task.ament_python.build:Building ROS package in '/home/nano/final_project_ws/src/planning' with build type 'ament_python'
[2.741s] Level 1:colcon.colcon_core.shell:create_environment_hook('planning', 'ament_prefix_path')
[2.742s] INFO:colcon.colcon_core.shell:Creating environment hook '/home/nano/final_project_ws/install/planning/share/planning/hook/ament_prefix_path.ps1'
[2.743s] INFO:colcon.colcon_core.shell:Creating environment descriptor '/home/nano/final_project_ws/install/planning/share/planning/hook/ament_prefix_path.dsv'
[2.744s] INFO:colcon.colcon_core.shell:Creating environment hook '/home/nano/final_project_ws/install/planning/share/planning/hook/ament_prefix_path.sh'
[2.745s] INFO:colcon.colcon_core.shell:Skip shell extension 'powershell' for command environment: Not usable outside of PowerShell
[2.746s] DEBUG:colcon.colcon_core.shell:Skip shell extension 'dsv' for command environment
[3.381s] INFO:colcon.colcon_core.task.python.build:Building Python package in '/home/nano/final_project_ws/src/planning'
[3.381s] INFO:colcon.colcon_core.shell:Skip shell extension 'powershell' for command environment: Not usable outside of PowerShell
[3.381s] DEBUG:colcon.colcon_core.shell:Skip shell extension 'dsv' for command environment
[3.404s] DEBUG:colcon.colcon_core.event_handler.log_command:Invoking command in '/home/nano/final_project_ws/src/actuation': PYTHONPATH=/home/nano/final_project_ws/build/actuation/prefix_override:/usr/lib/python3/dist-packages/colcon_core/task/python/colcon_distutils_commands:/home/nano/final_project_ws/install/actuation/lib/python3.10/site-packages:${PYTHONPATH} /usr/bin/python3 -W ignore:setup.py install is deprecated -W ignore:easy_install command is deprecated setup.py egg_info --egg-base ../../build/actuation build --build-base /home/nano/final_project_ws/build/actuation/build install --record /home/nano/final_project_ws/build/actuation/install.log --single-version-externally-managed install_data
[3.409s] DEBUG:colcon.colcon_core.event_handler.log_command:Invoking command in '/home/nano/final_project_ws/src/perception/realsense_cv': PYTHONPATH=/home/nano/final_project_ws/build/realsense_cv/prefix_override:/usr/lib/python3/dist-packages/colcon_core/task/python/colcon_distutils_commands:/home/nano/final_project_ws/install/realsense_cv/lib/python3.10/site-packages:${PYTHONPATH} /usr/bin/python3 -W ignore:setup.py install is deprecated -W ignore:easy_install command is deprecated setup.py egg_info --egg-base ../../../build/realsense_cv build --build-base /home/nano/final_project_ws/build/realsense_cv/build install --record /home/nano/final_project_ws/build/realsense_cv/install.log --single-version-externally-managed install_data
[3.419s] DEBUG:colcon.colcon_core.event_handler.log_command:Invoking command in '/home/nano/final_project_ws/src/perception/ros2_aruco/ros2_aruco': PYTHONPATH=/home/nano/final_project_ws/build/ros2_aruco/prefix_override:/usr/lib/python3/dist-packages/colcon_core/task/python/colcon_distutils_commands:/home/nano/final_project_ws/install/ros2_aruco/lib/python3.10/site-packages:${PYTHONPATH} /usr/bin/python3 -W ignore:setup.py install is deprecated -W ignore:easy_install command is deprecated setup.py egg_info --egg-base ../../../../build/ros2_aruco build --build-base /home/nano/final_project_ws/build/ros2_aruco/build install --record /home/nano/final_project_ws/build/ros2_aruco/install.log --single-version-externally-managed install_data
[3.475s] DEBUG:colcon.colcon_core.event_handler.log_command:Invoked command in '/home/nano/final_project_ws/build/ros2_aruco_interfaces' returned '0': CMAKE_PREFIX_PATH=${CMAKE_PREFIX_PATH}:/home/nano/final_project_ws/install/ros2_aruco:/home/nano/final_project_ws/install/realsense_cv:/home/nano/final_project_ws/install/planning:/home/nano/final_project_ws/install/actuation:/home/nano/tmdriver_ws/install/tm_mod_urdf:/home/nano/tmdriver_ws/install/tm_get_status:/opt/ros/humble /usr/bin/cmake --build /home/nano/final_project_ws/build/ros2_aruco_interfaces -- -j6 -l6
[3.479s] DEBUG:colcon.colcon_core.event_handler.log_command:Invoking command in '/home/nano/final_project_ws/build/ros2_aruco_interfaces': CMAKE_PREFIX_PATH=${CMAKE_PREFIX_PATH}:/home/nano/final_project_ws/install/ros2_aruco:/home/nano/final_project_ws/install/realsense_cv:/home/nano/final_project_ws/install/planning:/home/nano/final_project_ws/install/actuation:/home/nano/tmdriver_ws/install/tm_mod_urdf:/home/nano/tmdriver_ws/install/tm_get_status:/opt/ros/humble /usr/bin/cmake --install /home/nano/final_project_ws/build/ros2_aruco_interfaces
[3.596s] Level 1:colcon.colcon_core.environment:create_environment_scripts_only(ros2_aruco_interfaces)
[3.599s] Level 1:colcon.colcon_core.environment:checking '/home/nano/final_project_ws/install/ros2_aruco_interfaces' for CMake module files
[3.599s] DEBUG:colcon.colcon_core.event_handler.log_command:Invoked command in '/home/nano/final_project_ws/build/ros2_aruco_interfaces' returned '0': CMAKE_PREFIX_PATH=${CMAKE_PREFIX_PATH}:/home/nano/final_project_ws/install/ros2_aruco:/home/nano/final_project_ws/install/realsense_cv:/home/nano/final_project_ws/install/planning:/home/nano/final_project_ws/install/actuation:/home/nano/tmdriver_ws/install/tm_mod_urdf:/home/nano/tmdriver_ws/install/tm_get_status:/opt/ros/humble /usr/bin/cmake --install /home/nano/final_project_ws/build/ros2_aruco_interfaces
[3.601s] Level 1:colcon.colcon_core.environment:checking '/home/nano/final_project_ws/install/ros2_aruco_interfaces' for CMake config files
[3.602s] Level 1:colcon.colcon_core.shell:create_environment_hook('ros2_aruco_interfaces', 'cmake_prefix_path')
[3.602s] INFO:colcon.colcon_core.shell:Creating environment hook '/home/nano/final_project_ws/install/ros2_aruco_interfaces/share/ros2_aruco_interfaces/hook/cmake_prefix_path.ps1'
[3.604s] INFO:colcon.colcon_core.shell:Creating environment descriptor '/home/nano/final_project_ws/install/ros2_aruco_interfaces/share/ros2_aruco_interfaces/hook/cmake_prefix_path.dsv'
[3.604s] INFO:colcon.colcon_core.shell:Creating environment hook '/home/nano/final_project_ws/install/ros2_aruco_interfaces/share/ros2_aruco_interfaces/hook/cmake_prefix_path.sh'
[3.606s] Level 1:colcon.colcon_core.environment:checking '/home/nano/final_project_ws/install/ros2_aruco_interfaces/lib'
[3.606s] Level 1:colcon.colcon_core.shell:create_environment_hook('ros2_aruco_interfaces', 'ld_library_path_lib')
[3.606s] INFO:colcon.colcon_core.shell:Creating environment hook '/home/nano/final_project_ws/install/ros2_aruco_interfaces/share/ros2_aruco_interfaces/hook/ld_library_path_lib.ps1'
[3.607s] INFO:colcon.colcon_core.shell:Creating environment descriptor '/home/nano/final_project_ws/install/ros2_aruco_interfaces/share/ros2_aruco_interfaces/hook/ld_library_path_lib.dsv'
[3.608s] INFO:colcon.colcon_core.shell:Creating environment hook '/home/nano/final_project_ws/install/ros2_aruco_interfaces/share/ros2_aruco_interfaces/hook/ld_library_path_lib.sh'
[3.609s] Level 1:colcon.colcon_core.environment:checking '/home/nano/final_project_ws/install/ros2_aruco_interfaces/bin'
[3.609s] Level 1:colcon.colcon_core.environment:checking '/home/nano/final_project_ws/install/ros2_aruco_interfaces/lib/pkgconfig/ros2_aruco_interfaces.pc'
[3.609s] Level 1:colcon.colcon_core.environment:checking '/home/nano/final_project_ws/install/ros2_aruco_interfaces/lib/python3.10/site-packages'
[3.610s] Level 1:colcon.colcon_core.environment:checking '/home/nano/final_project_ws/install/ros2_aruco_interfaces/bin'
[3.611s] INFO:colcon.colcon_core.shell:Creating package script '/home/nano/final_project_ws/install/ros2_aruco_interfaces/share/ros2_aruco_interfaces/package.ps1'
[3.612s] INFO:colcon.colcon_core.shell:Creating package descriptor '/home/nano/final_project_ws/install/ros2_aruco_interfaces/share/ros2_aruco_interfaces/package.dsv'
[3.613s] INFO:colcon.colcon_core.shell:Creating package script '/home/nano/final_project_ws/install/ros2_aruco_interfaces/share/ros2_aruco_interfaces/package.sh'
[3.614s] INFO:colcon.colcon_core.shell:Creating package script '/home/nano/final_project_ws/install/ros2_aruco_interfaces/share/ros2_aruco_interfaces/package.bash'
[3.615s] INFO:colcon.colcon_core.shell:Creating package script '/home/nano/final_project_ws/install/ros2_aruco_interfaces/share/ros2_aruco_interfaces/package.zsh'
[3.616s] Level 1:colcon.colcon_core.environment:create_file_with_runtime_dependencies(/home/nano/final_project_ws/install/ros2_aruco_interfaces/share/colcon-core/packages/ros2_aruco_interfaces)
[3.617s] Level 1:colcon.colcon_core.environment:create_environment_scripts_only(ros2_aruco_interfaces)
[3.618s] Level 1:colcon.colcon_core.environment:checking '/home/nano/final_project_ws/install/ros2_aruco_interfaces' for CMake module files
[3.619s] Level 1:colcon.colcon_core.environment:checking '/home/nano/final_project_ws/install/ros2_aruco_interfaces' for CMake config files
[3.620s] Level 1:colcon.colcon_core.shell:create_environment_hook('ros2_aruco_interfaces', 'cmake_prefix_path')
[3.620s] INFO:colcon.colcon_core.shell:Creating environment hook '/home/nano/final_project_ws/install/ros2_aruco_interfaces/share/ros2_aruco_interfaces/hook/cmake_prefix_path.ps1'
[3.621s] INFO:colcon.colcon_core.shell:Creating environment descriptor '/home/nano/final_project_ws/install/ros2_aruco_interfaces/share/ros2_aruco_interfaces/hook/cmake_prefix_path.dsv'
[3.622s] INFO:colcon.colcon_core.shell:Creating environment hook '/home/nano/final_project_ws/install/ros2_aruco_interfaces/share/ros2_aruco_interfaces/hook/cmake_prefix_path.sh'
[3.623s] Level 1:colcon.colcon_core.environment:checking '/home/nano/final_project_ws/install/ros2_aruco_interfaces/lib'
[3.623s] Level 1:colcon.colcon_core.shell:create_environment_hook('ros2_aruco_interfaces', 'ld_library_path_lib')
[3.624s] INFO:colcon.colcon_core.shell:Creating environment hook '/home/nano/final_project_ws/install/ros2_aruco_interfaces/share/ros2_aruco_interfaces/hook/ld_library_path_lib.ps1'
[3.624s] INFO:colcon.colcon_core.shell:Creating environment descriptor '/home/nano/final_project_ws/install/ros2_aruco_interfaces/share/ros2_aruco_interfaces/hook/ld_library_path_lib.dsv'
[3.625s] INFO:colcon.colcon_core.shell:Creating environment hook '/home/nano/final_project_ws/install/ros2_aruco_interfaces/share/ros2_aruco_interfaces/hook/ld_library_path_lib.sh'
[3.626s] Level 1:colcon.colcon_core.environment:checking '/home/nano/final_project_ws/install/ros2_aruco_interfaces/bin'
[3.626s] Level 1:colcon.colcon_core.environment:checking '/home/nano/final_project_ws/install/ros2_aruco_interfaces/lib/pkgconfig/ros2_aruco_interfaces.pc'
[3.626s] Level 1:colcon.colcon_core.environment:checking '/home/nano/final_project_ws/install/ros2_aruco_interfaces/lib/python3.10/site-packages'
[3.627s] Level 1:colcon.colcon_core.environment:checking '/home/nano/final_project_ws/install/ros2_aruco_interfaces/bin'
[3.627s] INFO:colcon.colcon_core.shell:Creating package script '/home/nano/final_project_ws/install/ros2_aruco_interfaces/share/ros2_aruco_interfaces/package.ps1'
[3.628s] INFO:colcon.colcon_core.shell:Creating package descriptor '/home/nano/final_project_ws/install/ros2_aruco_interfaces/share/ros2_aruco_interfaces/package.dsv'
[3.629s] INFO:colcon.colcon_core.shell:Creating package script '/home/nano/final_project_ws/install/ros2_aruco_interfaces/share/ros2_aruco_interfaces/package.sh'
[3.630s] INFO:colcon.colcon_core.shell:Creating package script '/home/nano/final_project_ws/install/ros2_aruco_interfaces/share/ros2_aruco_interfaces/package.bash'
[3.631s] INFO:colcon.colcon_core.shell:Creating package script '/home/nano/final_project_ws/install/ros2_aruco_interfaces/share/ros2_aruco_interfaces/package.zsh'
[3.632s] Level 1:colcon.colcon_core.environment:create_file_with_runtime_dependencies(/home/nano/final_project_ws/install/ros2_aruco_interfaces/share/colcon-core/packages/ros2_aruco_interfaces)
[4.047s] Level 1:colcon.colcon_core.environment:checking '/home/nano/final_project_ws/install/realsense_cv' for CMake module files
[4.048s] DEBUG:colcon.colcon_core.event_handler.log_command:Invoked command in '/home/nano/final_project_ws/src/perception/realsense_cv' returned '0': PYTHONPATH=/home/nano/final_project_ws/build/realsense_cv/prefix_override:/usr/lib/python3/dist-packages/colcon_core/task/python/colcon_distutils_commands:/home/nano/final_project_ws/install/realsense_cv/lib/python3.10/site-packages:${PYTHONPATH} /usr/bin/python3 -W ignore:setup.py install is deprecated -W ignore:easy_install command is deprecated setup.py egg_info --egg-base ../../../build/realsense_cv build --build-base /home/nano/final_project_ws/build/realsense_cv/build install --record /home/nano/final_project_ws/build/realsense_cv/install.log --single-version-externally-managed install_data
[4.049s] Level 1:colcon.colcon_core.environment:checking '/home/nano/final_project_ws/install/realsense_cv' for CMake config files
[4.050s] Level 1:colcon.colcon_core.environment:checking '/home/nano/final_project_ws/install/realsense_cv/lib'
[4.050s] Level 1:colcon.colcon_core.environment:checking '/home/nano/final_project_ws/install/realsense_cv/bin'
[4.050s] Level 1:colcon.colcon_core.environment:checking '/home/nano/final_project_ws/install/realsense_cv/lib/pkgconfig/realsense_cv.pc'
[4.050s] Level 1:colcon.colcon_core.environment:checking '/home/nano/final_project_ws/install/realsense_cv/lib/python3.10/site-packages'
[4.051s] Level 1:colcon.colcon_core.shell:create_environment_hook('realsense_cv', 'pythonpath')
[4.051s] INFO:colcon.colcon_core.shell:Creating environment hook '/home/nano/final_project_ws/install/realsense_cv/share/realsense_cv/hook/pythonpath.ps1'
[4.052s] INFO:colcon.colcon_core.shell:Creating environment descriptor '/home/nano/final_project_ws/install/realsense_cv/share/realsense_cv/hook/pythonpath.dsv'
[4.053s] INFO:colcon.colcon_core.shell:Creating environment hook '/home/nano/final_project_ws/install/realsense_cv/share/realsense_cv/hook/pythonpath.sh'
[4.055s] Level 1:colcon.colcon_core.environment:checking '/home/nano/final_project_ws/install/realsense_cv/bin'
[4.055s] Level 1:colcon.colcon_core.environment:create_environment_scripts_only(realsense_cv)
[4.056s] INFO:colcon.colcon_core.shell:Creating package script '/home/nano/final_project_ws/install/realsense_cv/share/realsense_cv/package.ps1'
[4.057s] INFO:colcon.colcon_core.shell:Creating package descriptor '/home/nano/final_project_ws/install/realsense_cv/share/realsense_cv/package.dsv'
[4.058s] INFO:colcon.colcon_core.shell:Creating package script '/home/nano/final_project_ws/install/realsense_cv/share/realsense_cv/package.sh'
[4.059s] INFO:colcon.colcon_core.shell:Creating package script '/home/nano/final_project_ws/install/realsense_cv/share/realsense_cv/package.bash'
[4.060s] INFO:colcon.colcon_core.shell:Creating package script '/home/nano/final_project_ws/install/realsense_cv/share/realsense_cv/package.zsh'
[4.061s] Level 1:colcon.colcon_core.environment:create_file_with_runtime_dependencies(/home/nano/final_project_ws/install/realsense_cv/share/colcon-core/packages/realsense_cv)
[4.068s] Level 1:colcon.colcon_core.environment:checking '/home/nano/final_project_ws/install/actuation' for CMake module files
[4.070s] DEBUG:colcon.colcon_core.event_handler.log_command:Invoked command in '/home/nano/final_project_ws/src/actuation' returned '0': PYTHONPATH=/home/nano/final_project_ws/build/actuation/prefix_override:/usr/lib/python3/dist-packages/colcon_core/task/python/colcon_distutils_commands:/home/nano/final_project_ws/install/actuation/lib/python3.10/site-packages:${PYTHONPATH} /usr/bin/python3 -W ignore:setup.py install is deprecated -W ignore:easy_install command is deprecated setup.py egg_info --egg-base ../../build/actuation build --build-base /home/nano/final_project_ws/build/actuation/build install --record /home/nano/final_project_ws/build/actuation/install.log --single-version-externally-managed install_data
[4.070s] Level 1:colcon.colcon_core.environment:checking '/home/nano/final_project_ws/install/actuation' for CMake config files
[4.071s] Level 1:colcon.colcon_core.environment:checking '/home/nano/final_project_ws/install/actuation/lib'
[4.072s] Level 1:colcon.colcon_core.environment:checking '/home/nano/final_project_ws/install/actuation/bin'
[4.072s] Level 1:colcon.colcon_core.environment:checking '/home/nano/final_project_ws/install/actuation/lib/pkgconfig/actuation.pc'
[4.072s] Level 1:colcon.colcon_core.environment:checking '/home/nano/final_project_ws/install/actuation/lib/python3.10/site-packages'
[4.073s] Level 1:colcon.colcon_core.shell:create_environment_hook('actuation', 'pythonpath')
[4.073s] INFO:colcon.colcon_core.shell:Creating environment hook '/home/nano/final_project_ws/install/actuation/share/actuation/hook/pythonpath.ps1'
[4.077s] INFO:colcon.colcon_core.shell:Creating environment descriptor '/home/nano/final_project_ws/install/actuation/share/actuation/hook/pythonpath.dsv'
[4.079s] INFO:colcon.colcon_core.shell:Creating environment hook '/home/nano/final_project_ws/install/actuation/share/actuation/hook/pythonpath.sh'
[4.083s] Level 1:colcon.colcon_core.environment:checking '/home/nano/final_project_ws/install/actuation/bin'
[4.083s] Level 1:colcon.colcon_core.environment:create_environment_scripts_only(actuation)
[4.084s] INFO:colcon.colcon_core.shell:Creating package script '/home/nano/final_project_ws/install/actuation/share/actuation/package.ps1'
[4.086s] INFO:colcon.colcon_core.shell:Creating package descriptor '/home/nano/final_project_ws/install/actuation/share/actuation/package.dsv'
[4.088s] INFO:colcon.colcon_core.shell:Creating package script '/home/nano/final_project_ws/install/actuation/share/actuation/package.sh'
[4.089s] INFO:colcon.colcon_core.shell:Creating package script '/home/nano/final_project_ws/install/actuation/share/actuation/package.bash'
[4.091s] INFO:colcon.colcon_core.shell:Creating package script '/home/nano/final_project_ws/install/actuation/share/actuation/package.zsh'
[4.092s] Level 1:colcon.colcon_core.environment:create_file_with_runtime_dependencies(/home/nano/final_project_ws/install/actuation/share/colcon-core/packages/actuation)
[4.097s] Level 1:colcon.colcon_core.environment:checking '/home/nano/final_project_ws/install/ros2_aruco' for CMake module files
[4.099s] DEBUG:colcon.colcon_core.event_handler.log_command:Invoked command in '/home/nano/final_project_ws/src/perception/ros2_aruco/ros2_aruco' returned '0': PYTHONPATH=/home/nano/final_project_ws/build/ros2_aruco/prefix_override:/usr/lib/python3/dist-packages/colcon_core/task/python/colcon_distutils_commands:/home/nano/final_project_ws/install/ros2_aruco/lib/python3.10/site-packages:${PYTHONPATH} /usr/bin/python3 -W ignore:setup.py install is deprecated -W ignore:easy_install command is deprecated setup.py egg_info --egg-base ../../../../build/ros2_aruco build --build-base /home/nano/final_project_ws/build/ros2_aruco/build install --record /home/nano/final_project_ws/build/ros2_aruco/install.log --single-version-externally-managed install_data
[4.100s] Level 1:colcon.colcon_core.environment:checking '/home/nano/final_project_ws/install/ros2_aruco' for CMake config files
[4.101s] Level 1:colcon.colcon_core.environment:checking '/home/nano/final_project_ws/install/ros2_aruco/lib'
[4.101s] Level 1:colcon.colcon_core.environment:checking '/home/nano/final_project_ws/install/ros2_aruco/bin'
[4.101s] Level 1:colcon.colcon_core.environment:checking '/home/nano/final_project_ws/install/ros2_aruco/lib/pkgconfig/ros2_aruco.pc'
[4.102s] Level 1:colcon.colcon_core.environment:checking '/home/nano/final_project_ws/install/ros2_aruco/lib/python3.10/site-packages'
[4.102s] Level 1:colcon.colcon_core.shell:create_environment_hook('ros2_aruco', 'pythonpath')
[4.102s] INFO:colcon.colcon_core.shell:Creating environment hook '/home/nano/final_project_ws/install/ros2_aruco/share/ros2_aruco/hook/pythonpath.ps1'
[4.103s] INFO:colcon.colcon_core.shell:Creating environment descriptor '/home/nano/final_project_ws/install/ros2_aruco/share/ros2_aruco/hook/pythonpath.dsv'
[4.104s] INFO:colcon.colcon_core.shell:Creating environment hook '/home/nano/final_project_ws/install/ros2_aruco/share/ros2_aruco/hook/pythonpath.sh'
[4.106s] Level 1:colcon.colcon_core.environment:checking '/home/nano/final_project_ws/install/ros2_aruco/bin'
[4.107s] Level 1:colcon.colcon_core.environment:create_environment_scripts_only(ros2_aruco)
[4.108s] INFO:colcon.colcon_core.shell:Creating package script '/home/nano/final_project_ws/install/ros2_aruco/share/ros2_aruco/package.ps1'
[4.109s] INFO:colcon.colcon_core.shell:Creating package descriptor '/home/nano/final_project_ws/install/ros2_aruco/share/ros2_aruco/package.dsv'
[4.110s] INFO:colcon.colcon_core.shell:Creating package script '/home/nano/final_project_ws/install/ros2_aruco/share/ros2_aruco/package.sh'
[4.111s] INFO:colcon.colcon_core.shell:Creating package script '/home/nano/final_project_ws/install/ros2_aruco/share/ros2_aruco/package.bash'
[4.112s] INFO:colcon.colcon_core.shell:Creating package script '/home/nano/final_project_ws/install/ros2_aruco/share/ros2_aruco/package.zsh'
[4.113s] Level 1:colcon.colcon_core.environment:create_file_with_runtime_dependencies(/home/nano/final_project_ws/install/ros2_aruco/share/colcon-core/packages/ros2_aruco)
[4.187s] DEBUG:colcon.colcon_core.event_handler.log_command:Invoking command in '/home/nano/final_project_ws/src/planning': CMAKE_PREFIX_PATH=/home/nano/final_project_ws/install/planning_interfaces:/home/nano/final_project_ws/install/ros2_aruco_interfaces:/home/nano/tmdriver_ws/install/ui_for_debug_and_demo:/home/nano/tmdriver_ws/install/tm_driver:/home/nano/tmdriver_ws/install/demo:/home/nano/tmdriver_ws/install/tm_msgs:/home/nano/tmdriver_ws/install/tm5x-900_moveit_config:/home/nano/tmdriver_ws/install/tm5x-700_moveit_config:/home/nano/tmdriver_ws/install/tm5-900_moveit_config:/home/nano/tmdriver_ws/install/tm5-700_moveit_config:/home/nano/tmdriver_ws/install/tm20_moveit_config:/home/nano/tmdriver_ws/install/tm16_moveit_config:/home/nano/tmdriver_ws/install/tm14x_moveit_config:/home/nano/tmdriver_ws/install/tm14_moveit_config:/home/nano/tmdriver_ws/install/tm12x_moveit_config:/home/nano/tmdriver_ws/install/tm12_moveit_config:/home/nano/tmdriver_ws/install/tm_description:/home/nano/tmdriver_ws/install/custom_package:/home/nano/tmdriver_ws/install/techman_robot_msgs LD_LIBRARY_PATH=/home/nano/final_project_ws/install/planning_interfaces/lib:/home/nano/final_project_ws/install/ros2_aruco_interfaces/lib:/home/nano/tmdriver_ws/install/tm_msgs/lib:/home/nano/tmdriver_ws/install/techman_robot_msgs/lib:/opt/ros/humble/opt/rviz_ogre_vendor/lib:/opt/ros/humble/lib/aarch64-linux-gnu:/opt/ros/humble/lib PYTHONPATH=/home/nano/final_project_ws/build/planning/prefix_override:/usr/lib/python3/dist-packages/colcon_core/task/python/colcon_distutils_commands:/home/nano/final_project_ws/install/planning/lib/python3.10/site-packages:${PYTHONPATH} /usr/bin/python3 -W ignore:setup.py install is deprecated -W ignore:easy_install command is deprecated setup.py egg_info --egg-base ../../build/planning build --build-base /home/nano/final_project_ws/build/planning/build install --record /home/nano/final_project_ws/build/planning/install.log --single-version-externally-managed install_data
[4.780s] Level 1:colcon.colcon_core.environment:checking '/home/nano/final_project_ws/install/planning' for CMake module files
[4.782s] DEBUG:colcon.colcon_core.event_handler.log_command:Invoked command in '/home/nano/final_project_ws/src/planning' returned '0': CMAKE_PREFIX_PATH=/home/nano/final_project_ws/install/planning_interfaces:/home/nano/final_project_ws/install/ros2_aruco_interfaces:/home/nano/tmdriver_ws/install/ui_for_debug_and_demo:/home/nano/tmdriver_ws/install/tm_driver:/home/nano/tmdriver_ws/install/demo:/home/nano/tmdriver_ws/install/tm_msgs:/home/nano/tmdriver_ws/install/tm5x-900_moveit_config:/home/nano/tmdriver_ws/install/tm5x-700_moveit_config:/home/nano/tmdriver_ws/install/tm5-900_moveit_config:/home/nano/tmdriver_ws/install/tm5-700_moveit_config:/home/nano/tmdriver_ws/install/tm20_moveit_config:/home/nano/tmdriver_ws/install/tm16_moveit_config:/home/nano/tmdriver_ws/install/tm14x_moveit_config:/home/nano/tmdriver_ws/install/tm14_moveit_config:/home/nano/tmdriver_ws/install/tm12x_moveit_config:/home/nano/tmdriver_ws/install/tm12_moveit_config:/home/nano/tmdriver_ws/install/tm_description:/home/nano/tmdriver_ws/install/custom_package:/home/nano/tmdriver_ws/install/techman_robot_msgs LD_LIBRARY_PATH=/home/nano/final_project_ws/install/planning_interfaces/lib:/home/nano/final_project_ws/install/ros2_aruco_interfaces/lib:/home/nano/tmdriver_ws/install/tm_msgs/lib:/home/nano/tmdriver_ws/install/techman_robot_msgs/lib:/opt/ros/humble/opt/rviz_ogre_vendor/lib:/opt/ros/humble/lib/aarch64-linux-gnu:/opt/ros/humble/lib PYTHONPATH=/home/nano/final_project_ws/build/planning/prefix_override:/usr/lib/python3/dist-packages/colcon_core/task/python/colcon_distutils_commands:/home/nano/final_project_ws/install/planning/lib/python3.10/site-packages:${PYTHONPATH} /usr/bin/python3 -W ignore:setup.py install is deprecated -W ignore:easy_install command is deprecated setup.py egg_info --egg-base ../../build/planning build --build-base /home/nano/final_project_ws/build/planning/build install --record /home/nano/final_project_ws/build/planning/install.log --single-version-externally-managed install_data
[4.783s] Level 1:colcon.colcon_core.environment:checking '/home/nano/final_project_ws/install/planning' for CMake config files
[4.785s] Level 1:colcon.colcon_core.environment:checking '/home/nano/final_project_ws/install/planning/lib'
[4.785s] Level 1:colcon.colcon_core.environment:checking '/home/nano/final_project_ws/install/planning/bin'
[4.786s] Level 1:colcon.colcon_core.environment:checking '/home/nano/final_project_ws/install/planning/lib/pkgconfig/planning.pc'
[4.787s] Level 1:colcon.colcon_core.environment:checking '/home/nano/final_project_ws/install/planning/lib/python3.10/site-packages'
[4.787s] Level 1:colcon.colcon_core.shell:create_environment_hook('planning', 'pythonpath')
[4.788s] INFO:colcon.colcon_core.shell:Creating environment hook '/home/nano/final_project_ws/install/planning/share/planning/hook/pythonpath.ps1'
[4.790s] INFO:colcon.colcon_core.shell:Creating environment descriptor '/home/nano/final_project_ws/install/planning/share/planning/hook/pythonpath.dsv'
[4.792s] INFO:colcon.colcon_core.shell:Creating environment hook '/home/nano/final_project_ws/install/planning/share/planning/hook/pythonpath.sh'
[4.795s] Level 1:colcon.colcon_core.environment:checking '/home/nano/final_project_ws/install/planning/bin'
[4.795s] Level 1:colcon.colcon_core.environment:create_environment_scripts_only(planning)
[4.796s] INFO:colcon.colcon_core.shell:Creating package script '/home/nano/final_project_ws/install/planning/share/planning/package.ps1'
[4.799s] INFO:colcon.colcon_core.shell:Creating package descriptor '/home/nano/final_project_ws/install/planning/share/planning/package.dsv'
[4.801s] INFO:colcon.colcon_core.shell:Creating package script '/home/nano/final_project_ws/install/planning/share/planning/package.sh'
[4.802s] INFO:colcon.colcon_core.shell:Creating package script '/home/nano/final_project_ws/install/planning/share/planning/package.bash'
[4.802s] INFO:colcon.colcon_core.shell:Creating package script '/home/nano/final_project_ws/install/planning/share/planning/package.zsh'
[4.803s] Level 1:colcon.colcon_core.environment:create_file_with_runtime_dependencies(/home/nano/final_project_ws/install/planning/share/colcon-core/packages/planning)
[4.804s] DEBUG:colcon.colcon_parallel_executor.executor.parallel:closing loop
[4.805s] DEBUG:colcon.colcon_parallel_executor.executor.parallel:loop closed
[4.806s] DEBUG:colcon.colcon_parallel_executor.executor.parallel:run_until_complete finished with '0'
[4.806s] DEBUG:colcon.colcon_core.event_reactor:joining thread
[4.827s] INFO:colcon.colcon_core.plugin_system:Skipping extension 'colcon_notification.desktop_notification.terminal_notifier': Not used on non-Darwin systems
[4.828s] INFO:colcon.colcon_core.plugin_system:Skipping extension 'colcon_notification.desktop_notification.win32': Not used on non-Windows systems
[4.828s] INFO:colcon.colcon_notification.desktop_notification:Sending desktop notification using 'notify2'
[4.873s] DEBUG:colcon.colcon_core.event_reactor:joined thread
[4.875s] INFO:colcon.colcon_core.shell:Creating prefix script '/home/nano/final_project_ws/install/local_setup.ps1'
[4.880s] INFO:colcon.colcon_core.shell:Creating prefix util module '/home/nano/final_project_ws/install/_local_setup_util_ps1.py'
[4.884s] INFO:colcon.colcon_core.shell:Creating prefix chain script '/home/nano/final_project_ws/install/setup.ps1'
[4.888s] INFO:colcon.colcon_core.shell:Creating prefix script '/home/nano/final_project_ws/install/local_setup.sh'
[4.890s] INFO:colcon.colcon_core.shell:Creating prefix util module '/home/nano/final_project_ws/install/_local_setup_util_sh.py'
[4.891s] INFO:colcon.colcon_core.shell:Creating prefix chain script '/home/nano/final_project_ws/install/setup.sh'
[4.899s] INFO:colcon.colcon_core.shell:Creating prefix script '/home/nano/final_project_ws/install/local_setup.bash'
[4.901s] INFO:colcon.colcon_core.shell:Creating prefix chain script '/home/nano/final_project_ws/install/setup.bash'
[4.907s] INFO:colcon.colcon_core.shell:Creating prefix script '/home/nano/final_project_ws/install/local_setup.zsh'
[4.908s] INFO:colcon.colcon_core.shell:Creating prefix chain script '/home/nano/final_project_ws/install/setup.zsh'
