[0.371s] DEBUG:colcon:Command line arguments: ['/usr/bin/colcon', 'build']
[0.371s] DEBUG:colcon:Parsed command line arguments: Namespace(log_base=None, log_level=None, verb_name='build', build_base='build', install_base='install', merge_install=False, symlink_install=False, test_result_base=None, continue_on_error=False, executor='parallel', parallel_workers=6, event_handlers=None, ignore_user_meta=False, metas=['./colcon.meta'], base_paths=['.'], packages_ignore=None, packages_ignore_regex=None, paths=None, packages_up_to=None, packages_up_to_regex=None, packages_above=None, packages_above_and_dependencies=None, packages_above_depth=None, packages_select_by_dep=None, packages_skip_by_dep=None, packages_skip_up_to=None, packages_select_build_failed=False, packages_skip_build_finished=False, packages_select_test_failures=False, packages_skip_test_passed=False, packages_select=None, packages_skip=None, packages_select_regex=None, packages_skip_regex=None, packages_start=None, packages_end=None, allow_overriding=[], cmake_args=None, cmake_target=None, cmake_target_skip_unavailable=False, cmake_clean_cache=False, cmake_clean_first=False, cmake_force_configure=False, ament_cmake_args=None, catkin_cmake_args=None, catkin_skip_building_tests=False, mixin_files=None, mixin=None, verb_parser=<colcon_mixin.mixin.mixin_argument.MixinArgumentDecorator object at 0xffff8fa79c30>, verb_extension=<colcon_core.verb.build.BuildVerb object at 0xffff8fa79780>, main=<bound method BuildVerb.main of <colcon_core.verb.build.BuildVerb object at 0xffff8fa79780>>, mixin_verb=('build',))
[0.564s] Level 1:colcon.colcon_core.package_discovery:discover_packages(colcon_meta) check parameters
[0.564s] Level 1:colcon.colcon_core.package_discovery:discover_packages(recursive) check parameters
[0.564s] Level 1:colcon.colcon_core.package_discovery:discover_packages(ignore) check parameters
[0.564s] Level 1:colcon.colcon_core.package_discovery:discover_packages(path) check parameters
[0.564s] Level 1:colcon.colcon_core.package_discovery:discover_packages(colcon_meta) discover
[0.564s] Level 1:colcon.colcon_core.package_discovery:discover_packages(recursive) discover
[0.565s] INFO:colcon.colcon_core.package_discovery:Crawling recursively for packages in '/home/nano/final_project_ws'
[0.565s] Level 1:colcon.colcon_core.package_identification:_identify(.) by extensions ['ignore', 'ignore_ament_install']
[0.565s] Level 1:colcon.colcon_core.package_identification:_identify(.) by extension 'ignore'
[0.565s] Level 1:colcon.colcon_core.package_identification:_identify(.) by extension 'ignore_ament_install'
[0.565s] Level 1:colcon.colcon_core.package_identification:_identify(.) by extensions ['colcon_pkg']
[0.566s] Level 1:colcon.colcon_core.package_identification:_identify(.) by extension 'colcon_pkg'
[0.566s] Level 1:colcon.colcon_core.package_identification:_identify(.) by extensions ['colcon_meta']
[0.566s] Level 1:colcon.colcon_core.package_identification:_identify(.) by extension 'colcon_meta'
[0.566s] Level 1:colcon.colcon_core.package_identification:_identify(.) by extensions ['ros']
[0.566s] Level 1:colcon.colcon_core.package_identification:_identify(.) by extension 'ros'
[0.614s] Level 1:colcon.colcon_core.package_identification:_identify(.) by extensions ['cmake', 'python']
[0.614s] Level 1:colcon.colcon_core.package_identification:_identify(.) by extension 'cmake'
[0.614s] Level 1:colcon.colcon_core.package_identification:_identify(.) by extension 'python'
[0.615s] Level 1:colcon.colcon_core.package_identification:_identify(.) by extensions ['python_setup_py']
[0.615s] Level 1:colcon.colcon_core.package_identification:_identify(.) by extension 'python_setup_py'
[0.615s] Level 1:colcon.colcon_core.package_identification:_identify(build) by extensions ['ignore', 'ignore_ament_install']
[0.615s] Level 1:colcon.colcon_core.package_identification:_identify(build) by extension 'ignore'
[0.615s] Level 1:colcon.colcon_core.package_identification:_identify(build) ignored
[0.616s] Level 1:colcon.colcon_core.package_identification:_identify(install) by extensions ['ignore', 'ignore_ament_install']
[0.616s] Level 1:colcon.colcon_core.package_identification:_identify(install) by extension 'ignore'
[0.616s] Level 1:colcon.colcon_core.package_identification:_identify(install) ignored
[0.616s] Level 1:colcon.colcon_core.package_identification:_identify(log) by extensions ['ignore', 'ignore_ament_install']
[0.616s] Level 1:colcon.colcon_core.package_identification:_identify(log) by extension 'ignore'
[0.617s] Level 1:colcon.colcon_core.package_identification:_identify(log) ignored
[0.617s] Level 1:colcon.colcon_core.package_identification:_identify(src) by extensions ['ignore', 'ignore_ament_install']
[0.617s] Level 1:colcon.colcon_core.package_identification:_identify(src) by extension 'ignore'
[0.617s] Level 1:colcon.colcon_core.package_identification:_identify(src) by extension 'ignore_ament_install'
[0.617s] Level 1:colcon.colcon_core.package_identification:_identify(src) by extensions ['colcon_pkg']
[0.617s] Level 1:colcon.colcon_core.package_identification:_identify(src) by extension 'colcon_pkg'
[0.617s] Level 1:colcon.colcon_core.package_identification:_identify(src) by extensions ['colcon_meta']
[0.617s] Level 1:colcon.colcon_core.package_identification:_identify(src) by extension 'colcon_meta'
[0.618s] Level 1:colcon.colcon_core.package_identification:_identify(src) by extensions ['ros']
[0.618s] Level 1:colcon.colcon_core.package_identification:_identify(src) by extension 'ros'
[0.618s] Level 1:colcon.colcon_core.package_identification:_identify(src) by extensions ['cmake', 'python']
[0.618s] Level 1:colcon.colcon_core.package_identification:_identify(src) by extension 'cmake'
[0.618s] Level 1:colcon.colcon_core.package_identification:_identify(src) by extension 'python'
[0.618s] Level 1:colcon.colcon_core.package_identification:_identify(src) by extensions ['python_setup_py']
[0.618s] Level 1:colcon.colcon_core.package_identification:_identify(src) by extension 'python_setup_py'
[0.618s] Level 1:colcon.colcon_core.package_identification:_identify(src/actuation) by extensions ['ignore', 'ignore_ament_install']
[0.619s] Level 1:colcon.colcon_core.package_identification:_identify(src/actuation) by extension 'ignore'
[0.619s] Level 1:colcon.colcon_core.package_identification:_identify(src/actuation) by extension 'ignore_ament_install'
[0.619s] Level 1:colcon.colcon_core.package_identification:_identify(src/actuation) by extensions ['colcon_pkg']
[0.619s] Level 1:colcon.colcon_core.package_identification:_identify(src/actuation) by extension 'colcon_pkg'
[0.619s] Level 1:colcon.colcon_core.package_identification:_identify(src/actuation) by extensions ['colcon_meta']
[0.619s] Level 1:colcon.colcon_core.package_identification:_identify(src/actuation) by extension 'colcon_meta'
[0.619s] Level 1:colcon.colcon_core.package_identification:_identify(src/actuation) by extensions ['ros']
[0.619s] Level 1:colcon.colcon_core.package_identification:_identify(src/actuation) by extension 'ros'
[0.628s] DEBUG:colcon.colcon_core.package_identification:Package 'src/actuation' with type 'ros.ament_python' and name 'actuation'
[0.629s] Level 1:colcon.colcon_core.package_identification:_identify(src/perception) by extensions ['ignore', 'ignore_ament_install']
[0.629s] Level 1:colcon.colcon_core.package_identification:_identify(src/perception) by extension 'ignore'
[0.629s] Level 1:colcon.colcon_core.package_identification:_identify(src/perception) by extension 'ignore_ament_install'
[0.629s] Level 1:colcon.colcon_core.package_identification:_identify(src/perception) by extensions ['colcon_pkg']
[0.630s] Level 1:colcon.colcon_core.package_identification:_identify(src/perception) by extension 'colcon_pkg'
[0.630s] Level 1:colcon.colcon_core.package_identification:_identify(src/perception) by extensions ['colcon_meta']
[0.630s] Level 1:colcon.colcon_core.package_identification:_identify(src/perception) by extension 'colcon_meta'
[0.630s] Level 1:colcon.colcon_core.package_identification:_identify(src/perception) by extensions ['ros']
[0.630s] Level 1:colcon.colcon_core.package_identification:_identify(src/perception) by extension 'ros'
[0.630s] Level 1:colcon.colcon_core.package_identification:_identify(src/perception) by extensions ['cmake', 'python']
[0.630s] Level 1:colcon.colcon_core.package_identification:_identify(src/perception) by extension 'cmake'
[0.630s] Level 1:colcon.colcon_core.package_identification:_identify(src/perception) by extension 'python'
[0.631s] Level 1:colcon.colcon_core.package_identification:_identify(src/perception) by extensions ['python_setup_py']
[0.631s] Level 1:colcon.colcon_core.package_identification:_identify(src/perception) by extension 'python_setup_py'
[0.631s] Level 1:colcon.colcon_core.package_identification:_identify(src/perception/TMFlow_CV) by extensions ['ignore', 'ignore_ament_install']
[0.631s] Level 1:colcon.colcon_core.package_identification:_identify(src/perception/TMFlow_CV) by extension 'ignore'
[0.631s] Level 1:colcon.colcon_core.package_identification:_identify(src/perception/TMFlow_CV) by extension 'ignore_ament_install'
[0.631s] Level 1:colcon.colcon_core.package_identification:_identify(src/perception/TMFlow_CV) by extensions ['colcon_pkg']
[0.631s] Level 1:colcon.colcon_core.package_identification:_identify(src/perception/TMFlow_CV) by extension 'colcon_pkg'
[0.632s] Level 1:colcon.colcon_core.package_identification:_identify(src/perception/TMFlow_CV) by extensions ['colcon_meta']
[0.632s] Level 1:colcon.colcon_core.package_identification:_identify(src/perception/TMFlow_CV) by extension 'colcon_meta'
[0.632s] Level 1:colcon.colcon_core.package_identification:_identify(src/perception/TMFlow_CV) by extensions ['ros']
[0.632s] Level 1:colcon.colcon_core.package_identification:_identify(src/perception/TMFlow_CV) by extension 'ros'
[0.632s] Level 1:colcon.colcon_core.package_identification:_identify(src/perception/TMFlow_CV) by extensions ['cmake', 'python']
[0.632s] Level 1:colcon.colcon_core.package_identification:_identify(src/perception/TMFlow_CV) by extension 'cmake'
[0.632s] Level 1:colcon.colcon_core.package_identification:_identify(src/perception/TMFlow_CV) by extension 'python'
[0.632s] Level 1:colcon.colcon_core.package_identification:_identify(src/perception/TMFlow_CV) by extensions ['python_setup_py']
[0.632s] Level 1:colcon.colcon_core.package_identification:_identify(src/perception/TMFlow_CV) by extension 'python_setup_py'
[0.633s] Level 1:colcon.colcon_core.package_identification:_identify(src/perception/aruco_marker) by extensions ['ignore', 'ignore_ament_install']
[0.633s] Level 1:colcon.colcon_core.package_identification:_identify(src/perception/aruco_marker) by extension 'ignore'
[0.633s] Level 1:colcon.colcon_core.package_identification:_identify(src/perception/aruco_marker) by extension 'ignore_ament_install'
[0.633s] Level 1:colcon.colcon_core.package_identification:_identify(src/perception/aruco_marker) by extensions ['colcon_pkg']
[0.633s] Level 1:colcon.colcon_core.package_identification:_identify(src/perception/aruco_marker) by extension 'colcon_pkg'
[0.633s] Level 1:colcon.colcon_core.package_identification:_identify(src/perception/aruco_marker) by extensions ['colcon_meta']
[0.633s] Level 1:colcon.colcon_core.package_identification:_identify(src/perception/aruco_marker) by extension 'colcon_meta'
[0.633s] Level 1:colcon.colcon_core.package_identification:_identify(src/perception/aruco_marker) by extensions ['ros']
[0.634s] Level 1:colcon.colcon_core.package_identification:_identify(src/perception/aruco_marker) by extension 'ros'
[0.634s] Level 1:colcon.colcon_core.package_identification:_identify(src/perception/aruco_marker) by extensions ['cmake', 'python']
[0.634s] Level 1:colcon.colcon_core.package_identification:_identify(src/perception/aruco_marker) by extension 'cmake'
[0.634s] Level 1:colcon.colcon_core.package_identification:_identify(src/perception/aruco_marker) by extension 'python'
[0.634s] Level 1:colcon.colcon_core.package_identification:_identify(src/perception/aruco_marker) by extensions ['python_setup_py']
[0.634s] Level 1:colcon.colcon_core.package_identification:_identify(src/perception/aruco_marker) by extension 'python_setup_py'
[0.634s] Level 1:colcon.colcon_core.package_identification:_identify(src/perception/realsense_cv) by extensions ['ignore', 'ignore_ament_install']
[0.635s] Level 1:colcon.colcon_core.package_identification:_identify(src/perception/realsense_cv) by extension 'ignore'
[0.635s] Level 1:colcon.colcon_core.package_identification:_identify(src/perception/realsense_cv) by extension 'ignore_ament_install'
[0.635s] Level 1:colcon.colcon_core.package_identification:_identify(src/perception/realsense_cv) by extensions ['colcon_pkg']
[0.635s] Level 1:colcon.colcon_core.package_identification:_identify(src/perception/realsense_cv) by extension 'colcon_pkg'
[0.635s] Level 1:colcon.colcon_core.package_identification:_identify(src/perception/realsense_cv) by extensions ['colcon_meta']
[0.635s] Level 1:colcon.colcon_core.package_identification:_identify(src/perception/realsense_cv) by extension 'colcon_meta'
[0.635s] Level 1:colcon.colcon_core.package_identification:_identify(src/perception/realsense_cv) by extensions ['ros']
[0.635s] Level 1:colcon.colcon_core.package_identification:_identify(src/perception/realsense_cv) by extension 'ros'
[0.637s] DEBUG:colcon.colcon_core.package_identification:Package 'src/perception/realsense_cv' with type 'ros.ament_python' and name 'realsense_cv'
[0.638s] Level 1:colcon.colcon_core.package_identification:_identify(src/planning) by extensions ['ignore', 'ignore_ament_install']
[0.638s] Level 1:colcon.colcon_core.package_identification:_identify(src/planning) by extension 'ignore'
[0.638s] Level 1:colcon.colcon_core.package_identification:_identify(src/planning) by extension 'ignore_ament_install'
[0.638s] Level 1:colcon.colcon_core.package_identification:_identify(src/planning) by extensions ['colcon_pkg']
[0.638s] Level 1:colcon.colcon_core.package_identification:_identify(src/planning) by extension 'colcon_pkg'
[0.638s] Level 1:colcon.colcon_core.package_identification:_identify(src/planning) by extensions ['colcon_meta']
[0.638s] Level 1:colcon.colcon_core.package_identification:_identify(src/planning) by extension 'colcon_meta'
[0.638s] Level 1:colcon.colcon_core.package_identification:_identify(src/planning) by extensions ['ros']
[0.639s] Level 1:colcon.colcon_core.package_identification:_identify(src/planning) by extension 'ros'
[0.642s] DEBUG:colcon.colcon_core.package_identification:Package 'src/planning' with type 'ros.ament_python' and name 'planning'
[0.642s] Level 1:colcon.colcon_core.package_identification:_identify(src/planning_interfaces) by extensions ['ignore', 'ignore_ament_install']
[0.642s] Level 1:colcon.colcon_core.package_identification:_identify(src/planning_interfaces) by extension 'ignore'
[0.642s] Level 1:colcon.colcon_core.package_identification:_identify(src/planning_interfaces) by extension 'ignore_ament_install'
[0.642s] Level 1:colcon.colcon_core.package_identification:_identify(src/planning_interfaces) by extensions ['colcon_pkg']
[0.643s] Level 1:colcon.colcon_core.package_identification:_identify(src/planning_interfaces) by extension 'colcon_pkg'
[0.643s] Level 1:colcon.colcon_core.package_identification:_identify(src/planning_interfaces) by extensions ['colcon_meta']
[0.643s] Level 1:colcon.colcon_core.package_identification:_identify(src/planning_interfaces) by extension 'colcon_meta'
[0.643s] Level 1:colcon.colcon_core.package_identification:_identify(src/planning_interfaces) by extensions ['ros']
[0.643s] Level 1:colcon.colcon_core.package_identification:_identify(src/planning_interfaces) by extension 'ros'
[0.645s] DEBUG:colcon.colcon_core.package_identification:Package 'src/planning_interfaces' with type 'ros.ament_cmake' and name 'planning_interfaces'
[0.645s] Level 1:colcon.colcon_core.package_discovery:discover_packages(recursive) using defaults
[0.645s] Level 1:colcon.colcon_core.package_discovery:discover_packages(ignore) discover
[0.645s] Level 1:colcon.colcon_core.package_discovery:discover_packages(ignore) using defaults
[0.645s] Level 1:colcon.colcon_core.package_discovery:discover_packages(path) discover
[0.645s] Level 1:colcon.colcon_core.package_discovery:discover_packages(path) using defaults
[0.739s] Level 1:colcon.colcon_core.package_discovery:discover_packages(prefix_path) check parameters
[0.739s] Level 1:colcon.colcon_core.package_discovery:discover_packages(prefix_path) discover
[0.750s] DEBUG:colcon.colcon_installed_package_information.package_discovery:Found 6 installed packages in /home/nano/final_project_ws/install
[0.752s] DEBUG:colcon.colcon_installed_package_information.package_discovery:Found 19 installed packages in /home/nano/tmdriver_ws/install
[0.756s] DEBUG:colcon.colcon_installed_package_information.package_discovery:Found 337 installed packages in /opt/ros/humble
[0.759s] Level 1:colcon.colcon_core.package_discovery:discover_packages(prefix_path) using defaults
[0.865s] Level 5:colcon.colcon_core.verb:set package 'actuation' build argument 'cmake_args' from command line to 'None'
[0.865s] Level 5:colcon.colcon_core.verb:set package 'actuation' build argument 'cmake_target' from command line to 'None'
[0.865s] Level 5:colcon.colcon_core.verb:set package 'actuation' build argument 'cmake_target_skip_unavailable' from command line to 'False'
[0.865s] Level 5:colcon.colcon_core.verb:set package 'actuation' build argument 'cmake_clean_cache' from command line to 'False'
[0.865s] Level 5:colcon.colcon_core.verb:set package 'actuation' build argument 'cmake_clean_first' from command line to 'False'
[0.865s] Level 5:colcon.colcon_core.verb:set package 'actuation' build argument 'cmake_force_configure' from command line to 'False'
[0.865s] Level 5:colcon.colcon_core.verb:set package 'actuation' build argument 'ament_cmake_args' from command line to 'None'
[0.865s] Level 5:colcon.colcon_core.verb:set package 'actuation' build argument 'catkin_cmake_args' from command line to 'None'
[0.865s] Level 5:colcon.colcon_core.verb:set package 'actuation' build argument 'catkin_skip_building_tests' from command line to 'False'
[0.865s] DEBUG:colcon.colcon_core.verb:Building package 'actuation' with the following arguments: {'ament_cmake_args': None, 'build_base': '/home/nano/final_project_ws/build/actuation', 'catkin_cmake_args': None, 'catkin_skip_building_tests': False, 'cmake_args': None, 'cmake_clean_cache': False, 'cmake_clean_first': False, 'cmake_force_configure': False, 'cmake_target': None, 'cmake_target_skip_unavailable': False, 'install_base': '/home/nano/final_project_ws/install/actuation', 'merge_install': False, 'path': '/home/nano/final_project_ws/src/actuation', 'symlink_install': False, 'test_result_base': None}
[0.866s] Level 5:colcon.colcon_core.verb:set package 'planning_interfaces' build argument 'cmake_args' from command line to 'None'
[0.866s] Level 5:colcon.colcon_core.verb:set package 'planning_interfaces' build argument 'cmake_target' from command line to 'None'
[0.866s] Level 5:colcon.colcon_core.verb:set package 'planning_interfaces' build argument 'cmake_target_skip_unavailable' from command line to 'False'
[0.866s] Level 5:colcon.colcon_core.verb:set package 'planning_interfaces' build argument 'cmake_clean_cache' from command line to 'False'
[0.866s] Level 5:colcon.colcon_core.verb:set package 'planning_interfaces' build argument 'cmake_clean_first' from command line to 'False'
[0.866s] Level 5:colcon.colcon_core.verb:set package 'planning_interfaces' build argument 'cmake_force_configure' from command line to 'False'
[0.866s] Level 5:colcon.colcon_core.verb:set package 'planning_interfaces' build argument 'ament_cmake_args' from command line to 'None'
[0.866s] Level 5:colcon.colcon_core.verb:set package 'planning_interfaces' build argument 'catkin_cmake_args' from command line to 'None'
[0.866s] Level 5:colcon.colcon_core.verb:set package 'planning_interfaces' build argument 'catkin_skip_building_tests' from command line to 'False'
[0.866s] DEBUG:colcon.colcon_core.verb:Building package 'planning_interfaces' with the following arguments: {'ament_cmake_args': None, 'build_base': '/home/nano/final_project_ws/build/planning_interfaces', 'catkin_cmake_args': None, 'catkin_skip_building_tests': False, 'cmake_args': None, 'cmake_clean_cache': False, 'cmake_clean_first': False, 'cmake_force_configure': False, 'cmake_target': None, 'cmake_target_skip_unavailable': False, 'install_base': '/home/nano/final_project_ws/install/planning_interfaces', 'merge_install': False, 'path': '/home/nano/final_project_ws/src/planning_interfaces', 'symlink_install': False, 'test_result_base': None}
[0.867s] Level 5:colcon.colcon_core.verb:set package 'realsense_cv' build argument 'cmake_args' from command line to 'None'
[0.867s] Level 5:colcon.colcon_core.verb:set package 'realsense_cv' build argument 'cmake_target' from command line to 'None'
[0.867s] Level 5:colcon.colcon_core.verb:set package 'realsense_cv' build argument 'cmake_target_skip_unavailable' from command line to 'False'
[0.867s] Level 5:colcon.colcon_core.verb:set package 'realsense_cv' build argument 'cmake_clean_cache' from command line to 'False'
[0.867s] Level 5:colcon.colcon_core.verb:set package 'realsense_cv' build argument 'cmake_clean_first' from command line to 'False'
[0.867s] Level 5:colcon.colcon_core.verb:set package 'realsense_cv' build argument 'cmake_force_configure' from command line to 'False'
[0.867s] Level 5:colcon.colcon_core.verb:set package 'realsense_cv' build argument 'ament_cmake_args' from command line to 'None'
[0.867s] Level 5:colcon.colcon_core.verb:set package 'realsense_cv' build argument 'catkin_cmake_args' from command line to 'None'
[0.867s] Level 5:colcon.colcon_core.verb:set package 'realsense_cv' build argument 'catkin_skip_building_tests' from command line to 'False'
[0.867s] DEBUG:colcon.colcon_core.verb:Building package 'realsense_cv' with the following arguments: {'ament_cmake_args': None, 'build_base': '/home/nano/final_project_ws/build/realsense_cv', 'catkin_cmake_args': None, 'catkin_skip_building_tests': False, 'cmake_args': None, 'cmake_clean_cache': False, 'cmake_clean_first': False, 'cmake_force_configure': False, 'cmake_target': None, 'cmake_target_skip_unavailable': False, 'install_base': '/home/nano/final_project_ws/install/realsense_cv', 'merge_install': False, 'path': '/home/nano/final_project_ws/src/perception/realsense_cv', 'symlink_install': False, 'test_result_base': None}
[0.868s] Level 5:colcon.colcon_core.verb:set package 'planning' build argument 'cmake_args' from command line to 'None'
[0.868s] Level 5:colcon.colcon_core.verb:set package 'planning' build argument 'cmake_target' from command line to 'None'
[0.868s] Level 5:colcon.colcon_core.verb:set package 'planning' build argument 'cmake_target_skip_unavailable' from command line to 'False'
[0.868s] Level 5:colcon.colcon_core.verb:set package 'planning' build argument 'cmake_clean_cache' from command line to 'False'
[0.868s] Level 5:colcon.colcon_core.verb:set package 'planning' build argument 'cmake_clean_first' from command line to 'False'
[0.868s] Level 5:colcon.colcon_core.verb:set package 'planning' build argument 'cmake_force_configure' from command line to 'False'
[0.868s] Level 5:colcon.colcon_core.verb:set package 'planning' build argument 'ament_cmake_args' from command line to 'None'
[0.868s] Level 5:colcon.colcon_core.verb:set package 'planning' build argument 'catkin_cmake_args' from command line to 'None'
[0.868s] Level 5:colcon.colcon_core.verb:set package 'planning' build argument 'catkin_skip_building_tests' from command line to 'False'
[0.868s] DEBUG:colcon.colcon_core.verb:Building package 'planning' with the following arguments: {'ament_cmake_args': None, 'build_base': '/home/nano/final_project_ws/build/planning', 'catkin_cmake_args': None, 'catkin_skip_building_tests': False, 'cmake_args': None, 'cmake_clean_cache': False, 'cmake_clean_first': False, 'cmake_force_configure': False, 'cmake_target': None, 'cmake_target_skip_unavailable': False, 'install_base': '/home/nano/final_project_ws/install/planning', 'merge_install': False, 'path': '/home/nano/final_project_ws/src/planning', 'symlink_install': False, 'test_result_base': None}
[0.869s] INFO:colcon.colcon_core.executor:Executing jobs using 'parallel' executor
[0.871s] DEBUG:colcon.colcon_parallel_executor.executor.parallel:run_until_complete
[0.872s] INFO:colcon.colcon_ros.task.ament_cmake.build:Building ROS package in '/home/nano/final_project_ws/src/planning_interfaces' with build type 'ament_cmake'
[0.872s] INFO:colcon.colcon_cmake.task.cmake.build:Building CMake package in '/home/nano/final_project_ws/src/planning_interfaces'
[0.884s] INFO:colcon.colcon_core.plugin_system:Skipping extension 'colcon_core.shell.bat': Not used on non-Windows systems
[0.884s] INFO:colcon.colcon_core.shell:Skip shell extension 'powershell' for command environment: Not usable outside of PowerShell
[0.884s] DEBUG:colcon.colcon_core.shell:Skip shell extension 'dsv' for command environment
[0.896s] INFO:colcon.colcon_ros.task.ament_python.build:Building ROS package in '/home/nano/final_project_ws/src/actuation' with build type 'ament_python'
[0.896s] Level 1:colcon.colcon_core.shell:create_environment_hook('actuation', 'ament_prefix_path')
[0.897s] INFO:colcon.colcon_core.shell:Creating environment hook '/home/nano/final_project_ws/install/actuation/share/actuation/hook/ament_prefix_path.ps1'
[0.899s] INFO:colcon.colcon_core.shell:Creating environment descriptor '/home/nano/final_project_ws/install/actuation/share/actuation/hook/ament_prefix_path.dsv'
[0.901s] INFO:colcon.colcon_core.shell:Creating environment hook '/home/nano/final_project_ws/install/actuation/share/actuation/hook/ament_prefix_path.sh'
[0.903s] INFO:colcon.colcon_core.shell:Skip shell extension 'powershell' for command environment: Not usable outside of PowerShell
[0.903s] DEBUG:colcon.colcon_core.shell:Skip shell extension 'dsv' for command environment
[0.913s] INFO:colcon.colcon_ros.task.ament_python.build:Building ROS package in '/home/nano/final_project_ws/src/perception/realsense_cv' with build type 'ament_python'
[0.913s] Level 1:colcon.colcon_core.shell:create_environment_hook('realsense_cv', 'ament_prefix_path')
[0.914s] INFO:colcon.colcon_core.shell:Creating environment hook '/home/nano/final_project_ws/install/realsense_cv/share/realsense_cv/hook/ament_prefix_path.ps1'
[0.915s] INFO:colcon.colcon_core.shell:Creating environment descriptor '/home/nano/final_project_ws/install/realsense_cv/share/realsense_cv/hook/ament_prefix_path.dsv'
[0.916s] INFO:colcon.colcon_core.shell:Creating environment hook '/home/nano/final_project_ws/install/realsense_cv/share/realsense_cv/hook/ament_prefix_path.sh'
[0.917s] INFO:colcon.colcon_core.shell:Skip shell extension 'powershell' for command environment: Not usable outside of PowerShell
[0.917s] DEBUG:colcon.colcon_core.shell:Skip shell extension 'dsv' for command environment
[0.939s] DEBUG:colcon.colcon_core.event_handler.log_command:Invoking command in '/home/nano/final_project_ws/build/planning_interfaces': CMAKE_PREFIX_PATH=${CMAKE_PREFIX_PATH}:/home/nano/final_project_ws/install/ros2_aruco:/home/nano/final_project_ws/install/realsense_cv:/home/nano/final_project_ws/install/planning:/home/nano/final_project_ws/install/actuation:/home/nano/tmdriver_ws/install/tm_mod_urdf:/home/nano/tmdriver_ws/install/tm_get_status:/opt/ros/humble /usr/bin/cmake --build /home/nano/final_project_ws/build/planning_interfaces -- -j6 -l6
[1.418s] INFO:colcon.colcon_core.task.python.build:Building Python package in '/home/nano/final_project_ws/src/actuation'
[1.419s] INFO:colcon.colcon_core.shell:Skip shell extension 'powershell' for command environment: Not usable outside of PowerShell
[1.419s] DEBUG:colcon.colcon_core.shell:Skip shell extension 'dsv' for command environment
[1.908s] INFO:colcon.colcon_core.task.python.build:Building Python package in '/home/nano/final_project_ws/src/perception/realsense_cv'
[1.910s] INFO:colcon.colcon_core.shell:Skip shell extension 'powershell' for command environment: Not usable outside of PowerShell
[1.910s] DEBUG:colcon.colcon_core.shell:Skip shell extension 'dsv' for command environment
[2.025s] DEBUG:colcon.colcon_core.event_handler.log_command:Invoked command in '/home/nano/final_project_ws/build/planning_interfaces' returned '0': CMAKE_PREFIX_PATH=${CMAKE_PREFIX_PATH}:/home/nano/final_project_ws/install/ros2_aruco:/home/nano/final_project_ws/install/realsense_cv:/home/nano/final_project_ws/install/planning:/home/nano/final_project_ws/install/actuation:/home/nano/tmdriver_ws/install/tm_mod_urdf:/home/nano/tmdriver_ws/install/tm_get_status:/opt/ros/humble /usr/bin/cmake --build /home/nano/final_project_ws/build/planning_interfaces -- -j6 -l6
[2.049s] DEBUG:colcon.colcon_core.event_handler.log_command:Invoking command in '/home/nano/final_project_ws/build/planning_interfaces': CMAKE_PREFIX_PATH=${CMAKE_PREFIX_PATH}:/home/nano/final_project_ws/install/ros2_aruco:/home/nano/final_project_ws/install/realsense_cv:/home/nano/final_project_ws/install/planning:/home/nano/final_project_ws/install/actuation:/home/nano/tmdriver_ws/install/tm_mod_urdf:/home/nano/tmdriver_ws/install/tm_get_status:/opt/ros/humble /usr/bin/cmake --install /home/nano/final_project_ws/build/planning_interfaces
[2.235s] Level 1:colcon.colcon_core.environment:create_environment_scripts_only(planning_interfaces)
[2.236s] DEBUG:colcon.colcon_core.event_handler.log_command:Invoked command in '/home/nano/final_project_ws/build/planning_interfaces' returned '0': CMAKE_PREFIX_PATH=${CMAKE_PREFIX_PATH}:/home/nano/final_project_ws/install/ros2_aruco:/home/nano/final_project_ws/install/realsense_cv:/home/nano/final_project_ws/install/planning:/home/nano/final_project_ws/install/actuation:/home/nano/tmdriver_ws/install/tm_mod_urdf:/home/nano/tmdriver_ws/install/tm_get_status:/opt/ros/humble /usr/bin/cmake --install /home/nano/final_project_ws/build/planning_interfaces
[2.251s] Level 1:colcon.colcon_core.environment:checking '/home/nano/final_project_ws/install/planning_interfaces' for CMake module files
[2.253s] Level 1:colcon.colcon_core.environment:checking '/home/nano/final_project_ws/install/planning_interfaces' for CMake config files
[2.256s] Level 1:colcon.colcon_core.shell:create_environment_hook('planning_interfaces', 'cmake_prefix_path')
[2.256s] INFO:colcon.colcon_core.shell:Creating environment hook '/home/nano/final_project_ws/install/planning_interfaces/share/planning_interfaces/hook/cmake_prefix_path.ps1'
[2.257s] INFO:colcon.colcon_core.shell:Creating environment descriptor '/home/nano/final_project_ws/install/planning_interfaces/share/planning_interfaces/hook/cmake_prefix_path.dsv'
[2.258s] INFO:colcon.colcon_core.shell:Creating environment hook '/home/nano/final_project_ws/install/planning_interfaces/share/planning_interfaces/hook/cmake_prefix_path.sh'
[2.260s] Level 1:colcon.colcon_core.environment:checking '/home/nano/final_project_ws/install/planning_interfaces/lib'
[2.260s] Level 1:colcon.colcon_core.shell:create_environment_hook('planning_interfaces', 'ld_library_path_lib')
[2.261s] INFO:colcon.colcon_core.shell:Creating environment hook '/home/nano/final_project_ws/install/planning_interfaces/share/planning_interfaces/hook/ld_library_path_lib.ps1'
[2.261s] INFO:colcon.colcon_core.shell:Creating environment descriptor '/home/nano/final_project_ws/install/planning_interfaces/share/planning_interfaces/hook/ld_library_path_lib.dsv'
[2.262s] INFO:colcon.colcon_core.shell:Creating environment hook '/home/nano/final_project_ws/install/planning_interfaces/share/planning_interfaces/hook/ld_library_path_lib.sh'
[2.263s] Level 1:colcon.colcon_core.environment:checking '/home/nano/final_project_ws/install/planning_interfaces/bin'
[2.263s] Level 1:colcon.colcon_core.environment:checking '/home/nano/final_project_ws/install/planning_interfaces/lib/pkgconfig/planning_interfaces.pc'
[2.264s] Level 1:colcon.colcon_core.environment:checking '/home/nano/final_project_ws/install/planning_interfaces/lib/python3.10/site-packages'
[2.265s] Level 1:colcon.colcon_core.environment:checking '/home/nano/final_project_ws/install/planning_interfaces/bin'
[2.266s] INFO:colcon.colcon_core.shell:Creating package script '/home/nano/final_project_ws/install/planning_interfaces/share/planning_interfaces/package.ps1'
[2.268s] INFO:colcon.colcon_core.shell:Creating package descriptor '/home/nano/final_project_ws/install/planning_interfaces/share/planning_interfaces/package.dsv'
[2.271s] INFO:colcon.colcon_core.shell:Creating package script '/home/nano/final_project_ws/install/planning_interfaces/share/planning_interfaces/package.sh'
[2.274s] INFO:colcon.colcon_core.shell:Creating package script '/home/nano/final_project_ws/install/planning_interfaces/share/planning_interfaces/package.bash'
[2.277s] INFO:colcon.colcon_core.shell:Creating package script '/home/nano/final_project_ws/install/planning_interfaces/share/planning_interfaces/package.zsh'
[2.281s] Level 1:colcon.colcon_core.environment:create_file_with_runtime_dependencies(/home/nano/final_project_ws/install/planning_interfaces/share/colcon-core/packages/planning_interfaces)
[2.283s] Level 1:colcon.colcon_core.environment:create_environment_scripts_only(planning_interfaces)
[2.284s] Level 1:colcon.colcon_core.environment:checking '/home/nano/final_project_ws/install/planning_interfaces' for CMake module files
[2.285s] Level 1:colcon.colcon_core.environment:checking '/home/nano/final_project_ws/install/planning_interfaces' for CMake config files
[2.287s] Level 1:colcon.colcon_core.shell:create_environment_hook('planning_interfaces', 'cmake_prefix_path')
[2.287s] INFO:colcon.colcon_core.shell:Creating environment hook '/home/nano/final_project_ws/install/planning_interfaces/share/planning_interfaces/hook/cmake_prefix_path.ps1'
[2.288s] INFO:colcon.colcon_core.shell:Creating environment descriptor '/home/nano/final_project_ws/install/planning_interfaces/share/planning_interfaces/hook/cmake_prefix_path.dsv'
[2.289s] INFO:colcon.colcon_core.shell:Creating environment hook '/home/nano/final_project_ws/install/planning_interfaces/share/planning_interfaces/hook/cmake_prefix_path.sh'
[2.291s] Level 1:colcon.colcon_core.environment:checking '/home/nano/final_project_ws/install/planning_interfaces/lib'
[2.291s] Level 1:colcon.colcon_core.shell:create_environment_hook('planning_interfaces', 'ld_library_path_lib')
[2.291s] INFO:colcon.colcon_core.shell:Creating environment hook '/home/nano/final_project_ws/install/planning_interfaces/share/planning_interfaces/hook/ld_library_path_lib.ps1'
[2.292s] INFO:colcon.colcon_core.shell:Creating environment descriptor '/home/nano/final_project_ws/install/planning_interfaces/share/planning_interfaces/hook/ld_library_path_lib.dsv'
[2.293s] INFO:colcon.colcon_core.shell:Creating environment hook '/home/nano/final_project_ws/install/planning_interfaces/share/planning_interfaces/hook/ld_library_path_lib.sh'
[2.295s] Level 1:colcon.colcon_core.environment:checking '/home/nano/final_project_ws/install/planning_interfaces/bin'
[2.295s] Level 1:colcon.colcon_core.environment:checking '/home/nano/final_project_ws/install/planning_interfaces/lib/pkgconfig/planning_interfaces.pc'
[2.295s] Level 1:colcon.colcon_core.environment:checking '/home/nano/final_project_ws/install/planning_interfaces/lib/python3.10/site-packages'
[2.296s] Level 1:colcon.colcon_core.environment:checking '/home/nano/final_project_ws/install/planning_interfaces/bin'
[2.296s] INFO:colcon.colcon_core.shell:Creating package script '/home/nano/final_project_ws/install/planning_interfaces/share/planning_interfaces/package.ps1'
[2.298s] INFO:colcon.colcon_core.shell:Creating package descriptor '/home/nano/final_project_ws/install/planning_interfaces/share/planning_interfaces/package.dsv'
[2.299s] INFO:colcon.colcon_core.shell:Creating package script '/home/nano/final_project_ws/install/planning_interfaces/share/planning_interfaces/package.sh'
[2.331s] INFO:colcon.colcon_core.shell:Creating package script '/home/nano/final_project_ws/install/planning_interfaces/share/planning_interfaces/package.bash'
[2.332s] INFO:colcon.colcon_core.shell:Creating package script '/home/nano/final_project_ws/install/planning_interfaces/share/planning_interfaces/package.zsh'
[2.333s] Level 1:colcon.colcon_core.environment:create_file_with_runtime_dependencies(/home/nano/final_project_ws/install/planning_interfaces/share/colcon-core/packages/planning_interfaces)
[2.334s] INFO:colcon.colcon_ros.task.ament_python.build:Building ROS package in '/home/nano/final_project_ws/src/planning' with build type 'ament_python'
[2.334s] Level 1:colcon.colcon_core.shell:create_environment_hook('planning', 'ament_prefix_path')
[2.335s] INFO:colcon.colcon_core.shell:Creating environment hook '/home/nano/final_project_ws/install/planning/share/planning/hook/ament_prefix_path.ps1'
[2.336s] INFO:colcon.colcon_core.shell:Creating environment descriptor '/home/nano/final_project_ws/install/planning/share/planning/hook/ament_prefix_path.dsv'
[2.338s] INFO:colcon.colcon_core.shell:Creating environment hook '/home/nano/final_project_ws/install/planning/share/planning/hook/ament_prefix_path.sh'
[2.340s] INFO:colcon.colcon_core.shell:Skip shell extension 'powershell' for command environment: Not usable outside of PowerShell
[2.340s] DEBUG:colcon.colcon_core.shell:Skip shell extension 'dsv' for command environment
[2.838s] INFO:colcon.colcon_core.task.python.build:Building Python package in '/home/nano/final_project_ws/src/planning'
[2.839s] INFO:colcon.colcon_core.shell:Skip shell extension 'powershell' for command environment: Not usable outside of PowerShell
[2.839s] DEBUG:colcon.colcon_core.shell:Skip shell extension 'dsv' for command environment
[3.155s] DEBUG:colcon.colcon_core.event_handler.log_command:Invoking command in '/home/nano/final_project_ws/src/actuation': PYTHONPATH=/home/nano/final_project_ws/build/actuation/prefix_override:/usr/lib/python3/dist-packages/colcon_core/task/python/colcon_distutils_commands:/home/nano/final_project_ws/install/actuation/lib/python3.10/site-packages:${PYTHONPATH} /usr/bin/python3 -W ignore:setup.py install is deprecated -W ignore:easy_install command is deprecated setup.py egg_info --egg-base ../../build/actuation build --build-base /home/nano/final_project_ws/build/actuation/build install --record /home/nano/final_project_ws/build/actuation/install.log --single-version-externally-managed install_data
[3.158s] DEBUG:colcon.colcon_core.event_handler.log_command:Invoking command in '/home/nano/final_project_ws/src/perception/realsense_cv': PYTHONPATH=/home/nano/final_project_ws/build/realsense_cv/prefix_override:/usr/lib/python3/dist-packages/colcon_core/task/python/colcon_distutils_commands:/home/nano/final_project_ws/install/realsense_cv/lib/python3.10/site-packages:${PYTHONPATH} /usr/bin/python3 -W ignore:setup.py install is deprecated -W ignore:easy_install command is deprecated setup.py egg_info --egg-base ../../../build/realsense_cv build --build-base /home/nano/final_project_ws/build/realsense_cv/build install --record /home/nano/final_project_ws/build/realsense_cv/install.log --single-version-externally-managed install_data
[3.824s] DEBUG:colcon.colcon_core.event_handler.log_command:Invoking command in '/home/nano/final_project_ws/src/planning': CMAKE_PREFIX_PATH=/home/nano/final_project_ws/install/planning_interfaces:/home/nano/final_project_ws/install/ros2_aruco_interfaces:/home/nano/tmdriver_ws/install/ui_for_debug_and_demo:/home/nano/tmdriver_ws/install/tm_driver:/home/nano/tmdriver_ws/install/demo:/home/nano/tmdriver_ws/install/tm_msgs:/home/nano/tmdriver_ws/install/tm5x-900_moveit_config:/home/nano/tmdriver_ws/install/tm5x-700_moveit_config:/home/nano/tmdriver_ws/install/tm5-900_moveit_config:/home/nano/tmdriver_ws/install/tm5-700_moveit_config:/home/nano/tmdriver_ws/install/tm20_moveit_config:/home/nano/tmdriver_ws/install/tm16_moveit_config:/home/nano/tmdriver_ws/install/tm14x_moveit_config:/home/nano/tmdriver_ws/install/tm14_moveit_config:/home/nano/tmdriver_ws/install/tm12x_moveit_config:/home/nano/tmdriver_ws/install/tm12_moveit_config:/home/nano/tmdriver_ws/install/tm_description:/home/nano/tmdriver_ws/install/custom_package:/home/nano/tmdriver_ws/install/techman_robot_msgs LD_LIBRARY_PATH=/home/nano/final_project_ws/install/planning_interfaces/lib:/home/nano/final_project_ws/install/ros2_aruco_interfaces/lib:/home/nano/tmdriver_ws/install/tm_msgs/lib:/home/nano/tmdriver_ws/install/techman_robot_msgs/lib:/opt/ros/humble/opt/rviz_ogre_vendor/lib:/opt/ros/humble/lib/aarch64-linux-gnu:/opt/ros/humble/lib PYTHONPATH=/home/nano/final_project_ws/build/planning/prefix_override:/usr/lib/python3/dist-packages/colcon_core/task/python/colcon_distutils_commands:/home/nano/final_project_ws/install/planning/lib/python3.10/site-packages:${PYTHONPATH} /usr/bin/python3 -W ignore:setup.py install is deprecated -W ignore:easy_install command is deprecated setup.py egg_info --egg-base ../../build/planning build --build-base /home/nano/final_project_ws/build/planning/build install --record /home/nano/final_project_ws/build/planning/install.log --single-version-externally-managed install_data
[4.088s] Level 1:colcon.colcon_core.environment:checking '/home/nano/final_project_ws/install/actuation' for CMake module files
[4.089s] Level 1:colcon.colcon_core.environment:checking '/home/nano/final_project_ws/install/actuation' for CMake config files
[4.090s] Level 1:colcon.colcon_core.environment:checking '/home/nano/final_project_ws/install/actuation/lib'
[4.091s] Level 1:colcon.colcon_core.environment:checking '/home/nano/final_project_ws/install/actuation/bin'
[4.091s] Level 1:colcon.colcon_core.environment:checking '/home/nano/final_project_ws/install/actuation/lib/pkgconfig/actuation.pc'
[4.091s] Level 1:colcon.colcon_core.environment:checking '/home/nano/final_project_ws/install/actuation/lib/python3.10/site-packages'
[4.091s] Level 1:colcon.colcon_core.shell:create_environment_hook('actuation', 'pythonpath')
[4.092s] INFO:colcon.colcon_core.shell:Creating environment hook '/home/nano/final_project_ws/install/actuation/share/actuation/hook/pythonpath.ps1'
[4.093s] INFO:colcon.colcon_core.shell:Creating environment descriptor '/home/nano/final_project_ws/install/actuation/share/actuation/hook/pythonpath.dsv'
[4.095s] INFO:colcon.colcon_core.shell:Creating environment hook '/home/nano/final_project_ws/install/actuation/share/actuation/hook/pythonpath.sh'
[4.097s] Level 1:colcon.colcon_core.environment:checking '/home/nano/final_project_ws/install/actuation/bin'
[4.097s] Level 1:colcon.colcon_core.environment:create_environment_scripts_only(actuation)
[4.098s] INFO:colcon.colcon_core.shell:Creating package script '/home/nano/final_project_ws/install/actuation/share/actuation/package.ps1'
[4.100s] DEBUG:colcon.colcon_core.event_handler.log_command:Invoked command in '/home/nano/final_project_ws/src/actuation' returned '0': PYTHONPATH=/home/nano/final_project_ws/build/actuation/prefix_override:/usr/lib/python3/dist-packages/colcon_core/task/python/colcon_distutils_commands:/home/nano/final_project_ws/install/actuation/lib/python3.10/site-packages:${PYTHONPATH} /usr/bin/python3 -W ignore:setup.py install is deprecated -W ignore:easy_install command is deprecated setup.py egg_info --egg-base ../../build/actuation build --build-base /home/nano/final_project_ws/build/actuation/build install --record /home/nano/final_project_ws/build/actuation/install.log --single-version-externally-managed install_data
[4.100s] INFO:colcon.colcon_core.shell:Creating package descriptor '/home/nano/final_project_ws/install/actuation/share/actuation/package.dsv'
[4.101s] INFO:colcon.colcon_core.shell:Creating package script '/home/nano/final_project_ws/install/actuation/share/actuation/package.sh'
[4.102s] INFO:colcon.colcon_core.shell:Creating package script '/home/nano/final_project_ws/install/actuation/share/actuation/package.bash'
[4.103s] INFO:colcon.colcon_core.shell:Creating package script '/home/nano/final_project_ws/install/actuation/share/actuation/package.zsh'
[4.104s] Level 1:colcon.colcon_core.environment:create_file_with_runtime_dependencies(/home/nano/final_project_ws/install/actuation/share/colcon-core/packages/actuation)
[4.127s] Level 1:colcon.colcon_core.environment:checking '/home/nano/final_project_ws/install/realsense_cv' for CMake module files
[4.128s] DEBUG:colcon.colcon_core.event_handler.log_command:Invoked command in '/home/nano/final_project_ws/src/perception/realsense_cv' returned '0': PYTHONPATH=/home/nano/final_project_ws/build/realsense_cv/prefix_override:/usr/lib/python3/dist-packages/colcon_core/task/python/colcon_distutils_commands:/home/nano/final_project_ws/install/realsense_cv/lib/python3.10/site-packages:${PYTHONPATH} /usr/bin/python3 -W ignore:setup.py install is deprecated -W ignore:easy_install command is deprecated setup.py egg_info --egg-base ../../../build/realsense_cv build --build-base /home/nano/final_project_ws/build/realsense_cv/build install --record /home/nano/final_project_ws/build/realsense_cv/install.log --single-version-externally-managed install_data
[4.129s] Level 1:colcon.colcon_core.environment:checking '/home/nano/final_project_ws/install/realsense_cv' for CMake config files
[4.131s] Level 1:colcon.colcon_core.environment:checking '/home/nano/final_project_ws/install/realsense_cv/lib'
[4.132s] Level 1:colcon.colcon_core.environment:checking '/home/nano/final_project_ws/install/realsense_cv/bin'
[4.132s] Level 1:colcon.colcon_core.environment:checking '/home/nano/final_project_ws/install/realsense_cv/lib/pkgconfig/realsense_cv.pc'
[4.133s] Level 1:colcon.colcon_core.environment:checking '/home/nano/final_project_ws/install/realsense_cv/lib/python3.10/site-packages'
[4.133s] Level 1:colcon.colcon_core.shell:create_environment_hook('realsense_cv', 'pythonpath')
[4.134s] INFO:colcon.colcon_core.shell:Creating environment hook '/home/nano/final_project_ws/install/realsense_cv/share/realsense_cv/hook/pythonpath.ps1'
[4.136s] INFO:colcon.colcon_core.shell:Creating environment descriptor '/home/nano/final_project_ws/install/realsense_cv/share/realsense_cv/hook/pythonpath.dsv'
[4.137s] INFO:colcon.colcon_core.shell:Creating environment hook '/home/nano/final_project_ws/install/realsense_cv/share/realsense_cv/hook/pythonpath.sh'
[4.139s] Level 1:colcon.colcon_core.environment:checking '/home/nano/final_project_ws/install/realsense_cv/bin'
[4.140s] Level 1:colcon.colcon_core.environment:create_environment_scripts_only(realsense_cv)
[4.141s] INFO:colcon.colcon_core.shell:Creating package script '/home/nano/final_project_ws/install/realsense_cv/share/realsense_cv/package.ps1'
[4.143s] INFO:colcon.colcon_core.shell:Creating package descriptor '/home/nano/final_project_ws/install/realsense_cv/share/realsense_cv/package.dsv'
[4.145s] INFO:colcon.colcon_core.shell:Creating package script '/home/nano/final_project_ws/install/realsense_cv/share/realsense_cv/package.sh'
[4.146s] INFO:colcon.colcon_core.shell:Creating package script '/home/nano/final_project_ws/install/realsense_cv/share/realsense_cv/package.bash'
[4.147s] INFO:colcon.colcon_core.shell:Creating package script '/home/nano/final_project_ws/install/realsense_cv/share/realsense_cv/package.zsh'
[4.148s] Level 1:colcon.colcon_core.environment:create_file_with_runtime_dependencies(/home/nano/final_project_ws/install/realsense_cv/share/colcon-core/packages/realsense_cv)
[4.746s] Level 1:colcon.colcon_core.environment:checking '/home/nano/final_project_ws/install/planning' for CMake module files
[4.748s] DEBUG:colcon.colcon_core.event_handler.log_command:Invoked command in '/home/nano/final_project_ws/src/planning' returned '0': CMAKE_PREFIX_PATH=/home/nano/final_project_ws/install/planning_interfaces:/home/nano/final_project_ws/install/ros2_aruco_interfaces:/home/nano/tmdriver_ws/install/ui_for_debug_and_demo:/home/nano/tmdriver_ws/install/tm_driver:/home/nano/tmdriver_ws/install/demo:/home/nano/tmdriver_ws/install/tm_msgs:/home/nano/tmdriver_ws/install/tm5x-900_moveit_config:/home/nano/tmdriver_ws/install/tm5x-700_moveit_config:/home/nano/tmdriver_ws/install/tm5-900_moveit_config:/home/nano/tmdriver_ws/install/tm5-700_moveit_config:/home/nano/tmdriver_ws/install/tm20_moveit_config:/home/nano/tmdriver_ws/install/tm16_moveit_config:/home/nano/tmdriver_ws/install/tm14x_moveit_config:/home/nano/tmdriver_ws/install/tm14_moveit_config:/home/nano/tmdriver_ws/install/tm12x_moveit_config:/home/nano/tmdriver_ws/install/tm12_moveit_config:/home/nano/tmdriver_ws/install/tm_description:/home/nano/tmdriver_ws/install/custom_package:/home/nano/tmdriver_ws/install/techman_robot_msgs LD_LIBRARY_PATH=/home/nano/final_project_ws/install/planning_interfaces/lib:/home/nano/final_project_ws/install/ros2_aruco_interfaces/lib:/home/nano/tmdriver_ws/install/tm_msgs/lib:/home/nano/tmdriver_ws/install/techman_robot_msgs/lib:/opt/ros/humble/opt/rviz_ogre_vendor/lib:/opt/ros/humble/lib/aarch64-linux-gnu:/opt/ros/humble/lib PYTHONPATH=/home/nano/final_project_ws/build/planning/prefix_override:/usr/lib/python3/dist-packages/colcon_core/task/python/colcon_distutils_commands:/home/nano/final_project_ws/install/planning/lib/python3.10/site-packages:${PYTHONPATH} /usr/bin/python3 -W ignore:setup.py install is deprecated -W ignore:easy_install command is deprecated setup.py egg_info --egg-base ../../build/planning build --build-base /home/nano/final_project_ws/build/planning/build install --record /home/nano/final_project_ws/build/planning/install.log --single-version-externally-managed install_data
[4.750s] Level 1:colcon.colcon_core.environment:checking '/home/nano/final_project_ws/install/planning' for CMake config files
[4.753s] Level 1:colcon.colcon_core.environment:checking '/home/nano/final_project_ws/install/planning/lib'
[4.754s] Level 1:colcon.colcon_core.environment:checking '/home/nano/final_project_ws/install/planning/bin'
[4.754s] Level 1:colcon.colcon_core.environment:checking '/home/nano/final_project_ws/install/planning/lib/pkgconfig/planning.pc'
[4.755s] Level 1:colcon.colcon_core.environment:checking '/home/nano/final_project_ws/install/planning/lib/python3.10/site-packages'
[4.755s] Level 1:colcon.colcon_core.shell:create_environment_hook('planning', 'pythonpath')
[4.756s] INFO:colcon.colcon_core.shell:Creating environment hook '/home/nano/final_project_ws/install/planning/share/planning/hook/pythonpath.ps1'
[4.758s] INFO:colcon.colcon_core.shell:Creating environment descriptor '/home/nano/final_project_ws/install/planning/share/planning/hook/pythonpath.dsv'
[4.759s] INFO:colcon.colcon_core.shell:Creating environment hook '/home/nano/final_project_ws/install/planning/share/planning/hook/pythonpath.sh'
[4.762s] Level 1:colcon.colcon_core.environment:checking '/home/nano/final_project_ws/install/planning/bin'
[4.762s] Level 1:colcon.colcon_core.environment:create_environment_scripts_only(planning)
[4.763s] INFO:colcon.colcon_core.shell:Creating package script '/home/nano/final_project_ws/install/planning/share/planning/package.ps1'
[4.765s] INFO:colcon.colcon_core.shell:Creating package descriptor '/home/nano/final_project_ws/install/planning/share/planning/package.dsv'
[4.767s] INFO:colcon.colcon_core.shell:Creating package script '/home/nano/final_project_ws/install/planning/share/planning/package.sh'
[4.769s] INFO:colcon.colcon_core.shell:Creating package script '/home/nano/final_project_ws/install/planning/share/planning/package.bash'
[4.771s] INFO:colcon.colcon_core.shell:Creating package script '/home/nano/final_project_ws/install/planning/share/planning/package.zsh'
[4.772s] Level 1:colcon.colcon_core.environment:create_file_with_runtime_dependencies(/home/nano/final_project_ws/install/planning/share/colcon-core/packages/planning)
[4.773s] DEBUG:colcon.colcon_parallel_executor.executor.parallel:closing loop
[4.774s] DEBUG:colcon.colcon_parallel_executor.executor.parallel:loop closed
[4.775s] DEBUG:colcon.colcon_parallel_executor.executor.parallel:run_until_complete finished with '0'
[4.776s] DEBUG:colcon.colcon_core.event_reactor:joining thread
[4.800s] INFO:colcon.colcon_core.plugin_system:Skipping extension 'colcon_notification.desktop_notification.terminal_notifier': Not used on non-Darwin systems
[4.800s] INFO:colcon.colcon_core.plugin_system:Skipping extension 'colcon_notification.desktop_notification.win32': Not used on non-Windows systems
[4.800s] INFO:colcon.colcon_notification.desktop_notification:Sending desktop notification using 'notify2'
[4.872s] DEBUG:colcon.colcon_core.event_reactor:joined thread
[4.873s] INFO:colcon.colcon_core.shell:Creating prefix script '/home/nano/final_project_ws/install/local_setup.ps1'
[4.877s] INFO:colcon.colcon_core.shell:Creating prefix util module '/home/nano/final_project_ws/install/_local_setup_util_ps1.py'
[4.892s] INFO:colcon.colcon_core.shell:Creating prefix chain script '/home/nano/final_project_ws/install/setup.ps1'
[4.898s] INFO:colcon.colcon_core.shell:Creating prefix script '/home/nano/final_project_ws/install/local_setup.sh'
[4.901s] INFO:colcon.colcon_core.shell:Creating prefix util module '/home/nano/final_project_ws/install/_local_setup_util_sh.py'
[4.902s] INFO:colcon.colcon_core.shell:Creating prefix chain script '/home/nano/final_project_ws/install/setup.sh'
[4.908s] INFO:colcon.colcon_core.shell:Creating prefix script '/home/nano/final_project_ws/install/local_setup.bash'
[4.910s] INFO:colcon.colcon_core.shell:Creating prefix chain script '/home/nano/final_project_ws/install/setup.bash'
[4.915s] INFO:colcon.colcon_core.shell:Creating prefix script '/home/nano/final_project_ws/install/local_setup.zsh'
[4.917s] INFO:colcon.colcon_core.shell:Creating prefix chain script '/home/nano/final_project_ws/install/setup.zsh'
