[0.888s] DEBUG:colcon:Command line arguments: ['/usr/bin/colcon', 'build']
[0.888s] DEBUG:colcon:Parsed command line arguments: Namespace(log_base=None, log_level=None, verb_name='build', build_base='build', install_base='install', merge_install=False, symlink_install=False, test_result_base=None, continue_on_error=False, executor='parallel', parallel_workers=6, event_handlers=None, ignore_user_meta=False, metas=['./colcon.meta'], base_paths=['.'], packages_ignore=None, packages_ignore_regex=None, paths=None, packages_up_to=None, packages_up_to_regex=None, packages_above=None, packages_above_and_dependencies=None, packages_above_depth=None, packages_select_by_dep=None, packages_skip_by_dep=None, packages_skip_up_to=None, packages_select_build_failed=False, packages_skip_build_finished=False, packages_select_test_failures=False, packages_skip_test_passed=False, packages_select=None, packages_skip=None, packages_select_regex=None, packages_skip_regex=None, packages_start=None, packages_end=None, allow_overriding=[], cmake_args=None, cmake_target=None, cmake_target_skip_unavailable=False, cmake_clean_cache=False, cmake_clean_first=False, cmake_force_configure=False, ament_cmake_args=None, catkin_cmake_args=None, catkin_skip_building_tests=False, mixin_files=None, mixin=None, verb_parser=<colcon_mixin.mixin.mixin_argument.MixinArgumentDecorator object at 0xffffa380dc30>, verb_extension=<colcon_core.verb.build.BuildVerb object at 0xffffa380d780>, main=<bound method BuildVerb.main of <colcon_core.verb.build.BuildVerb object at 0xffffa380d780>>, mixin_verb=('build',))
[1.082s] Level 1:colcon.colcon_core.package_discovery:discover_packages(colcon_meta) check parameters
[1.082s] Level 1:colcon.colcon_core.package_discovery:discover_packages(recursive) check parameters
[1.082s] Level 1:colcon.colcon_core.package_discovery:discover_packages(ignore) check parameters
[1.082s] Level 1:colcon.colcon_core.package_discovery:discover_packages(path) check parameters
[1.082s] Level 1:colcon.colcon_core.package_discovery:discover_packages(colcon_meta) discover
[1.082s] Level 1:colcon.colcon_core.package_discovery:discover_packages(recursive) discover
[1.083s] INFO:colcon.colcon_core.package_discovery:Crawling recursively for packages in '/home/nano/final_project_ws'
[1.083s] Level 1:colcon.colcon_core.package_identification:_identify(.) by extensions ['ignore', 'ignore_ament_install']
[1.083s] Level 1:colcon.colcon_core.package_identification:_identify(.) by extension 'ignore'
[1.083s] Level 1:colcon.colcon_core.package_identification:_identify(.) by extension 'ignore_ament_install'
[1.083s] Level 1:colcon.colcon_core.package_identification:_identify(.) by extensions ['colcon_pkg']
[1.084s] Level 1:colcon.colcon_core.package_identification:_identify(.) by extension 'colcon_pkg'
[1.084s] Level 1:colcon.colcon_core.package_identification:_identify(.) by extensions ['colcon_meta']
[1.084s] Level 1:colcon.colcon_core.package_identification:_identify(.) by extension 'colcon_meta'
[1.084s] Level 1:colcon.colcon_core.package_identification:_identify(.) by extensions ['ros']
[1.084s] Level 1:colcon.colcon_core.package_identification:_identify(.) by extension 'ros'
[1.132s] Level 1:colcon.colcon_core.package_identification:_identify(.) by extensions ['cmake', 'python']
[1.132s] Level 1:colcon.colcon_core.package_identification:_identify(.) by extension 'cmake'
[1.132s] Level 1:colcon.colcon_core.package_identification:_identify(.) by extension 'python'
[1.132s] Level 1:colcon.colcon_core.package_identification:_identify(.) by extensions ['python_setup_py']
[1.132s] Level 1:colcon.colcon_core.package_identification:_identify(.) by extension 'python_setup_py'
[1.133s] Level 1:colcon.colcon_core.package_identification:_identify(build) by extensions ['ignore', 'ignore_ament_install']
[1.133s] Level 1:colcon.colcon_core.package_identification:_identify(build) by extension 'ignore'
[1.133s] Level 1:colcon.colcon_core.package_identification:_identify(build) ignored
[1.133s] Level 1:colcon.colcon_core.package_identification:_identify(install) by extensions ['ignore', 'ignore_ament_install']
[1.134s] Level 1:colcon.colcon_core.package_identification:_identify(install) by extension 'ignore'
[1.134s] Level 1:colcon.colcon_core.package_identification:_identify(install) ignored
[1.134s] Level 1:colcon.colcon_core.package_identification:_identify(log) by extensions ['ignore', 'ignore_ament_install']
[1.134s] Level 1:colcon.colcon_core.package_identification:_identify(log) by extension 'ignore'
[1.134s] Level 1:colcon.colcon_core.package_identification:_identify(log) ignored
[1.134s] Level 1:colcon.colcon_core.package_identification:_identify(src) by extensions ['ignore', 'ignore_ament_install']
[1.135s] Level 1:colcon.colcon_core.package_identification:_identify(src) by extension 'ignore'
[1.135s] Level 1:colcon.colcon_core.package_identification:_identify(src) by extension 'ignore_ament_install'
[1.135s] Level 1:colcon.colcon_core.package_identification:_identify(src) by extensions ['colcon_pkg']
[1.135s] Level 1:colcon.colcon_core.package_identification:_identify(src) by extension 'colcon_pkg'
[1.135s] Level 1:colcon.colcon_core.package_identification:_identify(src) by extensions ['colcon_meta']
[1.135s] Level 1:colcon.colcon_core.package_identification:_identify(src) by extension 'colcon_meta'
[1.135s] Level 1:colcon.colcon_core.package_identification:_identify(src) by extensions ['ros']
[1.135s] Level 1:colcon.colcon_core.package_identification:_identify(src) by extension 'ros'
[1.136s] Level 1:colcon.colcon_core.package_identification:_identify(src) by extensions ['cmake', 'python']
[1.136s] Level 1:colcon.colcon_core.package_identification:_identify(src) by extension 'cmake'
[1.136s] Level 1:colcon.colcon_core.package_identification:_identify(src) by extension 'python'
[1.136s] Level 1:colcon.colcon_core.package_identification:_identify(src) by extensions ['python_setup_py']
[1.136s] Level 1:colcon.colcon_core.package_identification:_identify(src) by extension 'python_setup_py'
[1.137s] Level 1:colcon.colcon_core.package_identification:_identify(src/actuation) by extensions ['ignore', 'ignore_ament_install']
[1.137s] Level 1:colcon.colcon_core.package_identification:_identify(src/actuation) by extension 'ignore'
[1.137s] Level 1:colcon.colcon_core.package_identification:_identify(src/actuation) by extension 'ignore_ament_install'
[1.137s] Level 1:colcon.colcon_core.package_identification:_identify(src/actuation) by extensions ['colcon_pkg']
[1.137s] Level 1:colcon.colcon_core.package_identification:_identify(src/actuation) by extension 'colcon_pkg'
[1.138s] Level 1:colcon.colcon_core.package_identification:_identify(src/actuation) by extensions ['colcon_meta']
[1.138s] Level 1:colcon.colcon_core.package_identification:_identify(src/actuation) by extension 'colcon_meta'
[1.138s] Level 1:colcon.colcon_core.package_identification:_identify(src/actuation) by extensions ['ros']
[1.138s] Level 1:colcon.colcon_core.package_identification:_identify(src/actuation) by extension 'ros'
[1.146s] DEBUG:colcon.colcon_core.package_identification:Package 'src/actuation' with type 'ros.ament_python' and name 'actuation'
[1.147s] Level 1:colcon.colcon_core.package_identification:_identify(src/perception) by extensions ['ignore', 'ignore_ament_install']
[1.147s] Level 1:colcon.colcon_core.package_identification:_identify(src/perception) by extension 'ignore'
[1.147s] Level 1:colcon.colcon_core.package_identification:_identify(src/perception) by extension 'ignore_ament_install'
[1.148s] Level 1:colcon.colcon_core.package_identification:_identify(src/perception) by extensions ['colcon_pkg']
[1.148s] Level 1:colcon.colcon_core.package_identification:_identify(src/perception) by extension 'colcon_pkg'
[1.148s] Level 1:colcon.colcon_core.package_identification:_identify(src/perception) by extensions ['colcon_meta']
[1.148s] Level 1:colcon.colcon_core.package_identification:_identify(src/perception) by extension 'colcon_meta'
[1.148s] Level 1:colcon.colcon_core.package_identification:_identify(src/perception) by extensions ['ros']
[1.148s] Level 1:colcon.colcon_core.package_identification:_identify(src/perception) by extension 'ros'
[1.148s] Level 1:colcon.colcon_core.package_identification:_identify(src/perception) by extensions ['cmake', 'python']
[1.148s] Level 1:colcon.colcon_core.package_identification:_identify(src/perception) by extension 'cmake'
[1.148s] Level 1:colcon.colcon_core.package_identification:_identify(src/perception) by extension 'python'
[1.149s] Level 1:colcon.colcon_core.package_identification:_identify(src/perception) by extensions ['python_setup_py']
[1.149s] Level 1:colcon.colcon_core.package_identification:_identify(src/perception) by extension 'python_setup_py'
[1.149s] Level 1:colcon.colcon_core.package_identification:_identify(src/perception/TMFlow_CV) by extensions ['ignore', 'ignore_ament_install']
[1.149s] Level 1:colcon.colcon_core.package_identification:_identify(src/perception/TMFlow_CV) by extension 'ignore'
[1.150s] Level 1:colcon.colcon_core.package_identification:_identify(src/perception/TMFlow_CV) by extension 'ignore_ament_install'
[1.150s] Level 1:colcon.colcon_core.package_identification:_identify(src/perception/TMFlow_CV) by extensions ['colcon_pkg']
[1.150s] Level 1:colcon.colcon_core.package_identification:_identify(src/perception/TMFlow_CV) by extension 'colcon_pkg'
[1.150s] Level 1:colcon.colcon_core.package_identification:_identify(src/perception/TMFlow_CV) by extensions ['colcon_meta']
[1.150s] Level 1:colcon.colcon_core.package_identification:_identify(src/perception/TMFlow_CV) by extension 'colcon_meta'
[1.150s] Level 1:colcon.colcon_core.package_identification:_identify(src/perception/TMFlow_CV) by extensions ['ros']
[1.150s] Level 1:colcon.colcon_core.package_identification:_identify(src/perception/TMFlow_CV) by extension 'ros'
[1.150s] Level 1:colcon.colcon_core.package_identification:_identify(src/perception/TMFlow_CV) by extensions ['cmake', 'python']
[1.150s] Level 1:colcon.colcon_core.package_identification:_identify(src/perception/TMFlow_CV) by extension 'cmake'
[1.151s] Level 1:colcon.colcon_core.package_identification:_identify(src/perception/TMFlow_CV) by extension 'python'
[1.151s] Level 1:colcon.colcon_core.package_identification:_identify(src/perception/TMFlow_CV) by extensions ['python_setup_py']
[1.151s] Level 1:colcon.colcon_core.package_identification:_identify(src/perception/TMFlow_CV) by extension 'python_setup_py'
[1.151s] Level 1:colcon.colcon_core.package_identification:_identify(src/perception/aruco_marker) by extensions ['ignore', 'ignore_ament_install']
[1.152s] Level 1:colcon.colcon_core.package_identification:_identify(src/perception/aruco_marker) by extension 'ignore'
[1.152s] Level 1:colcon.colcon_core.package_identification:_identify(src/perception/aruco_marker) by extension 'ignore_ament_install'
[1.152s] Level 1:colcon.colcon_core.package_identification:_identify(src/perception/aruco_marker) by extensions ['colcon_pkg']
[1.152s] Level 1:colcon.colcon_core.package_identification:_identify(src/perception/aruco_marker) by extension 'colcon_pkg'
[1.152s] Level 1:colcon.colcon_core.package_identification:_identify(src/perception/aruco_marker) by extensions ['colcon_meta']
[1.152s] Level 1:colcon.colcon_core.package_identification:_identify(src/perception/aruco_marker) by extension 'colcon_meta'
[1.152s] Level 1:colcon.colcon_core.package_identification:_identify(src/perception/aruco_marker) by extensions ['ros']
[1.152s] Level 1:colcon.colcon_core.package_identification:_identify(src/perception/aruco_marker) by extension 'ros'
[1.152s] Level 1:colcon.colcon_core.package_identification:_identify(src/perception/aruco_marker) by extensions ['cmake', 'python']
[1.153s] Level 1:colcon.colcon_core.package_identification:_identify(src/perception/aruco_marker) by extension 'cmake'
[1.153s] Level 1:colcon.colcon_core.package_identification:_identify(src/perception/aruco_marker) by extension 'python'
[1.153s] Level 1:colcon.colcon_core.package_identification:_identify(src/perception/aruco_marker) by extensions ['python_setup_py']
[1.153s] Level 1:colcon.colcon_core.package_identification:_identify(src/perception/aruco_marker) by extension 'python_setup_py'
[1.153s] Level 1:colcon.colcon_core.package_identification:_identify(src/perception/realsense_cv) by extensions ['ignore', 'ignore_ament_install']
[1.154s] Level 1:colcon.colcon_core.package_identification:_identify(src/perception/realsense_cv) by extension 'ignore'
[1.154s] Level 1:colcon.colcon_core.package_identification:_identify(src/perception/realsense_cv) by extension 'ignore_ament_install'
[1.154s] Level 1:colcon.colcon_core.package_identification:_identify(src/perception/realsense_cv) by extensions ['colcon_pkg']
[1.154s] Level 1:colcon.colcon_core.package_identification:_identify(src/perception/realsense_cv) by extension 'colcon_pkg'
[1.154s] Level 1:colcon.colcon_core.package_identification:_identify(src/perception/realsense_cv) by extensions ['colcon_meta']
[1.154s] Level 1:colcon.colcon_core.package_identification:_identify(src/perception/realsense_cv) by extension 'colcon_meta'
[1.154s] Level 1:colcon.colcon_core.package_identification:_identify(src/perception/realsense_cv) by extensions ['ros']
[1.154s] Level 1:colcon.colcon_core.package_identification:_identify(src/perception/realsense_cv) by extension 'ros'
[1.157s] DEBUG:colcon.colcon_core.package_identification:Package 'src/perception/realsense_cv' with type 'ros.ament_python' and name 'realsense_cv'
[1.157s] Level 1:colcon.colcon_core.package_identification:_identify(src/planning) by extensions ['ignore', 'ignore_ament_install']
[1.157s] Level 1:colcon.colcon_core.package_identification:_identify(src/planning) by extension 'ignore'
[1.157s] Level 1:colcon.colcon_core.package_identification:_identify(src/planning) by extension 'ignore_ament_install'
[1.158s] Level 1:colcon.colcon_core.package_identification:_identify(src/planning) by extensions ['colcon_pkg']
[1.158s] Level 1:colcon.colcon_core.package_identification:_identify(src/planning) by extension 'colcon_pkg'
[1.158s] Level 1:colcon.colcon_core.package_identification:_identify(src/planning) by extensions ['colcon_meta']
[1.158s] Level 1:colcon.colcon_core.package_identification:_identify(src/planning) by extension 'colcon_meta'
[1.158s] Level 1:colcon.colcon_core.package_identification:_identify(src/planning) by extensions ['ros']
[1.158s] Level 1:colcon.colcon_core.package_identification:_identify(src/planning) by extension 'ros'
[1.161s] DEBUG:colcon.colcon_core.package_identification:Package 'src/planning' with type 'ros.ament_python' and name 'planning'
[1.161s] Level 1:colcon.colcon_core.package_identification:_identify(src/planning_interfaces) by extensions ['ignore', 'ignore_ament_install']
[1.162s] Level 1:colcon.colcon_core.package_identification:_identify(src/planning_interfaces) by extension 'ignore'
[1.162s] Level 1:colcon.colcon_core.package_identification:_identify(src/planning_interfaces) by extension 'ignore_ament_install'
[1.162s] Level 1:colcon.colcon_core.package_identification:_identify(src/planning_interfaces) by extensions ['colcon_pkg']
[1.162s] Level 1:colcon.colcon_core.package_identification:_identify(src/planning_interfaces) by extension 'colcon_pkg'
[1.162s] Level 1:colcon.colcon_core.package_identification:_identify(src/planning_interfaces) by extensions ['colcon_meta']
[1.162s] Level 1:colcon.colcon_core.package_identification:_identify(src/planning_interfaces) by extension 'colcon_meta'
[1.162s] Level 1:colcon.colcon_core.package_identification:_identify(src/planning_interfaces) by extensions ['ros']
[1.163s] Level 1:colcon.colcon_core.package_identification:_identify(src/planning_interfaces) by extension 'ros'
[1.164s] DEBUG:colcon.colcon_core.package_identification:Package 'src/planning_interfaces' with type 'ros.ament_cmake' and name 'planning_interfaces'
[1.164s] Level 1:colcon.colcon_core.package_discovery:discover_packages(recursive) using defaults
[1.165s] Level 1:colcon.colcon_core.package_discovery:discover_packages(ignore) discover
[1.165s] Level 1:colcon.colcon_core.package_discovery:discover_packages(ignore) using defaults
[1.165s] Level 1:colcon.colcon_core.package_discovery:discover_packages(path) discover
[1.165s] Level 1:colcon.colcon_core.package_discovery:discover_packages(path) using defaults
[1.252s] Level 1:colcon.colcon_core.package_discovery:discover_packages(prefix_path) check parameters
[1.252s] Level 1:colcon.colcon_core.package_discovery:discover_packages(prefix_path) discover
[1.263s] DEBUG:colcon.colcon_installed_package_information.package_discovery:Found 6 installed packages in /home/nano/final_project_ws/install
[1.265s] DEBUG:colcon.colcon_installed_package_information.package_discovery:Found 19 installed packages in /home/nano/tmdriver_ws/install
[1.268s] DEBUG:colcon.colcon_installed_package_information.package_discovery:Found 337 installed packages in /opt/ros/humble
[1.271s] Level 1:colcon.colcon_core.package_discovery:discover_packages(prefix_path) using defaults
[1.408s] Level 5:colcon.colcon_core.verb:set package 'actuation' build argument 'cmake_args' from command line to 'None'
[1.408s] Level 5:colcon.colcon_core.verb:set package 'actuation' build argument 'cmake_target' from command line to 'None'
[1.408s] Level 5:colcon.colcon_core.verb:set package 'actuation' build argument 'cmake_target_skip_unavailable' from command line to 'False'
[1.408s] Level 5:colcon.colcon_core.verb:set package 'actuation' build argument 'cmake_clean_cache' from command line to 'False'
[1.408s] Level 5:colcon.colcon_core.verb:set package 'actuation' build argument 'cmake_clean_first' from command line to 'False'
[1.408s] Level 5:colcon.colcon_core.verb:set package 'actuation' build argument 'cmake_force_configure' from command line to 'False'
[1.408s] Level 5:colcon.colcon_core.verb:set package 'actuation' build argument 'ament_cmake_args' from command line to 'None'
[1.408s] Level 5:colcon.colcon_core.verb:set package 'actuation' build argument 'catkin_cmake_args' from command line to 'None'
[1.408s] Level 5:colcon.colcon_core.verb:set package 'actuation' build argument 'catkin_skip_building_tests' from command line to 'False'
[1.408s] DEBUG:colcon.colcon_core.verb:Building package 'actuation' with the following arguments: {'ament_cmake_args': None, 'build_base': '/home/nano/final_project_ws/build/actuation', 'catkin_cmake_args': None, 'catkin_skip_building_tests': False, 'cmake_args': None, 'cmake_clean_cache': False, 'cmake_clean_first': False, 'cmake_force_configure': False, 'cmake_target': None, 'cmake_target_skip_unavailable': False, 'install_base': '/home/nano/final_project_ws/install/actuation', 'merge_install': False, 'path': '/home/nano/final_project_ws/src/actuation', 'symlink_install': False, 'test_result_base': None}
[1.409s] Level 5:colcon.colcon_core.verb:set package 'planning_interfaces' build argument 'cmake_args' from command line to 'None'
[1.409s] Level 5:colcon.colcon_core.verb:set package 'planning_interfaces' build argument 'cmake_target' from command line to 'None'
[1.409s] Level 5:colcon.colcon_core.verb:set package 'planning_interfaces' build argument 'cmake_target_skip_unavailable' from command line to 'False'
[1.409s] Level 5:colcon.colcon_core.verb:set package 'planning_interfaces' build argument 'cmake_clean_cache' from command line to 'False'
[1.409s] Level 5:colcon.colcon_core.verb:set package 'planning_interfaces' build argument 'cmake_clean_first' from command line to 'False'
[1.409s] Level 5:colcon.colcon_core.verb:set package 'planning_interfaces' build argument 'cmake_force_configure' from command line to 'False'
[1.409s] Level 5:colcon.colcon_core.verb:set package 'planning_interfaces' build argument 'ament_cmake_args' from command line to 'None'
[1.409s] Level 5:colcon.colcon_core.verb:set package 'planning_interfaces' build argument 'catkin_cmake_args' from command line to 'None'
[1.409s] Level 5:colcon.colcon_core.verb:set package 'planning_interfaces' build argument 'catkin_skip_building_tests' from command line to 'False'
[1.409s] DEBUG:colcon.colcon_core.verb:Building package 'planning_interfaces' with the following arguments: {'ament_cmake_args': None, 'build_base': '/home/nano/final_project_ws/build/planning_interfaces', 'catkin_cmake_args': None, 'catkin_skip_building_tests': False, 'cmake_args': None, 'cmake_clean_cache': False, 'cmake_clean_first': False, 'cmake_force_configure': False, 'cmake_target': None, 'cmake_target_skip_unavailable': False, 'install_base': '/home/nano/final_project_ws/install/planning_interfaces', 'merge_install': False, 'path': '/home/nano/final_project_ws/src/planning_interfaces', 'symlink_install': False, 'test_result_base': None}
[1.410s] Level 5:colcon.colcon_core.verb:set package 'realsense_cv' build argument 'cmake_args' from command line to 'None'
[1.410s] Level 5:colcon.colcon_core.verb:set package 'realsense_cv' build argument 'cmake_target' from command line to 'None'
[1.410s] Level 5:colcon.colcon_core.verb:set package 'realsense_cv' build argument 'cmake_target_skip_unavailable' from command line to 'False'
[1.410s] Level 5:colcon.colcon_core.verb:set package 'realsense_cv' build argument 'cmake_clean_cache' from command line to 'False'
[1.410s] Level 5:colcon.colcon_core.verb:set package 'realsense_cv' build argument 'cmake_clean_first' from command line to 'False'
[1.410s] Level 5:colcon.colcon_core.verb:set package 'realsense_cv' build argument 'cmake_force_configure' from command line to 'False'
[1.410s] Level 5:colcon.colcon_core.verb:set package 'realsense_cv' build argument 'ament_cmake_args' from command line to 'None'
[1.410s] Level 5:colcon.colcon_core.verb:set package 'realsense_cv' build argument 'catkin_cmake_args' from command line to 'None'
[1.410s] Level 5:colcon.colcon_core.verb:set package 'realsense_cv' build argument 'catkin_skip_building_tests' from command line to 'False'
[1.410s] DEBUG:colcon.colcon_core.verb:Building package 'realsense_cv' with the following arguments: {'ament_cmake_args': None, 'build_base': '/home/nano/final_project_ws/build/realsense_cv', 'catkin_cmake_args': None, 'catkin_skip_building_tests': False, 'cmake_args': None, 'cmake_clean_cache': False, 'cmake_clean_first': False, 'cmake_force_configure': False, 'cmake_target': None, 'cmake_target_skip_unavailable': False, 'install_base': '/home/nano/final_project_ws/install/realsense_cv', 'merge_install': False, 'path': '/home/nano/final_project_ws/src/perception/realsense_cv', 'symlink_install': False, 'test_result_base': None}
[1.411s] Level 5:colcon.colcon_core.verb:set package 'planning' build argument 'cmake_args' from command line to 'None'
[1.411s] Level 5:colcon.colcon_core.verb:set package 'planning' build argument 'cmake_target' from command line to 'None'
[1.411s] Level 5:colcon.colcon_core.verb:set package 'planning' build argument 'cmake_target_skip_unavailable' from command line to 'False'
[1.411s] Level 5:colcon.colcon_core.verb:set package 'planning' build argument 'cmake_clean_cache' from command line to 'False'
[1.411s] Level 5:colcon.colcon_core.verb:set package 'planning' build argument 'cmake_clean_first' from command line to 'False'
[1.411s] Level 5:colcon.colcon_core.verb:set package 'planning' build argument 'cmake_force_configure' from command line to 'False'
[1.411s] Level 5:colcon.colcon_core.verb:set package 'planning' build argument 'ament_cmake_args' from command line to 'None'
[1.411s] Level 5:colcon.colcon_core.verb:set package 'planning' build argument 'catkin_cmake_args' from command line to 'None'
[1.411s] Level 5:colcon.colcon_core.verb:set package 'planning' build argument 'catkin_skip_building_tests' from command line to 'False'
[1.411s] DEBUG:colcon.colcon_core.verb:Building package 'planning' with the following arguments: {'ament_cmake_args': None, 'build_base': '/home/nano/final_project_ws/build/planning', 'catkin_cmake_args': None, 'catkin_skip_building_tests': False, 'cmake_args': None, 'cmake_clean_cache': False, 'cmake_clean_first': False, 'cmake_force_configure': False, 'cmake_target': None, 'cmake_target_skip_unavailable': False, 'install_base': '/home/nano/final_project_ws/install/planning', 'merge_install': False, 'path': '/home/nano/final_project_ws/src/planning', 'symlink_install': False, 'test_result_base': None}
[1.412s] INFO:colcon.colcon_core.executor:Executing jobs using 'parallel' executor
[1.414s] DEBUG:colcon.colcon_parallel_executor.executor.parallel:run_until_complete
[1.415s] INFO:colcon.colcon_ros.task.ament_cmake.build:Building ROS package in '/home/nano/final_project_ws/src/planning_interfaces' with build type 'ament_cmake'
[1.415s] INFO:colcon.colcon_cmake.task.cmake.build:Building CMake package in '/home/nano/final_project_ws/src/planning_interfaces'
[1.427s] INFO:colcon.colcon_core.plugin_system:Skipping extension 'colcon_core.shell.bat': Not used on non-Windows systems
[1.428s] INFO:colcon.colcon_core.shell:Skip shell extension 'powershell' for command environment: Not usable outside of PowerShell
[1.428s] DEBUG:colcon.colcon_core.shell:Skip shell extension 'dsv' for command environment
[1.439s] INFO:colcon.colcon_ros.task.ament_python.build:Building ROS package in '/home/nano/final_project_ws/src/actuation' with build type 'ament_python'
[1.440s] Level 1:colcon.colcon_core.shell:create_environment_hook('actuation', 'ament_prefix_path')
[1.440s] INFO:colcon.colcon_core.shell:Creating environment hook '/home/nano/final_project_ws/install/actuation/share/actuation/hook/ament_prefix_path.ps1'
[1.443s] INFO:colcon.colcon_core.shell:Creating environment descriptor '/home/nano/final_project_ws/install/actuation/share/actuation/hook/ament_prefix_path.dsv'
[1.444s] INFO:colcon.colcon_core.shell:Creating environment hook '/home/nano/final_project_ws/install/actuation/share/actuation/hook/ament_prefix_path.sh'
[1.447s] INFO:colcon.colcon_core.shell:Skip shell extension 'powershell' for command environment: Not usable outside of PowerShell
[1.447s] DEBUG:colcon.colcon_core.shell:Skip shell extension 'dsv' for command environment
[1.458s] INFO:colcon.colcon_ros.task.ament_python.build:Building ROS package in '/home/nano/final_project_ws/src/perception/realsense_cv' with build type 'ament_python'
[1.458s] Level 1:colcon.colcon_core.shell:create_environment_hook('realsense_cv', 'ament_prefix_path')
[1.458s] INFO:colcon.colcon_core.shell:Creating environment hook '/home/nano/final_project_ws/install/realsense_cv/share/realsense_cv/hook/ament_prefix_path.ps1'
[1.460s] INFO:colcon.colcon_core.shell:Creating environment descriptor '/home/nano/final_project_ws/install/realsense_cv/share/realsense_cv/hook/ament_prefix_path.dsv'
[1.460s] INFO:colcon.colcon_core.shell:Creating environment hook '/home/nano/final_project_ws/install/realsense_cv/share/realsense_cv/hook/ament_prefix_path.sh'
[1.462s] INFO:colcon.colcon_core.shell:Skip shell extension 'powershell' for command environment: Not usable outside of PowerShell
[1.462s] DEBUG:colcon.colcon_core.shell:Skip shell extension 'dsv' for command environment
[1.484s] DEBUG:colcon.colcon_core.event_handler.log_command:Invoking command in '/home/nano/final_project_ws/build/planning_interfaces': CMAKE_PREFIX_PATH=${CMAKE_PREFIX_PATH}:/home/nano/final_project_ws/install/ros2_aruco:/home/nano/final_project_ws/install/realsense_cv:/home/nano/final_project_ws/install/planning:/home/nano/final_project_ws/install/actuation:/home/nano/tmdriver_ws/install/tm_mod_urdf:/home/nano/tmdriver_ws/install/tm_get_status:/opt/ros/humble /usr/bin/cmake --build /home/nano/final_project_ws/build/planning_interfaces -- -j6 -l6
[1.956s] INFO:colcon.colcon_core.task.python.build:Building Python package in '/home/nano/final_project_ws/src/actuation'
[1.957s] INFO:colcon.colcon_core.shell:Skip shell extension 'powershell' for command environment: Not usable outside of PowerShell
[1.957s] DEBUG:colcon.colcon_core.shell:Skip shell extension 'dsv' for command environment
[12.626s] DEBUG:colcon.colcon_parallel_executor.executor.parallel:closing loop
[12.627s] DEBUG:colcon.colcon_parallel_executor.executor.parallel:loop closed
[12.627s] DEBUG:colcon.colcon_parallel_executor.executor.parallel:run_until_complete finished with 'Command '['/usr/bin/python3', '-c', 'import sys;from contextlib import suppress;exec("with suppress(ImportError):    from setuptools.extern.packaging.specifiers    import SpecifierSet");exec("with suppress(ImportError):    from packaging.specifiers import SpecifierSet");from distutils.core import run_setup;dist = run_setup(    \'setup.py\', script_args=(\'--dry-run\',), stop_after=\'config\');skip_keys = (\'cmdclass\', \'distclass\', \'ext_modules\', \'metadata\');data = {    key: value for key, value in dist.__dict__.items()     if (        not key.startswith(\'_\') and         not callable(value) and         key not in skip_keys and         key not in dist.display_option_names    )};data[\'metadata\'] = {    k: v for k, v in dist.metadata.__dict__.items()     if k not in (\'license_files\', \'provides_extras\')};sys.stdout.buffer.write(repr(data).encode(\'utf-8\'))']' returned non-zero exit status 1.'
[12.627s] DEBUG:colcon.colcon_core.event_reactor:joining thread
[12.654s] INFO:colcon.colcon_core.plugin_system:Skipping extension 'colcon_notification.desktop_notification.terminal_notifier': Not used on non-Darwin systems
[12.654s] INFO:colcon.colcon_core.plugin_system:Skipping extension 'colcon_notification.desktop_notification.win32': Not used on non-Windows systems
[12.654s] INFO:colcon.colcon_notification.desktop_notification:Sending desktop notification using 'notify2'
[12.742s] DEBUG:colcon.colcon_core.event_reactor:joined thread
[12.744s] INFO:colcon.colcon_core.shell:Creating prefix script '/home/nano/final_project_ws/install/local_setup.ps1'
[12.750s] INFO:colcon.colcon_core.shell:Creating prefix util module '/home/nano/final_project_ws/install/_local_setup_util_ps1.py'
[12.755s] INFO:colcon.colcon_core.shell:Creating prefix chain script '/home/nano/final_project_ws/install/setup.ps1'
[12.760s] INFO:colcon.colcon_core.shell:Creating prefix script '/home/nano/final_project_ws/install/local_setup.sh'
[12.814s] INFO:colcon.colcon_core.shell:Creating prefix util module '/home/nano/final_project_ws/install/_local_setup_util_sh.py'
[12.817s] INFO:colcon.colcon_core.shell:Creating prefix chain script '/home/nano/final_project_ws/install/setup.sh'
[12.823s] INFO:colcon.colcon_core.shell:Creating prefix script '/home/nano/final_project_ws/install/local_setup.bash'
[12.826s] INFO:colcon.colcon_core.shell:Creating prefix chain script '/home/nano/final_project_ws/install/setup.bash'
[12.831s] INFO:colcon.colcon_core.shell:Creating prefix script '/home/nano/final_project_ws/install/local_setup.zsh'
[12.833s] INFO:colcon.colcon_core.shell:Creating prefix chain script '/home/nano/final_project_ws/install/setup.zsh'
