[2.670s] Invoking command in '/home/nano/final_project_ws/src/perception/realsense_cv': PYTHONPATH=/home/nano/final_project_ws/build/realsense_cv/prefix_override:/usr/lib/python3/dist-packages/colcon_core/task/python/colcon_distutils_commands:/home/nano/final_project_ws/install/realsense_cv/lib/python3.10/site-packages:${PYTHONPATH} /usr/bin/python3 -W ignore:setup.py install is deprecated -W ignore:easy_install command is deprecated setup.py egg_info --egg-base ../../../build/realsense_cv build --build-base /home/nano/final_project_ws/build/realsense_cv/build install --record /home/nano/final_project_ws/build/realsense_cv/install.log --single-version-externally-managed install_data
[3.178s] running egg_info
[3.180s] writing ../../../build/realsense_cv/realsense_cv.egg-info/PKG-INFO
[3.180s] writing dependency_links to ../../../build/realsense_cv/realsense_cv.egg-info/dependency_links.txt
[3.181s] writing entry points to ../../../build/realsense_cv/realsense_cv.egg-info/entry_points.txt
[3.181s] writing requirements to ../../../build/realsense_cv/realsense_cv.egg-info/requires.txt
[3.181s] writing top-level names to ../../../build/realsense_cv/realsense_cv.egg-info/top_level.txt
[3.185s] reading manifest file '../../../build/realsense_cv/realsense_cv.egg-info/SOURCES.txt'
[3.187s] writing manifest file '../../../build/realsense_cv/realsense_cv.egg-info/SOURCES.txt'
[3.187s] running build
[3.187s] running build_py
[3.188s] running install
[3.189s] running install_lib
[3.194s] running install_data
[3.194s] running install_egg_info
[3.198s] removing '/home/nano/final_project_ws/install/realsense_cv/lib/python3.10/site-packages/realsense_cv-0.0.0-py3.10.egg-info' (and everything under it)
[3.199s] Copying ../../../build/realsense_cv/realsense_cv.egg-info to /home/nano/final_project_ws/install/realsense_cv/lib/python3.10/site-packages/realsense_cv-0.0.0-py3.10.egg-info
[3.201s] running install_scripts
[3.243s] Installing edge_node script to /home/nano/final_project_ws/install/realsense_cv/lib/realsense_cv
[3.243s] Installing hsv_tuning script to /home/nano/final_project_ws/install/realsense_cv/lib/realsense_cv
[3.243s] Installing marker_node script to /home/nano/final_project_ws/install/realsense_cv/lib/realsense_cv
[3.244s] writing list of installed files to '/home/nano/final_project_ws/build/realsense_cv/install.log'
[3.317s] Invoked command in '/home/nano/final_project_ws/src/perception/realsense_cv' returned '0': PYTHONPATH=/home/nano/final_project_ws/build/realsense_cv/prefix_override:/usr/lib/python3/dist-packages/colcon_core/task/python/colcon_distutils_commands:/home/nano/final_project_ws/install/realsense_cv/lib/python3.10/site-packages:${PYTHONPATH} /usr/bin/python3 -W ignore:setup.py install is deprecated -W ignore:easy_install command is deprecated setup.py egg_info --egg-base ../../../build/realsense_cv build --build-base /home/nano/final_project_ws/build/realsense_cv/build install --record /home/nano/final_project_ws/build/realsense_cv/install.log --single-version-externally-managed install_data
