-- Found ament_cmake: 1.3.12 (/opt/ros/humble/share/ament_cmake/cmake)
-- Found rosidl_default_generators: 1.2.0 (/opt/ros/humble/share/rosidl_default_generators/cmake)
-- Using all available rosidl_typesupport_c: rosidl_typesupport_fastrtps_c;rosidl_typesupport_introspection_c
-- Found rosidl_adapter: 3.1.7 (/opt/ros/humble/share/rosidl_adapter/cmake)
-- Using all available rosidl_typesupport_cpp: rosidl_typesupport_fastrtps_cpp;rosidl_typesupport_introspection_cpp
-- Found geometry_msgs: 4.9.0 (/opt/ros/humble/share/geometry_msgs/cmake)
-- Found ament_cmake_ros: 0.10.0 (/opt/ros/humble/share/ament_cmake_ros/cmake)
-- Using all available rosidl_typesupport_c: rosidl_typesupport_fastrtps_c;rosidl_typesupport_introspection_c
-- Using all available rosidl_typesupport_cpp: rosidl_typesupport_fastrtps_cpp;rosidl_typesupport_introspection_cpp
-- Found python_cmake_module: 0.10.0 (/opt/ros/humble/share/python_cmake_module/cmake)
-- Using PYTHON_EXECUTABLE: /usr/bin/python3
-- Using PYTHON_INCLUDE_DIRS: /usr/include/python3.10
-- Using PYTHON_LIBRARIES: /usr/lib/aarch64-linux-gnu/libpython3.10.so
-- Found ament_lint_auto: 0.12.14 (/opt/ros/humble/share/ament_lint_auto/cmake)
-- Added test 'copyright' to check source files copyright and LICENSE
-- Added test 'lint_cmake' to check CMake code style
-- Added test 'xmllint' to check XML markup files
-- Configuring done
-- Generating done
-- Build files have been written to: /home/nano/final_project_ws/build/planning_interfaces
[  2%] [34m[1mGenerating C code for ROS interfaces[0m
[  4%] [34m[1mGenerating C++ code for ROS interfaces[0m
[  4%] Built target ament_cmake_python_copy_planning_interfaces
running egg_info
writing planning_interfaces.egg-info/PKG-INFO
writing dependency_links to planning_interfaces.egg-info/dependency_links.txt
writing top-level names to planning_interfaces.egg-info/top_level.txt
reading manifest file 'planning_interfaces.egg-info/SOURCES.txt'
writing manifest file 'planning_interfaces.egg-info/SOURCES.txt'
[  4%] Built target ament_cmake_python_build_planning_interfaces_egg
[  4%] Built target planning_interfaces__cpp
[35m[1mConsolidate compiler generated dependencies of target planning_interfaces__rosidl_generator_c[0m
[ 10%] [34m[1mGenerating C++ type support dispatch for ROS interfaces[0m
[ 10%] [34m[1mGenerating C++ introspection for ROS interfaces[0m
[ 10%] [34m[1mGenerating C++ type support for eProsima Fast-RTPS[0m
[ 17%] [32mBuilding C object CMakeFiles/planning_interfaces__rosidl_generator_c.dir/rosidl_generator_c/planning_interfaces/srv/detail/pick_place_service__functions.c.o[0m
[ 17%] [32mBuilding C object CMakeFiles/planning_interfaces__rosidl_generator_c.dir/rosidl_generator_c/planning_interfaces/srv/detail/continuous_pick_place__functions.c.o[0m
[ 17%] [32mBuilding C object CMakeFiles/planning_interfaces__rosidl_generator_c.dir/rosidl_generator_c/planning_interfaces/srv/detail/move_to_target__functions.c.o[0m
[ 19%] [32m[1mLinking C shared library libplanning_interfaces__rosidl_generator_c.so[0m
[ 19%] Built target planning_interfaces__rosidl_generator_c
[ 21%] [34m[1mGenerating C introspection for ROS interfaces[0m
[ 25%] [34m[1mGenerating C type support dispatch for ROS interfaces[0m
[ 25%] [34m[1mGenerating C type support for eProsima Fast-RTPS[0m
[35m[1mConsolidate compiler generated dependencies of target planning_interfaces__rosidl_typesupport_cpp[0m
[ 27%] [32mBuilding CXX object CMakeFiles/planning_interfaces__rosidl_typesupport_cpp.dir/rosidl_typesupport_cpp/planning_interfaces/srv/pick_place_service__type_support.cpp.o[0m
[35m[1mConsolidate compiler generated dependencies of target planning_interfaces__rosidl_typesupport_introspection_cpp[0m
[ 29%] [32mBuilding CXX object CMakeFiles/planning_interfaces__rosidl_typesupport_introspection_cpp.dir/rosidl_typesupport_introspection_cpp/planning_interfaces/srv/detail/pick_place_service__type_support.cpp.o[0m
[35m[1mConsolidate compiler generated dependencies of target planning_interfaces__rosidl_typesupport_fastrtps_cpp[0m
[ 31%] [32mBuilding CXX object CMakeFiles/planning_interfaces__rosidl_typesupport_fastrtps_cpp.dir/rosidl_typesupport_fastrtps_cpp/planning_interfaces/srv/detail/dds_fastrtps/pick_place_service__type_support.cpp.o[0m
[35m[1mConsolidate compiler generated dependencies of target planning_interfaces__rosidl_typesupport_c[0m
[ 34%] [32mBuilding CXX object CMakeFiles/planning_interfaces__rosidl_typesupport_c.dir/rosidl_typesupport_c/planning_interfaces/srv/pick_place_service__type_support.cpp.o[0m
[ 36%] [32mBuilding CXX object CMakeFiles/planning_interfaces__rosidl_typesupport_c.dir/rosidl_typesupport_c/planning_interfaces/srv/move_to_target__type_support.cpp.o[0m
[ 38%] [32mBuilding CXX object CMakeFiles/planning_interfaces__rosidl_typesupport_c.dir/rosidl_typesupport_c/planning_interfaces/srv/continuous_pick_place__type_support.cpp.o[0m
[35m[1mConsolidate compiler generated dependencies of target planning_interfaces__rosidl_typesupport_introspection_c[0m
[35m[1mConsolidate compiler generated dependencies of target planning_interfaces__rosidl_typesupport_fastrtps_c[0m
[ 40%] [32mBuilding C object CMakeFiles/planning_interfaces__rosidl_typesupport_introspection_c.dir/rosidl_typesupport_introspection_c/planning_interfaces/srv/detail/pick_place_service__type_support.c.o[0m
[ 42%] [32m[1mLinking CXX shared library libplanning_interfaces__rosidl_typesupport_c.so[0m
[ 44%] [32mBuilding CXX object CMakeFiles/planning_interfaces__rosidl_typesupport_fastrtps_c.dir/rosidl_typesupport_fastrtps_c/planning_interfaces/srv/detail/pick_place_service__type_support_c.cpp.o[0m
[ 46%] [32mBuilding C object CMakeFiles/planning_interfaces__rosidl_typesupport_introspection_c.dir/rosidl_typesupport_introspection_c/planning_interfaces/srv/detail/move_to_target__type_support.c.o[0m
[ 48%] [32mBuilding CXX object CMakeFiles/planning_interfaces__rosidl_typesupport_cpp.dir/rosidl_typesupport_cpp/planning_interfaces/srv/move_to_target__type_support.cpp.o[0m
[ 48%] Built target planning_interfaces__rosidl_typesupport_c
[ 51%] [32mBuilding CXX object CMakeFiles/planning_interfaces__rosidl_typesupport_introspection_cpp.dir/rosidl_typesupport_introspection_cpp/planning_interfaces/srv/detail/move_to_target__type_support.cpp.o[0m
[ 53%] [32mBuilding C object CMakeFiles/planning_interfaces__rosidl_typesupport_introspection_c.dir/rosidl_typesupport_introspection_c/planning_interfaces/srv/detail/continuous_pick_place__type_support.c.o[0m
[ 55%] [32m[1mLinking C shared library libplanning_interfaces__rosidl_typesupport_introspection_c.so[0m
[ 55%] Built target planning_interfaces__rosidl_typesupport_introspection_c
[ 59%] [32mBuilding CXX object CMakeFiles/planning_interfaces__rosidl_typesupport_cpp.dir/rosidl_typesupport_cpp/planning_interfaces/srv/continuous_pick_place__type_support.cpp.o[0m
[ 59%] [32mBuilding CXX object CMakeFiles/planning_interfaces__rosidl_typesupport_introspection_cpp.dir/rosidl_typesupport_introspection_cpp/planning_interfaces/srv/detail/continuous_pick_place__type_support.cpp.o[0m
[ 61%] [32mBuilding CXX object CMakeFiles/planning_interfaces__rosidl_typesupport_fastrtps_cpp.dir/rosidl_typesupport_fastrtps_cpp/planning_interfaces/srv/detail/dds_fastrtps/move_to_target__type_support.cpp.o[0m
[ 63%] [32mBuilding CXX object CMakeFiles/planning_interfaces__rosidl_typesupport_fastrtps_cpp.dir/rosidl_typesupport_fastrtps_cpp/planning_interfaces/srv/detail/dds_fastrtps/continuous_pick_place__type_support.cpp.o[0m
[ 65%] [32mBuilding CXX object CMakeFiles/planning_interfaces__rosidl_typesupport_fastrtps_c.dir/rosidl_typesupport_fastrtps_c/planning_interfaces/srv/detail/move_to_target__type_support_c.cpp.o[0m
[ 68%] [32m[1mLinking CXX shared library libplanning_interfaces__rosidl_typesupport_cpp.so[0m
[ 70%] [32mBuilding CXX object CMakeFiles/planning_interfaces__rosidl_typesupport_fastrtps_c.dir/rosidl_typesupport_fastrtps_c/planning_interfaces/srv/detail/continuous_pick_place__type_support_c.cpp.o[0m
[ 70%] Built target planning_interfaces__rosidl_typesupport_cpp
[ 72%] [32m[1mLinking CXX shared library libplanning_interfaces__rosidl_typesupport_introspection_cpp.so[0m
[ 72%] Built target planning_interfaces__rosidl_typesupport_introspection_cpp
[ 74%] [32m[1mLinking CXX shared library libplanning_interfaces__rosidl_typesupport_fastrtps_cpp.so[0m
[ 76%] [32m[1mLinking CXX shared library libplanning_interfaces__rosidl_typesupport_fastrtps_c.so[0m
[ 76%] Built target planning_interfaces__rosidl_typesupport_fastrtps_cpp
[ 76%] Built target planning_interfaces__rosidl_typesupport_fastrtps_c
[ 76%] Built target planning_interfaces
[ 78%] [34m[1mGenerating Python code for ROS interfaces[0m
[ 78%] Built target planning_interfaces__py
[35m[1mConsolidate compiler generated dependencies of target planning_interfaces__rosidl_generator_py[0m
[ 85%] [32mBuilding C object CMakeFiles/planning_interfaces__rosidl_generator_py.dir/rosidl_generator_py/planning_interfaces/srv/_continuous_pick_place_s.c.o[0m
[ 85%] [32mBuilding C object CMakeFiles/planning_interfaces__rosidl_generator_py.dir/rosidl_generator_py/planning_interfaces/srv/_move_to_target_s.c.o[0m
[ 85%] [32mBuilding C object CMakeFiles/planning_interfaces__rosidl_generator_py.dir/rosidl_generator_py/planning_interfaces/srv/_pick_place_service_s.c.o[0m
[ 87%] [32m[1mLinking C shared library rosidl_generator_py/planning_interfaces/libplanning_interfaces__rosidl_generator_py.so[0m
[ 87%] Built target planning_interfaces__rosidl_generator_py
[35m[1mConsolidate compiler generated dependencies of target planning_interfaces__rosidl_typesupport_fastrtps_c__pyext[0m
[35m[1mConsolidate compiler generated dependencies of target planning_interfaces__rosidl_typesupport_c__pyext[0m
[35m[1mConsolidate compiler generated dependencies of target planning_interfaces__rosidl_typesupport_introspection_c__pyext[0m
[ 91%] [32mBuilding C object CMakeFiles/planning_interfaces__rosidl_typesupport_introspection_c__pyext.dir/rosidl_generator_py/planning_interfaces/_planning_interfaces_s.ep.rosidl_typesupport_introspection_c.c.o[0m
[ 91%] [32mBuilding C object CMakeFiles/planning_interfaces__rosidl_typesupport_c__pyext.dir/rosidl_generator_py/planning_interfaces/_planning_interfaces_s.ep.rosidl_typesupport_c.c.o[0m
[ 93%] [32mBuilding C object CMakeFiles/planning_interfaces__rosidl_typesupport_fastrtps_c__pyext.dir/rosidl_generator_py/planning_interfaces/_planning_interfaces_s.ep.rosidl_typesupport_fastrtps_c.c.o[0m
[ 95%] [32m[1mLinking C shared library rosidl_generator_py/planning_interfaces/planning_interfaces_s__rosidl_typesupport_introspection_c.cpython-310-aarch64-linux-gnu.so[0m
[ 97%] [32m[1mLinking C shared library rosidl_generator_py/planning_interfaces/planning_interfaces_s__rosidl_typesupport_c.cpython-310-aarch64-linux-gnu.so[0m
[100%] [32m[1mLinking C shared library rosidl_generator_py/planning_interfaces/planning_interfaces_s__rosidl_typesupport_fastrtps_c.cpython-310-aarch64-linux-gnu.so[0m
[100%] Built target planning_interfaces__rosidl_typesupport_c__pyext
[100%] Built target planning_interfaces__rosidl_typesupport_introspection_c__pyext
[100%] Built target planning_interfaces__rosidl_typesupport_fastrtps_c__pyext
