[0.068s] Invoking command in '/home/nano/final_project_ws/build/planning_interfaces': CMAKE_PREFIX_PATH=${CMAKE_PREFIX_PATH}:/home/nano/final_project_ws/install/ros2_aruco:/home/nano/final_project_ws/install/realsense_cv:/home/nano/final_project_ws/install/planning:/home/nano/final_project_ws/install/actuation:/home/nano/tmdriver_ws/install/tm_mod_urdf:/home/nano/tmdriver_ws/install/tm_get_status:/opt/ros/humble /usr/bin/cmake --build /home/nano/final_project_ws/build/planning_interfaces -- -j6 -l6
[0.554s] -- Found ament_cmake: 1.3.12 (/opt/ros/humble/share/ament_cmake/cmake)
[0.658s] -- Found rosidl_default_generators: 1.2.0 (/opt/ros/humble/share/rosidl_default_generators/cmake)
[0.669s] -- Using all available rosidl_typesupport_c: rosidl_typesupport_fastrtps_c;rosidl_typesupport_introspection_c
[0.677s] -- Found rosidl_adapter: 3.1.7 (/opt/ros/humble/share/rosidl_adapter/cmake)
[0.763s] -- Using all available rosidl_typesupport_cpp: rosidl_typesupport_fastrtps_cpp;rosidl_typesupport_introspection_cpp
[0.829s] -- Found geometry_msgs: 4.9.0 (/opt/ros/humble/share/geometry_msgs/cmake)
[1.694s] -- Found ament_cmake_ros: 0.10.0 (/opt/ros/humble/share/ament_cmake_ros/cmake)
[2.428s] -- Using all available rosidl_typesupport_c: rosidl_typesupport_fastrtps_c;rosidl_typesupport_introspection_c
[3.419s] -- Using all available rosidl_typesupport_cpp: rosidl_typesupport_fastrtps_cpp;rosidl_typesupport_introspection_cpp
[3.499s] -- Found python_cmake_module: 0.10.0 (/opt/ros/humble/share/python_cmake_module/cmake)
[3.586s] -- Using PYTHON_EXECUTABLE: /usr/bin/python3
[3.586s] -- Using PYTHON_INCLUDE_DIRS: /usr/include/python3.10
[3.586s] -- Using PYTHON_LIBRARIES: /usr/lib/aarch64-linux-gnu/libpython3.10.so
[3.730s] -- Found ament_lint_auto: 0.12.14 (/opt/ros/humble/share/ament_lint_auto/cmake)
[3.779s] -- Added test 'copyright' to check source files copyright and LICENSE
[3.783s] -- Added test 'lint_cmake' to check CMake code style
[3.785s] -- Added test 'xmllint' to check XML markup files
[3.794s] -- Configuring done
[4.032s] -- Generating done
[4.072s] -- Build files have been written to: /home/nano/final_project_ws/build/planning_interfaces
[4.140s] [  2%] [34m[1mGenerating C code for ROS interfaces[0m
[4.165s] [  4%] [34m[1mGenerating C++ code for ROS interfaces[0m
[4.194s] [  4%] Built target ament_cmake_python_copy_planning_interfaces
[4.685s] running egg_info
[4.723s] writing planning_interfaces.egg-info/PKG-INFO
[4.723s] writing dependency_links to planning_interfaces.egg-info/dependency_links.txt
[4.724s] writing top-level names to planning_interfaces.egg-info/top_level.txt
[4.836s] reading manifest file 'planning_interfaces.egg-info/SOURCES.txt'
[4.839s] writing manifest file 'planning_interfaces.egg-info/SOURCES.txt'
[4.914s] [  4%] Built target ament_cmake_python_build_planning_interfaces_egg
[5.159s] [  4%] Built target planning_interfaces__cpp
[5.163s] [35m[1mConsolidate compiler generated dependencies of target planning_interfaces__rosidl_generator_c[0m
[5.180s] [ 10%] [34m[1mGenerating C++ type support dispatch for ROS interfaces[0m
[5.181s] [ 10%] [34m[1mGenerating C++ introspection for ROS interfaces[0m
[5.181s] [ 10%] [34m[1mGenerating C++ type support for eProsima Fast-RTPS[0m
[5.210s] [ 17%] [32mBuilding C object CMakeFiles/planning_interfaces__rosidl_generator_c.dir/rosidl_generator_c/planning_interfaces/srv/detail/pick_place_service__functions.c.o[0m
[5.210s] [ 17%] [32mBuilding C object CMakeFiles/planning_interfaces__rosidl_generator_c.dir/rosidl_generator_c/planning_interfaces/srv/detail/continuous_pick_place__functions.c.o[0m
[5.211s] [ 17%] [32mBuilding C object CMakeFiles/planning_interfaces__rosidl_generator_c.dir/rosidl_generator_c/planning_interfaces/srv/detail/move_to_target__functions.c.o[0m
[5.739s] [ 19%] [32m[1mLinking C shared library libplanning_interfaces__rosidl_generator_c.so[0m
[5.862s] [ 19%] Built target planning_interfaces__rosidl_generator_c
[5.882s] [ 21%] [34m[1mGenerating C introspection for ROS interfaces[0m
[5.885s] [ 25%] [34m[1mGenerating C type support dispatch for ROS interfaces[0m
[5.885s] [ 25%] [34m[1mGenerating C type support for eProsima Fast-RTPS[0m
[5.885s] [35m[1mConsolidate compiler generated dependencies of target planning_interfaces__rosidl_typesupport_cpp[0m
[5.940s] [ 27%] [32mBuilding CXX object CMakeFiles/planning_interfaces__rosidl_typesupport_cpp.dir/rosidl_typesupport_cpp/planning_interfaces/srv/pick_place_service__type_support.cpp.o[0m
[6.103s] [35m[1mConsolidate compiler generated dependencies of target planning_interfaces__rosidl_typesupport_introspection_cpp[0m
[6.169s] [ 29%] [32mBuilding CXX object CMakeFiles/planning_interfaces__rosidl_typesupport_introspection_cpp.dir/rosidl_typesupport_introspection_cpp/planning_interfaces/srv/detail/pick_place_service__type_support.cpp.o[0m
[6.215s] [35m[1mConsolidate compiler generated dependencies of target planning_interfaces__rosidl_typesupport_fastrtps_cpp[0m
[6.264s] [ 31%] [32mBuilding CXX object CMakeFiles/planning_interfaces__rosidl_typesupport_fastrtps_cpp.dir/rosidl_typesupport_fastrtps_cpp/planning_interfaces/srv/detail/dds_fastrtps/pick_place_service__type_support.cpp.o[0m
[6.611s] [35m[1mConsolidate compiler generated dependencies of target planning_interfaces__rosidl_typesupport_c[0m
[6.634s] [ 34%] [32mBuilding CXX object CMakeFiles/planning_interfaces__rosidl_typesupport_c.dir/rosidl_typesupport_c/planning_interfaces/srv/pick_place_service__type_support.cpp.o[0m
[6.710s] [ 36%] [32mBuilding CXX object CMakeFiles/planning_interfaces__rosidl_typesupport_c.dir/rosidl_typesupport_c/planning_interfaces/srv/move_to_target__type_support.cpp.o[0m
[6.790s] [ 38%] [32mBuilding CXX object CMakeFiles/planning_interfaces__rosidl_typesupport_c.dir/rosidl_typesupport_c/planning_interfaces/srv/continuous_pick_place__type_support.cpp.o[0m
[6.825s] [35m[1mConsolidate compiler generated dependencies of target planning_interfaces__rosidl_typesupport_introspection_c[0m
[6.853s] [35m[1mConsolidate compiler generated dependencies of target planning_interfaces__rosidl_typesupport_fastrtps_c[0m
[6.853s] [ 40%] [32mBuilding C object CMakeFiles/planning_interfaces__rosidl_typesupport_introspection_c.dir/rosidl_typesupport_introspection_c/planning_interfaces/srv/detail/pick_place_service__type_support.c.o[0m
[6.861s] [ 42%] [32m[1mLinking CXX shared library libplanning_interfaces__rosidl_typesupport_c.so[0m
[6.892s] [ 44%] [32mBuilding CXX object CMakeFiles/planning_interfaces__rosidl_typesupport_fastrtps_c.dir/rosidl_typesupport_fastrtps_c/planning_interfaces/srv/detail/pick_place_service__type_support_c.cpp.o[0m
[6.944s] [ 46%] [32mBuilding C object CMakeFiles/planning_interfaces__rosidl_typesupport_introspection_c.dir/rosidl_typesupport_introspection_c/planning_interfaces/srv/detail/move_to_target__type_support.c.o[0m
[6.959s] [ 48%] [32mBuilding CXX object CMakeFiles/planning_interfaces__rosidl_typesupport_cpp.dir/rosidl_typesupport_cpp/planning_interfaces/srv/move_to_target__type_support.cpp.o[0m
[6.967s] [ 48%] Built target planning_interfaces__rosidl_typesupport_c
[7.005s] [ 51%] [32mBuilding CXX object CMakeFiles/planning_interfaces__rosidl_typesupport_introspection_cpp.dir/rosidl_typesupport_introspection_cpp/planning_interfaces/srv/detail/move_to_target__type_support.cpp.o[0m
[7.039s] [ 53%] [32mBuilding C object CMakeFiles/planning_interfaces__rosidl_typesupport_introspection_c.dir/rosidl_typesupport_introspection_c/planning_interfaces/srv/detail/continuous_pick_place__type_support.c.o[0m
[7.123s] [ 55%] [32m[1mLinking C shared library libplanning_interfaces__rosidl_typesupport_introspection_c.so[0m
[7.197s] [ 55%] Built target planning_interfaces__rosidl_typesupport_introspection_c
[7.215s] [ 59%] [32mBuilding CXX object CMakeFiles/planning_interfaces__rosidl_typesupport_cpp.dir/rosidl_typesupport_cpp/planning_interfaces/srv/continuous_pick_place__type_support.cpp.o[0m
[7.216s] [ 59%] [32mBuilding CXX object CMakeFiles/planning_interfaces__rosidl_typesupport_introspection_cpp.dir/rosidl_typesupport_introspection_cpp/planning_interfaces/srv/detail/continuous_pick_place__type_support.cpp.o[0m
[7.293s] [ 61%] [32mBuilding CXX object CMakeFiles/planning_interfaces__rosidl_typesupport_fastrtps_cpp.dir/rosidl_typesupport_fastrtps_cpp/planning_interfaces/srv/detail/dds_fastrtps/move_to_target__type_support.cpp.o[0m
[7.607s] [ 63%] [32mBuilding CXX object CMakeFiles/planning_interfaces__rosidl_typesupport_fastrtps_cpp.dir/rosidl_typesupport_fastrtps_cpp/planning_interfaces/srv/detail/dds_fastrtps/continuous_pick_place__type_support.cpp.o[0m
[7.656s] [ 65%] [32mBuilding CXX object CMakeFiles/planning_interfaces__rosidl_typesupport_fastrtps_c.dir/rosidl_typesupport_fastrtps_c/planning_interfaces/srv/detail/move_to_target__type_support_c.cpp.o[0m
[7.789s] [ 68%] [32m[1mLinking CXX shared library libplanning_interfaces__rosidl_typesupport_cpp.so[0m
[7.808s] [ 70%] [32mBuilding CXX object CMakeFiles/planning_interfaces__rosidl_typesupport_fastrtps_c.dir/rosidl_typesupport_fastrtps_c/planning_interfaces/srv/detail/continuous_pick_place__type_support_c.cpp.o[0m
[7.873s] [ 70%] Built target planning_interfaces__rosidl_typesupport_cpp
[8.056s] [ 72%] [32m[1mLinking CXX shared library libplanning_interfaces__rosidl_typesupport_introspection_cpp.so[0m
[8.208s] [ 72%] Built target planning_interfaces__rosidl_typesupport_introspection_cpp
[8.456s] [ 74%] [32m[1mLinking CXX shared library libplanning_interfaces__rosidl_typesupport_fastrtps_cpp.so[0m
[8.523s] [ 76%] [32m[1mLinking CXX shared library libplanning_interfaces__rosidl_typesupport_fastrtps_c.so[0m
[8.608s] [ 76%] Built target planning_interfaces__rosidl_typesupport_fastrtps_cpp
[8.670s] [ 76%] Built target planning_interfaces__rosidl_typesupport_fastrtps_c
[8.723s] [ 76%] Built target planning_interfaces
[8.777s] [ 78%] [34m[1mGenerating Python code for ROS interfaces[0m
[10.315s] [ 78%] Built target planning_interfaces__py
[10.344s] [35m[1mConsolidate compiler generated dependencies of target planning_interfaces__rosidl_generator_py[0m
[10.377s] [ 85%] [32mBuilding C object CMakeFiles/planning_interfaces__rosidl_generator_py.dir/rosidl_generator_py/planning_interfaces/srv/_continuous_pick_place_s.c.o[0m
[10.378s] [ 85%] [32mBuilding C object CMakeFiles/planning_interfaces__rosidl_generator_py.dir/rosidl_generator_py/planning_interfaces/srv/_move_to_target_s.c.o[0m
[10.378s] [ 85%] [32mBuilding C object CMakeFiles/planning_interfaces__rosidl_generator_py.dir/rosidl_generator_py/planning_interfaces/srv/_pick_place_service_s.c.o[0m
[10.709s] [ 87%] [32m[1mLinking C shared library rosidl_generator_py/planning_interfaces/libplanning_interfaces__rosidl_generator_py.so[0m
[10.798s] [ 87%] Built target planning_interfaces__rosidl_generator_py
[10.823s] [35m[1mConsolidate compiler generated dependencies of target planning_interfaces__rosidl_typesupport_fastrtps_c__pyext[0m
[10.824s] [35m[1mConsolidate compiler generated dependencies of target planning_interfaces__rosidl_typesupport_c__pyext[0m
[10.825s] [35m[1mConsolidate compiler generated dependencies of target planning_interfaces__rosidl_typesupport_introspection_c__pyext[0m
[10.851s] [ 91%] [32mBuilding C object CMakeFiles/planning_interfaces__rosidl_typesupport_introspection_c__pyext.dir/rosidl_generator_py/planning_interfaces/_planning_interfaces_s.ep.rosidl_typesupport_introspection_c.c.o[0m
[10.851s] [ 91%] [32mBuilding C object CMakeFiles/planning_interfaces__rosidl_typesupport_c__pyext.dir/rosidl_generator_py/planning_interfaces/_planning_interfaces_s.ep.rosidl_typesupport_c.c.o[0m
[10.853s] [ 93%] [32mBuilding C object CMakeFiles/planning_interfaces__rosidl_typesupport_fastrtps_c__pyext.dir/rosidl_generator_py/planning_interfaces/_planning_interfaces_s.ep.rosidl_typesupport_fastrtps_c.c.o[0m
[11.069s] [ 95%] [32m[1mLinking C shared library rosidl_generator_py/planning_interfaces/planning_interfaces_s__rosidl_typesupport_introspection_c.cpython-310-aarch64-linux-gnu.so[0m
[11.072s] [ 97%] [32m[1mLinking C shared library rosidl_generator_py/planning_interfaces/planning_interfaces_s__rosidl_typesupport_c.cpython-310-aarch64-linux-gnu.so[0m
[11.089s] [100%] [32m[1mLinking C shared library rosidl_generator_py/planning_interfaces/planning_interfaces_s__rosidl_typesupport_fastrtps_c.cpython-310-aarch64-linux-gnu.so[0m
[11.151s] [100%] Built target planning_interfaces__rosidl_typesupport_c__pyext
[11.152s] [100%] Built target planning_interfaces__rosidl_typesupport_introspection_c__pyext
[11.168s] [100%] Built target planning_interfaces__rosidl_typesupport_fastrtps_c__pyext
